{ [rsp]  -> ef7a8c; rsp = 67fd330  !!! TRACKED_MULTIPLYING: #[ res = 34 * 0xef7a8c ] // [CNTR: 0]  }
{ rbp = ce2b41fd  !!! TRACKED_MULTIPLYING: #[ m = 69 * 0x45b53c ]  #[ res += 0x9d865d8d ]// [CNTR: 1]  }
{ rdi = ce2b41fd  TRACKED_CHANGED BY: sub rdi, qword ptr [rsi+0xb0] #[ res -= m ]  }
{ rdi = b193ec61  TRACKED_CHANGED  -> VAL: b193ec61 }
{ r12 = ca4edab8  !!! TRACKED_MULTIPLYING: #[ m = 30 * 0xe4cf8b ]  UNK: #[ res += 0x18baee57 ;  res ^= 0x7bdd36d9 ] // [CNTR: 2]  }
{ rdi = ca4edab8  TRACKED_CHANGED BY: sub rdi, qword ptr [rsi+0xf0] #[ res -= m ]  }
{ rdi = 9f67f0a8  TRACKED_CHANGED  -> VAL: 9f67f0a8 }
{ r14 = e2834ca  !!! TRACKED_MULTIPLYING: #[ m = 38 * 0xf5c990 ]  UNK: #[ res -= 0x913fbbde ;  res ^= 0x914fc462 ] // [CNTR: 3]  }
{ rsi = e2834ca  TRACKED_CHANGED BY: sub rsi, qword ptr [rdx+0xa0] #[ res -= m ]  }
{ rsi = ffffffffd8641d4a  TRACKED_CHANGED  -> VAL: ffffffffd8641d4a }
{ rbp = 445ec3a0  !!! TRACKED_MULTIPLYING: #[ m = 65 * 0x733178 ]  UNK: #[ res += 0x6bfaa656 ;  res ^= 0xffffffff9c3adeea ] // [CNTR: 4]  }
{ r13 = 445ec3a0  TRACKED_CHANGED BY: xor r13, qword ptr [rcx+0xe0] #[ res ^= m ]  }
{ r13 = 692c47f8  TRACKED_CHANGED  -> VAL: 692c47f8 }
{ rdi = 8cf9cc3  !!! TRACKED_MULTIPLYING: #[ m = 61 * 0x9a17b8 ]  UNK: #[ res -= 0x605cab35 ;  res ^= 0x61e3db3b ] // [CNTR: 5]  }
{ r12 = 8cf9cc3  TRACKED_CHANGED BY: xor r12, qword ptr [r11+0xa8] #[ res ^= m ]  }
{ r12 = 32ad607b  TRACKED_CHANGED  -> VAL: 32ad607b }
{ r12 = ffffffff68855bca  !!! TRACKED_MULTIPLYING: #[ m = 43 * 0x773850 ]  UNK: #[ res -= 0xca2804b1 ;  res ^= 0xffffffff5a283bb1 ] // [CNTR: 6]  }
{ rdi = ffffffff68855bca  TRACKED_CHANGED BY: xor rdi, qword ptr [r12+0xe8] #[ res ^= m ]  }
{ rdi = ffffffff77b6e73a  TRACKED_CHANGED  -> VAL: ffffffff77b6e73a }
{ rbp = ffffffff2dd98f84  !!! TRACKED_MULTIPLYING: #[ m = 6d * 0xe21d3d ]  UNK: #[ res -= 0x49dd57b6 ;  res ^= 0x5a6f68be ] // [CNTR: 7]  }
{ r12 = ffffffff2dd98f84  TRACKED_CHANGED BY: xor r12, qword ptr [rdi+0xd8] #[ res ^= m ]  TRACKED_ARITHM: xor r12, qword ptr [rdi+0xd8] }
{ r12 = ffffffff4d9ffd7d  TRACKED_CHANGED  -> VAL: ffffffff4d9ffd7d TRACKED_ARITHM_RES  }
{ r8 = 7d  TRACKED_ARITHM: add r8, qword ptr [r12+0xf0] }
{ r8 = 14003393d  TRACKED_ARITHM_RES  }


{ [rsp]  -> 7bc51160; rsp = 6703f98  TRACKED_ARITHM: add qword ptr [rsp+0x18], 0x761c5fbb }
{ rdi = fd  TRACKED_ARITHM: add rdi, qword ptr [r14+0xf0] }
{ rdi = 140030fbd  TRACKED_ARITHM_RES  }
{ r14 = ffffffffffff00ff  TRACKED_ARITHM: and rbx, r14 }
{ rbx = ffffffff4d9f005e  TRACKED_ARITHM_RES  }
{ r14 = e000  TRACKED_ARITHM: or rbx, r14 }
{ rbx = ffffffff4d9fe05e  TRACKED_ARITHM_RES  }
{ rdx = 9f  TRACKED_ARITHM: add rdx, qword ptr [r11+0xd8] }
{ rdx = 140063b5f  TRACKED_ARITHM_RES  }
{ r11 = ffffffffff00ffff  TRACKED_ARITHM: and rbx, r11 }
{ rbx = ffffffff4d00e05e  TRACKED_ARITHM_RES  }
{ r11 = e0000  TRACKED_ARITHM: or rbx, r11 }
{ rbx = ffffffff4d0ee05e  TRACKED_ARITHM_RES  }
{ r12 = 4d  TRACKED_ARITHM: add r12, qword ptr [r15+0xa8] }
{ r12 = 14004c80d  TRACKED_ARITHM_RES  }
{ rdi = ffffffff00ffffff  TRACKED_ARITHM: and r14, rdi }
{ r14 = ffffffff000ee05e  TRACKED_ARITHM_RES  }
{ rdi = 11000000  TRACKED_ARITHM: or r14, rdi }
{ r14 = ffffffff110ee05e  TRACKED_ARITHM_RES  }


{ [rsp]  -> f4732f0; rsp = 66f5790  TRACKED_ARITHM: add qword ptr [rsp+0x20], 0xe565b33 }
{ r12 = ff  TRACKED_ARITHM: add r12, qword ptr [rbp+0xd8] }
{ r12 = 1400246bf  TRACKED_ARITHM_RES  }
{ rsi = ffffff00ffffffff  TRACKED_ARITHM: and r14, rsi }
{ r14 = ffffff00110ee05e  TRACKED_ARITHM_RES  }
{ rsi = ff00000000  TRACKED_ARITHM: or r14, rsi }
{ r14 = ffffffff110ee05e  TRACKED_ARITHM_RES  }
{ rdx = ff  TRACKED_ARITHM: add rdx, qword ptr [r14+0xe8] }
{ rdx = 1400246bf  TRACKED_ARITHM_RES  }
{ rbx = ffff00ffffffffff  TRACKED_ARITHM: and rdi, rbx }
{ rdi = ffff00ff110ee05e  TRACKED_ARITHM_RES  }
{ rbx = ff0000000000  TRACKED_ARITHM: or rdi, rbx }
{ rdi = ffffffff110ee05e  TRACKED_ARITHM_RES  }
{ rbx = 1400597c0  TRACKED_ARITHM: add rbx, qword ptr [rbp+0x90] }
{ rbx = 14005981e  TRACKED_ARITHM_RES  }
{ rbx = 100  TRACKED_ARITHM: sub qword ptr [rbp+0xf0], rbx }


{ [rsp]  -> 2aaf0643; rsp = 66eb818  TRACKED_ARITHM: add qword ptr [rsp+0x18], 0x2d040d94 }
{ rcx = 5e  TRACKED_ARITHM: add rcx, qword ptr [rax+0xe8] }
{ rcx = 14005971e  TRACKED_ARITHM_RES  }
{ r13 = 140059ec0  TRACKED_ARITHM: add r13, qword ptr [rbx+0xa8] }
{ r13 = 140059f9f  TRACKED_ARITHM_RES  }
{  TRACKED_ARITHM: sub qword ptr [rbx+0xf0], rdi }


{ [rsp]  -> 12d2d9e; rsp = 66e6118  TRACKED_ARITHM: add qword ptr [rsp+0x18], 0x19f71f69 }
{ r11 = df  TRACKED_ARITHM: add r11, qword ptr [rax+0x90] }
{ r11 = 140059e9f  TRACKED_ARITHM_RES  }
{ r8 = ffffffffffff00ff  TRACKED_ARITHM: and rsi, r8 }
{ rsi = ffffffff110e00e5  TRACKED_ARITHM_RES  }
{ r8 = 6500  TRACKED_ARITHM: or rsi, r8 }
{ rsi = ffffffff110e65e5  TRACKED_ARITHM_RES  }
{ r13 = 1400504c0  TRACKED_ARITHM: add r13, qword ptr [rdx+0xd8] }
{ r13 = 1400504ce  TRACKED_ARITHM_RES  }
{ rcx = 1000000  TRACKED_ARITHM: sub qword ptr [rdx+0xa0], rcx }
{ rdi = e  TRACKED_ARITHM: add rdi, qword ptr [r14+0x90] }
{ rdi = 1400503ce  TRACKED_ARITHM_RES  }
{ r15 = ffffffffff00ffff  TRACKED_ARITHM: and rbp, r15 }
{ rbp = ffffffff100065e5  TRACKED_ARITHM_RES  }
{ r15 = aa0000  TRACKED_ARITHM: or rbp, r15 }
{ rbp = ffffffff10aa65e5  TRACKED_ARITHM_RES  }
{ r10 = 14005cfc0  TRACKED_ARITHM: add r10, qword ptr [rbp+0xa0] }
{ r10 = 14005cfd0  TRACKED_ARITHM_RES  }
{ r10 = 100000000  TRACKED_ARITHM: sub qword ptr [rbp+0xe0], r10 }
{ rbp = 10  TRACKED_ARITHM: add rbp, qword ptr [r10+0xd8] }
{ rbp = 14005ced0  TRACKED_ARITHM_RES  }
{ r11 = ffffffff00ffffff  TRACKED_ARITHM: and rdi, r11 }
{ rdi = fffffffe00aa65e5  TRACKED_ARITHM_RES  }
{ r11 = 8f000000  TRACKED_ARITHM: or rdi, r11 }
{ rdi = fffffffe8faa65e5  TRACKED_ARITHM_RES  }
{ rdx = 1400941c0  TRACKED_ARITHM: add rdx, qword ptr [r8+0xa0] }
{ rdx = 1400942be  TRACKED_ARITHM_RES  }
{ rsi = 10000000000  TRACKED_ARITHM: sub qword ptr [r8+0xd8], rsi }


{ [rsp]  -> 5aee4a29; rsp = 66d6a98  TRACKED_ARITHM: add qword ptr [rsp+0x18], 0x162925f6 }
{ r15 = fe  TRACKED_ARITHM: add r15, qword ptr [r10+0xb0] }
{ r15 = 1400941be  TRACKED_ARITHM_RES  }
{ rbx = ffffff00ffffffff  TRACKED_ARITHM: and rsi, rbx }
{ rsi = fffffe008faa65e5  TRACKED_ARITHM_RES  }
{ rbx = ff00000000  TRACKED_ARITHM: or rsi, rbx }
{ rsi = fffffeff8faa65e5  TRACKED_ARITHM_RES  }
{ r13 = 1400941c0  TRACKED_ARITHM: add r13, qword ptr [rcx+0xe8] }
{ r13 = 1400942be  TRACKED_ARITHM_RES  }
{ rax = 1000000000000  TRACKED_ARITHM: sub qword ptr [rcx+0x90], rax }


{ [rsp]  -> ef7632c; rsp = 66d1398  TRACKED_ARITHM: add qword ptr [rsp+0x18], 0x63c95ebc }
{ rdi = fe  TRACKED_ARITHM: add rdi, qword ptr [r11+0xe0] }
{ rdi = 1400941be  TRACKED_ARITHM_RES  }
{ r15 = ffff00ffffffffff  TRACKED_ARITHM: and rbx, r15 }
{ rbx = fffe00ff8faa65e5  TRACKED_ARITHM_RES  }
{ r15 = ff0000000000  TRACKED_ARITHM: or rbx, r15 }
{ rbx = fffeffff8faa65e5  TRACKED_ARITHM_RES  }
{ r13 = 1400941c0  TRACKED_ARITHM: add r13, qword ptr [r11+0x90] }
{ r13 = 1400942be  TRACKED_ARITHM_RES  }
{ r12 = 100000000000000  TRACKED_ARITHM: sub qword ptr [r11+0xf0], r12 }


{ [rsp]  -> 16693cd8; rsp = 66ccb18  TRACKED_ARITHM: add qword ptr [rsp+0x18], 0x53fa1419 }
{ r12 = fe  TRACKED_ARITHM: add r12, qword ptr [r14+0xa0] }
{ r12 = 1400941be  TRACKED_ARITHM_RES  }
{ r9 = ff00ffffffffffff  TRACKED_ARITHM: and r13, r9 }
{ r13 = fe00ffff8faa65e5  TRACKED_ARITHM_RES  }
{ r9 = ff000000000000  TRACKED_ARITHM: or r13, r9 }
{ r13 = feffffff8faa65e5  TRACKED_ARITHM_RES  }
{ r9 = fe  TRACKED_ARITHM: add r9, qword ptr [rax+0xa0] }
{ r9 = 1400941be  TRACKED_ARITHM_RES  }
{ r11 = ffffffffffffff  TRACKED_ARITHM: and r12, r11 }
{ r12 = ffffff8faa65e5  TRACKED_ARITHM_RES  }
{ r11 = ff00000000000000  TRACKED_ARITHM: or r12, r11 }
{ r12 = ffffffff8faa65e5  TRACKED_ARITHM_RES  }


{ [rsp]  -> ac603da; rsp = 66c2b98  TRACKED_ARITHM: add qword ptr [rsp+0x18], 0x7bf649d }
{ r8 = 65  TRACKED_ARITHM: add r8, qword ptr [r9+0xd8] }
{ r8 = 140024725  TRACKED_ARITHM_RES  }
{ r9 = ffffffffffff00ff  TRACKED_ARITHM: and rdi, r9 }
{ rdi = ffffffff8faa00e5  TRACKED_ARITHM_RES  }
{ r9 = 6500  TRACKED_ARITHM: or rdi, r9 }
{ rdi = ffffffff8faa65e5  TRACKED_ARITHM_RES  }


{ [rsp]  -> 532f1438; rsp = 66be318  TRACKED_ARITHM: add qword ptr [rsp+0x18], 0xca001b5 }
{ r10 = ff  TRACKED_ARITHM: add r10, qword ptr [rdi+0xd8] }
{ r10 = 1400247bf  TRACKED_ARITHM_RES  }
{ rcx = ffffff00ffffffff  TRACKED_ARITHM: and rbx, rcx }
{ rbx = ffffff008faa65e5  TRACKED_ARITHM_RES  }
{ rcx = ff00000000  TRACKED_ARITHM: or rbx, rcx }
{ rbx = ffffffff8faa65e5  TRACKED_ARITHM_RES  }


{ [rsp]  -> e155eb5; rsp = 66b8c18  TRACKED_ARITHM: add qword ptr [rsp+0x18], 0x7742318a }
{ r10 = ff  TRACKED_ARITHM: add r10, qword ptr [rdx+0xe0] }
{ r10 = 1400247bf  TRACKED_ARITHM_RES  }
{ r15 = ff00ffffffffffff  TRACKED_ARITHM: and r12, r15 }
{ r12 = ff00ffff8faa65e5  TRACKED_ARITHM_RES  }
{ r15 = ff000000000000  TRACKED_ARITHM: or r12, r15 }
{ r12 = ffffffff8faa65e5  TRACKED_ARITHM_RES  }
{ r15 = 1400011f0  TRACKED_TEST r14 = ffffffff8faa65e5 UNK: #[ res += 0x420a6868 ;  res ^= 0xc2359898 ]  }


{ [rsp]  -> 99aa81; rsp = 66b3530  !!! TRACKED_MULTIPLYING: #[ res = 62 * 0x99aa81 ] // [CNTR: 0]  }
{ r14 = ffffffffc5e55b11  !!! TRACKED_MULTIPLYING: #[ m = 35 * 0x4aba22 ]  #[ res -= 0x74edea51 ]// [CNTR: 1]  }
{ r13 = ffffffffc5e55b11  TRACKED_CHANGED BY: xor r13, qword ptr [r15+0xb0] #[ res ^= m ]  }
{ r13 = ffffffffca9dd21b  TRACKED_CHANGED  -> VAL: ffffffffca9dd21b }
{ rbx = 241de7da  !!! TRACKED_MULTIPLYING: #[ m = 66 * 0x91a68a ]  UNK: #[ res += 0x598015bf ;  res ^= 0xffffffffee8035c1 ] // [CNTR: 2]  }
{ r14 = 241de7da  TRACKED_CHANGED BY: xor r14, qword ptr [r13+0xa8] #[ res ^= m ]  }
{ r14 = 1e15bd26  TRACKED_CHANGED  -> VAL: 1e15bd26 }
{ rbx = 73e43374  !!! TRACKED_MULTIPLYING: #[ m = 31 * 0x942fde ]  UNK: #[ res += 0x55ce764e ;  res ^= 0x6df18e52 ] // [CNTR: 3]  }
{ r12 = 73e43374  TRACKED_CHANGED BY: xor r12, qword ptr [rbx+0xe0] #[ res ^= m ]  }
{ r12 = 6fb91a0a  TRACKED_CHANGED  -> VAL: 6fb91a0a }
{ r15 = 85813ff8  !!! TRACKED_MULTIPLYING: #[ m = 44 * 0xfe2fbe ]  UNK: #[ res += 0x15c825ee ;  res ^= 0xea3825f2 ] // [CNTR: 4]  }
{ r14 = 85813ff8  TRACKED_CHANGED BY: sub r14, qword ptr [r13+0xa8] #[ res -= m ]  }
{ r14 = 41fc9180  TRACKED_CHANGED  -> VAL: 41fc9180 }
{ rsi = 11764bce4  !!! TRACKED_MULTIPLYING: #[ m = 6f * 0xd7e52f ]  UNK: #[ res += 0xd5682b64 ;  res ^= 0x156982d64 ] // [CNTR: 5]  }
{ rbx = 11764bce4  TRACKED_CHANGED BY: sub rbx, qword ptr [rsi+0xe0] #[ res -= m ]  }
{ rbx = b9c85d83  TRACKED_CHANGED  -> VAL: b9c85d83 }
{ rbx = 133542d9b  !!! TRACKED_MULTIPLYING: #[ m = 6a * 0xe44f6a ]  UNK: #[ res += 0x798bd018 ;  res ^= 0x18a9c7018 ] // [CNTR: 6]  }
{ rdi = 133542d9b  TRACKED_CHANGED BY: xor rdi, qword ptr [rbp+0xd8] #[ res ^= m ]  }
{ rdi = 16ddccc7f  TRACKED_CHANGED  -> VAL: 16ddccc7f }
{ r12 = 876f7a41  !!! TRACKED_MULTIPLYING: #[ m = 39 * 0xaf71d6 ]  UNK: #[ res -= 0xe66d523e ;  res ^= 0x1eab3b63e ] // [CNTR: 7]  }
{ rbp = 876f7a41  TRACKED_CHANGED BY: add rbp, qword ptr [rbx+0xb0] #[ res += m ]  TRACKED_ARITHM: add rbp, qword ptr [rbx+0xb0] }
{ rbp = ae7fd2e7  TRACKED_CHANGED  -> VAL: ae7fd2e7 TRACKED_ARITHM_RES  }
{ r15 = 140080bc0  TRACKED_ARITHM: add r15, qword ptr [rdi+0xe8] }
{ r15 = 140080ca7  TRACKED_ARITHM_RES  }
{ r8 = 100  TRACKED_ARITHM: add qword ptr [rdi+0xa0], r8 }


{ [rsp]  -> 5cbd6f25; rsp = 65ba190  TRACKED_ARITHM: add qword ptr [rsp+0x20], 0x7a1645b7 }
{ r10 = e7  TRACKED_ARITHM: add r10, qword ptr [r9+0xa0] }
{ r10 = 140080ba7  TRACKED_ARITHM_RES  }
{ r11 = 1400334c0  TRACKED_ARITHM: add r11, qword ptr [rbp+0xe0] }
{ r11 = 140033593  TRACKED_ARITHM_RES  }
{  TRACKED_ARITHM: add qword ptr [rbp+0xf0], rsi }
{ rcx = d3  TRACKED_ARITHM: add rcx, qword ptr [rsi+0x90] }
{ rcx = 140033493  TRACKED_ARITHM_RES  }
{ rsi = ffffffffffff00ff  TRACKED_ARITHM: and rbx, rsi }
{ rbx = ae7f00ba  TRACKED_ARITHM_RES  }
{ rsi = f500  TRACKED_ARITHM: or rbx, rsi }
{ rbx = ae7ff5ba  TRACKED_ARITHM_RES  }
{ rax = 14002bdc0  TRACKED_ARITHM: add rax, qword ptr [r10+0xb0] }
{ rax = 14002be3f  TRACKED_ARITHM_RES  }
{  TRACKED_ARITHM: add qword ptr [r10+0xa8], rsi }
{ r14 = 7f  TRACKED_ARITHM: add r14, qword ptr [rsi+0xe8] }
{ r14 = 14002bd3f  TRACKED_ARITHM_RES  }
{ rbp = ffffffffff00ffff  TRACKED_ARITHM: and r15, rbp }
{ r15 = ae00f5ba  TRACKED_ARITHM_RES  }
{ rbp = 900000  TRACKED_ARITHM: or r15, rbp }
{ r15 = ae90f5ba  TRACKED_ARITHM_RES  }
{ rdi = 1400644c0  TRACKED_ARITHM: add rdi, qword ptr [rbx+0xa0] }
{ rdi = 14006456e  TRACKED_ARITHM_RES  }
{ rcx = 100000000  TRACKED_ARITHM: add qword ptr [rbx+0xb0], rcx }
{ rcx = ae  TRACKED_ARITHM: add rcx, qword ptr [rsi+0xa8] }
{ rcx = 14006446e  TRACKED_ARITHM_RES  }
{ rsi = ffffffff00ffffff  TRACKED_ARITHM: and rbx, rsi }
{ rbx = 10090f5ba  TRACKED_ARITHM_RES  }
{ rsi = 40000000  TRACKED_ARITHM: or rbx, rsi }
{ rbx = 14090f5ba  TRACKED_ARITHM_RES  }
{ rdx = 140898770  TRACKED_ARITHM: add rdx, qword ptr [rdi+0x90] }
{ rdx = 140898771  TRACKED_ARITHM_RES  }
{  TRACKED_ARITHM: add qword ptr [rdi+0xe8], r11 }
{ r8 = 1  TRACKED_ARITHM: add r8, qword ptr [rbx+0x90] }
{ r8 = 1400247c1  TRACKED_ARITHM_RES  }
{ rax = ffffff00ffffffff  TRACKED_ARITHM: and rbp, rax }
{ rbp = 4090f5ba  TRACKED_ARITHM_RES  }
{ rax = 100000000  TRACKED_ARITHM: or rbp, rax }
{ rbp = 14090f5ba  TRACKED_ARITHM_RES  }
{ rdx = 140898770  TRACKED_ARITHM: add rdx, qword ptr [rax+0x90] }
{  TRACKED_ARITHM: add qword ptr [rax+0xe8], r11 }
{ r11 = 0  TRACKED_ARITHM: add r11, qword ptr [rbx+0xa8] }
{ r11 = 1400247c0  TRACKED_ARITHM_RES  }
{ r10 = ffff00ffffffffff  TRACKED_ARITHM: and rbp, r10 }
{  TRACKED_ARITHM: or rbp, r10 }


{ [rsp]  -> fe550c6; rsp = 659b498  TRACKED_ARITHM: add qword ptr [rsp+0x18], 0x27d61e7d }
{  TRACKED_ARITHM: add r13, qword ptr [r8+0xe8] }
{ r13 = 1400247c0  TRACKED_ARITHM_RES  }
{ r9 = ffffffffffffff  TRACKED_ARITHM: and rbp, r9 }
{  TRACKED_ARITHM: or rbp, r9 }
{ r12 = 140070ac0  TRACKED_ARITHM: add r12, qword ptr [rbx+0xe0] }
{ r12 = 140070b7a  TRACKED_ARITHM_RES  }
{  TRACKED_ARITHM: sub qword ptr [rbx+0x90], r8 }


{ [rsp]  -> 3c872031; rsp = 6595d98  TRACKED_ARITHM: add qword ptr [rsp+0x18], 0x9392e5c }
{ rsi = ba  TRACKED_ARITHM: add rsi, qword ptr [rdi+0xf0] }
{ rsi = 140070a7a  TRACKED_ARITHM_RES  }
{ rax = 1400615c0  TRACKED_ARITHM: add rax, qword ptr [rdi+0x90] }
{ rax = 1400616b5  TRACKED_ARITHM_RES  }
{  TRACKED_ARITHM: sub qword ptr [rdi+0xa8], r10 }


{ [rsp]  -> 12fa3419; rsp = 6591510  TRACKED_ARITHM: add qword ptr [rsp+0x20], 0xc276312 }
{ rdx = f5  TRACKED_ARITHM: add rdx, qword ptr [r13+0xf0] }
{ rdx = 1400615b5  TRACKED_ARITHM_RES  }
{ rdi = ffffffffffff00ff  TRACKED_ARITHM: and rbp, rdi }
{ rbp = 14090000c  TRACKED_ARITHM_RES  }
{ rdi = 6a00  TRACKED_ARITHM: or rbp, rdi }
{ rbp = 140906a0c  TRACKED_ARITHM_RES  }
{ r10 = 14002d4c0  TRACKED_ARITHM: add r10, qword ptr [rsi+0xe8] }
{ r10 = 14002d550  TRACKED_ARITHM_RES  }
{  TRACKED_ARITHM: sub qword ptr [rsi+0xd8], rdi }


{ [rsp]  -> 4d605c66; rsp = 658be18  TRACKED_ARITHM: add qword ptr [rsp+0x18], 0x1ec87c94 }
{ r15 = 90  TRACKED_ARITHM: add r15, qword ptr [r11+0xa8] }
{ r15 = 14002d450  TRACKED_ARITHM_RES  }
{ rdx = ffffffffff00ffff  TRACKED_ARITHM: and r14, rdx }
{ r14 = 140006a0c  TRACKED_ARITHM_RES  }
{ rdx = 7c0000  TRACKED_ARITHM: or r14, rdx }
{ r14 = 1407c6a0c  TRACKED_ARITHM_RES  }
{ r14 = 140086fc0  TRACKED_ARITHM: add r14, qword ptr [r11+0xe8] }
{ r14 = 140087000  TRACKED_ARITHM_RES  }
{ r15 = 100000000  TRACKED_ARITHM: sub qword ptr [r11+0xa0], r15 }
{ r11 = 40  TRACKED_ARITHM: add r11, qword ptr [r15+0x90] }
{ r11 = 140086f00  TRACKED_ARITHM_RES  }
{ r11 = ffffffff00ffffff  TRACKED_ARITHM: and rbp, r11 }
{ rbp = 7c6a0c  TRACKED_ARITHM_RES  }
{ r11 = 5f000000  TRACKED_ARITHM: or rbp, r11 }
{ rbp = 5f7c6a0c  TRACKED_ARITHM_RES  }
{ rbp = 140898870  TRACKED_ARITHM: add rbp, qword ptr [r12+0xe8] }
{  TRACKED_ARITHM: sub qword ptr [r12+0xa8], rdx }


{ [rsp]  -> 71901cc4; rsp = 6581e90  TRACKED_ARITHM: add qword ptr [rsp+0x20], 0x2b4e404e }
{ rcx = 0  TRACKED_ARITHM: add rcx, qword ptr [rbp+0xa8] }
{ rcx = 1400248c0  TRACKED_ARITHM_RES  }
{ r13 = ffffff00ffffffff  TRACKED_ARITHM: and rsi, r13 }
{  TRACKED_ARITHM: or rsi, r13 }
{ r10 = c  TRACKED_ARITHM: add r10, qword ptr [r15+0x90] }
{ r10 = 1400246cc  TRACKED_ARITHM_RES  }


{ [rsp]  -> 62882242; rsp = 6577098  TRACKED_ARITHM: add qword ptr [rsp+0x18], 0x62ad7070 }
{ r12 = 0  TRACKED_ARITHM: add r12, qword ptr [r10+0xb0] }
{ r12 = 1400246c0  TRACKED_ARITHM_RES  }
{ r8 = ffffff00ffffffff  TRACKED_ARITHM: and rdi, r8 }
{  TRACKED_ARITHM: or rdi, r8 }
{ rax = 0  TRACKED_ARITHM: add rax, qword ptr [r12+0xb0] }
{ rax = 1400246c0  TRACKED_ARITHM_RES  }
{ rdx = ffff00ffffffffff  TRACKED_ARITHM: and rsi, rdx }
{  TRACKED_ARITHM: or rsi, rdx }
{ r12 = 1400011f0  TRACKED_TEST rbx = 5f7c6a0c UNK: #[ res -= 0x4f0368db ;  res ^= 0xf103b8eb ]  }


{ [rsp]  -> 48c500; rsp = 656c2b0  !!! TRACKED_MULTIPLYING: #[ res = 41 * 0x48c500 ] // [CNTR: 0]  }
{ r14 = ffffffff829f6344  !!! TRACKED_MULTIPLYING: #[ m = 70 * 0x152887 ]  #[ res -= 0x8fdaa1bc ]// [CNTR: 1]  }
{ r15 = ffffffff829f6344  TRACKED_CHANGED BY: sub r15, qword ptr [r12+0xd8] #[ res -= m ]  }
{ r15 = ffffffff795da834  TRACKED_CHANGED  -> VAL: ffffffff795da834 }
{ r14 = ffffffffdf4df67c  !!! TRACKED_MULTIPLYING: #[ m = 45 * 0xaa4247 ]  UNK: #[ res += 0x65f04e48 ;  res ^= 0xa6105e48 ] // [CNTR: 2]  }
{ rsi = ffffffffdf4df67c  TRACKED_CHANGED BY: sub rsi, qword ptr [r14+0xb0] #[ res -= m ]  }
{ rsi = ffffffffb16a1959  TRACKED_CHANGED  -> VAL: ffffffffb16a1959 }
{ rbp = ffffffff8c09f530  !!! TRACKED_MULTIPLYING: #[ m = 67 * 0x38d82d ]  UNK: #[ res -= 0x25602429 ;  res ^= 0x3d63ec69 ] // [CNTR: 3]  }
{ rsi = ffffffff8c09f530  TRACKED_CHANGED BY: xor rsi, qword ptr [rdi+0xe0] #[ res ^= m ]  }
{ rsi = ffffffff9ad70f2b  TRACKED_CHANGED  -> VAL: ffffffff9ad70f2b }
{ r14 = ffffffff1df9c5a4  !!! TRACKED_MULTIPLYING: #[ m = 6b * 0xf120ac ]  UNK: #[ res -= 0x7cdd4987 ;  res ^= 0x872eca8f ] // [CNTR: 4]  }
{ r15 = ffffffff1df9c5a4  TRACKED_CHANGED BY: xor r15, qword ptr [rbx+0x90] #[ res ^= m ]  }
{ r15 = ffffffff79316240  TRACKED_CHANGED  -> VAL: ffffffff79316240 }
{ r14 = fffffffff96f200f  !!! TRACKED_MULTIPLYING: #[ m = 32 * 0x254def ]  UNK: #[ res += 0x803dbdcf ;  res ^= 0x805e424f ] // [CNTR: 5]  }
{ r13 = fffffffff96f200f  TRACKED_CHANGED BY: add r13, qword ptr [rsi+0xa0] #[ res += m ]  }
{ r13 = b858bd  TRACKED_CHANGED  -> VAL: b858bd }
{ rdi = ee80550e  !!! TRACKED_MULTIPLYING: #[ m = 63 * 0x9ef3e7 ]  UNK: #[ res += 0xedc7fc51 ;  res ^= 0xee380db3 ] // [CNTR: 6]  }
{ r12 = ee80550e  TRACKED_CHANGED BY: xor r12, qword ptr [r11+0xe8] #[ res ^= m ]  }
{ r12 = d3f8075b  TRACKED_CHANGED  -> VAL: d3f8075b }
{ rbx = 660d5e50  !!! TRACKED_MULTIPLYING: #[ m = 36 * 0x69c573 ]  UNK: #[ res -= 0x6deaa90b ;  res ^= 0xb5f5590b ] // [CNTR: 7]  }
{ r15 = 660d5e50  TRACKED_CHANGED BY: add r15, qword ptr [rdi+0xb0] #[ res += m ]  TRACKED_ARITHM: add r15, qword ptr [rdi+0xb0] }
{ r15 = 7c5d0492  TRACKED_CHANGED  -> VAL: 7c5d0492 TRACKED_ARITHM_RES  }
{ rbx = 14004d3c0  TRACKED_ARITHM: add rbx, qword ptr [rdi+0xf0] }
{ rbx = 14004d452  TRACKED_ARITHM_RES  }
{  TRACKED_ARITHM: sub qword ptr [rdi+0x90], r8 }


{ [rsp]  -> 4ace5031; rsp = 6472f10  TRACKED_ARITHM: add qword ptr [rsp+0x20], 0x66c94dec }
{ rdi = 92  TRACKED_ARITHM: add rdi, qword ptr [rdx+0xb0] }
{ rdi = 14004d352  TRACKED_ARITHM_RES  }
{ r15 = 14004ccc0  TRACKED_ARITHM: add r15, qword ptr [r13+0xa0] }
{ r15 = 14004ccc4  TRACKED_ARITHM_RES  }
{ r11 = 10000  TRACKED_ARITHM: sub qword ptr [r13+0xd8], r11 }
{ r15 = 4  TRACKED_ARITHM: add r15, qword ptr [rcx+0xa8] }
{ r15 = 14004cbc4  TRACKED_ARITHM_RES  }
{ r9 = ffffffffffff00ff  TRACKED_ARITHM: and r13, r9 }
{ r13 = 7c5c0035  TRACKED_ARITHM_RES  }
{ r9 = a800  TRACKED_ARITHM: or r13, r9 }
{ r13 = 7c5ca835  TRACKED_ARITHM_RES  }
{ rsi = 14006fcc0  TRACKED_ARITHM: add rsi, qword ptr [r14+0x90] }
{ rsi = 14006fd1c  TRACKED_ARITHM_RES  }
{ rdi = 1000000  TRACKED_ARITHM: sub qword ptr [r14+0xb0], rdi }
{ r8 = 5c  TRACKED_ARITHM: add r8, qword ptr [r13+0xf0] }
{ r8 = 14006fc1c  TRACKED_ARITHM_RES  }
{ rdi = ffffffffff00ffff  TRACKED_ARITHM: and r15, rdi }
{ r15 = 7b00a835  TRACKED_ARITHM_RES  }
{ rdi = b00000  TRACKED_ARITHM: or r15, rdi }
{ r15 = 7bb0a835  TRACKED_ARITHM_RES  }
{ rbx = 14007c7c0  TRACKED_ARITHM: add rbx, qword ptr [rsi+0xb0] }
{ rbx = 14007c83b  TRACKED_ARITHM_RES  }
{ r13 = 100000000  TRACKED_ARITHM: sub qword ptr [rsi+0xe0], r13 }
{ rbp = 7b  TRACKED_ARITHM: add rbp, qword ptr [r11+0xd8] }
{ rbp = 14007c73b  TRACKED_ARITHM_RES  }
{ rbp = ffffffff00ffffff  TRACKED_ARITHM: and rdi, rbp }
{ rdi = ffffffff00b0a835  TRACKED_ARITHM_RES  }
{ rbp = b2000000  TRACKED_ARITHM: or rdi, rbp }
{ rdi = ffffffffb2b0a835  TRACKED_ARITHM_RES  }
{ r15 = 140898870  TRACKED_ARITHM: add r15, qword ptr [rbx+0x90] }
{ r15 = 14089896f  TRACKED_ARITHM_RES  }
{  TRACKED_ARITHM: sub qword ptr [rbx+0xa8], r13 }
{ r15 = ff  TRACKED_ARITHM: add r15, qword ptr [rcx+0xe8] }
{ r15 = 1400249bf  TRACKED_ARITHM_RES  }
{ rax = ffffff00ffffffff  TRACKED_ARITHM: and rdi, rax }
{ rdi = ffffff00b2b0a835  TRACKED_ARITHM_RES  }
{ rax = ff00000000  TRACKED_ARITHM: or rdi, rax }
{ rdi = ffffffffb2b0a835  TRACKED_ARITHM_RES  }
{ r10 = 140898870  TRACKED_ARITHM: add r10, qword ptr [r11+0xd8] }
{ r10 = 14089896f  TRACKED_ARITHM_RES  }
{  TRACKED_ARITHM: sub qword ptr [r11+0x90], rdi }
{ r10 = ff  TRACKED_ARITHM: add r10, qword ptr [rbp+0xe0] }
{ r10 = 1400249bf  TRACKED_ARITHM_RES  }
{ r10 = ffff00ffffffffff  TRACKED_ARITHM: and rdi, r10 }
{ rdi = ffff00ffb2b0a835  TRACKED_ARITHM_RES  }
{ r10 = ff0000000000  TRACKED_ARITHM: or rdi, r10 }
{ rdi = ffffffffb2b0a835  TRACKED_ARITHM_RES  }
{ rsi = 140898870  TRACKED_ARITHM: add rsi, qword ptr [r8+0xa0] }
{ rsi = 14089896f  TRACKED_ARITHM_RES  }
{  TRACKED_ARITHM: sub qword ptr [r8+0xd8], r10 }
{ rdx = ff  TRACKED_ARITHM: add rdx, qword ptr [rax+0xb0] }
{ rdx = 1400249bf  TRACKED_ARITHM_RES  }
{ r14 = ff00ffffffffffff  TRACKED_ARITHM: and rbx, r14 }
{ rbx = ff00ffffb2b0a835  TRACKED_ARITHM_RES  }
{ r14 = ff000000000000  TRACKED_ARITHM: or rbx, r14 }
{ rbx = ffffffffb2b0a835  TRACKED_ARITHM_RES  }
{ r15 = 14002a3c0  TRACKED_ARITHM: add r15, qword ptr [rbx+0xe0] }
{ r15 = 14002a3f5  TRACKED_ARITHM_RES  }
{  TRACKED_ARITHM: sub qword ptr [rbx+0xe8], rcx }


{ [rsp]  -> 21291333; rsp = 6451690  TRACKED_ARITHM: add qword ptr [rsp+0x20], 0x57654769 }
{ rbp = 35  TRACKED_ARITHM: add rbp, qword ptr [r10+0xe0] }
{ rbp = 14002a2f5  TRACKED_ARITHM_RES  }
{ r15 = 1400401c0  TRACKED_ARITHM: add r15, qword ptr [rsi+0xf0] }
{ r15 = 140040268  TRACKED_ARITHM_RES  }
{  TRACKED_ARITHM: sub qword ptr [rsi+0x90], r11 }
{ r10 = a8  TRACKED_ARITHM: add r10, qword ptr [rax+0xd8] }
{ r10 = 140040168  TRACKED_ARITHM_RES  }
{ r11 = ffffffffffff00ff  TRACKED_ARITHM: and r15, r11 }
{ r15 = ffffffffb2b00028  TRACKED_ARITHM_RES  }
{ r11 = 6900  TRACKED_ARITHM: or r15, r11 }
{ r15 = ffffffffb2b06928  TRACKED_ARITHM_RES  }
{ r12 = 140075ec0  TRACKED_ARITHM: add r12, qword ptr [rbp+0xe8] }
{ r12 = 140075f70  TRACKED_ARITHM_RES  }
{ r14 = 1000000  TRACKED_ARITHM: sub qword ptr [rbp+0xa0], r14 }


{ [rsp]  -> 4d473a7f; rsp = 6447718  TRACKED_ARITHM: add qword ptr [rsp+0x18], 0x16756e8a }
{ r15 = b0  TRACKED_ARITHM: add r15, qword ptr [rdx+0xd8] }
{ r15 = 140075e70  TRACKED_ARITHM_RES  }
{ rax = ffffffffff00ffff  TRACKED_ARITHM: and r12, rax }
{ r12 = ffffffffb1006928  TRACKED_ARITHM_RES  }
{ rax = f60000  TRACKED_ARITHM: or r12, rax }
{ r12 = ffffffffb1f66928  TRACKED_ARITHM_RES  }
{ r10 = 14008edc0  TRACKED_ARITHM: add r10, qword ptr [rbx+0xa8] }
{ r10 = 14008ee71  TRACKED_ARITHM_RES  }
{ r10 = 100000000  TRACKED_ARITHM: sub qword ptr [rbx+0xd8], r10 }
{ r13 = b1  TRACKED_ARITHM: add r13, qword ptr [r11+0xa0] }
{ r13 = 14008ed71  TRACKED_ARITHM_RES  }
{ rbp = ffffffff00ffffff  TRACKED_ARITHM: and r15, rbp }
{ r15 = fffffffe00f66928  TRACKED_ARITHM_RES  }
{ rbp = be000000  TRACKED_ARITHM: or r15, rbp }
{ r15 = fffffffebef66928  TRACKED_ARITHM_RES  }
{ r12 = 1400933c0  TRACKED_ARITHM: add r12, qword ptr [rcx+0xe0] }
{ r12 = 1400934be  TRACKED_ARITHM_RES  }
{  TRACKED_ARITHM: sub qword ptr [rcx+0xa0], rbx }


{ [rsp]  -> 63de20b1; rsp = 643d790  TRACKED_ARITHM: add qword ptr [rsp+0x20], 0x1e2d1bff }
{ r11 = fe  TRACKED_ARITHM: add r11, qword ptr [r10+0xe0] }
{ r11 = 1400933be  TRACKED_ARITHM_RES  }
{ rsi = ffffff00ffffffff  TRACKED_ARITHM: and rbx, rsi }
{ rbx = ffffff00bef66928  TRACKED_ARITHM_RES  }
{ rsi = 100000000  TRACKED_ARITHM: or rbx, rsi }
{ rbx = ffffff01bef66928  TRACKED_ARITHM_RES  }
{ rbx = 1400941c0  TRACKED_ARITHM: add rbx, qword ptr [rsi+0xa8] }
{ rbx = 1400942bf  TRACKED_ARITHM_RES  }
{  TRACKED_ARITHM: sub qword ptr [rsi+0xa0], rax }


{ [rsp]  -> 74e63c19; rsp = 6438098  TRACKED_ARITHM: add qword ptr [rsp+0x18], 0x40b21e30 }
{ r13 = ff  TRACKED_ARITHM: add r13, qword ptr [r8+0xe0] }
{ r13 = 1400941bf  TRACKED_ARITHM_RES  }
{ rdi = ffff00ffffffffff  TRACKED_ARITHM: and rsi, rdi }
{ rsi = ffff0001bef66928  TRACKED_ARITHM_RES  }
{  TRACKED_ARITHM: or rsi, rdi }
{ rsi = 1400941c0  TRACKED_ARITHM: add rsi, qword ptr [r14+0xb0] }
{ rsi = 1400942bf  TRACKED_ARITHM_RES  }
{  TRACKED_ARITHM: sub qword ptr [r14+0xe8], r11 }


{ [rsp]  -> 34115ba2; rsp = 6433818  TRACKED_ARITHM: add qword ptr [rsp+0x18], 0xb853183 }
{ r12 = ff  TRACKED_ARITHM: add r12, qword ptr [rdi+0xa8] }
{ r12 = 1400941bf  TRACKED_ARITHM_RES  }
{ r12 = ff00ffffffffffff  TRACKED_ARITHM: and r13, r12 }
{ r13 = ff000001bef66928  TRACKED_ARITHM_RES  }
{  TRACKED_ARITHM: or r13, r12 }
{ r14 = ff  TRACKED_ARITHM: add r14, qword ptr [rdi+0xe8] }
{ r14 = 1400941bf  TRACKED_ARITHM_RES  }
{ rbx = ffffffffffffff  TRACKED_ARITHM: and r15, rbx }
{ r15 = 1bef66928  TRACKED_ARITHM_RES  }
{  TRACKED_ARITHM: or r15, rbx }


{ [rsp]  -> 623b4da0; rsp = 642a710  TRACKED_ARITHM: add qword ptr [rsp+0x20], 0x4ca12720 }
{ r15 = 1  TRACKED_ARITHM: add r15, qword ptr [rax+0x90] }
{ r15 = 1400246c1  TRACKED_ARITHM_RES  }
{ rbp = ffffff00ffffffff  TRACKED_ARITHM: and rsi, rbp }
{ rsi = bef66928  TRACKED_ARITHM_RES  }
{ rbp = 100000000  TRACKED_ARITHM: or rsi, rbp }
{ rsi = 1bef66928  TRACKED_ARITHM_RES  }
{ r10 = 0  TRACKED_ARITHM: add r10, qword ptr [rcx+0xa8] }
{ r10 = 1400246c0  TRACKED_ARITHM_RES  }
{ rcx = ffff00ffffffffff  TRACKED_ARITHM: and r14, rcx }
{  TRACKED_ARITHM: or r14, rcx }
{  TRACKED_ARITHM: add rdi, qword ptr [rdx+0xb0] }
{ rdi = 1400246c0  TRACKED_ARITHM_RES  }
{ rsi = ff00ffffffffffff  TRACKED_ARITHM: and rbx, rsi }
{  TRACKED_ARITHM: or rbx, rsi }
{ rsi = 1400011f0  TRACKED_TEST r12 = 1bef66928 UNK: #[ res += 0x142996496 ;  res ^= 0x1c2ab6dba ]  }


{ [rsp]  -> 67dda4; rsp = 641a230  !!! TRACKED_MULTIPLYING: #[ res = 42 * 0x67dda4 ] // [CNTR: 0]  }
{ rsi = 10f3c5f44  !!! TRACKED_MULTIPLYING: #[ m = 71 * 0x5bb860 ]  #[ res += 0xf4753afc ]// [CNTR: 1]  }
{ rbx = 10f3c5f44  TRACKED_CHANGED BY: add rbx, qword ptr [rax+0xa0] #[ res += m ]  }
{ rbx = 137b8c1a4  TRACKED_CHANGED  -> VAL: 137b8c1a4 }
{ rsi = 1f66cbe6d  !!! TRACKED_MULTIPLYING: #[ m = 68 * 0xab0ce5 ]  UNK: #[ res += 0xbeb3fcc9 ;  res ^= 0xc1d47fc9 ] // [CNTR: 2]  }
{ rbx = 1f66cbe6d  TRACKED_CHANGED BY: xor rbx, qword ptr [rbp+0xb0] #[ res ^= m ]  }
{ rbx = 1b3118365  TRACKED_CHANGED  -> VAL: 1b3118365 }
{ rbp = 207617cdc  !!! TRACKED_MULTIPLYING: #[ m = 37 * 0x148e94 ]  UNK: #[ res += 0x544ff977 ;  res ^= 0x3b470ffb9 ] // [CNTR: 3]  }
{ r15 = 207617cdc  TRACKED_CHANGED BY: add r15, qword ptr [rcx+0xe8] #[ res += m ]  }
{ r15 = 20bcc1ea8  TRACKED_CHANGED  -> VAL: 20bcc1ea8 }
{ r13 = 16f183a8f  !!! TRACKED_MULTIPLYING: #[ m = 46 * 0x9e06ae ]  UNK: #[ res -= 0x9cb3e419 ;  res ^= 0x364d42427 ] // [CNTR: 4]  }
{ r12 = 16f183a8f  TRACKED_CHANGED BY: sub r12, qword ptr [r11+0xa0] #[ res -= m ]  }
{ r12 = 143e266fb  TRACKED_CHANGED  -> VAL: 143e266fb }
{ r15 = 961c4697  !!! TRACKED_MULTIPLYING: #[ m = 33 * 0xfb9de1 ]  UNK: #[ res -= 0xadc62064 ;  res ^= 0x1d5fe206c ] // [CNTR: 5]  }
{ rsi = 961c4697  TRACKED_CHANGED BY: xor rsi, qword ptr [rcx+0xe8] #[ res ^= m ]  }
{ rsi = a43c3544  TRACKED_CHANGED  -> VAL: a43c3544 }
{ rbx = ea0a06b3  !!! TRACKED_MULTIPLYING: #[ m = 6c * 0xa8a511 ]  UNK: #[ res += 0x45cdd16f ;  res ^= 0x4e3633f7 ] // [CNTR: 6]  }
{ r12 = ea0a06b3  TRACKED_CHANGED BY: sub r12, qword ptr [r9+0xf0] #[ res -= m ]  }
{ r12 = a2e46387  TRACKED_CHANGED  -> VAL: a2e46387 }
{ r12 = 4fbf18f  !!! TRACKED_MULTIPLYING: #[ m = 64 * 0xd3468d ]  UNK: #[ res -= 0x9de871f8 ;  res ^= 0xa61f9208 ] // [CNTR: 7]  }
{ r14 = 4fbf18f  TRACKED_CHANGED BY: add r14, qword ptr [r11+0xa8] #[ res += m ]  TRACKED_ARITHM: add r14, qword ptr [r11+0xa8] }
{ r14 = 578380a3  TRACKED_CHANGED  -> VAL: 578380a3 TRACKED_ARITHM_RES  }
{ rax = 140043ec0  TRACKED_ARITHM: add rax, qword ptr [r15+0xe8] }
{ rax = 140043f63  TRACKED_ARITHM_RES  }
{  TRACKED_ARITHM: add qword ptr [r15+0xa0], rbx }
{ rsi = a3  TRACKED_ARITHM: add rsi, qword ptr [r14+0xe0] }
{ rsi = 140043e63  TRACKED_ARITHM_RES  }
{ r13 = 14005a3c0  TRACKED_ARITHM: add r13, qword ptr [rbx+0xd8] }
{ r13 = 14005a440  TRACKED_ARITHM_RES  }
{  TRACKED_ARITHM: add qword ptr [rbx+0xb0], r15 }


{ [rsp]  -> 13372452; rsp = 6336a90  TRACKED_ARITHM: add qword ptr [rsp+0x20], 0x4a236e73 }
{ r14 = 80  TRACKED_ARITHM: add r14, qword ptr [rdx+0xe8] }
{ r14 = 14005a340  TRACKED_ARITHM_RES  }
{ r11 = ffffffffffff00ff  TRACKED_ARITHM: and rbp, r11 }
{ rbp = 578300eb  TRACKED_ARITHM_RES  }
{ r11 = fb00  TRACKED_ARITHM: or rbp, r11 }
{ rbp = 5783fbeb  TRACKED_ARITHM_RES  }
{ rsi = 14004d1c0  TRACKED_ARITHM: add rsi, qword ptr [r10+0x90] }
{ rsi = 14004d243  TRACKED_ARITHM_RES  }
{  TRACKED_ARITHM: add qword ptr [r10+0xb0], r11 }


{ [rsp]  -> 463120b5; rsp = 6331398  TRACKED_ARITHM: add qword ptr [rsp+0x18], 0x40761213 }
{ rbp = 83  TRACKED_ARITHM: add rbp, qword ptr [r10+0xa0] }
{ rbp = 14004d143  TRACKED_ARITHM_RES  }
{ rax = ffffffffff00ffff  TRACKED_ARITHM: and r12, rax }
{ r12 = 5700fbeb  TRACKED_ARITHM_RES  }
{ rax = e00000  TRACKED_ARITHM: or r12, rax }
{ r12 = 57e0fbeb  TRACKED_ARITHM_RES  }
{ r8 = 140044cc0  TRACKED_ARITHM: add r8, qword ptr [rax+0xa8] }
{ r8 = 140044d17  TRACKED_ARITHM_RES  }
{  TRACKED_ARITHM: add qword ptr [rax+0xe0], r11 }
{ r8 = 57  TRACKED_ARITHM: add r8, qword ptr [rax+0xd8] }
{ r8 = 140044c17  TRACKED_ARITHM_RES  }
{ rcx = ffffffff00ffffff  TRACKED_ARITHM: and r12, rcx }
{ r12 = e0fbeb  TRACKED_ARITHM_RES  }
{ rcx = a1000000  TRACKED_ARITHM: or r12, rcx }
{ r12 = a1e0fbeb  TRACKED_ARITHM_RES  }
{ rax = 0  TRACKED_ARITHM: add rax, qword ptr [rsi+0xa8] }
{ rax = 1400247c0  TRACKED_ARITHM_RES  }
{ r9 = ffffffffffffff  TRACKED_ARITHM: and rdi, r9 }
{  TRACKED_ARITHM: or rdi, r9 }
{ rdx = 14006b6c0  TRACKED_ARITHM: add rdx, qword ptr [r12+0xf0] }
{ rdx = 14006b7ab  TRACKED_ARITHM_RES  }
{  TRACKED_ARITHM: sub qword ptr [r12+0x90], rax }
{ r13 = eb  TRACKED_ARITHM: add r13, qword ptr [rbx+0xd8] }
{ r13 = 14006b6ab  TRACKED_ARITHM_RES  }
{ rsi = 14002c6c0  TRACKED_ARITHM: add rsi, qword ptr [r12+0xd8] }
{ rsi = 14002c7bb  TRACKED_ARITHM_RES  }
{  TRACKED_ARITHM: sub qword ptr [r12+0xe0], r15 }
{ r14 = fb  TRACKED_ARITHM: add r14, qword ptr [r9+0xd8] }
{ r14 = 14002c6bb  TRACKED_ARITHM_RES  }
{ r10 = ffffffffffff00ff  TRACKED_ARITHM: and r12, r10 }
{ r12 = a1e00049  TRACKED_ARITHM_RES  }
{ r10 = e900  TRACKED_ARITHM: or r12, r10 }
{ r12 = a1e0e949  TRACKED_ARITHM_RES  }
{ r10 = 1400504c0  TRACKED_ARITHM: add r10, qword ptr [r8+0xa8] }
{ r10 = 1400505a0  TRACKED_ARITHM_RES  }
{  TRACKED_ARITHM: sub qword ptr [r8+0xd8], rax }


{ [rsp]  -> 47095ab3; rsp = 6319a98  TRACKED_ARITHM: add qword ptr [rsp+0x18], 0x169c6e43 }
{ rbx = e0  TRACKED_ARITHM: add rbx, qword ptr [rbp+0xe8] }
{ rbx = 1400504a0  TRACKED_ARITHM_RES  }
{ rax = ffffffffff00ffff  TRACKED_ARITHM: and rdi, rax }
{ rdi = a100e949  TRACKED_ARITHM_RES  }
{ rax = 7c0000  TRACKED_ARITHM: or rdi, rax }
{ rdi = a17ce949  TRACKED_ARITHM_RES  }
{ rsi = 14008d1c0  TRACKED_ARITHM: add rsi, qword ptr [rbx+0xa8] }
{ rsi = 14008d261  TRACKED_ARITHM_RES  }
{ r12 = 100000000  TRACKED_ARITHM: sub qword ptr [rbx+0xb0], r12 }
{ rbp = a1  TRACKED_ARITHM: add rbp, qword ptr [r12+0xf0] }
{ rbp = 14008d161  TRACKED_ARITHM_RES  }
{ rsi = ffffffff00ffffff  TRACKED_ARITHM: and r13, rsi }
{ r13 = ffffffff007ce949  TRACKED_ARITHM_RES  }
{ rsi = b2000000  TRACKED_ARITHM: or r13, rsi }
{ r13 = ffffffffb27ce949  TRACKED_ARITHM_RES  }
{ r13 = 1400941c0  TRACKED_ARITHM: add r13, qword ptr [rdi+0xe0] }
{ r13 = 1400942bf  TRACKED_ARITHM_RES  }
{  TRACKED_ARITHM: sub qword ptr [rdi+0xe8], r11 }
{ r14 = ff  TRACKED_ARITHM: add r14, qword ptr [r12+0x90] }
{ r14 = 1400941bf  TRACKED_ARITHM_RES  }
{ rax = ffffff00ffffffff  TRACKED_ARITHM: and r13, rax }
{ r13 = ffffff00b27ce949  TRACKED_ARITHM_RES  }
{  TRACKED_ARITHM: or r13, rax }
{ rbx = 1400941c0  TRACKED_ARITHM: add rbx, qword ptr [r14+0xa8] }
{ rbx = 1400942bf  TRACKED_ARITHM_RES  }
{  TRACKED_ARITHM: sub qword ptr [r14+0xe8], r10 }
{ rax = ff  TRACKED_ARITHM: add rax, qword ptr [r11+0xa8] }
{ rax = 1400941bf  TRACKED_ARITHM_RES  }
{ rbp = ffff00ffffffffff  TRACKED_ARITHM: and rdi, rbp }
{ rdi = ffff0000b27ce949  TRACKED_ARITHM_RES  }
{  TRACKED_ARITHM: or rdi, rbp }
{ rbp = 1400941c0  TRACKED_ARITHM: add rbp, qword ptr [rbx+0xe0] }
{ rbp = 1400942bf  TRACKED_ARITHM_RES  }
{  TRACKED_ARITHM: sub qword ptr [rbx+0xe8], rbp }
{ r9 = ff  TRACKED_ARITHM: add r9, qword ptr [r14+0x90] }
{ r9 = 1400941bf  TRACKED_ARITHM_RES  }
{ r15 = ff00ffffffffffff  TRACKED_ARITHM: and r13, r15 }
{ r13 = ff000000b27ce949  TRACKED_ARITHM_RES  }
{  TRACKED_ARITHM: or r13, r15 }


{ [rsp]  -> 329109f7; rsp = 6303010  TRACKED_ARITHM: add qword ptr [rsp+0x20], 0x6846333 }
{ r15 = ff  TRACKED_ARITHM: add r15, qword ptr [rbx+0xb0] }
{ r15 = 1400941bf  TRACKED_ARITHM_RES  }
{ rsi = ffffffffffffff  TRACKED_ARITHM: and r12, rsi }
{ r12 = b27ce949  TRACKED_ARITHM_RES  }
{  TRACKED_ARITHM: or r12, rsi }
{ rcx = b2  TRACKED_ARITHM: add rcx, qword ptr [r12+0xf0] }
{ rcx = 140093c72  TRACKED_ARITHM_RES  }
{ r10 = ffffffff00ffffff  TRACKED_ARITHM: and r15, r10 }
{ r15 = 7ce949  TRACKED_ARITHM_RES  }
{ r10 = b2000000  TRACKED_ARITHM: or r15, r10 }
{ r15 = b27ce949  TRACKED_ARITHM_RES  }
{ rax = 0  TRACKED_ARITHM: add rax, qword ptr [rsi+0xa8] }
{ rax = 140093bc0  TRACKED_ARITHM_RES  }
{ r10 = ffffff00ffffffff  TRACKED_ARITHM: and rbx, r10 }
{  TRACKED_ARITHM: or rbx, r10 }


{ [rsp]  -> 415e20c2; rsp = 62f3998  TRACKED_ARITHM: add qword ptr [rsp+0x18], 0x4d926606 }
{ r12 = 0  TRACKED_ARITHM: add r12, qword ptr [r10+0xe8] }
{ r12 = 140093bc0  TRACKED_ARITHM_RES  }
{ r11 = ffff00ffffffffff  TRACKED_ARITHM: and rdi, r11 }
{  TRACKED_ARITHM: or rdi, r11 }
{ r9 = 0  TRACKED_ARITHM: add r9, qword ptr [rbx+0xa0] }
{ r9 = 140093bc0  TRACKED_ARITHM_RES  }
{ rsi = ffffffffffffff  TRACKED_ARITHM: and r12, rsi }
{  TRACKED_ARITHM: or r12, rsi }
{ rbp = 1400011f0  TRACKED_TEST rsi = b27ce949 UNK: #[ res += 0x5af968a6 ;  res ^= 0xe5ff69ea ]  }


{ [rsp]  -> 640ba9; rsp = 62e8bb0  !!! TRACKED_MULTIPLYING: #[ res = 43 * 0x640ba9 ] // [CNTR: 0]  }
{ r15 = 6b9b8797  !!! TRACKED_MULTIPLYING: #[ m = 30 * 0xf1d9e5 ]  #[ res += 0x516c7a5c ]// [CNTR: 1]  }
{ rbp = 6b9b8797  TRACKED_CHANGED BY: sub rbp, qword ptr [r12+0xd8] #[ res -= m ]  }
{ rbp = 3e42aca7  TRACKED_CHANGED  -> VAL: 3e42aca7 }
{ rbp = c984fa12  !!! TRACKED_MULTIPLYING: #[ m = 6d * 0xd3e2f8 ]  UNK: #[ res += 0x8b424d6b ;  res ^= 0xf7c656b5 ] // [CNTR: 2]  }
{ r13 = c984fa12  TRACKED_CHANGED BY: add r13, qword ptr [r11+0x90] #[ res += m ]  }
{ r13 = 123bc9daa  TRACKED_CHANGED  -> VAL: 123bc9daa }
{ rbp = 15bbf5c22  !!! TRACKED_MULTIPLYING: #[ m = 69 * 0xb558ce ]  UNK: #[ res += 0x3802be78 ;  res ^= 0x7803c188 ] // [CNTR: 3]  }
{ rdi = 15bbf5c22  TRACKED_CHANGED BY: add rdi, qword ptr [r15+0xb0] #[ res += m ]  }
{ rdi = 1a620c8a0  TRACKED_CHANGED  -> VAL: 1a620c8a0 }
{ rbx = 172df3c12  !!! TRACKED_MULTIPLYING: #[ m = 38 * 0x2f03a7 ]  UNK: #[ res -= 0x33418c8e ;  res ^= 0xd4fff4b2 ] // [CNTR: 4]  }
{ r14 = 172df3c12  TRACKED_CHANGED BY: sub r14, qword ptr [rax+0xd8] #[ res -= m ]  }
{ r14 = 168966f8a  TRACKED_CHANGED  -> VAL: 168966f8a }
{ rdi = 188c6defa  !!! TRACKED_MULTIPLYING: #[ m = 61 * 0xb8fa61 ]  UNK: #[ res += 0x20306f70 ;  res ^= 0xe050b170 ] // [CNTR: 5]  }
{ r12 = 188c6defa  TRACKED_CHANGED BY: add r12, qword ptr [rbp+0xa8] #[ res += m ]  }
{ r12 = 1ceddbdbb  TRACKED_CHANGED  -> VAL: 1ceddbdbb }
{ rbp = 1d11f904d  !!! TRACKED_MULTIPLYING: #[ m = 65 * 0xe0c507 ]  UNK: #[ res += 0x241d292 ;  res ^= 0x1fc22df6 ] // [CNTR: 6]  }
{ rdi = 1d11f904d  TRACKED_CHANGED BY: sub rdi, qword ptr [r10+0xe0] #[ res -= m ]  }
{ rdi = 17871d48a  TRACKED_CHANGED  -> VAL: 17871d48a }
{ r13 = 1a046badd  !!! TRACKED_MULTIPLYING: #[ m = 34 * 0x8e354e ]  UNK: #[ res += 0x27d4e653 ;  res ^= 0xd8376e57 ] // [CNTR: 7]  }
{ r14 = 1a046badd  TRACKED_CHANGED BY: add r14, qword ptr [rbx+0xa8] #[ res += m ]  TRACKED_ARITHM: add r14, qword ptr [rbx+0xa8] }
{ r14 = 1bd298eb5  TRACKED_CHANGED  -> VAL: 1bd298eb5 TRACKED_ARITHM_RES  }
{ r11 = 1400280c0  TRACKED_ARITHM: add r11, qword ptr [rcx+0x90] }
{ r11 = 140028175  TRACKED_ARITHM_RES  }
{  TRACKED_ARITHM: sub qword ptr [rcx+0xf0], r12 }


{ [rsp]  -> 6d3a3569; rsp = 6207f98  TRACKED_ARITHM: add qword ptr [rsp+0x18], 0x58a919a4 }
{ rdi = b5  TRACKED_ARITHM: add rdi, qword ptr [rsi+0xe8] }
{ rdi = 140028075  TRACKED_ARITHM_RES  }
{ r11 = 140039fc0  TRACKED_ARITHM: add r11, qword ptr [rbp+0xf0] }
{ r11 = 14003a04e  TRACKED_ARITHM_RES  }
{  TRACKED_ARITHM: sub qword ptr [rbp+0x90], r13 }
{ r10 = 8e  TRACKED_ARITHM: add r10, qword ptr [r11+0xa8] }
{ r10 = 140039f4e  TRACKED_ARITHM_RES  }
{ rax = ffffffffffff00ff  TRACKED_ARITHM: and r14, rax }
{ r14 = 1bd2900ad  TRACKED_ARITHM_RES  }
{ rax = 5d00  TRACKED_ARITHM: or r14, rax }
{ r14 = 1bd295dad  TRACKED_ARITHM_RES  }
{ rbx = 14007d5c0  TRACKED_ARITHM: add rbx, qword ptr [r10+0xf0] }
{ rbx = 14007d5e9  TRACKED_ARITHM_RES  }
{ rdi = 1000000  TRACKED_ARITHM: sub qword ptr [r10+0xb0], rdi }
{ rdi = 29  TRACKED_ARITHM: add rdi, qword ptr [rcx+0xe0] }
{ rdi = 14007d4e9  TRACKED_ARITHM_RES  }
{ r9 = ffffffffff00ffff  TRACKED_ARITHM: and rbp, r9 }
{ rbp = 1bc005dad  TRACKED_ARITHM_RES  }
{ r9 = 5e0000  TRACKED_ARITHM: or rbp, r9 }
{ rbp = 1bc5e5dad  TRACKED_ARITHM_RES  }
{ r15 = 1400806c0  TRACKED_ARITHM: add r15, qword ptr [r13+0xe8] }
{ r15 = 14008077c  TRACKED_ARITHM_RES  }
{ r11 = 100000000  TRACKED_ARITHM: sub qword ptr [r13+0xa8], r11 }
{ r12 = bc  TRACKED_ARITHM: add r12, qword ptr [rcx+0xa8] }
{ r12 = 14008067c  TRACKED_ARITHM_RES  }
{ r13 = ffffffff00ffffff  TRACKED_ARITHM: and rsi, r13 }
{ rsi = 5e5dad  TRACKED_ARITHM_RES  }
{ r13 = ea000000  TRACKED_ARITHM: or rsi, r13 }
{ rsi = ea5e5dad  TRACKED_ARITHM_RES  }
{ rdx = 140898870  TRACKED_ARITHM: add rdx, qword ptr [rdi+0xf0] }
{  TRACKED_ARITHM: sub qword ptr [rdi+0x90], r14 }


{ [rsp]  -> 32ac2210; rsp = 61f4f18  TRACKED_ARITHM: add qword ptr [rsp+0x18], 0x144c7475 }
{ r8 = 0  TRACKED_ARITHM: add r8, qword ptr [r11+0x90] }
{ r8 = 1400248c0  TRACKED_ARITHM_RES  }
{ rbp = ff00ffffffffffff  TRACKED_ARITHM: and rsi, rbp }
{  TRACKED_ARITHM: or rsi, rbp }
{ rdx = 14005c8c0  TRACKED_ARITHM: add rdx, qword ptr [r8+0x90] }
{ rdx = 14005c96d  TRACKED_ARITHM_RES  }
{  TRACKED_ARITHM: sub qword ptr [r8+0xf0], rdi }
{ rax = ad  TRACKED_ARITHM: add rax, qword ptr [r15+0xb0] }
{ rax = 14005c86d  TRACKED_ARITHM_RES  }
{ r8 = 1400638c0  TRACKED_ARITHM: add r8, qword ptr [r13+0xe0] }
{ r8 = 14006391d  TRACKED_ARITHM_RES  }
{ rdx = 10000  TRACKED_ARITHM: sub qword ptr [r13+0xa0], rdx }


{ [rsp]  -> 7c2000c2; rsp = 61eaf90  TRACKED_ARITHM: add qword ptr [rsp+0x20], 0x46085416 }
{ r10 = 5d  TRACKED_ARITHM: add r10, qword ptr [rdi+0x90] }
{ r10 = 14006381d  TRACKED_ARITHM_RES  }
{ rbx = ffffffffffff00ff  TRACKED_ARITHM: and r13, rbx }
{ r13 = ea5d002d  TRACKED_ARITHM_RES  }
{ rbx = cd00  TRACKED_ARITHM: or r13, rbx }
{ r13 = ea5dcd2d  TRACKED_ARITHM_RES  }
{ rbp = 1400899c0  TRACKED_ARITHM: add rbp, qword ptr [r10+0xe0] }
{ rbp = 140089a1d  TRACKED_ARITHM_RES  }
{ rdx = 1000000  TRACKED_ARITHM: sub qword ptr [r10+0xd8], rdx }


{ [rsp]  -> 757353f1; rsp = 61e5898  TRACKED_ARITHM: add qword ptr [rsp+0x18], 0x6e5f3a15 }
{ r8 = 5d  TRACKED_ARITHM: add r8, qword ptr [rax+0xb0] }
{ r8 = 14008991d  TRACKED_ARITHM_RES  }
{ r12 = ffffffffff00ffff  TRACKED_ARITHM: and r13, r12 }
{ r13 = e900cd2d  TRACKED_ARITHM_RES  }
{ r12 = 760000  TRACKED_ARITHM: or r13, r12 }
{ r13 = e976cd2d  TRACKED_ARITHM_RES  }
{ r8 = 140024fc0  TRACKED_ARITHM: add r8, qword ptr [r13+0xe8] }
{ rbx = 10000000000  TRACKED_ARITHM: sub qword ptr [r13+0xa0], rbx }
{ rcx = 0  TRACKED_ARITHM: add rcx, qword ptr [r15+0xf0] }
{ rcx = 140024ec0  TRACKED_ARITHM_RES  }
{ r12 = ffffff00ffffffff  TRACKED_ARITHM: and r13, r12 }
{ r12 = ff00000000  TRACKED_ARITHM: or r13, r12 }
{ r13 = ffffffffe976cd2d  TRACKED_ARITHM_RES  }


{ [rsp]  -> 4c560930; rsp = 61db910  TRACKED_ARITHM: add qword ptr [rsp+0x20], 0x454b20eb }
{ rcx = ff  TRACKED_ARITHM: add rcx, qword ptr [r9+0x90] }
{ rcx = 1400249bf  TRACKED_ARITHM_RES  }
{ r15 = ffffffffffffff  TRACKED_ARITHM: and rdi, r15 }
{ rdi = ffffffe976cd2d  TRACKED_ARITHM_RES  }
{ r15 = ff00000000000000  TRACKED_ARITHM: or rdi, r15 }
{ rdi = ffffffffe976cd2d  TRACKED_ARITHM_RES  }


{ [rsp]  -> 5a9700bc; rsp = 61d6218  TRACKED_ARITHM: add qword ptr [rsp+0x18], 0x64445676 }
{ rsi = cd  TRACKED_ARITHM: add rsi, qword ptr [rax+0x90] }
{ rsi = 140093c8d  TRACKED_ARITHM_RES  }
{ r12 = ffffffffffff00ff  TRACKED_ARITHM: and r13, r12 }
{ r13 = ffffffffe976002d  TRACKED_ARITHM_RES  }
{ r12 = cd00  TRACKED_ARITHM: or r13, r12 }
{ r13 = ffffffffe976cd2d  TRACKED_ARITHM_RES  }


{ [rsp]  -> 35fe5cbf; rsp = 61d1990  TRACKED_ARITHM: add qword ptr [rsp+0x20], 0x14781d7a }
{ r8 = e9  TRACKED_ARITHM: add r8, qword ptr [r9+0xe8] }
{ r8 = 140093ca9  TRACKED_ARITHM_RES  }
{ r14 = ffffffff00ffffff  TRACKED_ARITHM: and rbp, r14 }
{ rbp = ffffffff0076cd2d  TRACKED_ARITHM_RES  }
{ r14 = e9000000  TRACKED_ARITHM: or rbp, r14 }
{ rbp = ffffffffe976cd2d  TRACKED_ARITHM_RES  }


{ [rsp]  -> 2b15499e; rsp = 61cc290  TRACKED_ARITHM: add qword ptr [rsp+0x20], 0x5a8d4c89 }
{ r14 = ff  TRACKED_ARITHM: add r14, qword ptr [rdi+0xe8] }
{ r14 = 140093cbf  TRACKED_ARITHM_RES  }
{ r12 = ffffff00ffffffff  TRACKED_ARITHM: and r15, r12 }
{ r15 = ffffff00e976cd2d  TRACKED_ARITHM_RES  }
{ r12 = ff00000000  TRACKED_ARITHM: or r15, r12 }
{ r15 = ffffffffe976cd2d  TRACKED_ARITHM_RES  }
{ rcx = ff  TRACKED_ARITHM: add rcx, qword ptr [r10+0xe8] }
{ rcx = 140093cbf  TRACKED_ARITHM_RES  }
{ rax = ffff00ffffffffff  TRACKED_ARITHM: and r15, rax }
{ r15 = ffff00ffe976cd2d  TRACKED_ARITHM_RES  }
{ rax = ff0000000000  TRACKED_ARITHM: or r15, rax }
{ r15 = ffffffffe976cd2d  TRACKED_ARITHM_RES  }
{ r12 = 1400011f0  TRACKED_TEST r15 = ffffffffe976cd2d UNK: #[ res -= 0x1d3b2c188 ;  res ^= 0xfffffffe545f4398 ]  }


{ [rsp]  -> a9b448; rsp = 61c2330  !!! TRACKED_MULTIPLYING: #[ res = 62 * 0xa9b448 ] // [CNTR: 0]  }
{ r14 = df648709  !!! TRACKED_MULTIPLYING: #[ m = 35 * 0x906550 ]  #[ res += 0x9e6d8379 ]// [CNTR: 1]  }
{ r13 = df648709  TRACKED_CHANGED BY: add r13, qword ptr [rsi+0xe0] #[ res += m ]  }
{ r13 = fd498099  TRACKED_CHANGED  -> VAL: fd498099 }
{ rdi = 13db9a248  !!! TRACKED_MULTIPLYING: #[ m = 44 * 0xaa5ad2 ]  UNK: #[ res += 0x407021af ;  res ^= 0x1c0f022d1 ] // [CNTR: 2]  }
{ r13 = 13db9a248  TRACKED_CHANGED BY: xor r13, qword ptr [r11+0xe8] #[ res ^= m ]  }
{ r13 = 110f9bd80  TRACKED_CHANGED  -> VAL: 110f9bd80 }
{ rbx = 167363e27  !!! TRACKED_MULTIPLYING: #[ m = 6f * 0xc49349 ]  UNK: #[ res += 0x563c80a7 ;  res ^= 0x77cf83a7 ] // [CNTR: 3]  }
{ rdi = 167363e27  TRACKED_CHANGED BY: xor rdi, qword ptr [rcx+0xe8] #[ res ^= m ]  }
{ rdi = 1320de280  TRACKED_CHANGED  -> VAL: 1320de280 }
{ r13 = 1026a1667  !!! TRACKED_MULTIPLYING: #[ m = 39 * 0x314f8e ]  UNK: #[ res -= 0x2fa3cc19 ;  res ^= 0x3067f4e7 ] // [CNTR: 4]  }
{ r13 = 1026a1667  TRACKED_CHANGED BY: add r13, qword ptr [r10+0xa8] #[ res += m ]  }
{ r13 = 10d64cd05  TRACKED_CHANGED  -> VAL: 10d64cd05 }
{ rbx = 1dafc2c40  !!! TRACKED_MULTIPLYING: #[ m = 66 * 0x81968b ]  UNK: #[ res += 0xcd975f3b ;  res ^= 0xd798e145 ] // [CNTR: 5]  }
{ rbp = 1dafc2c40  TRACKED_CHANGED BY: xor rbp, qword ptr [r8+0xa8] #[ res ^= m ]  }
{ rbp = 1e95dd722  TRACKED_CHANGED  -> VAL: 1e95dd722 }
{ r13 = 2729b052d  !!! TRACKED_MULTIPLYING: #[ m = 6a * 0x5ffbac ]  UNK: #[ res += 0x893d2e0b ;  res ^= 0x39bc6d20f ] // [CNTR: 6]  }
{ rbx = 2729b052d  TRACKED_CHANGED BY: sub rbx, qword ptr [rsi+0xe8] #[ res -= m ]  }
{ rbx = 24adccff5  TRACKED_CHANGED  -> VAL: 24adccff5 }
{ rbx = 2b9eb41cf  !!! TRACKED_MULTIPLYING: #[ m = 31 * 0xf63c8e ]  UNK: #[ res += 0x6f0e71da ;  res ^= 0xf3378e3a ] // [CNTR: 7]  }
{ rbx = 2b9eb41cf  TRACKED_CHANGED BY: sub rbx, qword ptr [r11+0xf0] #[ res -= m ]  TRACKED_ARITHM: sub rbx, qword ptr [r11+0xf0] }
{ rbx = 28ac9aaa1  TRACKED_CHANGED  -> VAL: 28ac9aaa1 TRACKED_ARITHM_RES  }
{ r10 = 1400375c0  TRACKED_ARITHM: add r10, qword ptr [rdx+0xa0] }
{ r10 = 140037661  TRACKED_ARITHM_RES  }
{  TRACKED_ARITHM: sub qword ptr [rdx+0xb0], r15 }
{ r13 = a1  TRACKED_ARITHM: add r13, qword ptr [rbx+0xf0] }
{ r13 = 140037561  TRACKED_ARITHM_RES  }
{ r10 = 1400600c0  TRACKED_ARITHM: add r10, qword ptr [r8+0xa8] }
{ r10 = 14006016a  TRACKED_ARITHM_RES  }
{  TRACKED_ARITHM: sub qword ptr [r8+0xe8], r10 }


{ [rsp]  -> 49190e74; rsp = 60c2a10  TRACKED_ARITHM: add qword ptr [rsp+0x20], 0x1a293866 }
{ rsi = aa  TRACKED_ARITHM: add rsi, qword ptr [r9+0xa0] }
{ rsi = 14006006a  TRACKED_ARITHM_RES  }
{ r14 = ffffffffffff00ff  TRACKED_ARITHM: and rdi, r14 }
{ rdi = 28ac90076  TRACKED_ARITHM_RES  }
{ r14 = 2200  TRACKED_ARITHM: or rdi, r14 }
{ rdi = 28ac92276  TRACKED_ARITHM_RES  }
{ r15 = 1400313c0  TRACKED_ARITHM: add r15, qword ptr [rdx+0x90] }
{ r15 = 140031489  TRACKED_ARITHM_RES  }
{  TRACKED_ARITHM: sub qword ptr [rdx+0xd8], rax }
{ rcx = c9  TRACKED_ARITHM: add rcx, qword ptr [r8+0xa0] }
{ rcx = 140031389  TRACKED_ARITHM_RES  }
{ rsi = ffffffffff00ffff  TRACKED_ARITHM: and r12, rsi }
{ r12 = 28a002276  TRACKED_ARITHM_RES  }
{ rsi = ac0000  TRACKED_ARITHM: or r12, rsi }
{ r12 = 28aac2276  TRACKED_ARITHM_RES  }
{ r10 = 140030cc0  TRACKED_ARITHM: add r10, qword ptr [rbp+0xe8] }
{ r10 = 140030d4a  TRACKED_ARITHM_RES  }
{  TRACKED_ARITHM: sub qword ptr [rbp+0xd8], rbx }
{ r11 = 8a  TRACKED_ARITHM: add r11, qword ptr [r10+0xd8] }
{ r11 = 140030c4a  TRACKED_ARITHM_RES  }
{ r9 = ffffffff00ffffff  TRACKED_ARITHM: and rbx, r9 }
{ rbx = 200ac2276  TRACKED_ARITHM_RES  }
{ r9 = 6e000000  TRACKED_ARITHM: or rbx, r9 }
{ rbx = 26eac2276  TRACKED_ARITHM_RES  }
{ rsi = 1400623c0  TRACKED_ARITHM: add rsi, qword ptr [r11+0xd8] }
{ rsi = 140062436  TRACKED_ARITHM_RES  }
{ r12 = 100  TRACKED_ARITHM: sub qword ptr [r11+0xf0], r12 }
{ r11 = 76  TRACKED_ARITHM: add r11, qword ptr [rbx+0xe8] }
{ r11 = 140062336  TRACKED_ARITHM_RES  }
{ r10 = 1400734c0  TRACKED_ARITHM: add r10, qword ptr [rcx+0xb0] }
{ r10 = 1400734e1  TRACKED_ARITHM_RES  }
{ r12 = 10000  TRACKED_ARITHM: sub qword ptr [rcx+0xe8], r12 }
{ r11 = 21  TRACKED_ARITHM: add r11, qword ptr [r12+0xf0] }
{ r11 = 1400733e1  TRACKED_ARITHM_RES  }
{ r13 = ffffffffffff00ff  TRACKED_ARITHM: and rdi, r13 }
{ rdi = 26eab00e9  TRACKED_ARITHM_RES  }
{ r13 = 6d00  TRACKED_ARITHM: or rdi, r13 }
{ rdi = 26eab6de9  TRACKED_ARITHM_RES  }
{ r8 = 14004dac0  TRACKED_ARITHM: add r8, qword ptr [r10+0xe0] }
{ r8 = 14004db6b  TRACKED_ARITHM_RES  }
{  TRACKED_ARITHM: sub qword ptr [r10+0xe8], r11 }


{ [rsp]  -> 78cc0412; rsp = 60aa290  TRACKED_ARITHM: add qword ptr [rsp+0x20], 0x64332094 }
{ rbp = ab  TRACKED_ARITHM: add rbp, qword ptr [rbx+0xf0] }
{ rbp = 14004da6b  TRACKED_ARITHM_RES  }
{ rdx = ffffffffff00ffff  TRACKED_ARITHM: and rdi, rdx }
{ rdi = 26e006de9  TRACKED_ARITHM_RES  }
{ rdx = 4d0000  TRACKED_ARITHM: or rdi, rdx }
{ rdi = 26e4d6de9  TRACKED_ARITHM_RES  }
{ r10 = 140062ac0  TRACKED_ARITHM: add r10, qword ptr [rbp+0x90] }
{ r10 = 140062b2e  TRACKED_ARITHM_RES  }
{ r13 = 100000000  TRACKED_ARITHM: sub qword ptr [rbp+0xd8], r13 }
{ rbx = 6e  TRACKED_ARITHM: add rbx, qword ptr [rax+0xa0] }
{ rbx = 140062a2e  TRACKED_ARITHM_RES  }
{ rcx = ffffffff00ffffff  TRACKED_ARITHM: and r14, rcx }
{ r14 = 1004d6de9  TRACKED_ARITHM_RES  }
{ rcx = e0000000  TRACKED_ARITHM: or r14, rcx }
{ r14 = 1e04d6de9  TRACKED_ARITHM_RES  }
{ rax = 1400256c0  TRACKED_ARITHM: add rax, qword ptr [r8+0xe8] }
{ rax = 1400256c1  TRACKED_ARITHM_RES  }
{ rbx = 10000000000  TRACKED_ARITHM: sub qword ptr [r8+0xd8], rbx }


{ [rsp]  -> 7e2e1b31; rsp = 609f490  TRACKED_ARITHM: add qword ptr [rsp+0x20], 0x489e40ab }
{ rbp = 1  TRACKED_ARITHM: add rbp, qword ptr [r15+0xd8] }
{ rbp = 1400255c1  TRACKED_ARITHM_RES  }
{ r8 = ffffff00ffffffff  TRACKED_ARITHM: and r12, r8 }
{ r12 = ffffff00e04d6de9  TRACKED_ARITHM_RES  }
{ r8 = ff00000000  TRACKED_ARITHM: or r12, r8 }
{ r12 = ffffffffe04d6de9  TRACKED_ARITHM_RES  }
{ r8 = 140898870  TRACKED_ARITHM: add r8, qword ptr [rcx+0xb0] }
{ r8 = 14089896f  TRACKED_ARITHM_RES  }
{  TRACKED_ARITHM: sub qword ptr [rcx+0xa8], r12 }
{ rax = ff  TRACKED_ARITHM: add rax, qword ptr [r9+0xa8] }
{ rax = 1400249bf  TRACKED_ARITHM_RES  }
{ rcx = ff00ffffffffffff  TRACKED_ARITHM: and rbp, rcx }
{ rbp = ff00ffffe04d6de9  TRACKED_ARITHM_RES  }
{ rcx = ff000000000000  TRACKED_ARITHM: or rbp, rcx }
{ rbp = ffffffffe04d6de9  TRACKED_ARITHM_RES  }


{ [rsp]  -> 235a600a; rsp = 6095518  TRACKED_ARITHM: add qword ptr [rsp+0x18], 0x1ecc0b42 }
{ rbx = 6d  TRACKED_ARITHM: add rbx, qword ptr [r12+0xf0] }
{ rbx = 140093c2d  TRACKED_ARITHM_RES  }
{ r8 = ffffffffffff00ff  TRACKED_ARITHM: and r13, r8 }
{ r13 = ffffffffe04d00e9  TRACKED_ARITHM_RES  }
{ r8 = 6d00  TRACKED_ARITHM: or r13, r8 }
{ r13 = ffffffffe04d6de9  TRACKED_ARITHM_RES  }


{ [rsp]  -> 419e7a46; rsp = 6090c90  TRACKED_ARITHM: add qword ptr [rsp+0x20], 0x16e1422c }
{ rcx = e0  TRACKED_ARITHM: add rcx, qword ptr [r13+0x90] }
{ rcx = 140093ca0  TRACKED_ARITHM_RES  }
{ r9 = ffffffff00ffffff  TRACKED_ARITHM: and r14, r9 }
{ r14 = ffffffff004d6de9  TRACKED_ARITHM_RES  }
{ r9 = e0000000  TRACKED_ARITHM: or r14, r9 }
{ r14 = ffffffffe04d6de9  TRACKED_ARITHM_RES  }


{ [rsp]  -> 3cd28f1; rsp = 608c410  TRACKED_ARITHM: add qword ptr [rsp+0x20], 0x68e4149b }
{ r13 = ff  TRACKED_ARITHM: add r13, qword ptr [rcx+0xe0] }
{ r13 = 140093cbf  TRACKED_ARITHM_RES  }
{ r10 = ffff00ffffffffff  TRACKED_ARITHM: and rbp, r10 }
{ rbp = ffff00ffe04d6de9  TRACKED_ARITHM_RES  }
{ r10 = ff0000000000  TRACKED_ARITHM: or rbp, r10 }
{ rbp = ffffffffe04d6de9  TRACKED_ARITHM_RES  }


{ [rsp]  -> 70944a53; rsp = 6086d18  TRACKED_ARITHM: add qword ptr [rsp+0x18], 0x62a94ec6 }
{ r15 = ff  TRACKED_ARITHM: add r15, qword ptr [r9+0x90] }
{ r15 = 140093cbf  TRACKED_ARITHM_RES  }
{ r15 = ffffffffffffff  TRACKED_ARITHM: and r12, r15 }
{ r12 = ffffffe04d6de9  TRACKED_ARITHM_RES  }
{ r15 = ff00000000000000  TRACKED_ARITHM: or r12, r15 }
{ r12 = ffffffffe04d6de9  TRACKED_ARITHM_RES  }
{ r12 = 1400011f0  TRACKED_TEST r14 = ffffffffe04d6de9 UNK: #[ res -= 0x2aa7c3cb8 ;  res ^= 0xfffffffd6a84c748 ]  }


{ [rsp]  -> a6edf9; rsp = 6081630  !!! TRACKED_MULTIPLYING: #[ res = 67 * 0xa6edf9 ] // [CNTR: 0]  }
{ rdi = 34ec3f38  !!! TRACKED_MULTIPLYING: #[ m = 63 * 0xe87bf4 ]  #[ res -= 0xe3d7ff7 ]// [CNTR: 1]  }
{ rdi = 34ec3f38  TRACKED_CHANGED BY: sub rdi, qword ptr [rax+0xa0] #[ res -= m ]  }
{ rdi = ffffffffdb044fdc  TRACKED_CHANGED  -> VAL: ffffffffdb044fdc }
{ rbp = ffffffff4168789c  !!! TRACKED_MULTIPLYING: #[ m = 32 * 0x19864d ]  UNK: #[ res -= 0x999bd740 ;  res ^= 0x9a6c3740 ] // [CNTR: 2]  }
{ r12 = ffffffff4168789c  TRACKED_CHANGED BY: sub r12, qword ptr [rcx+0xf0] #[ res -= m ]  }
{ r12 = ffffffff3c6c3d92  TRACKED_CHANGED  -> VAL: ffffffff3c6c3d92 }
{ r14 = fffffffefae3f1a5  !!! TRACKED_MULTIPLYING: #[ m = 36 * 0x901524 ]  UNK: #[ res -= 0x41884bed ;  res ^= 0x1c68fcc37 ] // [CNTR: 3]  }
{ rsi = fffffffefae3f1a5  TRACKED_CHANGED BY: add rsi, qword ptr [r13+0x90] #[ res += m ]  }
{ rsi = ffffffff1948673d  TRACKED_CHANGED  -> VAL: ffffffff1948673d }
{ rbp = ffffffff3d3397a8  !!! TRACKED_MULTIPLYING: #[ m = 41 * 0xc897cc ]  UNK: #[ res += 0x23eb306b ;  res ^= 0x247bf095 ] // [CNTR: 4]  }
{ r13 = ffffffff3d3397a8  TRACKED_CHANGED BY: xor r13, qword ptr [rbx+0x90] #[ res ^= m ]  }
{ r13 = ffffffff0fdd1d64  TRACKED_CHANGED  -> VAL: ffffffff0fdd1d64 }
{ r14 = ffffffffe02af3cc  !!! TRACKED_MULTIPLYING: #[ m = 45 * 0x731197 ]  UNK: #[ res += 0xd04dd668 ;  res ^= 0xeff7eea8 ] // [CNTR: 5]  }
{ rdi = ffffffffe02af3cc  TRACKED_CHANGED BY: xor rdi, qword ptr [r8+0xb0] #[ res ^= m ]  }
{ rdi = ffffffffff294e7f  TRACKED_CHANGED  -> VAL: ffffffffff294e7f }
{ r15 = 66ca20e1  !!! TRACKED_MULTIPLYING: #[ m = 70 * 0x5f591c ]  UNK: #[ res += 0x67a0d262 ;  res ^= 0xffffffff99e36e9e ] // [CNTR: 6]  }
{ rdi = 66ca20e1  TRACKED_CHANGED BY: add rdi, qword ptr [r8+0xa0] #[ res += m ]  }
{ rdi = 90811d21  TRACKED_CHANGED  -> VAL: 90811d21 }
{ rbp = c1e77f1a  !!! TRACKED_MULTIPLYING: #[ m = 6b * 0x579d0e ]  UNK: #[ res += 0x316661f9 ;  res ^= 0x5166623b ] // [CNTR: 7]  }
{ r13 = c1e77f1a  TRACKED_CHANGED BY: add r13, qword ptr [rdx+0xe0] #[ res += m ]  TRACKED_ARITHM: add r13, qword ptr [rdx+0xe0] }
{ r13 = e68623f4  TRACKED_CHANGED  -> VAL: e68623f4 TRACKED_ARITHM_RES  }
{ r13 = 140030cc0  TRACKED_ARITHM: add r13, qword ptr [rdx+0xd8] }
{ r13 = 140030db4  TRACKED_ARITHM_RES  }
{  TRACKED_ARITHM: sub qword ptr [rdx+0xa0], r11 }


{ [rsp]  -> 708b4c90; rsp = 5f8cb10  TRACKED_ARITHM: add qword ptr [rsp+0x20], 0x57f62683 }
{ rbp = f4  TRACKED_ARITHM: add rbp, qword ptr [r12+0x90] }
{ rbp = 140030cb4  TRACKED_ARITHM_RES  }
{ rdx = 140091ec0  TRACKED_ARITHM: add rdx, qword ptr [rcx+0xa8] }
{ rdx = 140091ee3  TRACKED_ARITHM_RES  }
{ rax = 10000  TRACKED_ARITHM: sub qword ptr [rcx+0x90], rax }
{ rax = 23  TRACKED_ARITHM: add rax, qword ptr [r15+0xa0] }
{ rax = 140091de3  TRACKED_ARITHM_RES  }
{ r12 = ffffffffffff00ff  TRACKED_ARITHM: and rdi, r12 }
{ rdi = e68500d8  TRACKED_ARITHM_RES  }
{ r12 = 2900  TRACKED_ARITHM: or rdi, r12 }
{ rdi = e68529d8  TRACKED_ARITHM_RES  }
{ rdx = 1400359c0  TRACKED_ARITHM: add rdx, qword ptr [rcx+0xf0] }
{ rdx = 140035a45  TRACKED_ARITHM_RES  }
{  TRACKED_ARITHM: sub qword ptr [rcx+0xd8], rdx }
{ r15 = 85  TRACKED_ARITHM: add r15, qword ptr [rcx+0xf0] }
{ r15 = 140035945  TRACKED_ARITHM_RES  }
{ rbx = ffffffffff00ffff  TRACKED_ARITHM: and r13, rbx }
{ r13 = e60029d8  TRACKED_ARITHM_RES  }
{ rbx = 5e0000  TRACKED_ARITHM: or r13, rbx }
{ r13 = e65e29d8  TRACKED_ARITHM_RES  }
{ rbp = 14003b4c0  TRACKED_ARITHM: add rbp, qword ptr [r8+0x90] }
{ rbp = 14003b5a6  TRACKED_ARITHM_RES  }
{  TRACKED_ARITHM: sub qword ptr [r8+0xa8], rdi }
{ rdi = e6  TRACKED_ARITHM: add rdi, qword ptr [r14+0x90] }
{ rdi = 14003b4a6  TRACKED_ARITHM_RES  }
{ r13 = ffffffff00ffffff  TRACKED_ARITHM: and r15, r13 }
{ r15 = 5e29d8  TRACKED_ARITHM_RES  }
{ r13 = b2000000  TRACKED_ARITHM: or r15, r13 }
{ r15 = b25e29d8  TRACKED_ARITHM_RES  }
{ r14 = 140898870  TRACKED_ARITHM: add r14, qword ptr [rdx+0xe0] }
{  TRACKED_ARITHM: sub qword ptr [rdx+0xa8], rdi }


{ [rsp]  -> 5533ee1; rsp = 5f7a910  TRACKED_ARITHM: add qword ptr [rsp+0x20], 0x25fa18c3 }
{ r12 = 0  TRACKED_ARITHM: add r12, qword ptr [rbp+0xe0] }
{ r12 = 1400248c0  TRACKED_ARITHM_RES  }
{ rcx = ff00ffffffffffff  TRACKED_ARITHM: and rsi, rcx }
{  TRACKED_ARITHM: or rsi, rcx }


{ [rsp]  -> 2cc4839; rsp = 5f75210  TRACKED_ARITHM: add qword ptr [rsp+0x20], 0x78bb136d }
{  TRACKED_ARITHM: add rbx, qword ptr [rbp+0xe0] }
{ rbx = 1400248c0  TRACKED_ARITHM_RES  }
{ rbp = ffffffffffffff  TRACKED_ARITHM: and rsi, rbp }
{  TRACKED_ARITHM: or rsi, rbp }
{ r12 = 1400455c0  TRACKED_ARITHM: add r12, qword ptr [rsi+0x90] }
{ r12 = 140045698  TRACKED_ARITHM_RES  }
{  TRACKED_ARITHM: sub qword ptr [rsi+0xa8], rbx }


{ [rsp]  -> 5c114ea1; rsp = 5f70990  TRACKED_ARITHM: add qword ptr [rsp+0x20], 0x1d2f6d05 }
{ rbp = d8  TRACKED_ARITHM: add rbp, qword ptr [r10+0xa8] }
{ rbp = 140045598  TRACKED_ARITHM_RES  }
{ r14 = 1400574c0  TRACKED_ARITHM: add r14, qword ptr [r12+0xb0] }
{ r14 = 1400574e9  TRACKED_ARITHM_RES  }
{ r11 = 10000  TRACKED_ARITHM: sub qword ptr [r12+0xe0], r11 }
{ rcx = 29  TRACKED_ARITHM: add rcx, qword ptr [r8+0x90] }
{ rcx = 1400573e9  TRACKED_ARITHM_RES  }
{ r10 = ffffffffffff00ff  TRACKED_ARITHM: and r13, r10 }
{ r13 = b25d008d  TRACKED_ARITHM_RES  }
{ r10 = b500  TRACKED_ARITHM: or r13, r10 }
{ r13 = b25db58d  TRACKED_ARITHM_RES  }
{ rsi = 14002a3c0  TRACKED_ARITHM: add rsi, qword ptr [r10+0xd8] }
{ rsi = 14002a41d  TRACKED_ARITHM_RES  }
{  TRACKED_ARITHM: sub qword ptr [r10+0xb0], rbp }
{ r12 = 5d  TRACKED_ARITHM: add r12, qword ptr [r15+0xb0] }
{ r12 = 14002a31d  TRACKED_ARITHM_RES  }
{ rbp = ffffffffff00ffff  TRACKED_ARITHM: and rdi, rbp }
{ rdi = b200b58d  TRACKED_ARITHM_RES  }
{ rbp = 500000  TRACKED_ARITHM: or rdi, rbp }
{ rdi = b250b58d  TRACKED_ARITHM_RES  }
{ r10 = 1400638c0  TRACKED_ARITHM: add r10, qword ptr [rbx+0xe0] }
{ r10 = 140063972  TRACKED_ARITHM_RES  }
{  TRACKED_ARITHM: sub qword ptr [rbx+0xb0], r12 }
{ r15 = b2  TRACKED_ARITHM: add r15, qword ptr [rcx+0xf0] }
{ r15 = 140063872  TRACKED_ARITHM_RES  }
{ r9 = ffffffff00ffffff  TRACKED_ARITHM: and r13, r9 }
{ r13 = 50b58d  TRACKED_ARITHM_RES  }
{ r9 = 22000000  TRACKED_ARITHM: or r13, r9 }
{ r13 = 2250b58d  TRACKED_ARITHM_RES  }
{ rax = 140898870  TRACKED_ARITHM: add rax, qword ptr [rdi+0xa8] }
{  TRACKED_ARITHM: sub qword ptr [rdi+0xe0], rbp }
{ r10 = 0  TRACKED_ARITHM: add r10, qword ptr [rax+0xb0] }
{ r10 = 1400248c0  TRACKED_ARITHM_RES  }
{ r14 = ffff00ffffffffff  TRACKED_ARITHM: and rsi, r14 }
{  TRACKED_ARITHM: or rsi, r14 }


{ [rsp]  -> 371c670f; rsp = 5f57398  TRACKED_ARITHM: add qword ptr [rsp+0x18], 0x73f01793 }
{ rbx = 8d  TRACKED_ARITHM: add rbx, qword ptr [rcx+0xf0] }
{ rbx = 140093c4d  TRACKED_ARITHM_RES  }


{ [rsp]  -> 24585799; rsp = 5f52b18  TRACKED_ARITHM: add qword ptr [rsp+0x18], 0x742a5dc8 }
{ r11 = b5  TRACKED_ARITHM: add r11, qword ptr [r12+0xe0] }
{ r11 = 140093c75  TRACKED_ARITHM_RES  }
{ rcx = ffffffffffff00ff  TRACKED_ARITHM: and r15, rcx }
{ r15 = 2250008d  TRACKED_ARITHM_RES  }
{ rcx = b500  TRACKED_ARITHM: or r15, rcx }
{ r15 = 2250b58d  TRACKED_ARITHM_RES  }


{ [rsp]  -> 5f1d0475; rsp = 5f4d410  TRACKED_ARITHM: add qword ptr [rsp+0x20], 0xe6f3467 }
{ r13 = 50  TRACKED_ARITHM: add r13, qword ptr [r10+0xf0] }
{ r13 = 140093c10  TRACKED_ARITHM_RES  }
{ r14 = ffffffffff00ffff  TRACKED_ARITHM: and rsi, r14 }
{ rsi = 2200b58d  TRACKED_ARITHM_RES  }
{ r14 = 500000  TRACKED_ARITHM: or rsi, r14 }
{ rsi = 2250b58d  TRACKED_ARITHM_RES  }
{ r13 = 22  TRACKED_ARITHM: add r13, qword ptr [rsi+0xf0] }
{ r13 = 140093be2  TRACKED_ARITHM_RES  }
{ rcx = ffffffff00ffffff  TRACKED_ARITHM: and r14, rcx }
{ r14 = 50b58d  TRACKED_ARITHM_RES  }
{ rcx = 22000000  TRACKED_ARITHM: or r14, rcx }
{ r14 = 2250b58d  TRACKED_ARITHM_RES  }


{ [rsp]  -> 47bb6217; rsp = 5f43490  TRACKED_ARITHM: add qword ptr [rsp+0x20], 0x70c54f19 }
{ r14 = 0  TRACKED_ARITHM: add r14, qword ptr [rdi+0xa8] }
{ r14 = 140093bc0  TRACKED_ARITHM_RES  }
{ r8 = ffffff00ffffffff  TRACKED_ARITHM: and rsi, r8 }
{  TRACKED_ARITHM: or rsi, r8 }
{ rcx = 0  TRACKED_ARITHM: add rcx, qword ptr [rax+0xd8] }
{ rcx = 140093bc0  TRACKED_ARITHM_RES  }
{ rdi = ff00ffffffffffff  TRACKED_ARITHM: and r15, rdi }
{  TRACKED_ARITHM: or r15, rdi }
{ rsi = 0  TRACKED_ARITHM: add rsi, qword ptr [rdx+0xa8] }
{ rsi = 140093bc0  TRACKED_ARITHM_RES  }
{ r10 = ffffffffffffff  TRACKED_ARITHM: and r14, r10 }
{  TRACKED_ARITHM: or r14, r10 }
{ rbx = 1400011f0  TRACKED_TEST r15 = 2250b58d UNK: #[ res -= 0xc4356e67 ;  res ^= 0xc4d69679 ]  }


{ [rsp]  -> 9afaf6; rsp = 5f33e30  !!! TRACKED_MULTIPLYING: #[ res = 68 * 0x9afaf6 ] // [CNTR: 0]  }
{ r15 = e57ca7e3  !!! TRACKED_MULTIPLYING: #[ m = 64 * 0x7d1a12 ]  #[ res += 0xa686b3f3 ]// [CNTR: 1]  }
{ rbx = e57ca7e3  TRACKED_CHANGED BY: add rbx, qword ptr [rdi+0xe0] #[ res += m ]  }
{ rbx = 1165ad6eb  TRACKED_CHANGED  -> VAL: 1165ad6eb }
{ r14 = 4fe0daa7  !!! TRACKED_MULTIPLYING: #[ m = 42 * 0x4d84b1 ]  UNK: #[ res -= 0xc679fc44 ;  res ^= 0x159ba0c4c ] // [CNTR: 2]  }
{ r15 = 4fe0daa7  TRACKED_CHANGED BY: add r15, qword ptr [r10+0x90] #[ res += m ]  }
{ r15 = 63dd1049  TRACKED_CHANGED  -> VAL: 63dd1049 }
{ r14 = 106e09825  !!! TRACKED_MULTIPLYING: #[ m = 46 * 0x552b78 ]  UNK: #[ res += 0xa30387dc ;  res ^= 0x1653d886c ] // [CNTR: 3]  }
{ r12 = 106e09825  TRACKED_CHANGED BY: sub r12, qword ptr [rbx+0xf0] #[ res -= m ]  }
{ r12 = ef96b555  TRACKED_CHANGED  -> VAL: ef96b555 }
{ rdi = 1adcc70b  !!! TRACKED_MULTIPLYING: #[ m = 37 * 0xf372a1 ]  UNK: #[ res -= 0xd4b9ee4a ;  res ^= 0xf54a725e ] // [CNTR: 4]  }
{ r13 = 1adcc70b  TRACKED_CHANGED BY: xor r13, qword ptr [r12+0xd8] #[ res ^= m ]  }
{ r13 = 2e91679c  TRACKED_CHANGED  -> VAL: 2e91679c }
{ rsi = ffffffffe24063ef  !!! TRACKED_MULTIPLYING: #[ m = 71 * 0xb40eb5 ]  UNK: #[ res -= 0x4c5103ad ;  res ^= 0xffffffffccd10473 ] // [CNTR: 5]  }
{ rbp = ffffffffe24063ef  TRACKED_CHANGED BY: add rbp, qword ptr [rax+0xd8] #[ res += m ]  }
{ rbp = 31bae1d4  TRACKED_CHANGED  -> VAL: 31bae1d4 }
{ r15 = 27409106  !!! TRACKED_MULTIPLYING: #[ m = 33 * 0x9e5c18 ]  UNK: #[ res -= 0xa7a50ce ;  res ^= 0x16fa70d2 ] // [CNTR: 6]  }
{ rsi = 27409106  TRACKED_CHANGED BY: xor rsi, qword ptr [rax+0xb0] #[ res ^= m ]  }
{ rsi = 38ccc9ce  TRACKED_CHANGED  -> VAL: 38ccc9ce }
{ rbx = 71450d21  !!! TRACKED_MULTIPLYING: #[ m = 6c * 0xf2513b ]  UNK: #[ res += 0x38784353 ;  res ^= 0x4989c4ef ] // [CNTR: 7]  }
{ r15 = 71450d21  TRACKED_CHANGED BY: xor r15, qword ptr [r13+0xe0] #[ res ^= m ]  TRACKED_ARITHM: xor r15, qword ptr [r13+0xe0] }
{ r15 = 177f49c5  TRACKED_CHANGED  -> VAL: 177f49c5 TRACKED_ARITHM_RES  }
{ rcx = 14008d6c0  TRACKED_ARITHM: add rcx, qword ptr [r11+0xb0] }
{ rcx = 14008d785  TRACKED_ARITHM_RES  }
{ rdx = 100  TRACKED_ARITHM: add qword ptr [r11+0xd8], rdx }
{ r13 = c5  TRACKED_ARITHM: add r13, qword ptr [rdi+0x90] }
{ r13 = 14008d685  TRACKED_ARITHM_RES  }
{ r12 = 1400285c0  TRACKED_ARITHM: add r12, qword ptr [rsi+0xb0] }
{ r12 = 14002860a  TRACKED_ARITHM_RES  }
{  TRACKED_ARITHM: add qword ptr [rsi+0x90], r14 }
{ rdx = 4a  TRACKED_ARITHM: add rdx, qword ptr [rcx+0xa0] }
{ rdx = 14002850a  TRACKED_ARITHM_RES  }
{ r11 = ffffffffffff00ff  TRACKED_ARITHM: and rsi, r11 }
{ rsi = 177f00b5  TRACKED_ARITHM_RES  }
{ r11 = 5300  TRACKED_ARITHM: or rsi, r11 }
{ rsi = 177f53b5  TRACKED_ARITHM_RES  }
{ r13 = 140092ac0  TRACKED_ARITHM: add r13, qword ptr [rbx+0x90] }
{ r13 = 140092b3f  TRACKED_ARITHM_RES  }
{ rdx = 1000000  TRACKED_ARITHM: add qword ptr [rbx+0xe8], rdx }


{ [rsp]  -> 285c4cb6; rsp = 5e39c18  TRACKED_ARITHM: add qword ptr [rsp+0x18], 0x4a45739 }
{ r10 = 7f  TRACKED_ARITHM: add r10, qword ptr [rbp+0xe0] }
{ r10 = 140092a3f  TRACKED_ARITHM_RES  }
{ r12 = ffffffffff00ffff  TRACKED_ARITHM: and r15, r12 }
{ r15 = 180053b5  TRACKED_ARITHM_RES  }
{ r12 = 7b0000  TRACKED_ARITHM: or r15, r12 }
{ r15 = 187b53b5  TRACKED_ARITHM_RES  }
{ r15 = 14006adc0  TRACKED_ARITHM: add r15, qword ptr [rcx+0xa8] }
{ r15 = 14006add8  TRACKED_ARITHM_RES  }
{  TRACKED_ARITHM: add qword ptr [rcx+0xe0], rdx }
{ r12 = 18  TRACKED_ARITHM: add r12, qword ptr [r8+0xe0] }
{ r12 = 14006acd8  TRACKED_ARITHM_RES  }
{ r15 = ffffffff00ffffff  TRACKED_ARITHM: and rdi, r15 }
{ rdi = 7b53b5  TRACKED_ARITHM_RES  }
{ r15 = b9000000  TRACKED_ARITHM: or rdi, r15 }
{ rdi = b97b53b5  TRACKED_ARITHM_RES  }
{ r13 = 140898770  TRACKED_ARITHM: add r13, qword ptr [rax+0xa8] }
{  TRACKED_ARITHM: add qword ptr [rax+0xf0], r12 }
{ rsi = 0  TRACKED_ARITHM: add rsi, qword ptr [rbp+0xf0] }
{ rsi = 1400247c0  TRACKED_ARITHM_RES  }
{ rdx = ffff00ffffffffff  TRACKED_ARITHM: and r14, rdx }
{  TRACKED_ARITHM: or r14, rdx }
{ r9 = 0  TRACKED_ARITHM: add r9, qword ptr [rdx+0xf0] }
{ r9 = 1400247c0  TRACKED_ARITHM_RES  }
{ r10 = ffffffffffffff  TRACKED_ARITHM: and rdi, r10 }
{  TRACKED_ARITHM: or rdi, r10 }
{ r13 = 1400280c0  TRACKED_ARITHM: add r13, qword ptr [rax+0xb0] }
{ r13 = 140028175  TRACKED_ARITHM_RES  }
{  TRACKED_ARITHM: sub qword ptr [rax+0x90], rdi }
{ r9 = b5  TRACKED_ARITHM: add r9, qword ptr [r8+0xe8] }
{ r9 = 140028075  TRACKED_ARITHM_RES  }
{ rax = 1400884c0  TRACKED_ARITHM: add rax, qword ptr [r14+0xa0] }
{ rax = 140088513  TRACKED_ARITHM_RES  }
{ rdi = 10000  TRACKED_ARITHM: sub qword ptr [r14+0xb0], rdi }
{ rax = 53  TRACKED_ARITHM: add rax, qword ptr [rcx+0xf0] }
{ rax = 140088413  TRACKED_ARITHM_RES  }
{ rdi = ffffffffffff00ff  TRACKED_ARITHM: and r15, rdi }
{ r15 = b97a00ad  TRACKED_ARITHM_RES  }
{ rdi = 6f00  TRACKED_ARITHM: or r15, rdi }
{ r15 = b97a6fad  TRACKED_ARITHM_RES  }
{ r13 = 1400822c0  TRACKED_ARITHM: add r13, qword ptr [rbp+0xa0] }
{ r13 = 14008233a  TRACKED_ARITHM_RES  }
{ r13 = 1000000  TRACKED_ARITHM: sub qword ptr [rbp+0xb0], r13 }


{ [rsp]  -> 437b3dfe; rsp = 5e1a090  TRACKED_ARITHM: add qword ptr [rsp+0x20], 0x605b4591 }
{ r13 = 7a  TRACKED_ARITHM: add r13, qword ptr [rbp+0xe0] }
{ r13 = 14008223a  TRACKED_ARITHM_RES  }
{ r11 = ffffffffff00ffff  TRACKED_ARITHM: and r15, r11 }
{ r15 = b8006fad  TRACKED_ARITHM_RES  }
{ r11 = a40000  TRACKED_ARITHM: or r15, r11 }
{ r15 = b8a46fad  TRACKED_ARITHM_RES  }
{ r12 = 140024fc0  TRACKED_ARITHM: add r12, qword ptr [rbp+0xe0] }
{ r12 = 140025078  TRACKED_ARITHM_RES  }
{  TRACKED_ARITHM: sub qword ptr [rbp+0x90], rdx }
{ r9 = b8  TRACKED_ARITHM: add r9, qword ptr [rax+0xa0] }
{ r9 = 140024f78  TRACKED_ARITHM_RES  }
{ rax = ffffffff00ffffff  TRACKED_ARITHM: and rsi, rax }
{ rsi = a46fad  TRACKED_ARITHM_RES  }
{ rax = b7000000  TRACKED_ARITHM: or rsi, rax }
{ rsi = b7a46fad  TRACKED_ARITHM_RES  }
{ rdi = 140024fc0  TRACKED_ARITHM: add rdi, qword ptr [r13+0xd8] }
{ rdi = 10000000000  TRACKED_ARITHM: sub qword ptr [r13+0xf0], rdi }
{ rax = 0  TRACKED_ARITHM: add rax, qword ptr [r15+0xf0] }
{ rax = 140024ec0  TRACKED_ARITHM_RES  }
{ rax = ffffff00ffffffff  TRACKED_ARITHM: and rbp, rax }
{ rax = ff00000000  TRACKED_ARITHM: or rbp, rax }
{ rbp = ffffffffb7a46fad  TRACKED_ARITHM_RES  }
{ rbx = 140898870  TRACKED_ARITHM: add rbx, qword ptr [r13+0x90] }
{ rbx = 14089896f  TRACKED_ARITHM_RES  }
{  TRACKED_ARITHM: sub qword ptr [r13+0xd8], rdi }
{ rdx = ff  TRACKED_ARITHM: add rdx, qword ptr [r15+0xb0] }
{ rdx = 1400249bf  TRACKED_ARITHM_RES  }
{ rbp = ffff00ffffffffff  TRACKED_ARITHM: and rbx, rbp }
{ rbx = ffff00ffb7a46fad  TRACKED_ARITHM_RES  }
{ rbp = ff0000000000  TRACKED_ARITHM: or rbx, rbp }
{ rbx = ffffffffb7a46fad  TRACKED_ARITHM_RES  }
{ r11 = ff  TRACKED_ARITHM: add r11, qword ptr [r12+0x90] }
{ r11 = 1400249bf  TRACKED_ARITHM_RES  }
{ r10 = ffffffffffffff  TRACKED_ARITHM: and r14, r10 }
{ r14 = ffffffb7a46fad  TRACKED_ARITHM_RES  }
{ r10 = ff00000000000000  TRACKED_ARITHM: or r14, r10 }
{ r14 = ffffffffb7a46fad  TRACKED_ARITHM_RES  }
{ r9 = ad  TRACKED_ARITHM: add r9, qword ptr [rdi+0xe8] }
{ r9 = 14002476d  TRACKED_ARITHM_RES  }
{ rdi = b7  TRACKED_ARITHM: add rdi, qword ptr [r8+0xa8] }
{ rdi = 140024777  TRACKED_ARITHM_RES  }
{ r10 = ffffffff00ffffff  TRACKED_ARITHM: and r12, r10 }
{ r12 = ffffffff00a46fad  TRACKED_ARITHM_RES  }
{ r10 = b7000000  TRACKED_ARITHM: or r12, r10 }
{ r12 = ffffffffb7a46fad  TRACKED_ARITHM_RES  }
{ r13 = ff  TRACKED_ARITHM: add r13, qword ptr [r9+0xe0] }
{ r13 = 1400247bf  TRACKED_ARITHM_RES  }
{ r11 = ffffffffffffff  TRACKED_ARITHM: and rsi, r11 }
{ rsi = ffffffb7a46fad  TRACKED_ARITHM_RES  }
{ r11 = ff00000000000000  TRACKED_ARITHM: or rsi, r11 }
{ rsi = ffffffffb7a46fad  TRACKED_ARITHM_RES  }
{ rbx = 1400011f0  TRACKED_TEST rdi = ffffffffb7a46fad UNK: #[ res -= 0x5fdada18 ;  res ^= 0xffffffffa0db2668 ]  }


{ [rsp]  -> ac70b9; rsp = 5df22b0  !!! TRACKED_MULTIPLYING: #[ res = 6d * 0xac70b9 ] // [CNTR: 0]  }
{ rdi = 1244ca7f7  !!! TRACKED_MULTIPLYING: #[ m = 34 * 0xc42b6f ]  #[ res += 0xdae0a932 ]// [CNTR: 1]  }
{ rbx = 1244ca7f7  TRACKED_CHANGED BY: xor rbx, qword ptr [r9+0xf0] #[ res ^= m ]  }
{ rbx = 10394757b  TRACKED_CHANGED  -> VAL: 10394757b }
{ rbx = 1bf976537  !!! TRACKED_MULTIPLYING: #[ m = 30 * 0x867193 ]  UNK: #[ res += 0xbc02efbc ;  res ^= 0xbc03104c ] // [CNTR: 2]  }
{ rsi = 1bf976537  TRACKED_CHANGED BY: sub rsi, qword ptr [rbp+0xa0] #[ res -= m ]  }
{ rsi = 1a66219a7  TRACKED_CHANGED  -> VAL: 1a66219a7 }
{ rbx = 282aadfe1  !!! TRACKED_MULTIPLYING: #[ m = 43 * 0x6d31fe ]  UNK: #[ res += 0xdc48c63a ;  res ^= 0x324c8c646 ] // [CNTR: 3]  }
{ r13 = 282aadfe1  TRACKED_CHANGED BY: sub r13, qword ptr [r10+0xe0] #[ res -= m ]  }
{ r13 = 26616ca67  TRACKED_CHANGED  -> VAL: 26616ca67 }
{ rbx = 22db87cb7  !!! TRACKED_MULTIPLYING: #[ m = 61 * 0xaaae58 ]  UNK: #[ res -= 0x385e4db0 ;  res ^= 0x4baeb6d0 ] // [CNTR: 4]  }
{ rbp = 22db87cb7  TRACKED_CHANGED BY: sub rbp, qword ptr [r8+0xa0] #[ res -= m ]  }
{ rbp = 1ed0c6d5f  TRACKED_CHANGED  -> VAL: 1ed0c6d5f }
{ r14 = 11f9b4b67  !!! TRACKED_MULTIPLYING: #[ m = 65 * 0x9faa7a ]  UNK: #[ res -= 0xcd7121f8 ;  res ^= 0xf2972638 ] // [CNTR: 5]  }
{ r15 = 11f9b4b67  TRACKED_CHANGED BY: add r15, qword ptr [rbp+0xe0] #[ res += m ]  }
{ r15 = 15e998d89  TRACKED_CHANGED  -> VAL: 15e998d89 }
{ rbp = 21ca3ba25  !!! TRACKED_MULTIPLYING: #[ m = 69 * 0x354ac6 ]  UNK: #[ res += 0xbe0a2c9c ;  res ^= 0x3423a37ac ] // [CNTR: 6]  }
{ r13 = 21ca3ba25  TRACKED_CHANGED BY: add r13, qword ptr [rdx+0x90] #[ res += m ]  }
{ r13 = 2327f655b  TRACKED_CHANGED  -> VAL: 2327f655b }
{ rbp = 2ead272aa  !!! TRACKED_MULTIPLYING: #[ m = 38 * 0x3f2acb ]  UNK: #[ res += 0xb8530d4f ;  res ^= 0xd8ad17f1 ] // [CNTR: 7]  }
{ r15 = 2ead272aa  TRACKED_CHANGED BY: sub r15, qword ptr [rsi+0x90] #[ res -= m ]  TRACKED_ARITHM: sub r15, qword ptr [rsi+0x90] }
{ r15 = 2dd011642  TRACKED_CHANGED  -> VAL: 2dd011642 TRACKED_ARITHM_RES  }
{ rdi = 1400607c0  TRACKED_ARITHM: add rdi, qword ptr [r14+0xa8] }
{ rdi = 140060802  TRACKED_ARITHM_RES  }
{ rax = 100  TRACKED_ARITHM: sub qword ptr [r14+0xb0], rax }
{ r9 = 42  TRACKED_ARITHM: add r9, qword ptr [r11+0xa0] }
{ r9 = 140060702  TRACKED_ARITHM_RES  }
{ r8 = 14005b3c0  TRACKED_ARITHM: add r8, qword ptr [rax+0xf0] }
{ r8 = 14005b3d5  TRACKED_ARITHM_RES  }
{ r10 = 10000  TRACKED_ARITHM: sub qword ptr [rax+0xe0], r10 }


{ [rsp]  -> 6deb6fde; rsp = 5cfac18  TRACKED_ARITHM: add qword ptr [rsp+0x18], 0x609c7105 }
{ r8 = 15  TRACKED_ARITHM: add r8, qword ptr [r12+0xf0] }
{ r8 = 14005b2d5  TRACKED_ARITHM_RES  }
{ rcx = ffffffffffff00ff  TRACKED_ARITHM: and rbx, rcx }
{ rbx = 2dd0000b9  TRACKED_ARITHM_RES  }
{ rcx = 9800  TRACKED_ARITHM: or rbx, rcx }
{ rbx = 2dd0098b9  TRACKED_ARITHM_RES  }
{ r13 = 1400535c0  TRACKED_ARITHM: add r13, qword ptr [r10+0xa8] }
{ r15 = 1000000  TRACKED_ARITHM: sub qword ptr [r10+0xd8], r15 }


{ [rsp]  -> 47e7692b; rsp = 5cf6398  TRACKED_ARITHM: add qword ptr [rsp+0x18], 0x7a017356 }
{ r14 = 0  TRACKED_ARITHM: add r14, qword ptr [rdi+0xe0] }
{ r14 = 1400534c0  TRACKED_ARITHM_RES  }
{ r15 = ffffffffff00ffff  TRACKED_ARITHM: and rsi, r15 }
{ r15 = 950000  TRACKED_ARITHM: or rsi, r15 }
{ rsi = 2dc9598b9  TRACKED_ARITHM_RES  }
{ r10 = 1400615c0  TRACKED_ARITHM: add r10, qword ptr [r8+0xe8] }
{ r10 = 14006169c  TRACKED_ARITHM_RES  }
{  TRACKED_ARITHM: sub qword ptr [r8+0x90], rbp }
{ r9 = dc  TRACKED_ARITHM: add r9, qword ptr [r14+0x90] }
{ r9 = 14006159c  TRACKED_ARITHM_RES  }
{ r15 = ffffffff00ffffff  TRACKED_ARITHM: and rbp, r15 }
{ rbp = 2009598b9  TRACKED_ARITHM_RES  }
{ r15 = 51000000  TRACKED_ARITHM: or rbp, r15 }
{ rbp = 2519598b9  TRACKED_ARITHM_RES  }
{ rsi = 140898870  TRACKED_ARITHM: add rsi, qword ptr [r10+0xf0] }
{ rsi = 140898872  TRACKED_ARITHM_RES  }
{  TRACKED_ARITHM: sub qword ptr [r10+0xa8], r8 }


{ [rsp]  -> 64fe2c61; rsp = 5ceb590  TRACKED_ARITHM: add qword ptr [rsp+0x20], 0x41cb6d52 }
{ rdx = 2  TRACKED_ARITHM: add rdx, qword ptr [r12+0xf0] }
{ rdx = 1400248c2  TRACKED_ARITHM_RES  }
{ rcx = ffffff00ffffffff  TRACKED_ARITHM: and rsi, rcx }
{ rsi = 519598b9  TRACKED_ARITHM_RES  }
{ rcx = 200000000  TRACKED_ARITHM: or rsi, rcx }
{ rsi = 2519598b9  TRACKED_ARITHM_RES  }
{ r13 = 140898870  TRACKED_ARITHM: add r13, qword ptr [rax+0x90] }
{  TRACKED_ARITHM: sub qword ptr [rax+0xe0], r8 }


{ [rsp]  -> 7eb4e65; rsp = 5ce6d18  TRACKED_ARITHM: add qword ptr [rsp+0x18], 0x7f3058ea }
{ r8 = 0  TRACKED_ARITHM: add r8, qword ptr [rax+0x90] }
{ r8 = 1400248c0  TRACKED_ARITHM_RES  }
{ rdi = ffff00ffffffffff  TRACKED_ARITHM: and r13, rdi }
{  TRACKED_ARITHM: or r13, rdi }
{ rbp = 140898870  TRACKED_ARITHM: add rbp, qword ptr [rdi+0xf0] }
{  TRACKED_ARITHM: sub qword ptr [rdi+0xe0], rbp }
{ rsi = 0  TRACKED_ARITHM: add rsi, qword ptr [r9+0xa0] }
{ rsi = 1400248c0  TRACKED_ARITHM_RES  }
{ r10 = ff00ffffffffffff  TRACKED_ARITHM: and rbx, r10 }
{  TRACKED_ARITHM: or rbx, r10 }
{ r14 = 0  TRACKED_ARITHM: add r14, qword ptr [r8+0xe8] }
{ r14 = 1400248c0  TRACKED_ARITHM_RES  }
{ rcx = ffffffffffffff  TRACKED_ARITHM: and r12, rcx }
{  TRACKED_ARITHM: or r12, rcx }
{ rsi = 140064dc0  TRACKED_ARITHM: add rsi, qword ptr [r10+0xa0] }
{ rsi = 140064e79  TRACKED_ARITHM_RES  }
{  TRACKED_ARITHM: sub qword ptr [r10+0xf0], rax }


{ [rsp]  -> d492138; rsp = 5cd7690  TRACKED_ARITHM: add qword ptr [rsp+0x20], 0x26eb045e }
{ r13 = b9  TRACKED_ARITHM: add r13, qword ptr [rsi+0xb0] }
{ r13 = 140064d79  TRACKED_ARITHM_RES  }
{ rsi = 14003c9c0  TRACKED_ARITHM: add rsi, qword ptr [rbx+0xb0] }
{ rsi = 14003ca58  TRACKED_ARITHM_RES  }
{  TRACKED_ARITHM: sub qword ptr [rbx+0xe8], r14 }
{ rax = 98  TRACKED_ARITHM: add rax, qword ptr [r15+0xe8] }
{ rax = 14003c958  TRACKED_ARITHM_RES  }
{ r10 = ffffffffffff00ff  TRACKED_ARITHM: and rbx, r10 }
{ rbx = 251950026  TRACKED_ARITHM_RES  }
{ r10 = 6100  TRACKED_ARITHM: or rbx, r10 }
{ rbx = 251956126  TRACKED_ARITHM_RES  }
{ rbx = 140078fc0  TRACKED_ARITHM: add rbx, qword ptr [r11+0xa8] }
{ rbx = 140079055  TRACKED_ARITHM_RES  }
{ rcx = 1000000  TRACKED_ARITHM: sub qword ptr [r11+0xf0], rcx }
{ r15 = 95  TRACKED_ARITHM: add r15, qword ptr [r13+0xe0] }
{ r15 = 140078f55  TRACKED_ARITHM_RES  }
{ rbx = ffffffffff00ffff  TRACKED_ARITHM: and r12, rbx }
{ r12 = 250006126  TRACKED_ARITHM_RES  }
{ rbx = d40000  TRACKED_ARITHM: or r12, rbx }
{ r12 = 250d46126  TRACKED_ARITHM_RES  }
{ r12 = 14004fdc0  TRACKED_ARITHM: add r12, qword ptr [rbp+0xe8] }
{ r12 = 14004fe10  TRACKED_ARITHM_RES  }
{ rsi = 100000000  TRACKED_ARITHM: sub qword ptr [rbp+0x90], rsi }
{ rax = 50  TRACKED_ARITHM: add rax, qword ptr [r10+0xe0] }
{ rax = 14004fd10  TRACKED_ARITHM_RES  }
{ rsi = ffffffff00ffffff  TRACKED_ARITHM: and r12, rsi }
{ r12 = 100d46126  TRACKED_ARITHM_RES  }
{ rsi = ed000000  TRACKED_ARITHM: or r12, rsi }
{ r12 = 1edd46126  TRACKED_ARITHM_RES  }
{ r15 = 1400256c0  TRACKED_ARITHM: add r15, qword ptr [rbp+0xf0] }
{ r15 = 1400256c1  TRACKED_ARITHM_RES  }
{ rbx = 10000000000  TRACKED_ARITHM: sub qword ptr [rbp+0x90], rbx }
{ r11 = 1  TRACKED_ARITHM: add r11, qword ptr [rax+0xe0] }
{ r11 = 1400255c1  TRACKED_ARITHM_RES  }
{ r8 = ffffff00ffffffff  TRACKED_ARITHM: and rbp, r8 }
{ rbp = ffffff00edd46126  TRACKED_ARITHM_RES  }
{ r8 = ff00000000  TRACKED_ARITHM: or rbp, r8 }
{ rbp = ffffffffedd46126  TRACKED_ARITHM_RES  }
{ rbp = 140898870  TRACKED_ARITHM: add rbp, qword ptr [r12+0xe8] }
{ rbp = 14089896f  TRACKED_ARITHM_RES  }
{  TRACKED_ARITHM: sub qword ptr [r12+0xd8], rbx }


{ [rsp]  -> 3d5a77f3; rsp = 5cbd218  TRACKED_ARITHM: add qword ptr [rsp+0x18], 0x79936e6d }
{ rdx = ff  TRACKED_ARITHM: add rdx, qword ptr [r14+0x90] }
{ rdx = 1400249bf  TRACKED_ARITHM_RES  }
{ r8 = ff00ffffffffffff  TRACKED_ARITHM: and r13, r8 }
{ r13 = ff00ffffedd46126  TRACKED_ARITHM_RES  }
{ r8 = ff000000000000  TRACKED_ARITHM: or r13, r8 }
{ r13 = ffffffffedd46126  TRACKED_ARITHM_RES  }


{ [rsp]  -> 4e222a00; rsp = 5cb7b10  TRACKED_ARITHM: add qword ptr [rsp+0x20], 0x61db3c3c }
{ r8 = ff  TRACKED_ARITHM: add r8, qword ptr [rdi+0x90] }
{ r8 = 1400249bf  TRACKED_ARITHM_RES  }
{ r11 = ffffffffffffff  TRACKED_ARITHM: and rbp, r11 }
{ rbp = ffffffedd46126  TRACKED_ARITHM_RES  }
{ r11 = ff00000000000000  TRACKED_ARITHM: or rbp, r11 }
{ rbp = ffffffffedd46126  TRACKED_ARITHM_RES  }
{ r15 = 26  TRACKED_ARITHM: add r15, qword ptr [r10+0xb0] }
{ r15 = 140093be6  TRACKED_ARITHM_RES  }


{ [rsp]  -> 38320867; rsp = 5cadb98  TRACKED_ARITHM: add qword ptr [rsp+0x18], 0x7c9e775f }
{ rdx = d4  TRACKED_ARITHM: add rdx, qword ptr [rbp+0xf0] }
{ rdx = 140093c94  TRACKED_ARITHM_RES  }
{ r9 = ffffffffff00ffff  TRACKED_ARITHM: and r14, r9 }
{ r14 = ffffffffed006126  TRACKED_ARITHM_RES  }
{ r9 = d40000  TRACKED_ARITHM: or r14, r9 }
{ r14 = ffffffffedd46126  TRACKED_ARITHM_RES  }


{ [rsp]  -> 1d224625; rsp = 5ca8490  TRACKED_ARITHM: add qword ptr [rsp+0x20], 0x762b6b53 }
{ rax = ff  TRACKED_ARITHM: add rax, qword ptr [r10+0xe0] }
{ rax = 140093cbf  TRACKED_ARITHM_RES  }
{ r8 = ffffff00ffffffff  TRACKED_ARITHM: and rsi, r8 }
{ rsi = ffffff00edd46126  TRACKED_ARITHM_RES  }
{ r8 = ff00000000  TRACKED_ARITHM: or rsi, r8 }
{ rsi = ffffffffedd46126  TRACKED_ARITHM_RES  }
{ rbx = ff  TRACKED_ARITHM: add rbx, qword ptr [rcx+0xa8] }
{ rbx = 140093cbf  TRACKED_ARITHM_RES  }
{ r10 = ff00ffffffffffff  TRACKED_ARITHM: and rsi, r10 }
{ rsi = ff00ffffedd46126  TRACKED_ARITHM_RES  }
{ r10 = ff000000000000  TRACKED_ARITHM: or rsi, r10 }
{ rsi = ffffffffedd46126  TRACKED_ARITHM_RES  }


{ [rsp]  -> 9ab1194; rsp = 5c9e510  TRACKED_ARITHM: add qword ptr [rsp+0x20], 0x47f66469 }
{ rbp = ff  TRACKED_ARITHM: add rbp, qword ptr [r11+0x90] }
{ rbp = 140093cbf  TRACKED_ARITHM_RES  }
{ rdi = ffffffffffffff  TRACKED_ARITHM: and r14, rdi }
{ r14 = ffffffedd46126  TRACKED_ARITHM_RES  }
{ rdi = ff00000000000000  TRACKED_ARITHM: or r14, rdi }
{ r14 = ffffffffedd46126  TRACKED_ARITHM_RES  }
{ rdi = 1400011f0  TRACKED_TEST r13 = ffffffffedd46126 UNK: #[ res -= 0x2ef2cb51c ;  res ^= 0xfffffffd30d57764 ]  }


{ [rsp]  -> e9d18a; rsp = 5c98e30  !!! TRACKED_MULTIPLYING: #[ res = 6f * 0xe9d18a ] // [CNTR: 0]  }
{ rbx = ae348d3c  !!! TRACKED_MULTIPLYING: #[ m = 6a * 0x8aa5b9 ]  #[ res += 0x48d2b266 ]// [CNTR: 1]  }
{ rbx = ae348d3c  TRACKED_CHANGED BY: xor rbx, qword ptr [r8+0xd8] #[ res ^= m ]  }
{ rbx = 975c13a6  TRACKED_CHANGED  -> VAL: 975c13a6 }
{ r15 = 679baa0  !!! TRACKED_MULTIPLYING: #[ m = 62 * 0x241997 ]  UNK: #[ res -= 0x90e25906 ;  res ^= 0x9125a906 ] // [CNTR: 2]  }
{ r14 = 679baa0  TRACKED_CHANGED BY: sub r14, qword ptr [rdx+0xe8] #[ res -= m ]  }
{ r14 = fffffffff8a7eed2  TRACKED_CHANGED  -> VAL: fffffffff8a7eed2 }
{ r14 = 66eeeb8a  !!! TRACKED_MULTIPLYING: #[ m = 35 * 0xe3da0f ]  UNK: #[ res += 0x6e46fcb8 ;  res ^= 0xffffffff9e490558 ] // [CNTR: 3]  }
{ r13 = 66eeeb8a  TRACKED_CHANGED BY: add r13, qword ptr [rcx+0xa0] #[ res += m ]  }
{ r13 = 961b10a5  TRACKED_CHANGED  -> VAL: 961b10a5 }
{ r13 = da431191  !!! TRACKED_MULTIPLYING: #[ m = 44 * 0xa5f9eb ]  UNK: #[ res += 0x442800ec ;  res ^= 0x4c580134 ] // [CNTR: 4]  }
{ r14 = da431191  TRACKED_CHANGED BY: add r14, qword ptr [r12+0x90] #[ res += m ]  }
{ r14 = 1065973fd  TRACKED_CHANGED  -> VAL: 1065973fd }
{ r13 = 1c4426dac  !!! TRACKED_MULTIPLYING: #[ m = 66 * 0xd6e0fb ]  UNK: #[ res += 0xbde8f9af ;  res ^= 0xc21b1e51 ] // [CNTR: 5]  }
{ r12 = 1c4426dac  TRACKED_CHANGED BY: add r12, qword ptr [r11+0xb0] #[ res += m ]  }
{ r12 = 219e011ae  TRACKED_CHANGED  -> VAL: 219e011ae }
{ rdi = 150069f6b  !!! TRACKED_MULTIPLYING: #[ m = 31 * 0x8dc36e ]  UNK: #[ res -= 0xc9d97243 ;  res ^= 0x349e68ec5 ] // [CNTR: 6]  }
{ rbx = 150069f6b  TRACKED_CHANGED BY: add rbx, qword ptr [rbp+0xf0] #[ res += m ]  }
{ rbx = 16b290779  TRACKED_CHANGED  -> VAL: 16b290779 }
{ rbx = 23074849a  !!! TRACKED_MULTIPLYING: #[ m = 39 * 0xb072ee ]  UNK: #[ res += 0xc54b7d21 ;  res ^= 0x35b5d83e3 ] // [CNTR: 7]  }
{ rsi = 23074849a  TRACKED_CHANGED BY: xor rsi, qword ptr [rdi+0xd8] #[ res ^= m ]  TRACKED_ARITHM: xor rsi, qword ptr [rdi+0xd8] }
{ rsi = 2173d1264  TRACKED_CHANGED  -> VAL: 2173d1264 TRACKED_ARITHM_RES  }
{ r14 = 140078fc0  TRACKED_ARITHM: add r14, qword ptr [r11+0xd8] }
{ r14 = 140079024  TRACKED_ARITHM_RES  }
{ rbp = 100  TRACKED_ARITHM: sub qword ptr [r11+0xa8], rbp }


{ [rsp]  -> ad6463f; rsp = 5bb1c90  TRACKED_ARITHM: add qword ptr [rsp+0x20], 0x35fc6e7e }
{ r14 = 64  TRACKED_ARITHM: add r14, qword ptr [r13+0xb0] }
{ r14 = 140078f24  TRACKED_ARITHM_RES  }
{ rdx = 1400718c0  TRACKED_ARITHM: add rdx, qword ptr [r15+0xa8] }
{ rdx = 1400718d1  TRACKED_ARITHM_RES  }
{ rbx = 10000  TRACKED_ARITHM: sub qword ptr [r15+0xa0], rbx }
{ r11 = 11  TRACKED_ARITHM: add r11, qword ptr [rbp+0x90] }
{ r11 = 1400717d1  TRACKED_ARITHM_RES  }
{ r13 = ffffffffffff00ff  TRACKED_ARITHM: and r14, r13 }
{ r14 = 2173c00a3  TRACKED_ARITHM_RES  }
{ r13 = 6100  TRACKED_ARITHM: or r14, r13 }
{ r14 = 2173c61a3  TRACKED_ARITHM_RES  }
{ rdx = 14002fec0  TRACKED_ARITHM: add rdx, qword ptr [r13+0xe8] }
{ rdx = 14002fefc  TRACKED_ARITHM_RES  }
{  TRACKED_ARITHM: sub qword ptr [r13+0xe0], rdi }
{ r15 = 3c  TRACKED_ARITHM: add r15, qword ptr [rdi+0xa8] }
{ r15 = 14002fdfc  TRACKED_ARITHM_RES  }
{ rax = ffffffffff00ffff  TRACKED_ARITHM: and rsi, rax }
{ rsi = 2170061a3  TRACKED_ARITHM_RES  }
{ rax = 220000  TRACKED_ARITHM: or rsi, rax }
{ rsi = 2172261a3  TRACKED_ARITHM_RES  }
{ r12 = 140036ec0  TRACKED_ARITHM: add r12, qword ptr [r10+0xb0] }
{ r12 = 140036ed7  TRACKED_ARITHM_RES  }
{ rdi = 100000000  TRACKED_ARITHM: sub qword ptr [r10+0xd8], rdi }


{ [rsp]  -> 41a9737c; rsp = 5ba3490  TRACKED_ARITHM: add qword ptr [rsp+0x20], 0x55263868 }
{ r14 = 17  TRACKED_ARITHM: add r14, qword ptr [rdx+0xa0] }
{ r14 = 140036dd7  TRACKED_ARITHM_RES  }
{ rsi = ffffffff00ffffff  TRACKED_ARITHM: and r12, rsi }
{ r12 = 1002261a3  TRACKED_ARITHM_RES  }
{ rsi = ed000000  TRACKED_ARITHM: or r12, rsi }
{ r12 = 1ed2261a3  TRACKED_ARITHM_RES  }
{ rdx = 140898870  TRACKED_ARITHM: add rdx, qword ptr [r11+0xa8] }
{  TRACKED_ARITHM: sub qword ptr [r11+0xf0], r14 }


{ [rsp]  -> 33da40bc; rsp = 5b9ec10  TRACKED_ARITHM: add qword ptr [rsp+0x20], 0x7c5b5f5b }
{ r10 = 0  TRACKED_ARITHM: add r10, qword ptr [r12+0xb0] }
{ r10 = 1400248c0  TRACKED_ARITHM_RES  }
{ r10 = ff00ffffffffffff  TRACKED_ARITHM: and rdi, r10 }
{  TRACKED_ARITHM: or rdi, r10 }
{ r15 = 1400845c0  TRACKED_ARITHM: add r15, qword ptr [r14+0xa8] }
{ r15 = 140084663  TRACKED_ARITHM_RES  }
{ r10 = 100  TRACKED_ARITHM: sub qword ptr [r14+0xb0], r10 }


{ [rsp]  -> 15c72bf0; rsp = 5b99510  TRACKED_ARITHM: add qword ptr [rsp+0x20], 0x31f55cb2 }
{ rdx = a3  TRACKED_ARITHM: add rdx, qword ptr [rbx+0xd8] }
{ rdx = 140084563  TRACKED_ARITHM_RES  }
{ r10 = 1400424c0  TRACKED_ARITHM: add r10, qword ptr [rax+0xa8] }
{ r10 = 140042520  TRACKED_ARITHM_RES  }
{  TRACKED_ARITHM: sub qword ptr [rax+0xb0], rcx }


{ [rsp]  -> 70e2794c; rsp = 5b93e18  TRACKED_ARITHM: add qword ptr [rsp+0x18], 0x725d6418 }
{ r10 = 60  TRACKED_ARITHM: add r10, qword ptr [rax+0xf0] }
{ r10 = 140042420  TRACKED_ARITHM_RES  }
{ r15 = ffffffffffff00ff  TRACKED_ARITHM: and r12, r15 }
{ r12 = 1ed2200c8  TRACKED_ARITHM_RES  }
{ r15 = 1c00  TRACKED_ARITHM: or r12, r15 }
{ r12 = 1ed221cc8  TRACKED_ARITHM_RES  }
{ rbx = 1400328c0  TRACKED_ARITHM: add rbx, qword ptr [rcx+0xe8] }
{ rbx = 1400328e2  TRACKED_ARITHM_RES  }
{  TRACKED_ARITHM: sub qword ptr [rcx+0xe0], rdi }
{ r12 = 22  TRACKED_ARITHM: add r12, qword ptr [r13+0xa0] }
{ r12 = 1400327e2  TRACKED_ARITHM_RES  }
{ rbx = ffffffffff00ffff  TRACKED_ARITHM: and r14, rbx }
{ r14 = 1ed001cc8  TRACKED_ARITHM_RES  }
{ rbx = 20000  TRACKED_ARITHM: or r14, rbx }
{ r14 = 1ed021cc8  TRACKED_ARITHM_RES  }
{ rdx = 1400781c0  TRACKED_ARITHM: add rdx, qword ptr [rbp+0xf0] }
{ rdx = 1400782ad  TRACKED_ARITHM_RES  }
{  TRACKED_ARITHM: sub qword ptr [rbp+0xe8], r14 }
{ r10 = ed  TRACKED_ARITHM: add r10, qword ptr [rdx+0xf0] }
{ r10 = 1400781ad  TRACKED_ARITHM_RES  }
{ r12 = ffffffff00ffffff  TRACKED_ARITHM: and rsi, r12 }
{ rsi = 100021cc8  TRACKED_ARITHM_RES  }
{ r12 = 2e000000  TRACKED_ARITHM: or rsi, r12 }
{ rsi = 12e021cc8  TRACKED_ARITHM_RES  }
{ rdx = 1400256c0  TRACKED_ARITHM: add rdx, qword ptr [rcx+0xa8] }
{ rdx = 1400256c1  TRACKED_ARITHM_RES  }
{ r14 = 10000000000  TRACKED_ARITHM: sub qword ptr [rcx+0xd8], r14 }


{ [rsp]  -> 708702d0; rsp = 5b83910  TRACKED_ARITHM: add qword ptr [rsp+0x20], 0x358c3cf8 }
{ r9 = 1  TRACKED_ARITHM: add r9, qword ptr [rbp+0xe0] }
{ r9 = 1400255c1  TRACKED_ARITHM_RES  }
{ rbx = ffffff00ffffffff  TRACKED_ARITHM: and r14, rbx }
{ r14 = ffffff002e021cc8  TRACKED_ARITHM_RES  }
{ rbx = ff00000000  TRACKED_ARITHM: or r14, rbx }
{ r14 = ffffffff2e021cc8  TRACKED_ARITHM_RES  }
{ rdx = 140898870  TRACKED_ARITHM: add rdx, qword ptr [r12+0x90] }
{ rdx = 14089896f  TRACKED_ARITHM_RES  }
{  TRACKED_ARITHM: sub qword ptr [r12+0xa0], r15 }


{ [rsp]  -> 784a5219; rsp = 5b7f090  TRACKED_ARITHM: add qword ptr [rsp+0x20], 0x1234364d }
{ r12 = ff  TRACKED_ARITHM: add r12, qword ptr [r10+0xb0] }
{ r12 = 1400249bf  TRACKED_ARITHM_RES  }
{ rax = ffff00ffffffffff  TRACKED_ARITHM: and rsi, rax }
{ rsi = ffff00ff2e021cc8  TRACKED_ARITHM_RES  }
{ rax = ff0000000000  TRACKED_ARITHM: or rsi, rax }
{ rsi = ffffffff2e021cc8  TRACKED_ARITHM_RES  }
{ rbx = ff  TRACKED_ARITHM: add rbx, qword ptr [r13+0xa8] }
{ rbx = 1400249bf  TRACKED_ARITHM_RES  }
{ rbx = ffffffffffffff  TRACKED_ARITHM: and rbp, rbx }
{ rbp = ffffff2e021cc8  TRACKED_ARITHM_RES  }
{ rbx = ff00000000000000  TRACKED_ARITHM: or rbp, rbx }
{ rbp = ffffffff2e021cc8  TRACKED_ARITHM_RES  }
{ rbp = c8  TRACKED_ARITHM: add rbp, qword ptr [r8+0xe8] }
{ rbp = 140093c88  TRACKED_ARITHM_RES  }


{ [rsp]  -> 3cfa6ae1; rsp = 5b6fa10  TRACKED_ARITHM: add qword ptr [rsp+0x20], 0x597163e5 }
{ r11 = 2  TRACKED_ARITHM: add r11, qword ptr [r10+0xb0] }
{ r11 = 140093bc2  TRACKED_ARITHM_RES  }
{ r8 = ffffffffff00ffff  TRACKED_ARITHM: and rbx, r8 }
{ rbx = ffffffff2e001cc8  TRACKED_ARITHM_RES  }
{ r8 = 20000  TRACKED_ARITHM: or rbx, r8 }
{ rbx = ffffffff2e021cc8  TRACKED_ARITHM_RES  }


{ [rsp]  -> 1d126f98; rsp = 5b6a310  TRACKED_ARITHM: add qword ptr [rsp+0x20], 0x4983026f }
{ rax = ff  TRACKED_ARITHM: add rax, qword ptr [r14+0xe8] }
{ rax = 140093cbf  TRACKED_ARITHM_RES  }
{ rdx = ffffff00ffffffff  TRACKED_ARITHM: and r13, rdx }
{ r13 = ffffff002e021cc8  TRACKED_ARITHM_RES  }
{ rdx = ff00000000  TRACKED_ARITHM: or r13, rdx }
{ r13 = ffffffff2e021cc8  TRACKED_ARITHM_RES  }


{ [rsp]  -> 337929de; rsp = 5b64c10  TRACKED_ARITHM: add qword ptr [rsp+0x20], 0x877e20 }
{ r15 = ff  TRACKED_ARITHM: add r15, qword ptr [rax+0xa8] }
{ r15 = 140093cbf  TRACKED_ARITHM_RES  }
{ r15 = ffff00ffffffffff  TRACKED_ARITHM: and r12, r15 }
{ r12 = ffff00ff2e021cc8  TRACKED_ARITHM_RES  }
{ r15 = ff0000000000  TRACKED_ARITHM: or r12, r15 }
{ r12 = ffffffff2e021cc8  TRACKED_ARITHM_RES  }


{ [rsp]  -> 1c5157bc; rsp = 5b5f518  TRACKED_ARITHM: add qword ptr [rsp+0x18], 0x419905ed }
{ rcx = ff  TRACKED_ARITHM: add rcx, qword ptr [r8+0xe0] }
{ rcx = 140093cbf  TRACKED_ARITHM_RES  }
{ rbp = ff00ffffffffffff  TRACKED_ARITHM: and r12, rbp }
{ r12 = ff00ffff2e021cc8  TRACKED_ARITHM_RES  }
{ rbp = ff000000000000  TRACKED_ARITHM: or r12, rbp }
{ r12 = ffffffff2e021cc8  TRACKED_ARITHM_RES  }


{ [rsp]  -> 7cad4f8a; rsp = 5b59e18  TRACKED_ARITHM: add qword ptr [rsp+0x18], 0x55f253ee }
{ rax = ff  TRACKED_ARITHM: add rax, qword ptr [rbp+0xa0] }
{ rax = 140093cbf  TRACKED_ARITHM_RES  }
{ rcx = ffffffffffffff  TRACKED_ARITHM: and r13, rcx }
{ r13 = ffffff2e021cc8  TRACKED_ARITHM_RES  }
{ rcx = ff00000000000000  TRACKED_ARITHM: or r13, rcx }
{ r13 = ffffffff2e021cc8  TRACKED_ARITHM_RES  }
{ r12 = 1400011f0  TRACKED_TEST rbx = ffffffff2e021cc8 UNK: #[ res -= 0x2e93af59c ;  res ^= 0xfffffffd393f0eac ]  }


{ [rsp]  -> d14f3e; rsp = 5b54730  !!! TRACKED_MULTIPLYING: #[ res = 70 * 0xd14f3e ] // [CNTR: 0]  }
{ r15 = fbfe8a7b  !!! TRACKED_MULTIPLYING: #[ m = 6b * 0xc5ecbf ]  #[ res += 0xa06bdf5b ]// [CNTR: 1]  }
{ r14 = fbfe8a7b  TRACKED_CHANGED BY: sub r14, qword ptr [r15+0xa8] #[ res -= m ]  }
{ r14 = a94496a6  TRACKED_CHANGED  -> VAL: a94496a6 }
{ rbx = 15adc5c66  !!! TRACKED_MULTIPLYING: #[ m = 36 * 0x19ff9c ]  UNK: #[ res += 0xb197c5c0 ;  res ^= 0x1f398cac0 ] // [CNTR: 2]  }
{ rsi = 15adc5c66  TRACKED_CHANGED BY: xor rsi, qword ptr [rbp+0xa0] #[ res ^= m ]  }
{ rsi = 15fa7b68e  TRACKED_CHANGED  -> VAL: 15fa7b68e }
{ rbx = 1394066e2  !!! TRACKED_MULTIPLYING: #[ m = 32 * 0xe3288b ]  UNK: #[ res -= 0x26674fac ;  res ^= 0x66e7d06c ] // [CNTR: 3]  }
{ rbx = 1394066e2  TRACKED_CHANGED BY: add rbx, qword ptr [r14+0xb0] #[ res += m ]  }
{ rbx = 1659e5208  TRACKED_CHANGED  -> VAL: 1659e5208 }
{ r14 = 1e531112d  !!! TRACKED_MULTIPLYING: #[ m = 41 * 0xcfb18c ]  UNK: #[ res += 0x7f92bf25 ;  res ^= 0x80af4325 ] // [CNTR: 4]  }
{ rsi = 1e531112d  TRACKED_CHANGED BY: xor rsi, qword ptr [rax+0xf0] #[ res ^= m ]  }
{ rsi = 1d18d05a1  TRACKED_CHANGED  -> VAL: 1d18d05a1 }
{ rbx = f050820e  !!! TRACKED_MULTIPLYING: #[ m = 63 * 0xd208e5 ]  UNK: #[ res -= 0xe13c8393 ;  res ^= 0x121dd87af ] // [CNTR: 5]  }
{ r15 = f050820e  TRACKED_CHANGED BY: xor r15, qword ptr [rcx+0xe0] #[ res ^= m ]  }
{ r15 = a169f281  TRACKED_CHANGED  -> VAL: a169f281 }
{ r13 = 19ad71dd2  !!! TRACKED_MULTIPLYING: #[ m = 45 * 0x42240f ]  UNK: #[ res += 0xf96d2b51 ;  res ^= 0x13bbeef53 ] // [CNTR: 6]  }
{ r15 = 19ad71dd2  TRACKED_CHANGED BY: add r15, qword ptr [rsi+0xb0] #[ res += m ]  }
{ r15 = 1acaad5dd  TRACKED_CHANGED  -> VAL: 1acaad5dd }
{ r12 = 12578aea0  !!! TRACKED_MULTIPLYING: #[ m = 67 * 0x1c6098 ]  UNK: #[ res -= 0x8732273d ;  res ^= 0x89d27b7d ] // [CNTR: 7]  }
{ r13 = 12578aea0  TRACKED_CHANGED BY: sub r13, qword ptr [r8+0xe8] #[ res -= m ]  TRACKED_ARITHM: sub r13, qword ptr [r8+0xe8] }
{ r13 = 11a0dd178  TRACKED_CHANGED  -> VAL: 11a0dd178 TRACKED_ARITHM_RES  }
{ rsi = 14004bec0  TRACKED_ARITHM: add rsi, qword ptr [r15+0xe0] }
{ rsi = 14004bf38  TRACKED_ARITHM_RES  }
{  TRACKED_ARITHM: sub qword ptr [r15+0xf0], r8 }
{ rax = 78  TRACKED_ARITHM: add rax, qword ptr [rsi+0xe8] }
{ rax = 14004be38  TRACKED_ARITHM_RES  }
{ r14 = 14004ccc0  TRACKED_ARITHM: add r14, qword ptr [rax+0xe0] }
{ r14 = 14004cd91  TRACKED_ARITHM_RES  }
{  TRACKED_ARITHM: sub qword ptr [rax+0xd8], rdi }


{ [rsp]  -> 5fa62809; rsp = 5a4a010  TRACKED_ARITHM: add qword ptr [rsp+0x20], 0x14e111e2 }
{ r13 = d1  TRACKED_ARITHM: add r13, qword ptr [rax+0xe8] }
{ r13 = 14004cc91  TRACKED_ARITHM_RES  }
{ rax = ffffffffffff00ff  TRACKED_ARITHM: and r15, rax }
{ r15 = 11a0d001e  TRACKED_ARITHM_RES  }
{ rax = 7500  TRACKED_ARITHM: or r15, rax }
{ r15 = 11a0d751e  TRACKED_ARITHM_RES  }
{ r11 = 1400814c0  TRACKED_ARITHM: add r11, qword ptr [rbp+0xf0] }
{ r11 = 1400814cd  TRACKED_ARITHM_RES  }
{ rsi = 1000000  TRACKED_ARITHM: sub qword ptr [rbp+0xa8], rsi }


{ [rsp]  -> 8867da4; rsp = 5a44918  TRACKED_ARITHM: add qword ptr [rsp+0x18], 0x431c60c4 }
{ r12 = d  TRACKED_ARITHM: add r12, qword ptr [rdi+0xa0] }
{ r12 = 1400813cd  TRACKED_ARITHM_RES  }
{ rcx = ffffffffff00ffff  TRACKED_ARITHM: and rsi, rcx }
{ rsi = 11900751e  TRACKED_ARITHM_RES  }
{ rcx = 390000  TRACKED_ARITHM: or rsi, rcx }
{ rsi = 11939751e  TRACKED_ARITHM_RES  }
{ r15 = 140080dc0  TRACKED_ARITHM: add r15, qword ptr [r11+0xd8] }
{ r15 = 140080dd9  TRACKED_ARITHM_RES  }
{ r13 = 100000000  TRACKED_ARITHM: sub qword ptr [r11+0xf0], r13 }


{ [rsp]  -> 5391f32; rsp = 5a40090  TRACKED_ARITHM: add qword ptr [rsp+0x20], 0x7e1c6a20 }
{ r9 = 19  TRACKED_ARITHM: add r9, qword ptr [rdx+0xd8] }
{ r9 = 140080cd9  TRACKED_ARITHM_RES  }
{ r9 = ffffffff00ffffff  TRACKED_ARITHM: and rbx, r9 }
{ rbx = 39751e  TRACKED_ARITHM_RES  }
{ r9 = 46000000  TRACKED_ARITHM: or rbx, r9 }
{ rbx = 4639751e  TRACKED_ARITHM_RES  }
{ r10 = 140898870  TRACKED_ARITHM: add r10, qword ptr [r15+0xb0] }
{  TRACKED_ARITHM: sub qword ptr [r15+0xe0], rbx }
{ rcx = 0  TRACKED_ARITHM: add rcx, qword ptr [rbp+0xa8] }
{ rcx = 1400248c0  TRACKED_ARITHM_RES  }
{ rdx = ffff00ffffffffff  TRACKED_ARITHM: and r14, rdx }
{  TRACKED_ARITHM: or r14, rdx }
{ r9 = 0  TRACKED_ARITHM: add r9, qword ptr [rdi+0xa8] }
{ r9 = 1400248c0  TRACKED_ARITHM_RES  }
{ r14 = ffffffffffffff  TRACKED_ARITHM: and rsi, r14 }
{  TRACKED_ARITHM: or rsi, r14 }
{ r15 = 14004c5c0  TRACKED_ARITHM: add r15, qword ptr [r11+0xd8] }
{ r15 = 14004c5de  TRACKED_ARITHM_RES  }
{ r15 = 100  TRACKED_ARITHM: sub qword ptr [r11+0xe0], r15 }


{ [rsp]  -> 79c760eb; rsp = 5a31890  TRACKED_ARITHM: add qword ptr [rsp+0x20], 0x23847445 }
{ r10 = 1e  TRACKED_ARITHM: add r10, qword ptr [rbp+0x90] }
{ r10 = 14004c4de  TRACKED_ARITHM_RES  }
{ rdx = 14005bac0  TRACKED_ARITHM: add rdx, qword ptr [rax+0xa0] }
{ rdx = 14005bb34  TRACKED_ARITHM_RES  }
{ r13 = 10000  TRACKED_ARITHM: sub qword ptr [rax+0xb0], r13 }


{ [rsp]  -> 324060eb; rsp = 5a2d018  TRACKED_ARITHM: add qword ptr [rsp+0x18], 0x662a4e68 }
{ r12 = 74  TRACKED_ARITHM: add r12, qword ptr [rbx+0xf0] }
{ r12 = 14005ba34  TRACKED_ARITHM_RES  }
{ rbx = ffffffffffff00ff  TRACKED_ARITHM: and r15, rbx }
{ r15 = 463800c3  TRACKED_ARITHM_RES  }
{ rbx = f600  TRACKED_ARITHM: or r15, rbx }
{ r15 = 4638f6c3  TRACKED_ARITHM_RES  }
{ rdx = 14003f3c0  TRACKED_ARITHM: add rdx, qword ptr [r15+0xa0] }
{ rdx = 14003f3f8  TRACKED_ARITHM_RES  }
{ r8 = 1000000  TRACKED_ARITHM: sub qword ptr [r15+0xd8], r8 }


{ [rsp]  -> 4c606a33; rsp = 5a28798  TRACKED_ARITHM: add qword ptr [rsp+0x18], 0x5b137c92 }
{ r11 = 38  TRACKED_ARITHM: add r11, qword ptr [r8+0xe8] }
{ r11 = 14003f2f8  TRACKED_ARITHM_RES  }
{ r15 = ffffffffff00ffff  TRACKED_ARITHM: and r12, r15 }
{ r12 = 4500f6c3  TRACKED_ARITHM_RES  }
{ r15 = fb0000  TRACKED_ARITHM: or r12, r15 }
{ r12 = 45fbf6c3  TRACKED_ARITHM_RES  }
{ r14 = 1400295c0  TRACKED_ARITHM: add r14, qword ptr [r13+0xd8] }
{ r14 = 140029605  TRACKED_ARITHM_RES  }
{  TRACKED_ARITHM: sub qword ptr [r13+0xb0], rbx }


{ [rsp]  -> 6f805b0d; rsp = 5a23f10  TRACKED_ARITHM: add qword ptr [rsp+0x20], 0x4bb0735a }
{ r11 = 45  TRACKED_ARITHM: add r11, qword ptr [rsi+0x90] }
{ r11 = 140029505  TRACKED_ARITHM_RES  }
{ rdx = ffffffff00ffffff  TRACKED_ARITHM: and rbp, rdx }
{ rbp = fbf6c3  TRACKED_ARITHM_RES  }
{ rdx = 3a000000  TRACKED_ARITHM: or rbp, rdx }
{ rbp = 3afbf6c3  TRACKED_ARITHM_RES  }
{ r11 = 140898870  TRACKED_ARITHM: add r11, qword ptr [r10+0xf0] }
{  TRACKED_ARITHM: sub qword ptr [r10+0xa8], r11 }
{  TRACKED_ARITHM: add rbx, qword ptr [r8+0x90] }
{ rbx = 1400248c0  TRACKED_ARITHM_RES  }
{ r11 = ff00ffffffffffff  TRACKED_ARITHM: and rdi, r11 }
{  TRACKED_ARITHM: or rdi, r11 }


{ [rsp]  -> 31072e0f; rsp = 5a19f98  TRACKED_ARITHM: add qword ptr [rsp+0x18], 0x60061371 }
{ r8 = f6  TRACKED_ARITHM: add r8, qword ptr [r9+0xa0] }
{ r8 = 1400247b6  TRACKED_ARITHM_RES  }
{ r15 = ffffffffffff00ff  TRACKED_ARITHM: and r13, r15 }
{ r13 = 3afb00c3  TRACKED_ARITHM_RES  }
{ r15 = f600  TRACKED_ARITHM: or r13, r15 }
{ r13 = 3afbf6c3  TRACKED_ARITHM_RES  }


{ [rsp]  -> 8da71bd; rsp = 5a15710  TRACKED_ARITHM: add qword ptr [rsp+0x20], 0x48e00631 }
{ r10 = fb  TRACKED_ARITHM: add r10, qword ptr [rdi+0xa8] }
{ r10 = 1400247bb  TRACKED_ARITHM_RES  }
{ r9 = ffffffffff00ffff  TRACKED_ARITHM: and r13, r9 }
{ r13 = 3a00f6c3  TRACKED_ARITHM_RES  }
{ r9 = fb0000  TRACKED_ARITHM: or r13, r9 }
{ r13 = 3afbf6c3  TRACKED_ARITHM_RES  }


{ [rsp]  -> 6cea1d56; rsp = 5a10018  TRACKED_ARITHM: add qword ptr [rsp+0x18], 0x150f1a0d }
{ rax = 0  TRACKED_ARITHM: add rax, qword ptr [r10+0xf0] }
{ rax = 1400246c0  TRACKED_ARITHM_RES  }
{ rbx = ff00ffffffffffff  TRACKED_ARITHM: and r13, rbx }
{  TRACKED_ARITHM: or r13, rbx }
{ r13 = 1400011f0  TRACKED_TEST rdi = 3afbf6c3 UNK: #[ res -= 0xdf11dab5 ;  res ^= 0x120f627bb ]  }


{ [rsp]  -> 3768cc; rsp = 5a0a930  !!! TRACKED_MULTIPLYING: #[ res = 42 * 0x3768cc ] // [CNTR: 0]  }
{ r12 = 17bf1081  !!! TRACKED_MULTIPLYING: #[ m = 33 * 0x43be16 ]  #[ res += 0x9760be9 ]// [CNTR: 1]  }
{ rbp = 17bf1081  TRACKED_CHANGED BY: sub rbp, qword ptr [r14+0xf0] #[ res -= m ]  }
{ rbp = a40321f  TRACKED_CHANGED  -> VAL: a40321f }
{ rbx = 60acf8c7  !!! TRACKED_MULTIPLYING: #[ m = 46 * 0xb7cca5 ]  UNK: #[ res += 0x566cc6a8 ;  res ^= 0x6aeccad8 ] // [CNTR: 2]  }
{ r12 = 60acf8c7  TRACKED_CHANGED BY: xor r12, qword ptr [rsi+0xd8] #[ res ^= m ]  }
{ r12 = 52ed0dd9  TRACKED_CHANGED  -> VAL: 52ed0dd9 }
{ r14 = c09d6777  !!! TRACKED_MULTIPLYING: #[ m = 6c * 0xf6419f ]  UNK: #[ res += 0x6db0599e ;  res ^= 0x92706aae ] // [CNTR: 3]  }
{ rbx = c09d6777  TRACKED_CHANGED BY: add rbx, qword ptr [r15+0xe0] #[ res += m ]  }
{ rbx = 12881168b  TRACKED_CHANGED  -> VAL: 12881168b }
{ r14 = 195e023b3  !!! TRACKED_MULTIPLYING: #[ m = 64 * 0xae52fc ]  UNK: #[ res += 0x6d5f0d28 ;  res ^= 0xbd613538 ] // [CNTR: 4]  }
{ r12 = 195e023b3  TRACKED_CHANGED BY: xor r12, qword ptr [r11+0xf0] #[ res ^= m ]  }
{ r12 = 1d1f849c3  TRACKED_CHANGED  -> VAL: 1d1f849c3 }
{ rsi = 243728ea0  !!! TRACKED_MULTIPLYING: #[ m = 68 * 0x5eeb81 ]  UNK: #[ res += 0x717a44dd ;  res ^= 0x3928ac763 ] // [CNTR: 5]  }
{ r12 = 243728ea0  TRACKED_CHANGED BY: sub r12, qword ptr [rdx+0xa0] #[ res -= m ]  }
{ r12 = 21ce2e238  TRACKED_CHANGED  -> VAL: 21ce2e238 }
{ rsi = 2f9e4fa65  !!! TRACKED_MULTIPLYING: #[ m = 37 * 0xec1845 ]  UNK: #[ res += 0xdd02182d ;  res ^= 0xe506185d ] // [CNTR: 6]  }
{ rbx = 2f9e4fa65  TRACKED_CHANGED BY: xor rbx, qword ptr [r14+0xe8] #[ res ^= m ]  }
{ rbx = 2cb5dccb6  TRACKED_CHANGED  -> VAL: 2cb5dccb6 }
{ r13 = 224d398a0  !!! TRACKED_MULTIPLYING: #[ m = 71 * 0x61a3be ]  UNK: #[ res -= 0xa68a3416 ;  res ^= 0xef8e5416 ] // [CNTR: 7]  }
{ r13 = 224d398a0  TRACKED_CHANGED BY: add r13, qword ptr [r9+0xa0] #[ res += m ]  TRACKED_ARITHM: add r13, qword ptr [r9+0xa0] }
{ r13 = 24fecdf7e  TRACKED_CHANGED  -> VAL: 24fecdf7e TRACKED_ARITHM_RES  }
{ r8 = 7e  TRACKED_ARITHM: add r8, qword ptr [r9+0xd8] }
{ r8 = 140091a3e  TRACKED_ARITHM_RES  }


{ [rsp]  -> 3ec504c1; rsp = 591d218  TRACKED_ARITHM: add qword ptr [rsp+0x18], 0x454756a3 }
{ r13 = df  TRACKED_ARITHM: add r13, qword ptr [r15+0xd8] }
{ r13 = 14008109f  TRACKED_ARITHM_RES  }
{ r11 = ffffffffffff00ff  TRACKED_ARITHM: and rdi, r11 }
{ rdi = 24fec0084  TRACKED_ARITHM_RES  }
{ r11 = b00  TRACKED_ARITHM: or rdi, r11 }
{ rdi = 24fec0b84  TRACKED_ARITHM_RES  }
{ r13 = ec  TRACKED_ARITHM: add r13, qword ptr [rbx+0xe0] }
{ r13 = 14005fcac  TRACKED_ARITHM_RES  }
{ rbx = ffffffffff00ffff  TRACKED_ARITHM: and rbp, rbx }
{ rbp = 24f000b84  TRACKED_ARITHM_RES  }
{ rbx = 640000  TRACKED_ARITHM: or rbp, rbx }
{ rbp = 24f640b84  TRACKED_ARITHM_RES  }
{ r10 = 4f  TRACKED_ARITHM: add r10, qword ptr [rcx+0xb0] }
{ r10 = 14006420f  TRACKED_ARITHM_RES  }
{ r14 = ffffffff00ffffff  TRACKED_ARITHM: and rbx, r14 }
{ rbx = 200640b84  TRACKED_ARITHM_RES  }
{ r14 = dd000000  TRACKED_ARITHM: or rbx, r14 }
{ rbx = 2dd640b84  TRACKED_ARITHM_RES  }
{ rax = 2  TRACKED_ARITHM: add rax, qword ptr [rsi+0xe8] }
{ rax = 1400245c2  TRACKED_ARITHM_RES  }
{ r14 = ffffff00ffffffff  TRACKED_ARITHM: and rbx, r14 }
{ rbx = dd640b84  TRACKED_ARITHM_RES  }
{ r14 = 200000000  TRACKED_ARITHM: or rbx, r14 }
{ rbx = 2dd640b84  TRACKED_ARITHM_RES  }


{ [rsp]  -> 3f79364d; rsp = 5908498  TRACKED_ARITHM: add qword ptr [rsp+0x18], 0x2df918d1 }
{ r11 = 0  TRACKED_ARITHM: add r11, qword ptr [r8+0xa0] }
{ r11 = 1400245c0  TRACKED_ARITHM_RES  }
{ r8 = ff00ffffffffffff  TRACKED_ARITHM: and r15, r8 }
{  TRACKED_ARITHM: or r15, r8 }
{ rdx = 140026bc0  TRACKED_ARITHM: add rdx, qword ptr [r12+0xe0] }
{ rdx = 140026c44  TRACKED_ARITHM_RES  }
{  TRACKED_ARITHM: sub qword ptr [r12+0xf0], r14 }


{ [rsp]  -> 68aa54af; rsp = 5902d90  TRACKED_ARITHM: add qword ptr [rsp+0x20], 0x654503e }
{ rdi = 84  TRACKED_ARITHM: add rdi, qword ptr [r10+0xa8] }
{ rdi = 140026b44  TRACKED_ARITHM_RES  }
{ r14 = 140077ac0  TRACKED_ARITHM: add r14, qword ptr [r8+0xd8] }
{ r14 = 140077acb  TRACKED_ARITHM_RES  }
{ rdi = 10000  TRACKED_ARITHM: sub qword ptr [r8+0x90], rdi }
{ r13 = b  TRACKED_ARITHM: add r13, qword ptr [rbp+0xd8] }
{ r13 = 1400779cb  TRACKED_ARITHM_RES  }
{ r9 = ffffffffffff00ff  TRACKED_ARITHM: and r14, r9 }
{ r14 = 2dd63007f  TRACKED_ARITHM_RES  }
{ r9 = 4d00  TRACKED_ARITHM: or r14, r9 }
{ r14 = 2dd634d7f  TRACKED_ARITHM_RES  }
{ r11 = 1400773c0  TRACKED_ARITHM: add r11, qword ptr [r12+0xd8] }
{ r11 = 140077423  TRACKED_ARITHM_RES  }
{ rsi = 1000000  TRACKED_ARITHM: sub qword ptr [r12+0x90], rsi }
{ r13 = 63  TRACKED_ARITHM: add r13, qword ptr [rbx+0xa0] }
{ r13 = 140077323  TRACKED_ARITHM_RES  }
{ rbp = ffffffffff00ffff  TRACKED_ARITHM: and rsi, rbp }
{ rsi = 2dc004d7f  TRACKED_ARITHM_RES  }
{ rbp = a60000  TRACKED_ARITHM: or rsi, rbp }
{ rsi = 2dca64d7f  TRACKED_ARITHM_RES  }
{ rbx = 14005cfc0  TRACKED_ARITHM: add rbx, qword ptr [rcx+0xb0] }
{ rbx = 14005d09c  TRACKED_ARITHM_RES  }
{  TRACKED_ARITHM: sub qword ptr [rcx+0x90], rbp }


{ [rsp]  -> 2f355c6b; rsp = 58f4590  TRACKED_ARITHM: add qword ptr [rsp+0x20], 0x190770b2 }
{ rdx = dc  TRACKED_ARITHM: add rdx, qword ptr [r11+0x90] }
{ rdx = 14005cf9c  TRACKED_ARITHM_RES  }
{ r8 = ffffffff00ffffff  TRACKED_ARITHM: and r13, r8 }
{ r13 = 200a64d7f  TRACKED_ARITHM_RES  }
{ r8 = 5b000000  TRACKED_ARITHM: or r13, r8 }
{ r13 = 25ba64d7f  TRACKED_ARITHM_RES  }
{ rbp = 1400256c0  TRACKED_ARITHM: add rbp, qword ptr [rbx+0xf0] }
{ rbp = 1400256c2  TRACKED_ARITHM_RES  }
{  TRACKED_ARITHM: sub qword ptr [rbx+0xb0], rcx }


{ [rsp]  -> 35663e24; rsp = 58eee98  TRACKED_ARITHM: add qword ptr [rsp+0x18], 0x67e131a0 }
{ rbp = 2  TRACKED_ARITHM: add rbp, qword ptr [r8+0xa0] }
{ rbp = 1400255c2  TRACKED_ARITHM_RES  }
{ r11 = ffffff00ffffffff  TRACKED_ARITHM: and r12, r11 }
{ r12 = 5ba64d7f  TRACKED_ARITHM_RES  }
{  TRACKED_ARITHM: or r12, r11 }
{ r13 = 140898870  TRACKED_ARITHM: add r13, qword ptr [rdx+0xa0] }
{  TRACKED_ARITHM: sub qword ptr [rdx+0xd8], rsi }
{ rdx = 0  TRACKED_ARITHM: add rdx, qword ptr [r15+0x90] }
{ rdx = 1400248c0  TRACKED_ARITHM_RES  }
{ rax = ffff00ffffffffff  TRACKED_ARITHM: and rbx, rax }
{  TRACKED_ARITHM: or rbx, rax }
{ rdx = 140898870  TRACKED_ARITHM: add rdx, qword ptr [rdi+0xb0] }
{  TRACKED_ARITHM: sub qword ptr [rdi+0xe0], r13 }
{ r12 = 0  TRACKED_ARITHM: add r12, qword ptr [r9+0x90] }
{ r12 = 1400248c0  TRACKED_ARITHM_RES  }
{ rcx = ff00ffffffffffff  TRACKED_ARITHM: and rbx, rcx }
{  TRACKED_ARITHM: or rbx, rcx }


{ [rsp]  -> 55fa7ed4; rsp = 58e1518  TRACKED_ARITHM: add qword ptr [rsp+0x18], 0x42b40c3c }
{ r8 = 0  TRACKED_ARITHM: add r8, qword ptr [r13+0xa0] }
{ r8 = 1400248c0  TRACKED_ARITHM_RES  }
{ r14 = ffffffffffffff  TRACKED_ARITHM: and rbp, r14 }
{  TRACKED_ARITHM: or rbp, r14 }


{ [rsp]  -> c9764dd; rsp = 58dbe10  TRACKED_ARITHM: add qword ptr [rsp+0x20], 0x59cd3489 }
{ rbp = 7f  TRACKED_ARITHM: add rbp, qword ptr [r11+0xa0] }
{ rbp = 140093c3f  TRACKED_ARITHM_RES  }
{ r12 = a6  TRACKED_ARITHM: add r12, qword ptr [rbp+0xa8] }
{ r12 = 140093c66  TRACKED_ARITHM_RES  }
{ r8 = ffffffffff00ffff  TRACKED_ARITHM: and rbx, r8 }
{ rbx = 5b004d7f  TRACKED_ARITHM_RES  }
{ r8 = a60000  TRACKED_ARITHM: or rbx, r8 }
{ rbx = 5ba64d7f  TRACKED_ARITHM_RES  }


{ [rsp]  -> 317632b0; rsp = 58d1e98  TRACKED_ARITHM: add qword ptr [rsp+0x18], 0x256514d0 }
{ r8 = 5b  TRACKED_ARITHM: add r8, qword ptr [rbp+0xb0] }
{ r8 = 140093c1b  TRACKED_ARITHM_RES  }
{ r10 = ffffffff00ffffff  TRACKED_ARITHM: and rbx, r10 }
{ rbx = a64d7f  TRACKED_ARITHM_RES  }
{ r10 = 5b000000  TRACKED_ARITHM: or rbx, r10 }
{ rbx = 5ba64d7f  TRACKED_ARITHM_RES  }
{  TRACKED_ARITHM: add rdi, qword ptr [r13+0xa0] }
{ rdi = 140093bc0  TRACKED_ARITHM_RES  }
{ r14 = ffffff00ffffffff  TRACKED_ARITHM: and rsi, r14 }
{  TRACKED_ARITHM: or rsi, r14 }
{ r12 = 1400011f0  TRACKED_TEST rbx = 5ba64d7f UNK: #[ res -= 0x1f44691ff ;  res ^= 0x2144a9201 ]  }


{ [rsp]  -> 336e91; rsp = 58c7f30  !!! TRACKED_MULTIPLYING: #[ res = 61 * 0x336e91 ] // [CNTR: 0]  }
{ r15 = b56805d4  !!! TRACKED_MULTIPLYING: #[ m = 34 * 0xd45de9 ]  #[ res += 0xa1eb20e3 ]// [CNTR: 1]  }
{ rbx = b56805d4  TRACKED_CHANGED BY: sub rbx, qword ptr [rcx+0xe0] #[ res -= m ]  }
{ rbx = 8a44f280  TRACKED_CHANGED  -> VAL: 8a44f280 }
{ r14 = 522a2b66  !!! TRACKED_MULTIPLYING: #[ m = 38 * 0x76c8f8 ]  UNK: #[ res -= 0x381ac71a ;  res ^= 0xd86ed9e6 ] // [CNTR: 2]  }
{ r14 = 522a2b66  TRACKED_CHANGED BY: add r14, qword ptr [r15+0xe0] #[ res += m ]  }
{ r14 = 6c2621a6  TRACKED_CHANGED  -> VAL: 6c2621a6 }
{ rsi = b4ec836b  !!! TRACKED_MULTIPLYING: #[ m = 65 * 0x945339 ]  UNK: #[ res += 0x48c661c5 ;  res ^= 0xd8caa2cd ] // [CNTR: 3]  }
{ r14 = b4ec836b  TRACKED_CHANGED BY: sub r14, qword ptr [rbx+0xa0] #[ res -= m ]  }
{ r14 = 7a67adee  TRACKED_CHANGED  -> VAL: 7a67adee }
{ r14 = ccb52ce8  !!! TRACKED_MULTIPLYING: #[ m = 43 * 0x4474ec ]  UNK: #[ res += 0x524d7efa ;  res ^= 0xb6d28106 ] // [CNTR: 4]  }
{ rbx = ccb52ce8  TRACKED_CHANGED BY: add rbx, qword ptr [r15+0xa0] #[ res += m ]  }
{ rbx = de9fc6ac  TRACKED_CHANGED  -> VAL: de9fc6ac }
{ rbx = fffffffffa2143df  !!! TRACKED_MULTIPLYING: #[ m = 30 * 0x51054f ]  UNK: #[ res -= 0xe47e82cd ;  res ^= 0xffffffff24be8573 ] // [CNTR: 5]  }
{ r13 = fffffffffa2143df  TRACKED_CHANGED BY: xor r13, qword ptr [r14+0xd8] #[ res ^= m ]  }
{ r13 = fffffffff511bd0f  TRACKED_CHANGED  -> VAL: fffffffff511bd0f }
{ rbx = ffffffffc63074be  !!! TRACKED_MULTIPLYING: #[ m = 69 * 0xd7eb3b ]  UNK: #[ res -= 0x2ee14851 ;  res ^= 0x3321c9b1 ] // [CNTR: 6]  }
{ r13 = ffffffffc63074be  TRACKED_CHANGED BY: sub r13, qword ptr [rsi+0xf0] #[ res -= m ]  }
{ r13 = ffffffff6da0f98b  TRACKED_CHANGED  -> VAL: ffffffff6da0f98b }
{ r13 = ffffffffa4977c28  !!! TRACKED_MULTIPLYING: #[ m = 6d * 0xad52e1 ]  UNK: #[ res += 0x36f6829d ;  res ^= 0xc93785a3 ] // [CNTR: 7]  }
{ r14 = ffffffffa4977c28  TRACKED_CHANGED BY: sub r14, qword ptr [r10+0xa8] #[ res -= m ]  TRACKED_ARITHM: sub r14, qword ptr [r10+0xa8] }
{ r14 = ffffffff5acb325b  TRACKED_CHANGED  -> VAL: ffffffff5acb325b TRACKED_ARITHM_RES  }


{ [rsp]  -> 6008009f; rsp = 57de210  TRACKED_ARITHM: add qword ptr [rsp+0x20], 0xcc3675f }
{ rbp = 5b  TRACKED_ARITHM: add rbp, qword ptr [r13+0xa0] }
{ rbp = 14002fa1b  TRACKED_ARITHM_RES  }


{ [rsp]  -> 164c1db6; rsp = 57d8b10  TRACKED_ARITHM: add qword ptr [rsp+0x20], 0x2ab5724c }
{ rsi = 32  TRACKED_ARITHM: add rsi, qword ptr [rdx+0xe0] }
{ rsi = 14002ebf2  TRACKED_ARITHM_RES  }
{ rcx = ffffffffffff00ff  TRACKED_ARITHM: and r13, rcx }
{ r13 = ffffffff5acb0041  TRACKED_ARITHM_RES  }
{ rcx = 2a00  TRACKED_ARITHM: or r13, rcx }
{ r13 = ffffffff5acb2a41  TRACKED_ARITHM_RES  }


{ [rsp]  -> 79ea0ba9; rsp = 57d4290  TRACKED_ARITHM: add qword ptr [rsp+0x20], 0x155e4753 }
{ r14 = cb  TRACKED_ARITHM: add r14, qword ptr [r11+0x90] }
{ r14 = 14008728b  TRACKED_ARITHM_RES  }
{ r9 = ffffffffff00ffff  TRACKED_ARITHM: and r12, r9 }
{ r12 = ffffffff5a002a41  TRACKED_ARITHM_RES  }
{ r9 = 290000  TRACKED_ARITHM: or r12, r9 }
{ r12 = ffffffff5a292a41  TRACKED_ARITHM_RES  }


{ [rsp]  -> 625f250e; rsp = 57cfa18  TRACKED_ARITHM: add qword ptr [rsp+0x18], 0x561c54aa }
{ rdx = 5a  TRACKED_ARITHM: add rdx, qword ptr [rdi+0xa8] }
{ rdx = 14005381a  TRACKED_ARITHM_RES  }
{ rsi = ffffffff00ffffff  TRACKED_ARITHM: and rbp, rsi }
{ rbp = ffffffff00292a41  TRACKED_ARITHM_RES  }
{ rsi = 36000000  TRACKED_ARITHM: or rbp, rsi }
{ rbp = ffffffff36292a41  TRACKED_ARITHM_RES  }


{ [rsp]  -> 35994db2; rsp = 57cb190  TRACKED_ARITHM: add qword ptr [rsp+0x20], 0x4e9c1a83 }
{ rax = ff  TRACKED_ARITHM: add rax, qword ptr [r11+0xa0] }
{ rax = 1400246bf  TRACKED_ARITHM_RES  }
{ rdx = ffff00ffffffffff  TRACKED_ARITHM: and rbx, rdx }
{ rbx = ffff00ff36292a41  TRACKED_ARITHM_RES  }
{ rdx = ff0000000000  TRACKED_ARITHM: or rbx, rdx }
{ rbx = ffffffff36292a41  TRACKED_ARITHM_RES  }
{ rbx = ff  TRACKED_ARITHM: add rbx, qword ptr [rdx+0xd8] }
{ rbx = 1400246bf  TRACKED_ARITHM_RES  }
{ rsi = ff00ffffffffffff  TRACKED_ARITHM: and rdi, rsi }
{ rdi = ff00ffff36292a41  TRACKED_ARITHM_RES  }
{ rsi = ff000000000000  TRACKED_ARITHM: or rdi, rsi }
{ rdi = ffffffff36292a41  TRACKED_ARITHM_RES  }
{ r15 = 140041dc0  TRACKED_ARITHM: add r15, qword ptr [rsi+0xa8] }
{ r15 = 140041e01  TRACKED_ARITHM_RES  }
{ r14 = 100  TRACKED_ARITHM: sub qword ptr [rsi+0xe8], r14 }
{ r15 = 41  TRACKED_ARITHM: add r15, qword ptr [r14+0x90] }
{ r15 = 140041d01  TRACKED_ARITHM_RES  }
{ r10 = 1400424c0  TRACKED_ARITHM: add r10, qword ptr [rcx+0xd8] }
{ r10 = 1400424e9  TRACKED_ARITHM_RES  }
{ rdi = 10000  TRACKED_ARITHM: sub qword ptr [rcx+0xe8], rdi }
{ r10 = 29  TRACKED_ARITHM: add r10, qword ptr [rsi+0xa0] }
{ r10 = 1400423e9  TRACKED_ARITHM_RES  }
{ r15 = ffffffffffff00ff  TRACKED_ARITHM: and r12, r15 }
{ r12 = ffffffff362800fe  TRACKED_ARITHM_RES  }
{ r15 = e500  TRACKED_ARITHM: or r12, r15 }
{ r12 = ffffffff3628e5fe  TRACKED_ARITHM_RES  }
{ r13 = 1400685c0  TRACKED_ARITHM: add r13, qword ptr [rcx+0xd8] }
{ r13 = 1400685e8  TRACKED_ARITHM_RES  }
{ r15 = 1000000  TRACKED_ARITHM: sub qword ptr [rcx+0xb0], r15 }
{ rbp = 28  TRACKED_ARITHM: add rbp, qword ptr [rdi+0xa8] }
{ rbp = 1400684e8  TRACKED_ARITHM_RES  }
{ rcx = ffffffffff00ffff  TRACKED_ARITHM: and r15, rcx }
{ r15 = ffffffff3500e5fe  TRACKED_ARITHM_RES  }
{ rcx = 8d0000  TRACKED_ARITHM: or r15, rcx }
{ r15 = ffffffff358de5fe  TRACKED_ARITHM_RES  }
{ r12 = 14008edc0  TRACKED_ARITHM: add r12, qword ptr [r8+0xe0] }
{ r12 = 14008edf5  TRACKED_ARITHM_RES  }
{ rax = 100000000  TRACKED_ARITHM: sub qword ptr [r8+0xb0], rax }
{ rbx = 35  TRACKED_ARITHM: add rbx, qword ptr [r11+0xe0] }
{ rbx = 14008ecf5  TRACKED_ARITHM_RES  }
{ r15 = ffffffff00ffffff  TRACKED_ARITHM: and r14, r15 }
{ r14 = fffffffe008de5fe  TRACKED_ARITHM_RES  }
{ r15 = 42000000  TRACKED_ARITHM: or r14, r15 }
{ r14 = fffffffe428de5fe  TRACKED_ARITHM_RES  }
{ r11 = 1400941c0  TRACKED_ARITHM: add r11, qword ptr [rdx+0xf0] }
{ r11 = 1400942be  TRACKED_ARITHM_RES  }
{ rcx = 10000000000  TRACKED_ARITHM: sub qword ptr [rdx+0xd8], rcx }


{ [rsp]  -> 46b9658c; rsp = 57ab618  TRACKED_ARITHM: add qword ptr [rsp+0x18], 0x16472fa3 }
{ r10 = fe  TRACKED_ARITHM: add r10, qword ptr [rcx+0xf0] }
{ r10 = 1400941be  TRACKED_ARITHM_RES  }
{ rbp = ffffff00ffffffff  TRACKED_ARITHM: and r12, rbp }
{ r12 = fffffe00428de5fe  TRACKED_ARITHM_RES  }
{ rbp = ff00000000  TRACKED_ARITHM: or r12, rbp }
{ r12 = fffffeff428de5fe  TRACKED_ARITHM_RES  }
{ r12 = 1400941c0  TRACKED_ARITHM: add r12, qword ptr [r15+0xf0] }
{ r12 = 1400942be  TRACKED_ARITHM_RES  }
{ rcx = 1000000000000  TRACKED_ARITHM: sub qword ptr [r15+0xe8], rcx }


{ [rsp]  -> 4cb542c9; rsp = 57a5f10  TRACKED_ARITHM: add qword ptr [rsp+0x20], 0x41911a20 }
{ r14 = fe  TRACKED_ARITHM: add r14, qword ptr [rbx+0xa0] }
{ r14 = 1400941be  TRACKED_ARITHM_RES  }
{ r9 = ffff00ffffffffff  TRACKED_ARITHM: and rsi, r9 }
{ rsi = fffe00ff428de5fe  TRACKED_ARITHM_RES  }
{ r9 = ff0000000000  TRACKED_ARITHM: or rsi, r9 }
{ rsi = fffeffff428de5fe  TRACKED_ARITHM_RES  }
{ rcx = 1400941c0  TRACKED_ARITHM: add rcx, qword ptr [r8+0xb0] }
{ rcx = 1400942be  TRACKED_ARITHM_RES  }
{ r12 = 100000000000000  TRACKED_ARITHM: sub qword ptr [r8+0xf0], r12 }


{ [rsp]  -> 14d378de; rsp = 57a0818  TRACKED_ARITHM: add qword ptr [rsp+0x18], 0x4a85197c }
{ r9 = fe  TRACKED_ARITHM: add r9, qword ptr [rbp+0xa8] }
{ r9 = 1400941be  TRACKED_ARITHM_RES  }
{ rdx = ff00ffffffffffff  TRACKED_ARITHM: and rsi, rdx }
{ rsi = fe00ffff428de5fe  TRACKED_ARITHM_RES  }
{ rdx = ff000000000000  TRACKED_ARITHM: or rsi, rdx }
{ rsi = feffffff428de5fe  TRACKED_ARITHM_RES  }
{ r8 = fe  TRACKED_ARITHM: add r8, qword ptr [r9+0xe0] }
{ r8 = 1400941be  TRACKED_ARITHM_RES  }
{ rbp = ffffffffffffff  TRACKED_ARITHM: and r14, rbp }
{ r14 = ffffff428de5fe  TRACKED_ARITHM_RES  }
{ rbp = ff00000000000000  TRACKED_ARITHM: or r14, rbp }
{ r14 = ffffffff428de5fe  TRACKED_ARITHM_RES  }


{ [rsp]  -> 77322ff9; rsp = 5797710  TRACKED_ARITHM: add qword ptr [rsp+0x20], 0x16f74e86 }
{ rcx = fe  TRACKED_ARITHM: add rcx, qword ptr [rax+0xe0] }
{ rcx = 1400247be  TRACKED_ARITHM_RES  }


{ [rsp]  -> 2fc7be7; rsp = 5792010  TRACKED_ARITHM: add qword ptr [rsp+0x20], 0x70183a36 }
{ rax = ff  TRACKED_ARITHM: add rax, qword ptr [r11+0x90] }
{ rax = 1400247bf  TRACKED_ARITHM_RES  }
{ rsi = ffff00ffffffffff  TRACKED_ARITHM: and r12, rsi }
{ r12 = ffff00ff428de5fe  TRACKED_ARITHM_RES  }
{ rsi = ff0000000000  TRACKED_ARITHM: or r12, rsi }
{ r12 = ffffffff428de5fe  TRACKED_ARITHM_RES  }
{ r12 = 1400011f0  TRACKED_TEST r14 = ffffffff428de5fe UNK: #[ res -= 0x183d4c5d ;  res ^= 0x1846d7a5 ]  }


{ [rsp]  -> 725059; rsp = 578c930  !!! TRACKED_MULTIPLYING: #[ res = 6f * 0x725059 ] // [CNTR: 0]  }
{ rdi = 992649fc  !!! TRACKED_MULTIPLYING: #[ m = 62 * 0x6dcfe7 ]  #[ res += 0x67957365 ]// [CNTR: 1]  }
{ rbx = 992649fc  TRACKED_CHANGED BY: add rbx, qword ptr [r10+0xf0] #[ res += m ]  }
{ rbx = c32fe06a  TRACKED_CHANGED  -> VAL: c32fe06a }
{ r13 = a613c4f0  !!! TRACKED_MULTIPLYING: #[ m = 31 * 0x8f4c44 ]  UNK: #[ res -= 0x1d1c1b7a ;  res ^= 0x653c249a ] // [CNTR: 2]  }
{ r14 = a613c4f0  TRACKED_CHANGED BY: add r14, qword ptr [r9+0xa0] #[ res += m ]  }
{ r14 = c1815df4  TRACKED_CHANGED  -> VAL: c1815df4 }
{ rdi = a9692b71  !!! TRACKED_MULTIPLYING: #[ m = 39 * 0xd2f4ce ]  UNK: #[ res -= 0x18183283 ;  res ^= 0x68e87685 ] // [CNTR: 3]  }
{ r12 = a9692b71  TRACKED_CHANGED BY: sub r12, qword ptr [r10+0xa0] #[ res -= m ]  }
{ r12 = 7a70a993  TRACKED_CHANGED  -> VAL: 7a70a993 }
{ rbp = fffffffff34d1bce  !!! TRACKED_MULTIPLYING: #[ m = 44 * 0xe99d3f ]  UNK: #[ res -= 0x87238dc5 ;  res ^= 0xffffffff893db25d ] // [CNTR: 4]  }
{ r12 = fffffffff34d1bce  TRACKED_CHANGED BY: xor r12, qword ptr [rbx+0xe8] #[ res ^= m ]  }
{ r12 = ffffffffcd40df72  TRACKED_CHANGED  -> VAL: ffffffffcd40df72 }
{ rbp = ba5758ec  !!! TRACKED_MULTIPLYING: #[ m = 35 * 0xada536 ]  UNK: #[ res += 0xed16797a ;  res ^= 0xffffffff7717879e ] // [CNTR: 5]  }
{ rdi = ba5758ec  TRACKED_CHANGED BY: add rdi, qword ptr [r14+0xf0] #[ res += m ]  }
{ rdi = de4a8d1a  TRACKED_CHANGED  -> VAL: de4a8d1a }
{ r14 = 48aa3271  !!! TRACKED_MULTIPLYING: #[ m = 6a * 0xe0b352 ]  UNK: #[ res -= 0x95a05aa9 ;  res ^= 0x96e0bf6b ] // [CNTR: 6]  }
{ rsi = 48aa3271  TRACKED_CHANGED BY: sub rsi, qword ptr [r10+0xe0] #[ res -= m ]  }
{ rsi = ffffffffeb9ff27d  TRACKED_CHANGED  -> VAL: ffffffffeb9ff27d }
{ r12 = ffffffffa85ff25d  !!! TRACKED_MULTIPLYING: #[ m = 66 * 0x8675b6 ]  UNK: #[ res -= 0x43400020 ;  res ^= 0x43c00020 ] // [CNTR: 7]  }
{ r15 = ffffffffa85ff25d  TRACKED_CHANGED BY: add r15, qword ptr [r11+0xe0] #[ res += m ]  TRACKED_ARITHM: add r15, qword ptr [r11+0xe0] }
{ r15 = ffffffffddf2d8e1  TRACKED_CHANGED  -> VAL: ffffffffddf2d8e1 TRACKED_ARITHM_RES  }
{ rdx = 14002cbc0  TRACKED_ARITHM: add rdx, qword ptr [rax+0x90] }
{ rdx = 14002cca1  TRACKED_ARITHM_RES  }
{  TRACKED_ARITHM: add qword ptr [rax+0xe8], r11 }


{ [rsp]  -> 3eb411ba; rsp = 5699b18  TRACKED_ARITHM: add qword ptr [rsp+0x18], 0x4cef78f7 }
{ rcx = e1  TRACKED_ARITHM: add rcx, qword ptr [rbx+0x90] }
{ rcx = 14002cba1  TRACKED_ARITHM_RES  }
{ rdx = 1400644c0  TRACKED_ARITHM: add rdx, qword ptr [r11+0xa8] }
{ rdx = 140064598  TRACKED_ARITHM_RES  }
{ rsi = 10000  TRACKED_ARITHM: add qword ptr [r11+0xa0], rsi }


{ [rsp]  -> 4c7088b; rsp = 5695298  TRACKED_ARITHM: add qword ptr [rsp+0x18], 0x39e25bfa }
{ r14 = d8  TRACKED_ARITHM: add r14, qword ptr [r9+0xe0] }
{ r14 = 140064498  TRACKED_ARITHM_RES  }
{ rsi = ffffffffffff00ff  TRACKED_ARITHM: and rdi, rsi }
{ rdi = ffffffffddf300f4  TRACKED_ARITHM_RES  }
{ rsi = 6a00  TRACKED_ARITHM: or rdi, rsi }
{ rdi = ffffffffddf36af4  TRACKED_ARITHM_RES  }
{ r13 = 14006b4c0  TRACKED_ARITHM: add r13, qword ptr [r10+0xb0] }
{ r13 = 14006b5b3  TRACKED_ARITHM_RES  }
{ rdx = 1000000  TRACKED_ARITHM: add qword ptr [r10+0x90], rdx }


{ [rsp]  -> e647da7; rsp = 568fb98  TRACKED_ARITHM: add qword ptr [rsp+0x18], 0x4b2c6288 }
{ rax = f3  TRACKED_ARITHM: add rax, qword ptr [rdi+0x90] }
{ rax = 14006b4b3  TRACKED_ARITHM_RES  }
{ rax = ffffffffff00ffff  TRACKED_ARITHM: and r13, rax }
{ r13 = ffffffffde006af4  TRACKED_ARITHM_RES  }
{ rax = 950000  TRACKED_ARITHM: or r13, rax }
{ r13 = ffffffffde956af4  TRACKED_ARITHM_RES  }
{ rbp = 14003b2c0  TRACKED_ARITHM: add rbp, qword ptr [rdi+0xf0] }
{ rbp = 14003b39e  TRACKED_ARITHM_RES  }
{ r10 = 100000000  TRACKED_ARITHM: add qword ptr [rdi+0xb0], r10 }
{ r9 = de  TRACKED_ARITHM: add r9, qword ptr [r10+0xe8] }
{ r9 = 14003b29e  TRACKED_ARITHM_RES  }
{ rdx = ffffffff00ffffff  TRACKED_ARITHM: and r15, rdx }
{ r15 = 956af4  TRACKED_ARITHM_RES  }
{ rdx = 12000000  TRACKED_ARITHM: or r15, rdx }
{ r15 = 12956af4  TRACKED_ARITHM_RES  }
{ r14 = 140898770  TRACKED_ARITHM: add r14, qword ptr [r15+0xb0] }
{  TRACKED_ARITHM: add qword ptr [r15+0xd8], r11 }


{ [rsp]  -> d4d08ae; rsp = 5686a90  TRACKED_ARITHM: add qword ptr [rsp+0x20], 0x2f6c6c2c }
{ rdx = 0  TRACKED_ARITHM: add rdx, qword ptr [r15+0xe0] }
{ rdx = 1400247c0  TRACKED_ARITHM_RES  }
{ r8 = ffffff00ffffffff  TRACKED_ARITHM: and rbx, r8 }
{  TRACKED_ARITHM: or rbx, r8 }
{ rax = 14005bac0  TRACKED_ARITHM: add rax, qword ptr [r12+0x90] }
{ rax = 14005bbb4  TRACKED_ARITHM_RES  }
{  TRACKED_ARITHM: sub qword ptr [r12+0xe0], r8 }


{ [rsp]  -> 480e6939; rsp = 5681398  TRACKED_ARITHM: add qword ptr [rsp+0x18], 0x713349 }
{ rbx = f4  TRACKED_ARITHM: add rbx, qword ptr [r15+0xa0] }
{ rbx = 14005bab4  TRACKED_ARITHM_RES  }
{ r10 = 140052ec0  TRACKED_ARITHM: add r10, qword ptr [rdx+0x90] }
{ r10 = 140052f2a  TRACKED_ARITHM_RES  }
{  TRACKED_ARITHM: sub qword ptr [rdx+0xd8], rsi }


{ [rsp]  -> 118b17ca; rsp = 567cb18  TRACKED_ARITHM: add qword ptr [rsp+0x18], 0x55a13590 }
{ r9 = 6a  TRACKED_ARITHM: add r9, qword ptr [rbp+0xb0] }
{ r9 = 140052e2a  TRACKED_ARITHM_RES  }
{ r12 = ffffffffffff00ff  TRACKED_ARITHM: and rbx, r12 }
{ rbx = 12950076  TRACKED_ARITHM_RES  }
{  TRACKED_ARITHM: or rbx, r12 }
{ r11 = 14002f7c0  TRACKED_ARITHM: add r11, qword ptr [r15+0xa8] }
{ r11 = 14002f855  TRACKED_ARITHM_RES  }
{  TRACKED_ARITHM: sub qword ptr [r15+0x90], r10 }


{ [rsp]  -> 2b977a03; rsp = 5677410  TRACKED_ARITHM: add qword ptr [rsp+0x20], 0x18c05ae2 }
{ r14 = 95  TRACKED_ARITHM: add r14, qword ptr [rcx+0xb0] }
{ r14 = 14002f755  TRACKED_ARITHM_RES  }
{ r15 = ffffffffff00ffff  TRACKED_ARITHM: and rbx, r15 }
{ rbx = 12000076  TRACKED_ARITHM_RES  }
{ r15 = 7c0000  TRACKED_ARITHM: or rbx, r15 }
{ rbx = 127c0076  TRACKED_ARITHM_RES  }
{ rsi = 1400328c0  TRACKED_ARITHM: add rsi, qword ptr [r14+0xf0] }
{ rsi = 1400328d2  TRACKED_ARITHM_RES  }
{ r10 = 100000000  TRACKED_ARITHM: sub qword ptr [r14+0xa8], r10 }
{ rdx = 12  TRACKED_ARITHM: add rdx, qword ptr [r9+0xd8] }
{ rdx = 1400327d2  TRACKED_ARITHM_RES  }
{ r9 = ffffffff00ffffff  TRACKED_ARITHM: and r12, r9 }
{ r12 = ffffffff007c0076  TRACKED_ARITHM_RES  }
{ r9 = f2000000  TRACKED_ARITHM: or r12, r9 }
{ r12 = fffffffff27c0076  TRACKED_ARITHM_RES  }
{ r10 = 140898870  TRACKED_ARITHM: add r10, qword ptr [r12+0xd8] }
{ r10 = 14089896f  TRACKED_ARITHM_RES  }
{  TRACKED_ARITHM: sub qword ptr [r12+0xe8], r14 }
{ r10 = ff  TRACKED_ARITHM: add r10, qword ptr [r11+0x90] }
{ r10 = 1400249bf  TRACKED_ARITHM_RES  }
{ rdi = ffffff00ffffffff  TRACKED_ARITHM: and r13, rdi }
{ r13 = ffffff00f27c0076  TRACKED_ARITHM_RES  }
{ rdi = ff00000000  TRACKED_ARITHM: or r13, rdi }
{ r13 = fffffffff27c0076  TRACKED_ARITHM_RES  }
{ r10 = 140898870  TRACKED_ARITHM: add r10, qword ptr [rcx+0xf0] }
{ r10 = 14089896f  TRACKED_ARITHM_RES  }
{  TRACKED_ARITHM: sub qword ptr [rcx+0xa8], rsi }
{ r8 = ff  TRACKED_ARITHM: add r8, qword ptr [r10+0xe8] }
{ r8 = 1400249bf  TRACKED_ARITHM_RES  }
{ rbx = ffff00ffffffffff  TRACKED_ARITHM: and r14, rbx }
{ r14 = ffff00fff27c0076  TRACKED_ARITHM_RES  }
{ rbx = ff0000000000  TRACKED_ARITHM: or r14, rbx }
{ r14 = fffffffff27c0076  TRACKED_ARITHM_RES  }
{ r10 = 140898870  TRACKED_ARITHM: add r10, qword ptr [rcx+0xd8] }
{ r10 = 14089896f  TRACKED_ARITHM_RES  }
{  TRACKED_ARITHM: sub qword ptr [rcx+0xb0], rbp }


{ [rsp]  -> 131513f5; rsp = 5662698  TRACKED_ARITHM: add qword ptr [rsp+0x18], 0x4fe86fb8 }
{ rax = ff  TRACKED_ARITHM: add rax, qword ptr [rbp+0xe8] }
{ rax = 1400249bf  TRACKED_ARITHM_RES  }
{ r10 = ff00ffffffffffff  TRACKED_ARITHM: and rsi, r10 }
{ rsi = ff00fffff27c0076  TRACKED_ARITHM_RES  }
{ r10 = ff000000000000  TRACKED_ARITHM: or rsi, r10 }
{ rsi = fffffffff27c0076  TRACKED_ARITHM_RES  }


{ [rsp]  -> 43ea73d3; rsp = 565de18  TRACKED_ARITHM: add qword ptr [rsp+0x18], 0x6f98608c }
{ r14 = 0  TRACKED_ARITHM: add r14, qword ptr [rbp+0xb0] }
{ r14 = 1400246c0  TRACKED_ARITHM_RES  }
{ rcx = ffffffffffff00ff  TRACKED_ARITHM: and rbx, rcx }
{  TRACKED_ARITHM: or rbx, rcx }
{ r8 = 7c  TRACKED_ARITHM: add r8, qword ptr [r14+0x90] }
{ r8 = 14002473c  TRACKED_ARITHM_RES  }
{ rbp = ffffffffff00ffff  TRACKED_ARITHM: and rdi, rbp }
{ rdi = fffffffff2000076  TRACKED_ARITHM_RES  }
{ rbp = 7c0000  TRACKED_ARITHM: or rdi, rbp }
{ rdi = fffffffff27c0076  TRACKED_ARITHM_RES  }
{ r9 = f2  TRACKED_ARITHM: add r9, qword ptr [r13+0x90] }
{ r9 = 1400247b2  TRACKED_ARITHM_RES  }
{ rdx = ffffffff00ffffff  TRACKED_ARITHM: and rbp, rdx }
{ rbp = ffffffff007c0076  TRACKED_ARITHM_RES  }
{ rdx = f2000000  TRACKED_ARITHM: or rbp, rdx }
{ rbp = fffffffff27c0076  TRACKED_ARITHM_RES  }
{ rsi = ff  TRACKED_ARITHM: add rsi, qword ptr [rbx+0xa8] }
{ rsi = 1400247bf  TRACKED_ARITHM_RES  }
{ r11 = ffff00ffffffffff  TRACKED_ARITHM: and r12, r11 }
{ r12 = ffff00fff27c0076  TRACKED_ARITHM_RES  }
{ r11 = ff0000000000  TRACKED_ARITHM: or r12, r11 }
{ r12 = fffffffff27c0076  TRACKED_ARITHM_RES  }


{ [rsp]  -> 28c82d2c; rsp = 5649f18  TRACKED_ARITHM: add qword ptr [rsp+0x18], 0x503d3b31 }
{ r8 = ff  TRACKED_ARITHM: add r8, qword ptr [r14+0xf0] }
{ r8 = 1400247bf  TRACKED_ARITHM_RES  }
{ rdx = ff00ffffffffffff  TRACKED_ARITHM: and r13, rdx }
{ r13 = ff00fffff27c0076  TRACKED_ARITHM_RES  }
{ rdx = ff000000000000  TRACKED_ARITHM: or r13, rdx }
{ r13 = fffffffff27c0076  TRACKED_ARITHM_RES  }
{ r14 = ff  TRACKED_ARITHM: add r14, qword ptr [rdi+0xa0] }
{ r14 = 1400247bf  TRACKED_ARITHM_RES  }
{ r14 = ffffffffffffff  TRACKED_ARITHM: and r12, r14 }
{ r12 = fffffff27c0076  TRACKED_ARITHM_RES  }
{ r14 = ff00000000000000  TRACKED_ARITHM: or r12, r14 }
{ r12 = fffffffff27c0076  TRACKED_ARITHM_RES  }
{ rbp = 1400011f0  TRACKED_TEST rdi = fffffffff27c0076 UNK: #[ res += 0x14892795 ;  res ^= 0x2f8ed897 ]  }


{ [rsp]  -> 4a5e95; rsp = 563ffb0  !!! TRACKED_MULTIPLYING: #[ res = 32 * 0x4a5e95 ] // [CNTR: 0]  }
{ rbp = 6d5e1b0b  !!! TRACKED_MULTIPLYING: #[ m = 67 * 0x3a7b49 ]  #[ res += 0x5ed7a1f1 ]// [CNTR: 1]  }
{ rbx = 6d5e1b0b  TRACKED_CHANGED BY: add rbx, qword ptr [r13+0xe8] #[ res += m ]  }
{ rbx = 84e5b56a  TRACKED_CHANGED  -> VAL: 84e5b56a }
{ r15 = 34ca67a  !!! TRACKED_MULTIPLYING: #[ m = 36 * 0xf27038 ]  UNK: #[ res -= 0x81990ef0 ;  res ^= 0x87a91310 ] // [CNTR: 2]  }
{ rdi = 34ca67a  TRACKED_CHANGED BY: sub rdi, qword ptr [rdx+0xd8] #[ res -= m ]  }
{ rdi = ffffffffd028faaa  TRACKED_CHANGED  -> VAL: ffffffffd028faaa }
{ rbp = ffffffff2662f5b3  !!! TRACKED_MULTIPLYING: #[ m = 70 * 0xa187d0 ]  UNK: #[ res -= 0xa9c604f7 ;  res ^= 0xf64a0f19 ] // [CNTR: 3]  }
{ r15 = ffffffff2662f5b3  TRACKED_CHANGED BY: add r15, qword ptr [rbp+0xf0] #[ res += m ]  }
{ r15 = ffffffff6d0e60b3  TRACKED_CHANGED  -> VAL: ffffffff6d0e60b3 }
{ r15 = fffffffeb141ed56  !!! TRACKED_MULTIPLYING: #[ m = 63 * 0xfc991a ]  UNK: #[ res -= 0xbbcc735d ;  res ^= 0x1dc4f8de5 ] // [CNTR: 4]  }
{ rsi = fffffffeb141ed56  TRACKED_CHANGED BY: sub rsi, qword ptr [r10+0x90] #[ res -= m ]  }
{ rsi = fffffffe4f92b848  TRACKED_CHANGED  -> VAL: fffffffe4f92b848 }
{ rbp = fffffffeb64f68c7  !!! TRACKED_MULTIPLYING: #[ m = 6b * 0x4e947a ]  UNK: #[ res += 0x66bcb07f ;  res ^= 0xf9ddd08f ] // [CNTR: 5]  }
{ r15 = fffffffeb64f68c7  TRACKED_CHANGED BY: sub r15, qword ptr [r8+0x90] #[ res -= m ]  }
{ r15 = fffffffe957759c9  TRACKED_CHANGED  -> VAL: fffffffe957759c9 }
{ rbp = fffffffe3bce429b  !!! TRACKED_MULTIPLYING: #[ m = 45 * 0x324ead ]  UNK: #[ res -= 0x59a9172e ;  res ^= 0xaeb91b52 ] // [CNTR: 6]  }
{ rsi = fffffffe3bce429b  TRACKED_CHANGED BY: xor rsi, qword ptr [rcx+0xd8] #[ res ^= m ]  }
{ rsi = fffffffe3641763a  TRACKED_CHANGED  -> VAL: fffffffe3641763a }
{ r12 = fffffffd9fa6fbd6  !!! TRACKED_MULTIPLYING: #[ m = 41 * 0x656b1b ]  UNK: #[ res -= 0x969a7a64 ;  res ^= 0x3a9e78dec ] // [CNTR: 7]  }
{ r12 = fffffffd9fa6fbd6  TRACKED_CHANGED BY: sub r12, qword ptr [r9+0xf0] #[ res -= m ]  TRACKED_ARITHM: sub r12, qword ptr [r9+0xf0] }
{ r12 = fffffffd85e6c9fb  TRACKED_CHANGED  -> VAL: fffffffd85e6c9fb TRACKED_ARITHM_RES  }
{ rbx = 140041bc0  TRACKED_ARITHM: add rbx, qword ptr [rsi+0xd8] }
{ rbx = 140041cbb  TRACKED_ARITHM_RES  }
{ r15 = 100  TRACKED_ARITHM: add qword ptr [rsi+0xa8], r15 }
{ rax = fb  TRACKED_ARITHM: add rax, qword ptr [r11+0x90] }
{ rax = 140041bbb  TRACKED_ARITHM_RES  }
{ r8 = 1400349c0  TRACKED_ARITHM: add r8, qword ptr [r10+0xd8] }
{ r8 = 140034a8a  TRACKED_ARITHM_RES  }
{  TRACKED_ARITHM: add qword ptr [r10+0x90], r13 }


{ [rsp]  -> 42d35f0; rsp = 5531010  TRACKED_ARITHM: add qword ptr [rsp+0x20], 0x1efd0792 }
{ r11 = ca  TRACKED_ARITHM: add r11, qword ptr [rcx+0xd8] }
{ r11 = 14003498a  TRACKED_ARITHM_RES  }
{ r10 = ffffffffffff00ff  TRACKED_ARITHM: and r12, r10 }
{ r12 = fffffffd85e6003e  TRACKED_ARITHM_RES  }
{ r10 = ef00  TRACKED_ARITHM: or r12, r10 }
{ r12 = fffffffd85e6ef3e  TRACKED_ARITHM_RES  }
{ rbp = 14002bdc0  TRACKED_ARITHM: add rbp, qword ptr [rbx+0xb0] }
{ rbp = 14002bea6  TRACKED_ARITHM_RES  }
{  TRACKED_ARITHM: add qword ptr [rbx+0xa8], r8 }
{ rdi = e6  TRACKED_ARITHM: add rdi, qword ptr [r15+0x90] }
{ rdi = 14002bda6  TRACKED_ARITHM_RES  }
{ r15 = ffffffffff00ffff  TRACKED_ARITHM: and rbp, r15 }
{ rbp = fffffffd8500ef3e  TRACKED_ARITHM_RES  }
{ r15 = f70000  TRACKED_ARITHM: or rbp, r15 }
{ rbp = fffffffd85f7ef3e  TRACKED_ARITHM_RES  }
{ rax = 140061ac0  TRACKED_ARITHM: add rax, qword ptr [r12+0xa0] }
{ rax = 140061b45  TRACKED_ARITHM_RES  }
{ rdx = 100000000  TRACKED_ARITHM: add qword ptr [r12+0xa8], rdx }


{ [rsp]  -> 2ce0f0b; rsp = 5527f10  TRACKED_ARITHM: add qword ptr [rsp+0x20], 0x7fe11320 }
{ r14 = 85  TRACKED_ARITHM: add r14, qword ptr [r12+0xa8] }
{ r14 = 140061a45  TRACKED_ARITHM_RES  }
{ r12 = ffffffff00ffffff  TRACKED_ARITHM: and rbp, r12 }
{ rbp = fffffffe00f7ef3e  TRACKED_ARITHM_RES  }
{ r12 = 11000000  TRACKED_ARITHM: or rbp, r12 }
{ rbp = fffffffe11f7ef3e  TRACKED_ARITHM_RES  }
{ r15 = 140898770  TRACKED_ARITHM: add r15, qword ptr [rcx+0xb0] }
{ r15 = 14089886e  TRACKED_ARITHM_RES  }
{  TRACKED_ARITHM: add qword ptr [rcx+0xa0], rdi }
{ r13 = fe  TRACKED_ARITHM: add r13, qword ptr [rbp+0x90] }
{ r13 = 1400248be  TRACKED_ARITHM_RES  }
{ rcx = ffffff00ffffffff  TRACKED_ARITHM: and r12, rcx }
{ r12 = ffffff0011f7ef3e  TRACKED_ARITHM_RES  }
{ rcx = fe00000000  TRACKED_ARITHM: or r12, rcx }
{ r12 = fffffffe11f7ef3e  TRACKED_ARITHM_RES  }
{ rbp = 140898770  TRACKED_ARITHM: add rbp, qword ptr [rcx+0xa0] }
{ rbp = 14089886f  TRACKED_ARITHM_RES  }
{  TRACKED_ARITHM: add qword ptr [rcx+0xd8], rbx }
{ rcx = ff  TRACKED_ARITHM: add rcx, qword ptr [r9+0xe8] }
{ rcx = 1400248bf  TRACKED_ARITHM_RES  }
{ rbx = ff00ffffffffffff  TRACKED_ARITHM: and rdi, rbx }
{ rdi = ff00fffe11f7ef3e  TRACKED_ARITHM_RES  }
{ rbx = ff000000000000  TRACKED_ARITHM: or rdi, rbx }
{ rdi = fffffffe11f7ef3e  TRACKED_ARITHM_RES  }


{ [rsp]  -> 1b115520; rsp = 5518898  TRACKED_ARITHM: add qword ptr [rsp+0x18], 0x4c927c9b }
{ rbp = ff  TRACKED_ARITHM: add rbp, qword ptr [r9+0xe8] }
{ rbp = 1400248bf  TRACKED_ARITHM_RES  }
{ rcx = ffffffffffffff  TRACKED_ARITHM: and r13, rcx }
{ r13 = fffffe11f7ef3e  TRACKED_ARITHM_RES  }
{ rcx = ff00000000000000  TRACKED_ARITHM: or r13, rcx }
{ r13 = fffffffe11f7ef3e  TRACKED_ARITHM_RES  }
{ rbp = 14007b9c0  TRACKED_ARITHM: add rbp, qword ptr [r8+0xe8] }
{ rbp = 14007b9fe  TRACKED_ARITHM_RES  }
{ r10 = 100  TRACKED_ARITHM: sub qword ptr [r8+0xa0], r10 }


{ [rsp]  -> 60c92382; rsp = 5514018  TRACKED_ARITHM: add qword ptr [rsp+0x18], 0x5d226663 }
{ r13 = 3e  TRACKED_ARITHM: add r13, qword ptr [r15+0x90] }
{ r13 = 14007b8fe  TRACKED_ARITHM_RES  }
{ r8 = 140042bc0  TRACKED_ARITHM: add r8, qword ptr [rsi+0xe8] }
{ r8 = 140042cae  TRACKED_ARITHM_RES  }
{  TRACKED_ARITHM: sub qword ptr [rsi+0xa0], r12 }


{ [rsp]  -> 3a2b5a98; rsp = 550f790  TRACKED_ARITHM: add qword ptr [rsp+0x20], 0xef84c92 }
{ r13 = ee  TRACKED_ARITHM: add r13, qword ptr [rsi+0xf0] }
{ r13 = 140042bae  TRACKED_ARITHM_RES  }
{ rbx = ffffffffffff00ff  TRACKED_ARITHM: and r12, rbx }
{ r12 = fffffffe11f70077  TRACKED_ARITHM_RES  }
{ rbx = a900  TRACKED_ARITHM: or r12, rbx }
{ r12 = fffffffe11f7a977  TRACKED_ARITHM_RES  }
{ rax = 1400845c0  TRACKED_ARITHM: add rax, qword ptr [r10+0xe8] }
{ rax = 1400846b7  TRACKED_ARITHM_RES  }
{  TRACKED_ARITHM: sub qword ptr [r10+0xa8], rax }
{ r14 = f7  TRACKED_ARITHM: add r14, qword ptr [r10+0xa0] }
{ r14 = 1400845b7  TRACKED_ARITHM_RES  }
{ r13 = ffffffffff00ffff  TRACKED_ARITHM: and rdi, r13 }
{ rdi = fffffffe1100a977  TRACKED_ARITHM_RES  }
{ r13 = 1c0000  TRACKED_ARITHM: or rdi, r13 }
{ rdi = fffffffe111ca977  TRACKED_ARITHM_RES  }
{ r13 = 140078fc0  TRACKED_ARITHM: add r13, qword ptr [rbx+0xe8] }
{ r13 = 140078fd1  TRACKED_ARITHM_RES  }
{ rcx = 100000000  TRACKED_ARITHM: sub qword ptr [rbx+0xe0], rcx }


{ [rsp]  -> 2cc11648; rsp = 5506690  TRACKED_ARITHM: add qword ptr [rsp+0x20], 0x4e107743 }
{ r12 = 11  TRACKED_ARITHM: add r12, qword ptr [rdx+0x90] }
{ r12 = 140078ed1  TRACKED_ARITHM_RES  }
{ rdi = ffffffff00ffffff  TRACKED_ARITHM: and rbp, rdi }
{ rbp = fffffffd001ca977  TRACKED_ARITHM_RES  }
{ rdi = 50000000  TRACKED_ARITHM: or rbp, rdi }
{ rbp = fffffffd501ca977  TRACKED_ARITHM_RES  }
{ rax = 1400933c0  TRACKED_ARITHM: add rax, qword ptr [rsi+0xd8] }
{ rax = 1400934bd  TRACKED_ARITHM_RES  }
{  TRACKED_ARITHM: sub qword ptr [rsi+0xe8], rax }


{ [rsp]  -> 25916850; rsp = 5501e10  TRACKED_ARITHM: add qword ptr [rsp+0x20], 0x7498603b }
{ r14 = fd  TRACKED_ARITHM: add r14, qword ptr [r15+0xf0] }
{ r14 = 1400933bd  TRACKED_ARITHM_RES  }
{ r8 = ffffff00ffffffff  TRACKED_ARITHM: and rsi, r8 }
{ rsi = ffffff00501ca977  TRACKED_ARITHM_RES  }
{  TRACKED_ARITHM: or rsi, r8 }
{ rdi = 1400941c0  TRACKED_ARITHM: add rdi, qword ptr [r12+0xe0] }
{ rdi = 1400942bf  TRACKED_ARITHM_RES  }
{  TRACKED_ARITHM: sub qword ptr [r12+0xe8], r14 }
{ rbx = ff  TRACKED_ARITHM: add rbx, qword ptr [rbp+0xd8] }
{ rbx = 1400941bf  TRACKED_ARITHM_RES  }
{ r14 = ffff00ffffffffff  TRACKED_ARITHM: and r12, r14 }
{ r12 = ffff0000501ca977  TRACKED_ARITHM_RES  }
{  TRACKED_ARITHM: or r12, r14 }
{ r8 = 1400941c0  TRACKED_ARITHM: add r8, qword ptr [rax+0xe0] }
{ r8 = 1400942bf  TRACKED_ARITHM_RES  }
{  TRACKED_ARITHM: sub qword ptr [rax+0xa0], r11 }


{ [rsp]  -> 2a6456c7; rsp = 54f8d18  TRACKED_ARITHM: add qword ptr [rsp+0x18], 0x61481d6f }
{ r12 = ff  TRACKED_ARITHM: add r12, qword ptr [r8+0xe0] }
{ r12 = 1400941bf  TRACKED_ARITHM_RES  }
{ rax = ff00ffffffffffff  TRACKED_ARITHM: and rsi, rax }
{ rsi = ff000000501ca977  TRACKED_ARITHM_RES  }
{  TRACKED_ARITHM: or rsi, rax }


{ [rsp]  -> 174a6bf6; rsp = 54f3610  TRACKED_ARITHM: add qword ptr [rsp+0x20], 0x2dd5578c }
{ r14 = ff  TRACKED_ARITHM: add r14, qword ptr [rax+0xd8] }
{ r14 = 1400941bf  TRACKED_ARITHM_RES  }
{ rsi = ffffffffffffff  TRACKED_ARITHM: and rbp, rsi }
{ rbp = 501ca977  TRACKED_ARITHM_RES  }
{  TRACKED_ARITHM: or rbp, rsi }


{ [rsp]  -> 17d17e5f; rsp = 54edf18  TRACKED_ARITHM: add qword ptr [rsp+0x18], 0x11770d81 }
{ rsi = a9  TRACKED_ARITHM: add rsi, qword ptr [rdi+0xe8] }
{ rsi = 140024769  TRACKED_ARITHM_RES  }
{ rbp = ffffffffffff00ff  TRACKED_ARITHM: and r14, rbp }
{ r14 = 501c0077  TRACKED_ARITHM_RES  }
{ rbp = a900  TRACKED_ARITHM: or r14, rbp }
{ r14 = 501ca977  TRACKED_ARITHM_RES  }


{ [rsp]  -> 7f4a5ac7; rsp = 54e9698  TRACKED_ARITHM: add qword ptr [rsp+0x18], 0x74447ed2 }
{ r11 = 1c  TRACKED_ARITHM: add r11, qword ptr [rax+0xa0] }
{ r11 = 1400246dc  TRACKED_ARITHM_RES  }
{ r12 = ffffffffff00ffff  TRACKED_ARITHM: and r14, r12 }
{ r14 = 5000a977  TRACKED_ARITHM_RES  }
{ r12 = 1c0000  TRACKED_ARITHM: or r14, r12 }
{ r14 = 501ca977  TRACKED_ARITHM_RES  }


{ [rsp]  -> 643418b; rsp = 54e4e18  TRACKED_ARITHM: add qword ptr [rsp+0x18], 0x7a966a25 }
{ rbx = 50  TRACKED_ARITHM: add rbx, qword ptr [r14+0x90] }
{ rbx = 140024710  TRACKED_ARITHM_RES  }
{ rcx = ffffffff00ffffff  TRACKED_ARITHM: and rbp, rcx }
{ rbp = 1ca977  TRACKED_ARITHM_RES  }
{ rcx = 50000000  TRACKED_ARITHM: or rbp, rcx }
{ rbp = 501ca977  TRACKED_ARITHM_RES  }
{ rbp = 0  TRACKED_ARITHM: add rbp, qword ptr [r8+0xe8] }
{ rbp = 1400246c0  TRACKED_ARITHM_RES  }
{ rdi = ffff00ffffffffff  TRACKED_ARITHM: and r13, rdi }
{  TRACKED_ARITHM: or r13, rdi }
{ rsi = 0  TRACKED_ARITHM: add rsi, qword ptr [rbx+0x90] }
{ rsi = 1400246c0  TRACKED_ARITHM_RES  }
{ rdi = ff00ffffffffffff  TRACKED_ARITHM: and r12, rdi }
{  TRACKED_ARITHM: or r12, rdi }


{ [rsp]  -> 14b920f1; rsp = 54d6618  TRACKED_ARITHM: add qword ptr [rsp+0x18], 0x32c5516d }
{ r11 = 0  TRACKED_ARITHM: add r11, qword ptr [r12+0xa0] }
{ r11 = 1400246c0  TRACKED_ARITHM_RES  }
{ rax = ffffffffffffff  TRACKED_ARITHM: and rbx, rax }
{  TRACKED_ARITHM: or rbx, rax }
{ rdi = 1400011f0  TRACKED_TEST r14 = 501ca977 UNK: #[ res += 0x2ca35df7c ;  res ^= 0xfffffffdd5fa608c ]  }


{ [rsp]  -> 251b86; rsp = 54d0f30  !!! TRACKED_MULTIPLYING: #[ res = 42 * 0x251b86 ] // [CNTR: 0]  }
{ rdi = b0e231b8  !!! TRACKED_MULTIPLYING: #[ m = 37 * 0x743927 ]  #[ res += 0xa751192c ]// [CNTR: 1]  }
{ r15 = b0e231b8  TRACKED_CHANGED BY: sub r15, qword ptr [rbx+0xd8] #[ res -= m ]  }
{ r15 = 97e9ea57  TRACKED_CHANGED  -> VAL: 97e9ea57 }
{ rbp = 6fb83014  !!! TRACKED_MULTIPLYING: #[ m = 71 * 0x9a3479 ]  UNK: #[ res -= 0x2831ba43 ;  res ^= 0xf851da43 ] // [CNTR: 2]  }
{ rbx = 6fb83014  TRACKED_CHANGED BY: xor rbx, qword ptr [r12+0xd8] #[ res ^= m ]  }
{ rbx = 2ba9197d  TRACKED_CHANGED  -> VAL: 2ba9197d }
{ r15 = 18f99ed8  !!! TRACKED_MULTIPLYING: #[ m = 33 * 0x778a0d ]  UNK: #[ res -= 0x12af7aa5 ;  res ^= 0x335087a5 ] // [CNTR: 3]  }
{ rsi = 18f99ed8  TRACKED_CHANGED BY: xor rsi, qword ptr [r15+0xa0] #[ res ^= m ]  }
{ rsi = f291e4f  TRACKED_CHANGED  -> VAL: f291e4f }
{ r15 = 44d42e9c  !!! TRACKED_MULTIPLYING: #[ m = 6c * 0x7e04b5 ]  UNK: #[ res += 0x35ab104d ;  res ^= 0x4bfd30d3 ] // [CNTR: 4]  }
{ r15 = 44d42e9c  TRACKED_CHANGED BY: sub r15, qword ptr [r12+0xe0] #[ res -= m ]  }
{ r15 = faa3240  TRACKED_CHANGED  -> VAL: faa3240 }
{ rsi = ffffffffb2562dab  !!! TRACKED_MULTIPLYING: #[ m = 64 * 0xf1c3ee ]  UNK: #[ res -= 0x5d540495 ;  res ^= 0xffffffffbdfc1feb ] // [CNTR: 5]  }
{ r15 = ffffffffb2562dab  TRACKED_CHANGED BY: xor r15, qword ptr [r10+0xe8] #[ res ^= m ]  }
{ r15 = ffffffffec26a553  TRACKED_CHANGED  -> VAL: ffffffffec26a553 }
{ rdi = 3232edf9  !!! TRACKED_MULTIPLYING: #[ m = 46 * 0x883b8a ]  UNK: #[ res += 0x460c48a6 ;  res ^= 0xffffffffde1448aa ] // [CNTR: 6]  }
{ r14 = 3232edf9  TRACKED_CHANGED BY: add r14, qword ptr [r13+0xe0] #[ res += m ]  }
{ r14 = 577335b5  TRACKED_CHANGED  -> VAL: 577335b5 }
{ r13 = d2a33191  !!! TRACKED_MULTIPLYING: #[ m = 68 * 0x993db1 ]  UNK: #[ res += 0x7b2ffbdc ;  res ^= 0x85d00424 ] // [CNTR: 7]  }
{ rdi = d2a33191  TRACKED_CHANGED BY: add rdi, qword ptr [rsi+0x90] #[ res += m ]  TRACKED_ARITHM: add rdi, qword ptr [rsi+0x90] }
{ rdi = 110e44179  TRACKED_CHANGED  -> VAL: 110e44179 TRACKED_ARITHM_RES  }
{ r14 = 140091cc0  TRACKED_ARITHM: add r14, qword ptr [rdi+0x90] }
{ r14 = 140091d39  TRACKED_ARITHM_RES  }
{ r14 = 100  TRACKED_ARITHM: add qword ptr [rdi+0xe0], r14 }


{ [rsp]  -> 7d463874; rsp = 53d0798  TRACKED_ARITHM: add qword ptr [rsp+0x18], 0x4d3a60d6 }
{ rax = 79  TRACKED_ARITHM: add rax, qword ptr [r14+0xb0] }
{ rax = 140091c39  TRACKED_ARITHM_RES  }
{ r10 = 140035ec0  TRACKED_ARITHM: add r10, qword ptr [rdi+0xd8] }
{ r10 = 140035f02  TRACKED_ARITHM_RES  }
{  TRACKED_ARITHM: add qword ptr [rdi+0xe0], rcx }
{ r12 = 42  TRACKED_ARITHM: add r12, qword ptr [rcx+0xd8] }
{ r12 = 140035e02  TRACKED_ARITHM_RES  }
{ r9 = ffffffffffff00ff  TRACKED_ARITHM: and r14, r9 }
{ r14 = 110e40073  TRACKED_ARITHM_RES  }
{ r9 = 6a00  TRACKED_ARITHM: or r14, r9 }
{ r14 = 110e46a73  TRACKED_ARITHM_RES  }
{ r12 = 1400613c0  TRACKED_ARITHM: add r12, qword ptr [r11+0xf0] }
{ r12 = 1400614a4  TRACKED_ARITHM_RES  }
{ rax = 1000000  TRACKED_ARITHM: add qword ptr [r11+0xe8], rax }
{ rbp = e4  TRACKED_ARITHM: add rbp, qword ptr [rcx+0xa8] }
{ rbp = 1400613a4  TRACKED_ARITHM_RES  }
{ rbx = ffffffffff00ffff  TRACKED_ARITHM: and r15, rbx }
{ r15 = 111006a73  TRACKED_ARITHM_RES  }
{ rbx = 6f0000  TRACKED_ARITHM: or r15, rbx }
{ r15 = 1116f6a73  TRACKED_ARITHM_RES  }
{ r11 = 14006e5c0  TRACKED_ARITHM: add r11, qword ptr [r13+0xb0] }
{ r11 = 14006e5d1  TRACKED_ARITHM_RES  }
{  TRACKED_ARITHM: add qword ptr [r13+0xa8], rax }
{ r8 = 11  TRACKED_ARITHM: add r8, qword ptr [rdx+0xe8] }
{ r8 = 14006e4d1  TRACKED_ARITHM_RES  }
{ rsi = ffffffff00ffffff  TRACKED_ARITHM: and r15, rsi }
{ r15 = 1006f6a73  TRACKED_ARITHM_RES  }
{ rsi = ba000000  TRACKED_ARITHM: or r15, rsi }
{ r15 = 1ba6f6a73  TRACKED_ARITHM_RES  }
{ r12 = 140898770  TRACKED_ARITHM: add r12, qword ptr [r15+0x90] }
{  TRACKED_ARITHM: add qword ptr [r15+0xa8], r11 }


{ [rsp]  -> 3e865827; rsp = 53bc898  TRACKED_ARITHM: add qword ptr [rsp+0x18], 0x1d87661c }
{ rcx = 0  TRACKED_ARITHM: add rcx, qword ptr [r12+0xd8] }
{ rcx = 1400247c0  TRACKED_ARITHM_RES  }
{ r12 = ffff00ffffffffff  TRACKED_ARITHM: and r14, r12 }
{  TRACKED_ARITHM: or r14, r12 }
{ rsi = 0  TRACKED_ARITHM: add rsi, qword ptr [rcx+0xe8] }
{ rsi = 1400247c0  TRACKED_ARITHM_RES  }
{ r14 = ffffffffffffff  TRACKED_ARITHM: and r13, r14 }
{  TRACKED_ARITHM: or r13, r14 }
{ r15 = 1400814c0  TRACKED_ARITHM: add r15, qword ptr [rbp+0xa8] }
{ r15 = 140081533  TRACKED_ARITHM_RES  }
{ r10 = 100  TRACKED_ARITHM: sub qword ptr [rbp+0xb0], r10 }
{ r9 = 73  TRACKED_ARITHM: add r9, qword ptr [r12+0xe8] }
{ r9 = 140081433  TRACKED_ARITHM_RES  }
{ rsi = 14005acc0  TRACKED_ARITHM: add rsi, qword ptr [rdx+0xe8] }
{ rsi = 14005ad29  TRACKED_ARITHM_RES  }
{ rax = 10000  TRACKED_ARITHM: sub qword ptr [rdx+0x90], rax }
{ rbx = 69  TRACKED_ARITHM: add rbx, qword ptr [rcx+0xd8] }
{ rbx = 14005ac29  TRACKED_ARITHM_RES  }
{ r10 = ffffffffffff00ff  TRACKED_ARITHM: and rsi, r10 }
{ rsi = 1ba6e009f  TRACKED_ARITHM_RES  }
{ r10 = ed00  TRACKED_ARITHM: or rsi, r10 }
{ rsi = 1ba6eed9f  TRACKED_ARITHM_RES  }
{ rbp = 1400280c0  TRACKED_ARITHM: add rbp, qword ptr [rbx+0xb0] }
{ rbp = 14002812e  TRACKED_ARITHM_RES  }
{  TRACKED_ARITHM: sub qword ptr [rbx+0xe8], r12 }


{ [rsp]  -> 564778cf; rsp = 53a6c90  TRACKED_ARITHM: add qword ptr [rsp+0x20], 0x57b63bbe }
{ r13 = 6e  TRACKED_ARITHM: add r13, qword ptr [r10+0xf0] }
{ r13 = 14002802e  TRACKED_ARITHM_RES  }
{ r8 = ffffffffff00ffff  TRACKED_ARITHM: and rbx, r8 }
{ rbx = 1ba00ed9f  TRACKED_ARITHM_RES  }
{ r8 = 660000  TRACKED_ARITHM: or rbx, r8 }
{ rbx = 1ba66ed9f  TRACKED_ARITHM_RES  }
{ rsi = 1400336c0  TRACKED_ARITHM: add rsi, qword ptr [r10+0xd8] }
{ rsi = 14003377a  TRACKED_ARITHM_RES  }
{  TRACKED_ARITHM: sub qword ptr [r10+0xe0], rcx }
{ r8 = ba  TRACKED_ARITHM: add r8, qword ptr [rbp+0xd8] }
{ r8 = 14003367a  TRACKED_ARITHM_RES  }
{ rbp = ffffffff00ffffff  TRACKED_ARITHM: and rsi, rbp }
{ rsi = 10066ed9f  TRACKED_ARITHM_RES  }
{ rbp = 98000000  TRACKED_ARITHM: or rsi, rbp }
{ rsi = 19866ed9f  TRACKED_ARITHM_RES  }
{ rax = 1400256c0  TRACKED_ARITHM: add rax, qword ptr [rbx+0xa0] }
{ rax = 1400256c1  TRACKED_ARITHM_RES  }
{ r13 = 10000000000  TRACKED_ARITHM: sub qword ptr [rbx+0xd8], r13 }


{ [rsp]  -> 6d1d43c2; rsp = 539cd10  TRACKED_ARITHM: add qword ptr [rsp+0x20], 0x401b33bd }
{ rax = 1  TRACKED_ARITHM: add rax, qword ptr [r10+0xa0] }
{ rax = 1400255c1  TRACKED_ARITHM_RES  }
{ rdx = ffffff00ffffffff  TRACKED_ARITHM: and rsi, rdx }
{ rsi = ffffff009866ed9f  TRACKED_ARITHM_RES  }
{ rdx = ff00000000  TRACKED_ARITHM: or rsi, rdx }
{ rsi = ffffffff9866ed9f  TRACKED_ARITHM_RES  }


{ [rsp]  -> 44cd6038; rsp = 5398490  TRACKED_ARITHM: add qword ptr [rsp+0x20], 0x5c554993 }
{ r11 = ff  TRACKED_ARITHM: add r11, qword ptr [rbx+0xf0] }
{ r11 = 1400249bf  TRACKED_ARITHM_RES  }
{ rbx = ffffffffffffff  TRACKED_ARITHM: and r13, rbx }
{ r13 = ffffff9866ed9f  TRACKED_ARITHM_RES  }
{ rbx = ff00000000000000  TRACKED_ARITHM: or r13, rbx }
{ r13 = ffffffff9866ed9f  TRACKED_ARITHM_RES  }
{ r8 = 9f  TRACKED_ARITHM: add r8, qword ptr [rax+0xf0] }
{ r8 = 140093c5f  TRACKED_ARITHM_RES  }
{ r9 = 66  TRACKED_ARITHM: add r9, qword ptr [r11+0x90] }
{ r9 = 140093c26  TRACKED_ARITHM_RES  }
{ r12 = ffffffffff00ffff  TRACKED_ARITHM: and rbp, r12 }
{ rbp = ffffffff9800ed9f  TRACKED_ARITHM_RES  }
{ r12 = 660000  TRACKED_ARITHM: or rbp, r12 }
{ rbp = ffffffff9866ed9f  TRACKED_ARITHM_RES  }


{ [rsp]  -> 510916b9; rsp = 5388e18  TRACKED_ARITHM: add qword ptr [rsp+0x18], 0x3b936bb7 }
{ r9 = ff  TRACKED_ARITHM: add r9, qword ptr [rsi+0x90] }
{ r9 = 140093cbf  TRACKED_ARITHM_RES  }
{ rdx = ffffff00ffffffff  TRACKED_ARITHM: and rdi, rdx }
{ rdi = ffffff009866ed9f  TRACKED_ARITHM_RES  }
{ rdx = ff00000000  TRACKED_ARITHM: or rdi, rdx }
{ rdi = ffffffff9866ed9f  TRACKED_ARITHM_RES  }
{ rax = ff  TRACKED_ARITHM: add rax, qword ptr [r15+0xa8] }
{ rax = 140093cbf  TRACKED_ARITHM_RES  }
{ rdx = ffffffffffffff  TRACKED_ARITHM: and r13, rdx }
{ r13 = ffffff9866ed9f  TRACKED_ARITHM_RES  }
{ rdx = ff00000000000000  TRACKED_ARITHM: or r13, rdx }
{ r13 = ffffffff9866ed9f  TRACKED_ARITHM_RES  }
{ r12 = 1400011f0  TRACKED_TEST r15 = ffffffff9866ed9f UNK: #[ res -= 0x1787d53da ;  res ^= 0xfffffffe8882ace6 ]  }


{ [rsp]  -> bae081; rsp = 537e030  !!! TRACKED_MULTIPLYING: #[ res = 61 * 0xbae081 ] // [CNTR: 0]  }
{ rbp = 6a288750  !!! TRACKED_MULTIPLYING: #[ m = 69 * 0xc2483b ]  #[ res += 0x2359766f ]// [CNTR: 1]  }
{ rsi = 6a288750  TRACKED_CHANGED BY: xor rsi, qword ptr [rdi+0xe8] #[ res ^= m ]  }
{ rsi = 25872763  TRACKED_CHANGED  -> VAL: 25872763 }
{ r15 = 1101f91ba  !!! TRACKED_MULTIPLYING: #[ m = 6d * 0x520ee2 ]  UNK: #[ res += 0xea986a57 ;  res ^= 0x13598b6d9 ] // [CNTR: 2]  }
{ rbx = 1101f91ba  TRACKED_CHANGED BY: sub rbx, qword ptr [rbp+0xe0] #[ res -= m ]  }
{ rbx = ed2f3b80  TRACKED_CHANGED  -> VAL: ed2f3b80 }
{ rsi = 4bd0ba94  !!! TRACKED_MULTIPLYING: #[ m = 38 * 0x9864ba ]  UNK: #[ res -= 0xa15e80ec ;  res ^= 0xa6ff8114 ] // [CNTR: 3]  }
{ r15 = 4bd0ba94  TRACKED_CHANGED BY: add r15, qword ptr [r13+0xa0] #[ res += m ]  }
{ r15 = 6d26c344  TRACKED_CHANGED  -> VAL: 6d26c344 }
{ rbx = afa9f84b  !!! TRACKED_MULTIPLYING: #[ m = 30 * 0x7cd278 ]  UNK: #[ res += 0x42833507 ;  res ^= 0xc28f3b0f ] // [CNTR: 4]  }
{ rbx = afa9f84b  TRACKED_CHANGED BY: sub rbx, qword ptr [rax+0xa0] #[ res -= m ]  }
{ rbx = 984281cb  TRACKED_CHANGED  -> VAL: 984281cb }
{ r12 = ae4969da  !!! TRACKED_MULTIPLYING: #[ m = 34 * 0xbe6605 ]  UNK: #[ res += 0x1606e80f ;  res ^= 0x360be811 ] // [CNTR: 5]  }
{ r12 = ae4969da  TRACKED_CHANGED BY: xor r12, qword ptr [r10+0xb0] #[ res ^= m ]  }
{ r12 = 88e5d0de  TRACKED_CHANGED  -> VAL: 88e5d0de }
{ rdi = 3c535651  !!! TRACKED_MULTIPLYING: #[ m = 65 * 0x3bd2e8 ]  UNK: #[ res -= 0x4c927a8d ;  res ^= 0xb4b6868f ] // [CNTR: 6]  }
{ rsi = 3c535651  TRACKED_CHANGED BY: add rsi, qword ptr [rbx+0xf0] #[ res += m ]  }
{ rsi = 53ed8bd9  TRACKED_CHANGED  -> VAL: 53ed8bd9 }
{ rdi = 10b7e5bac  !!! TRACKED_MULTIPLYING: #[ m = 43 * 0x548c2b ]  UNK: #[ res += 0xb790cfd3 ;  res ^= 0x15893d075 ] // [CNTR: 7]  }
{ rbp = 10b7e5bac  TRACKED_CHANGED BY: sub rbp, qword ptr [r12+0xe8] #[ res -= m ]  TRACKED_ARITHM: sub rbp, qword ptr [r12+0xe8] }
{ rbp = f55dac6b  TRACKED_CHANGED  -> VAL: f55dac6b TRACKED_ARITHM_RES  }
{ rdx = 14007dac0  TRACKED_ARITHM: add rdx, qword ptr [rcx+0xf0] }
{ rdx = 14007db2b  TRACKED_ARITHM_RES  }
{ rbx = 100  TRACKED_ARITHM: add qword ptr [rcx+0xa0], rbx }
{ r14 = 6b  TRACKED_ARITHM: add r14, qword ptr [rdi+0xd8] }
{ r14 = 14007da2b  TRACKED_ARITHM_RES  }
{ r8 = 1400262c0  TRACKED_ARITHM: add r8, qword ptr [rax+0xe0] }
{ r8 = 14002636d  TRACKED_ARITHM_RES  }
{  TRACKED_ARITHM: add qword ptr [rax+0x90], r10 }
{ r11 = ad  TRACKED_ARITHM: add r11, qword ptr [r8+0xe0] }
{ r11 = 14002626d  TRACKED_ARITHM_RES  }
{ rdx = ffffffffffff00ff  TRACKED_ARITHM: and r14, rdx }
{ r14 = f55d0037  TRACKED_ARITHM_RES  }
{ rdx = b100  TRACKED_ARITHM: or r14, rdx }
{ r14 = f55db137  TRACKED_ARITHM_RES  }
{ r15 = 14002a8c0  TRACKED_ARITHM: add r15, qword ptr [r12+0xe0] }
{ r15 = 14002a91d  TRACKED_ARITHM_RES  }
{  TRACKED_ARITHM: add qword ptr [r12+0xd8], r11 }
{ r15 = 5d  TRACKED_ARITHM: add r15, qword ptr [rdx+0xe8] }
{ r15 = 14002a81d  TRACKED_ARITHM_RES  }
{ rbx = ffffffffff00ffff  TRACKED_ARITHM: and r14, rbx }
{ r14 = f500b137  TRACKED_ARITHM_RES  }
{ rbx = 6b0000  TRACKED_ARITHM: or r14, rbx }
{ r14 = f56bb137  TRACKED_ARITHM_RES  }
{ r8 = 140036cc0  TRACKED_ARITHM: add r8, qword ptr [rbx+0xa8] }
{ r8 = 140036db5  TRACKED_ARITHM_RES  }
{ r13 = 100000000  TRACKED_ARITHM: add qword ptr [rbx+0xb0], r13 }
{ rdi = f5  TRACKED_ARITHM: add rdi, qword ptr [rcx+0xa8] }
{ rdi = 140036cb5  TRACKED_ARITHM_RES  }
{ r8 = ffffffff00ffffff  TRACKED_ARITHM: and r12, r8 }
{ r12 = 1006bb137  TRACKED_ARITHM_RES  }
{ r8 = 1f000000  TRACKED_ARITHM: or r12, r8 }
{ r12 = 11f6bb137  TRACKED_ARITHM_RES  }
{ rbp = 140898770  TRACKED_ARITHM: add rbp, qword ptr [r10+0xb0] }
{  TRACKED_ARITHM: add qword ptr [r10+0xa0], rcx }


{ [rsp]  -> 614045b2; rsp = 5262590  TRACKED_ARITHM: add qword ptr [rsp+0x20], 0x6d111209 }
{ rax = 0  TRACKED_ARITHM: add rax, qword ptr [r15+0xe8] }
{ rax = 1400247c0  TRACKED_ARITHM_RES  }
{ rax = ff00ffffffffffff  TRACKED_ARITHM: and r12, rax }
{  TRACKED_ARITHM: or r12, rax }
{ r14 = 0  TRACKED_ARITHM: add r14, qword ptr [rbp+0xe8] }
{ r14 = 1400247c0  TRACKED_ARITHM_RES  }
{ rax = ffffffffffffff  TRACKED_ARITHM: and r13, rax }
{  TRACKED_ARITHM: or r13, rax }
{ r14 = 1400646c0  TRACKED_ARITHM: add r14, qword ptr [r10+0xe0] }
{ r14 = 1400646f7  TRACKED_ARITHM_RES  }
{ rdi = 100  TRACKED_ARITHM: sub qword ptr [r10+0xf0], rdi }
{ r12 = 37  TRACKED_ARITHM: add r12, qword ptr [rsi+0xa0] }
{ r12 = 1400645f7  TRACKED_ARITHM_RES  }
{ r12 = 14005f9c0  TRACKED_ARITHM: add r12, qword ptr [r8+0xd8] }
{ r12 = 14005fa70  TRACKED_ARITHM_RES  }
{  TRACKED_ARITHM: sub qword ptr [r8+0x90], rdi }


{ [rsp]  -> 55e216f2; rsp = 5253d98  TRACKED_ARITHM: add qword ptr [rsp+0x18], 0x3f4d30a1 }
{ r11 = b0  TRACKED_ARITHM: add r11, qword ptr [rax+0x90] }
{ r11 = 14005f970  TRACKED_ARITHM_RES  }
{ rdi = ffffffffffff00ff  TRACKED_ARITHM: and rbx, rdi }
{ rbx = 11f6b00a5  TRACKED_ARITHM_RES  }
{ rdi = 2900  TRACKED_ARITHM: or rbx, rdi }
{ rbx = 11f6b29a5  TRACKED_ARITHM_RES  }
{ r14 = 14003a6c0  TRACKED_ARITHM: add r14, qword ptr [r12+0xe8] }
{ r14 = 14003a72b  TRACKED_ARITHM_RES  }
{  TRACKED_ARITHM: sub qword ptr [r12+0xd8], r11 }


{ [rsp]  -> 61230d3a; rsp = 524e690  TRACKED_ARITHM: add qword ptr [rsp+0x20], 0x53b328af }
{ r9 = 6b  TRACKED_ARITHM: add r9, qword ptr [r14+0xa0] }
{ r9 = 14003a62b  TRACKED_ARITHM_RES  }
{ r10 = ffffffffff00ffff  TRACKED_ARITHM: and r13, r10 }
{ r13 = 11f0029a5  TRACKED_ARITHM_RES  }
{ r10 = 390000  TRACKED_ARITHM: or r13, r10 }
{ r13 = 11f3929a5  TRACKED_ARITHM_RES  }
{ rax = 140032fc0  TRACKED_ARITHM: add rax, qword ptr [r14+0xe0] }
{ rax = 140032fdf  TRACKED_ARITHM_RES  }
{ rsi = 100000000  TRACKED_ARITHM: sub qword ptr [r14+0xe8], rsi }


{ [rsp]  -> 7e202189; rsp = 5248f90  TRACKED_ARITHM: add qword ptr [rsp+0x20], 0x519b0577 }
{ r15 = 1f  TRACKED_ARITHM: add r15, qword ptr [r8+0xe8] }
{ r15 = 140032edf  TRACKED_ARITHM_RES  }
{ r9 = ffffffff00ffffff  TRACKED_ARITHM: and r14, r9 }
{ r14 = 3929a5  TRACKED_ARITHM_RES  }
{ r9 = fe000000  TRACKED_ARITHM: or r14, r9 }
{ r14 = fe3929a5  TRACKED_ARITHM_RES  }
{ rbx = 1400256c0  TRACKED_ARITHM: add rbx, qword ptr [r10+0xd8] }
{ r11 = 10000000000  TRACKED_ARITHM: sub qword ptr [r10+0xb0], r11 }
{ rdx = 0  TRACKED_ARITHM: add rdx, qword ptr [rsi+0xa0] }
{ rdx = 1400255c0  TRACKED_ARITHM_RES  }
{ rcx = ffffff00ffffffff  TRACKED_ARITHM: and r13, rcx }
{ rcx = fe00000000  TRACKED_ARITHM: or r13, rcx }
{ r13 = fffffffefe3929a5  TRACKED_ARITHM_RES  }
{ r15 = 140898870  TRACKED_ARITHM: add r15, qword ptr [rdx+0xf0] }
{ r15 = 14089896f  TRACKED_ARITHM_RES  }
{  TRACKED_ARITHM: sub qword ptr [rdx+0xa0], r13 }
{ rdx = ff  TRACKED_ARITHM: add rdx, qword ptr [r14+0xd8] }
{ rdx = 1400249bf  TRACKED_ARITHM_RES  }
{ r10 = ff00ffffffffffff  TRACKED_ARITHM: and r13, r10 }
{ r13 = ff00fffefe3929a5  TRACKED_ARITHM_RES  }
{ r10 = ff000000000000  TRACKED_ARITHM: or r13, r10 }
{ r13 = fffffffefe3929a5  TRACKED_ARITHM_RES  }


{ [rsp]  -> 10b50d9; rsp = 5239910  TRACKED_ARITHM: add qword ptr [rsp+0x20], 0x21d43c04 }
{ r15 = 39  TRACKED_ARITHM: add r15, qword ptr [r12+0xd8] }
{ r15 = 1400246f9  TRACKED_ARITHM_RES  }
{ r14 = ffffffffff00ffff  TRACKED_ARITHM: and r13, r14 }
{ r13 = fffffffefe0029a5  TRACKED_ARITHM_RES  }
{ r14 = 390000  TRACKED_ARITHM: or r13, r14 }
{ r13 = fffffffefe3929a5  TRACKED_ARITHM_RES  }
{ r9 = fe  TRACKED_ARITHM: add r9, qword ptr [rax+0xd8] }
{ r9 = 1400247be  TRACKED_ARITHM_RES  }
{ rax = ffffffff00ffffff  TRACKED_ARITHM: and r14, rax }
{ r14 = fffffffe003929a5  TRACKED_ARITHM_RES  }
{ rax = fe000000  TRACKED_ARITHM: or r14, rax }
{ r14 = fffffffefe3929a5  TRACKED_ARITHM_RES  }


{ [rsp]  -> 60b259ea; rsp = 522f998  TRACKED_ARITHM: add qword ptr [rsp+0x18], 0x1ba9615c }
{ r10 = fe  TRACKED_ARITHM: add r10, qword ptr [rdx+0xa0] }
{ r10 = 1400247be  TRACKED_ARITHM_RES  }
{ rcx = ffffff00ffffffff  TRACKED_ARITHM: and rsi, rcx }
{ rsi = ffffff00fe3929a5  TRACKED_ARITHM_RES  }
{ rcx = fe00000000  TRACKED_ARITHM: or rsi, rcx }
{ rsi = fffffffefe3929a5  TRACKED_ARITHM_RES  }


{ [rsp]  -> 6df02dac; rsp = 522a290  TRACKED_ARITHM: add qword ptr [rsp+0x20], 0x3e99124c }
{ rcx = ff  TRACKED_ARITHM: add rcx, qword ptr [r11+0xd8] }
{ rcx = 1400247bf  TRACKED_ARITHM_RES  }
{ r9 = ffff00ffffffffff  TRACKED_ARITHM: and r14, r9 }
{ r14 = ffff00fefe3929a5  TRACKED_ARITHM_RES  }
{ r9 = ff0000000000  TRACKED_ARITHM: or r14, r9 }
{ r14 = fffffffefe3929a5  TRACKED_ARITHM_RES  }


{ [rsp]  -> 166678ff; rsp = 5225a10  TRACKED_ARITHM: add qword ptr [rsp+0x20], 0x143a48dd }
{ rcx = ff  TRACKED_ARITHM: add rcx, qword ptr [r12+0xe8] }
{ rcx = 1400247bf  TRACKED_ARITHM_RES  }
{ r15 = ff00ffffffffffff  TRACKED_ARITHM: and r13, r15 }
{ r13 = ff00fffefe3929a5  TRACKED_ARITHM_RES  }
{ r15 = ff000000000000  TRACKED_ARITHM: or r13, r15 }
{ r13 = fffffffefe3929a5  TRACKED_ARITHM_RES  }
{ rcx = ff  TRACKED_ARITHM: add rcx, qword ptr [r9+0xf0] }
{ rcx = 1400247bf  TRACKED_ARITHM_RES  }
{ r15 = ffffffffffffff  TRACKED_ARITHM: and rdi, r15 }
{ rdi = fffffefe3929a5  TRACKED_ARITHM_RES  }
{ r15 = ff00000000000000  TRACKED_ARITHM: or rdi, r15 }
{ rdi = fffffffefe3929a5  TRACKED_ARITHM_RES  }
{ rdi = 1400011f0  TRACKED_TEST r13 = fffffffefe3929a5 UNK: #[ res -= 0x1f72482c6 ;  res ^= 0xfffffffe0b6485ce ]  }


{ [rsp]  -> fb213b; rsp = 521ac30  !!! TRACKED_MULTIPLYING: #[ res = 62 * 0xfb213b ] // [CNTR: 0]  }
{ rbp = fffffffff8aee253  !!! TRACKED_MULTIPLYING: #[ m = 39 * 0xde6876 ]  #[ res -= 0x6773d643 ]// [CNTR: 1]  }
{ rbp = fffffffff8aee253  TRACKED_CHANGED BY: xor rbp, qword ptr [rbx+0xd8] #[ res ^= m ]  }
{ rbp = ffffffffc92ba015  TRACKED_CHANGED  -> VAL: ffffffffc92ba015 }
{ r12 = ffffffff4f625df6  !!! TRACKED_MULTIPLYING: #[ m = 6f * 0x629ff7 ]  UNK: #[ res -= 0x79c9421f ;  res ^= 0x8649fde3 ] // [CNTR: 2]  }
{ rbp = ffffffff4f625df6  TRACKED_CHANGED BY: xor rbp, qword ptr [r11+0xa8] #[ res ^= m ]  }
{ rbp = ffffffff65a101ef  TRACKED_CHANGED  -> VAL: ffffffff65a101ef }
{ r13 = ffffffffc54fb3ec  !!! TRACKED_MULTIPLYING: #[ m = 6a * 0xdbb107 ]  UNK: #[ res += 0x5faeb1fd ;  res ^= 0xa0eeb203 ] // [CNTR: 3]  }
{ rsi = ffffffffc54fb3ec  TRACKED_CHANGED BY: sub rsi, qword ptr [r15+0xd8] #[ res -= m ]  }
{ rsi = ffffffff6a586706  TRACKED_CHANGED  -> VAL: ffffffff6a586706 }
{ rsi = fffffffffef20c64  !!! TRACKED_MULTIPLYING: #[ m = 31 * 0x262675 ]  UNK: #[ res += 0x9499a55e ;  res ^= 0x94aa6b62 ] // [CNTR: 4]  }
{ r14 = fffffffffef20c64  TRACKED_CHANGED BY: sub r14, qword ptr [r15+0x90] #[ res -= m ]  }
{ r14 = fffffffff7a4afff  TRACKED_CHANGED  -> VAL: fffffffff7a4afff }
{ rdi = ffffffff17d55b77  !!! TRACKED_MULTIPLYING: #[ m = 35 * 0xd691c5 ]  UNK: #[ res -= 0xdfcf5488 ;  res ^= 0xe071f488 ] // [CNTR: 5]  }
{ rdi = ffffffff17d55b77  TRACKED_CHANGED BY: add rdi, qword ptr [rcx+0xa8] #[ res += m ]  }
{ rdi = ffffffff44418940  TRACKED_CHANGED  -> VAL: ffffffff44418940 }
{ r13 = fffffffee902a1fa  !!! TRACKED_MULTIPLYING: #[ m = 44 * 0xcafc93 ]  UNK: #[ res -= 0x5b3ee746 ;  res ^= 0x1ad4328ba ] // [CNTR: 6]  }
{ rdi = fffffffee902a1fa  TRACKED_CHANGED BY: sub rdi, qword ptr [rdx+0xb0] #[ res -= m ]  }
{ rdi = fffffffeb3178aee  TRACKED_CHANGED  -> VAL: fffffffeb3178aee }
{ rsi = fffffffea1fbaccc  !!! TRACKED_MULTIPLYING: #[ m = 66 * 0x81f945 ]  UNK: #[ res -= 0x111bde22 ;  res ^= 0x12ec2622 ] // [CNTR: 7]  }
{ rbp = fffffffea1fbaccc  TRACKED_CHANGED BY: sub rbp, qword ptr [r10+0xf0] #[ res -= m ]  TRACKED_ARITHM: sub rbp, qword ptr [r10+0xf0] }
{ rbp = fffffffe6e325b4e  TRACKED_CHANGED  -> VAL: fffffffe6e325b4e TRACKED_ARITHM_RES  }
{ rbp = 1400280c0  TRACKED_ARITHM: add rbp, qword ptr [r14+0xa0] }
{ rbp = 14002810e  TRACKED_ARITHM_RES  }
{  TRACKED_ARITHM: sub qword ptr [r14+0xf0], r10 }
{ rax = 4e  TRACKED_ARITHM: add rax, qword ptr [r14+0xe8] }
{ rax = 14002800e  TRACKED_ARITHM_RES  }
{ rdi = 14003e5c0  TRACKED_ARITHM: add rdi, qword ptr [rsi+0x90] }
{ rdi = 14003e61b  TRACKED_ARITHM_RES  }
{  TRACKED_ARITHM: sub qword ptr [rsi+0xa0], r8 }


{ [rsp]  -> e454676; rsp = 5145c90  TRACKED_ARITHM: add qword ptr [rsp+0x20], 0x53dc73a5 }
{ rdi = 5b  TRACKED_ARITHM: add rdi, qword ptr [r12+0xa0] }
{ rdi = 14003e51b  TRACKED_ARITHM_RES  }
{ rax = ffffffffffff00ff  TRACKED_ARITHM: and r15, rax }
{ r15 = fffffffe6e320046  TRACKED_ARITHM_RES  }
{ rax = 2000  TRACKED_ARITHM: or r15, rax }
{ r15 = fffffffe6e322046  TRACKED_ARITHM_RES  }
{ r15 = 140025dc0  TRACKED_ARITHM: add r15, qword ptr [rcx+0x90] }
{ r15 = 140025df2  TRACKED_ARITHM_RES  }
{  TRACKED_ARITHM: sub qword ptr [rcx+0xe8], rbp }
{ rcx = 32  TRACKED_ARITHM: add rcx, qword ptr [rax+0xa0] }
{ rcx = 140025cf2  TRACKED_ARITHM_RES  }
{ r12 = ffffffffff00ffff  TRACKED_ARITHM: and rbp, r12 }
{ rbp = fffffffe6e002046  TRACKED_ARITHM_RES  }
{ r12 = 2f0000  TRACKED_ARITHM: or rbp, r12 }
{ rbp = fffffffe6e2f2046  TRACKED_ARITHM_RES  }
{ rcx = 1400638c0  TRACKED_ARITHM: add rcx, qword ptr [rsi+0xe8] }
{ rcx = 14006392e  TRACKED_ARITHM_RES  }
{ r13 = 100000000  TRACKED_ARITHM: sub qword ptr [rsi+0x90], r13 }
{ rcx = 6e  TRACKED_ARITHM: add rcx, qword ptr [r8+0xf0] }
{ rcx = 14006382e  TRACKED_ARITHM_RES  }
{ rsi = ffffffff00ffffff  TRACKED_ARITHM: and rbx, rsi }
{ rbx = fffffffd002f2046  TRACKED_ARITHM_RES  }
{ rsi = de000000  TRACKED_ARITHM: or rbx, rsi }
{ rbx = fffffffdde2f2046  TRACKED_ARITHM_RES  }
{ rdi = 140898870  TRACKED_ARITHM: add rdi, qword ptr [r8+0xa0] }
{ rdi = 14089896f  TRACKED_ARITHM_RES  }
{  TRACKED_ARITHM: sub qword ptr [r8+0xe0], r15 }


{ [rsp]  -> 3e704929; rsp = 5138310  TRACKED_ARITHM: add qword ptr [rsp+0x20], 0x6f337706 }
{ rax = ff  TRACKED_ARITHM: add rax, qword ptr [r10+0xe8] }
{ rax = 1400249bf  TRACKED_ARITHM_RES  }
{ r13 = ffff00ffffffffff  TRACKED_ARITHM: and rsi, r13 }
{ rsi = ffff00fdde2f2046  TRACKED_ARITHM_RES  }
{ r13 = ff0000000000  TRACKED_ARITHM: or rsi, r13 }
{ rsi = fffffffdde2f2046  TRACKED_ARITHM_RES  }
{ r12 = 14007f1c0  TRACKED_ARITHM: add r12, qword ptr [rsi+0xf0] }
{ r12 = 14007f206  TRACKED_ARITHM_RES  }
{ r13 = 100  TRACKED_ARITHM: sub qword ptr [rsi+0xa8], r13 }


{ [rsp]  -> 321c5d8a; rsp = 5133a98  TRACKED_ARITHM: add qword ptr [rsp+0x18], 0x185a668d }
{ rdi = 46  TRACKED_ARITHM: add rdi, qword ptr [r12+0xb0] }
{ rdi = 14007f106  TRACKED_ARITHM_RES  }
{ rbp = 1400829c0  TRACKED_ARITHM: add rbp, qword ptr [rdx+0xa8] }
{ rbp = 1400829df  TRACKED_ARITHM_RES  }
{ rdi = 10000  TRACKED_ARITHM: sub qword ptr [rdx+0xe0], rdi }


{ [rsp]  -> bd25e0a; rsp = 512f218  TRACKED_ARITHM: add qword ptr [rsp+0x18], 0x6d2a7138 }
{ r15 = 1f  TRACKED_ARITHM: add r15, qword ptr [r9+0xe8] }
{ r15 = 1400828df  TRACKED_ARITHM_RES  }
{ r15 = ffffffffffff00ff  TRACKED_ARITHM: and r13, r15 }
{ r13 = fffffffdde2e0077  TRACKED_ARITHM_RES  }
{ r15 = 4800  TRACKED_ARITHM: or r13, r15 }
{ r13 = fffffffdde2e4877  TRACKED_ARITHM_RES  }
{ r13 = 1400447c0  TRACKED_ARITHM: add r13, qword ptr [rbx+0xe0] }
{ r13 = 1400447ee  TRACKED_ARITHM_RES  }
{ r14 = 1000000  TRACKED_ARITHM: sub qword ptr [rbx+0xf0], r14 }
{ r9 = 2e  TRACKED_ARITHM: add r9, qword ptr [r8+0xd8] }
{ r9 = 1400446ee  TRACKED_ARITHM_RES  }
{ r9 = ffffffffff00ffff  TRACKED_ARITHM: and r14, r9 }
{ r14 = fffffffddd004877  TRACKED_ARITHM_RES  }
{ r9 = e50000  TRACKED_ARITHM: or r14, r9 }
{ r14 = fffffffddde54877  TRACKED_ARITHM_RES  }
{ r8 = 14004fdc0  TRACKED_ARITHM: add r8, qword ptr [r10+0x90] }
{ r8 = 14004fe9d  TRACKED_ARITHM_RES  }
{  TRACKED_ARITHM: sub qword ptr [r10+0xb0], rdi }
{ rbp = dd  TRACKED_ARITHM: add rbp, qword ptr [r11+0xf0] }
{ rbp = 14004fd9d  TRACKED_ARITHM_RES  }
{ r12 = ffffffff00ffffff  TRACKED_ARITHM: and rsi, r12 }
{ rsi = fffffffd00e54877  TRACKED_ARITHM_RES  }
{ r12 = 7a000000  TRACKED_ARITHM: or rsi, r12 }
{ rsi = fffffffd7ae54877  TRACKED_ARITHM_RES  }
{ r13 = 1400933c0  TRACKED_ARITHM: add r13, qword ptr [r14+0x90] }
{ r13 = 1400934bd  TRACKED_ARITHM_RES  }
{  TRACKED_ARITHM: sub qword ptr [r14+0xe8], rdi }


{ [rsp]  -> 19376cc3; rsp = 511fb98  TRACKED_ARITHM: add qword ptr [rsp+0x18], 0x13b12c39 }
{ rsi = fd  TRACKED_ARITHM: add rsi, qword ptr [r10+0xd8] }
{ rsi = 1400933bd  TRACKED_ARITHM_RES  }
{ rbp = ffffff00ffffffff  TRACKED_ARITHM: and r14, rbp }
{ r14 = ffffff007ae54877  TRACKED_ARITHM_RES  }
{  TRACKED_ARITHM: or r14, rbp }
{ r14 = 1400941c0  TRACKED_ARITHM: add r14, qword ptr [rsi+0xd8] }
{ r14 = 1400942bf  TRACKED_ARITHM_RES  }
{  TRACKED_ARITHM: sub qword ptr [rsi+0xe0], r13 }


{ [rsp]  -> 7c18200d; rsp = 511b318  TRACKED_ARITHM: add qword ptr [rsp+0x18], 0x657d4060 }
{ rdi = ff  TRACKED_ARITHM: add rdi, qword ptr [r11+0xe8] }
{ rdi = 1400941bf  TRACKED_ARITHM_RES  }
{ rbx = ffff00ffffffffff  TRACKED_ARITHM: and r12, rbx }
{ r12 = ffff00007ae54877  TRACKED_ARITHM_RES  }
{  TRACKED_ARITHM: or r12, rbx }
{ r10 = 1400941c0  TRACKED_ARITHM: add r10, qword ptr [rbx+0xb0] }
{ r10 = 1400942bf  TRACKED_ARITHM_RES  }
{  TRACKED_ARITHM: sub qword ptr [rbx+0xe0], rdx }
{ rsi = ff  TRACKED_ARITHM: add rsi, qword ptr [rbp+0xa8] }
{ rsi = 1400941bf  TRACKED_ARITHM_RES  }
{ r8 = ff00ffffffffffff  TRACKED_ARITHM: and r13, r8 }
{ r13 = ff0000007ae54877  TRACKED_ARITHM_RES  }
{  TRACKED_ARITHM: or r13, r8 }
{ r11 = ff  TRACKED_ARITHM: add r11, qword ptr [r14+0xb0] }
{ r11 = 1400941bf  TRACKED_ARITHM_RES  }
{ r9 = ffffffffffffff  TRACKED_ARITHM: and r15, r9 }
{ r15 = 7ae54877  TRACKED_ARITHM_RES  }
{  TRACKED_ARITHM: or r15, r9 }


{ [rsp]  -> 684d341d; rsp = 510bc90  TRACKED_ARITHM: add qword ptr [rsp+0x20], 0x4efc2518 }
{ rdx = 48  TRACKED_ARITHM: add rdx, qword ptr [r12+0xe0] }
{ rdx = 140093c08  TRACKED_ARITHM_RES  }
{ rdx = ffffffffffff00ff  TRACKED_ARITHM: and rbp, rdx }
{ rbp = 7ae50077  TRACKED_ARITHM_RES  }
{ rdx = 4800  TRACKED_ARITHM: or rbp, rdx }
{ rbp = 7ae54877  TRACKED_ARITHM_RES  }
{ rdi = 7a  TRACKED_ARITHM: add rdi, qword ptr [r12+0xa8] }
{ rdi = 140093c3a  TRACKED_ARITHM_RES  }
{ rdi = ffffffff00ffffff  TRACKED_ARITHM: and rbx, rdi }
{ rbx = e54877  TRACKED_ARITHM_RES  }
{ rdi = 7a000000  TRACKED_ARITHM: or rbx, rdi }
{ rbx = 7ae54877  TRACKED_ARITHM_RES  }
{  TRACKED_ARITHM: add rbx, qword ptr [r9+0xf0] }
{ rbx = 140093bc0  TRACKED_ARITHM_RES  }
{ r8 = ffff00ffffffffff  TRACKED_ARITHM: and r12, r8 }
{  TRACKED_ARITHM: or r12, r8 }


{ [rsp]  -> 7b006e32; rsp = 50fd490  TRACKED_ARITHM: add qword ptr [rsp+0x20], 0x7f991ab6 }
{  TRACKED_ARITHM: add r13, qword ptr [r15+0xa0] }
{ r13 = 140093bc0  TRACKED_ARITHM_RES  }
{ rbx = ff00ffffffffffff  TRACKED_ARITHM: and rbp, rbx }
{  TRACKED_ARITHM: or rbp, rbx }
{ r10 = 0  TRACKED_ARITHM: add r10, qword ptr [r9+0x90] }
{ r10 = 140093bc0  TRACKED_ARITHM_RES  }
{ r14 = ffffffffffffff  TRACKED_ARITHM: and r15, r14 }
{  TRACKED_ARITHM: or r15, r14 }
{ r13 = 1400011f0  TRACKED_TEST r12 = 7ae54877 UNK: #[ res += 0x20cb2ed29 ;  res ^= 0xfffffffe14d71339 ]  }


{ [rsp]  -> 52f44d; rsp = 50f26b0  !!! TRACKED_MULTIPLYING: #[ res = 41 * 0x52f44d ] // [CNTR: 0]  }
{ r13 = 26a3d769  !!! TRACKED_MULTIPLYING: #[ m = 70 * 0xe6e66e ]  #[ res += 0x1193cfdc ]// [CNTR: 1]  }
{ rbx = 26a3d769  TRACKED_CHANGED BY: xor rbx, qword ptr [rcx+0xb0] #[ res ^= m ]  }
{ rbx = 43a70749  TRACKED_CHANGED  -> VAL: 43a70749 }
{ r13 = 1c498d99  !!! TRACKED_MULTIPLYING: #[ m = 36 * 0xf98017 ]  UNK: #[ res -= 0x275d79b0 ;  res ^= 0x5fee8ad0 ] // [CNTR: 2]  }
{ rdi = 1c498d99  TRACKED_CHANGED BY: sub rdi, qword ptr [r13+0x90] #[ res -= m ]  }
{ rdi = ffffffffe7a888bf  TRACKED_CHANGED  -> VAL: ffffffffe7a888bf }
{ rsi = ffffffffa2c6e4a2  !!! TRACKED_MULTIPLYING: #[ m = 45 * 0x34fcb0 ]  UNK: #[ res -= 0x44e1a41d ;  res ^= 0x456e6c1d ] // [CNTR: 3]  }
{ r15 = ffffffffa2c6e4a2  TRACKED_CHANGED BY: sub r15, qword ptr [rsi+0xb0] #[ res -= m ]  }
{ r15 = ffffffff947ec932  TRACKED_CHANGED  -> VAL: ffffffff947ec932 }
{ r15 = ffffffffbc0e55ea  !!! TRACKED_MULTIPLYING: #[ m = 32 * 0x4d8ba9 ]  UNK: #[ res += 0x278f8cb8 ;  res ^= 0x28709cd8 ] // [CNTR: 4]  }
{ rdi = ffffffffbc0e55ea  TRACKED_CHANGED BY: xor rdi, qword ptr [r8+0xa8] #[ res ^= m ]  }
{ rdi = ffffffffb32b12e8  TRACKED_CHANGED  -> VAL: ffffffffb32b12e8 }
{ r14 = 6873423b  !!! TRACKED_MULTIPLYING: #[ m = 63 * 0x6c7e92 ]  UNK: #[ res += 0xb5482f53 ;  res ^= 0xffffffffdb5850d3 ] // [CNTR: 5]  }
{ rdi = 6873423b  TRACKED_CHANGED BY: xor rdi, qword ptr [r9+0xd8] #[ res ^= m ]  }
{ rdi = 4187b04d  TRACKED_CHANGED  -> VAL: 4187b04d }
{ rbx = 6c79878e  !!! TRACKED_MULTIPLYING: #[ m = 67 * 0xa4711e ]  UNK: #[ res += 0x2af1d741 ;  res ^= 0x2dfe37c3 ] // [CNTR: 6]  }
{ rsi = 6c79878e  TRACKED_CHANGED BY: add rsi, qword ptr [rbp+0xe8] #[ res += m ]  }
{ rsi = aea30aa0  TRACKED_CHANGED  -> VAL: aea30aa0 }
{ rbx = 8c449056  !!! TRACKED_MULTIPLYING: #[ m = 6b * 0x33d374 ]  UNK: #[ res -= 0x225e7a4a ;  res ^= 0x22e79af6 ] // [CNTR: 7]  }
{ r14 = 8c449056  TRACKED_CHANGED BY: add r14, qword ptr [r9+0xa8] #[ res += m ]  TRACKED_ARITHM: add r14, qword ptr [r9+0xa8] }
{ r14 = a1edf1d2  TRACKED_CHANGED  -> VAL: a1edf1d2 TRACKED_ARITHM_RES  }
{ rsi = 14002aac0  TRACKED_ARITHM: add rsi, qword ptr [rbp+0xe8] }
{ rsi = 14002ab92  TRACKED_ARITHM_RES  }
{  TRACKED_ARITHM: sub qword ptr [rbp+0xd8], rdi }


{ [rsp]  -> 34661599; rsp = 5004f90  TRACKED_ARITHM: add qword ptr [rsp+0x20], 0x76ee7d2e }
{ rdx = d2  TRACKED_ARITHM: add rdx, qword ptr [r9+0xd8] }
{ rdx = 14002aa92  TRACKED_ARITHM_RES  }
{ r13 = 140092cc0  TRACKED_ARITHM: add r13, qword ptr [r12+0xe8] }
{ r13 = 140092db1  TRACKED_ARITHM_RES  }
{ r10 = 10000  TRACKED_ARITHM: sub qword ptr [r12+0xb0], r10 }


{ [rsp]  -> 5d1237b4; rsp = 5000710  TRACKED_ARITHM: add qword ptr [rsp+0x20], 0x21d1679c }
{ rbp = f1  TRACKED_ARITHM: add rbp, qword ptr [r15+0x90] }
{ rbp = 140092cb1  TRACKED_ARITHM_RES  }
{ r8 = ffffffffffff00ff  TRACKED_ARITHM: and r14, r8 }
{ r14 = a1ec00c4  TRACKED_ARITHM_RES  }
{ r8 = f500  TRACKED_ARITHM: or r14, r8 }
{ r14 = a1ecf5c4  TRACKED_ARITHM_RES  }
{ rsi = 14005bac0  TRACKED_ARITHM: add rsi, qword ptr [r11+0x90] }
{ rsi = 14005bbac  TRACKED_ARITHM_RES  }
{  TRACKED_ARITHM: sub qword ptr [r11+0xa8], rdi }


{ [rsp]  -> 4c700d14; rsp = 4ffb018  TRACKED_ARITHM: add qword ptr [rsp+0x18], 0x7d72319e }
{ r15 = ec  TRACKED_ARITHM: add r15, qword ptr [rbx+0xd8] }
{ r15 = 14005baac  TRACKED_ARITHM_RES  }
{ rbx = ffffffffff00ffff  TRACKED_ARITHM: and r14, rbx }
{ r14 = a100f5c4  TRACKED_ARITHM_RES  }
{ rbx = 6e0000  TRACKED_ARITHM: or r14, rbx }
{ r14 = a16ef5c4  TRACKED_ARITHM_RES  }
{ rcx = 14002bfc0  TRACKED_ARITHM: add rcx, qword ptr [r12+0xa0] }
{ rcx = 14002c061  TRACKED_ARITHM_RES  }
{  TRACKED_ARITHM: sub qword ptr [r12+0xa8], r8 }
{ rdi = a1  TRACKED_ARITHM: add rdi, qword ptr [r15+0xf0] }
{ rdi = 14002bf61  TRACKED_ARITHM_RES  }
{ r14 = ffffffff00ffffff  TRACKED_ARITHM: and rbx, r14 }
{ rbx = 6ef5c4  TRACKED_ARITHM_RES  }
{ r14 = 90000000  TRACKED_ARITHM: or rbx, r14 }
{ rbx = 906ef5c4  TRACKED_ARITHM_RES  }
{ r10 = 140898870  TRACKED_ARITHM: add r10, qword ptr [r15+0xe0] }
{  TRACKED_ARITHM: sub qword ptr [r15+0xd8], rdi }


{ [rsp]  -> 2987244b; rsp = 4ff1098  TRACKED_ARITHM: add qword ptr [rsp+0x18], 0x1d0211c9 }
{ rbp = 0  TRACKED_ARITHM: add rbp, qword ptr [r11+0x90] }
{ rbp = 1400248c0  TRACKED_ARITHM_RES  }
{ r10 = ffffff00ffffffff  TRACKED_ARITHM: and r13, r10 }
{  TRACKED_ARITHM: or r13, r10 }
{ r8 = 140898870  TRACKED_ARITHM: add r8, qword ptr [r15+0xa8] }
{  TRACKED_ARITHM: sub qword ptr [r15+0xe0], rdx }


{ [rsp]  -> 380e0e81; rsp = 4feb990  TRACKED_ARITHM: add qword ptr [rsp+0x20], 0x18cf1a83 }
{ rsi = 0  TRACKED_ARITHM: add rsi, qword ptr [rbx+0x90] }
{ rsi = 1400248c0  TRACKED_ARITHM_RES  }
{ rsi = ffff00ffffffffff  TRACKED_ARITHM: and rbp, rsi }
{  TRACKED_ARITHM: or rbp, rsi }
{ rbx = 140898870  TRACKED_ARITHM: add rbx, qword ptr [rcx+0x90] }
{  TRACKED_ARITHM: sub qword ptr [rcx+0xa0], rbx }
{ r10 = 0  TRACKED_ARITHM: add r10, qword ptr [rdi+0xf0] }
{ r10 = 1400248c0  TRACKED_ARITHM_RES  }
{ r13 = ff00ffffffffffff  TRACKED_ARITHM: and rbx, r13 }
{  TRACKED_ARITHM: or rbx, r13 }


{ [rsp]  -> 9dc31d0; rsp = 4fe0b90  TRACKED_ARITHM: add qword ptr [rsp+0x20], 0x24a64ada }
{  TRACKED_ARITHM: add r13, qword ptr [rax+0xa0] }
{ r13 = 1400248c0  TRACKED_ARITHM_RES  }
{ rcx = ffffffffffffff  TRACKED_ARITHM: and r15, rcx }
{  TRACKED_ARITHM: or r15, rcx }
{ rbp = 140062ac0  TRACKED_ARITHM: add rbp, qword ptr [r13+0xa8] }
{ rbp = 140062b84  TRACKED_ARITHM_RES  }
{  TRACKED_ARITHM: sub qword ptr [r13+0xe0], rdx }


{ [rsp]  -> 6cf34824; rsp = 4fdc310  TRACKED_ARITHM: add qword ptr [rsp+0x20], 0x25ae4c96 }
{ r8 = c4  TRACKED_ARITHM: add r8, qword ptr [r15+0xe8] }
{ r8 = 140062a84  TRACKED_ARITHM_RES  }
{ rbp = 140041dc0  TRACKED_ARITHM: add rbp, qword ptr [r13+0x90] }
{ rbp = 140041eb5  TRACKED_ARITHM_RES  }
{  TRACKED_ARITHM: sub qword ptr [r13+0xd8], rsi }
{ r9 = f5  TRACKED_ARITHM: add r9, qword ptr [r8+0xe8] }
{ r9 = 140041db5  TRACKED_ARITHM_RES  }
{ r9 = ffffffffffff00ff  TRACKED_ARITHM: and rbp, r9 }
{ rbp = 906e0036  TRACKED_ARITHM_RES  }
{ r9 = b200  TRACKED_ARITHM: or rbp, r9 }
{ rbp = 906eb236  TRACKED_ARITHM_RES  }
{ rcx = 1400597c0  TRACKED_ARITHM: add rcx, qword ptr [rbx+0xe8] }
{ rcx = 14005982e  TRACKED_ARITHM_RES  }
{ rbp = 1000000  TRACKED_ARITHM: sub qword ptr [rbx+0x90], rbp }
{ r15 = 6e  TRACKED_ARITHM: add r15, qword ptr [r10+0xd8] }
{ r15 = 14005972e  TRACKED_ARITHM_RES  }
{ rsi = ffffffffff00ffff  TRACKED_ARITHM: and r12, rsi }
{ r12 = 8f00b236  TRACKED_ARITHM_RES  }
{ rsi = f50000  TRACKED_ARITHM: or r12, rsi }
{ r12 = 8ff5b236  TRACKED_ARITHM_RES  }
{ rbp = 140064dc0  TRACKED_ARITHM: add rbp, qword ptr [rbx+0xf0] }
{ rbp = 140064e4f  TRACKED_ARITHM_RES  }
{ rcx = 100000000  TRACKED_ARITHM: sub qword ptr [rbx+0xb0], rcx }
{ rax = 8f  TRACKED_ARITHM: add rax, qword ptr [r12+0xf0] }
{ rax = 140064d4f  TRACKED_ARITHM_RES  }
{ rbx = ffffffff00ffffff  TRACKED_ARITHM: and r15, rbx }
{ r15 = ffffffff00f5b236  TRACKED_ARITHM_RES  }
{ rbx = fc000000  TRACKED_ARITHM: or r15, rbx }
{ r15 = fffffffffcf5b236  TRACKED_ARITHM_RES  }


{ [rsp]  -> 16983b41; rsp = 4fc9298  TRACKED_ARITHM: add qword ptr [rsp+0x18], 0x26fc36d5 }
{ r14 = 36  TRACKED_ARITHM: add r14, qword ptr [rcx+0x90] }
{ r14 = 140093bf6  TRACKED_ARITHM_RES  }


{ [rsp]  -> 21dc39bf; rsp = 4fc4a10  TRACKED_ARITHM: add qword ptr [rsp+0x20], 0x750e1822 }
{ r8 = b2  TRACKED_ARITHM: add r8, qword ptr [r15+0xe0] }
{ r8 = 140093c72  TRACKED_ARITHM_RES  }
{ r13 = ffffffffffff00ff  TRACKED_ARITHM: and rsi, r13 }
{ rsi = fffffffffcf50036  TRACKED_ARITHM_RES  }
{ r13 = b200  TRACKED_ARITHM: or rsi, r13 }
{ rsi = fffffffffcf5b236  TRACKED_ARITHM_RES  }


{ [rsp]  -> 469174fc; rsp = 4fc0190  TRACKED_ARITHM: add qword ptr [rsp+0x20], 0x7bba295c }
{ rdi = f5  TRACKED_ARITHM: add rdi, qword ptr [r14+0xd8] }
{ rdi = 140093cb5  TRACKED_ARITHM_RES  }
{ rdi = ffffffffff00ffff  TRACKED_ARITHM: and r13, rdi }
{ r13 = fffffffffc00b236  TRACKED_ARITHM_RES  }
{ rdi = f50000  TRACKED_ARITHM: or r13, rdi }
{ r13 = fffffffffcf5b236  TRACKED_ARITHM_RES  }


{ [rsp]  -> 40f30ab1; rsp = 4fbaa90  TRACKED_ARITHM: add qword ptr [rsp+0x20], 0x50676a1a }
{ r15 = ff  TRACKED_ARITHM: add r15, qword ptr [r10+0x90] }
{ r15 = 140093cbf  TRACKED_ARITHM_RES  }
{ rbx = ff00ffffffffffff  TRACKED_ARITHM: and rbp, rbx }
{ rbp = ff00fffffcf5b236  TRACKED_ARITHM_RES  }
{ rbx = ff000000000000  TRACKED_ARITHM: or rbp, rbx }
{ rbp = fffffffffcf5b236  TRACKED_ARITHM_RES  }
{ r15 = ff  TRACKED_ARITHM: add r15, qword ptr [rbx+0xf0] }
{ r15 = 140093cbf  TRACKED_ARITHM_RES  }
{ rcx = ffffffffffffff  TRACKED_ARITHM: and r13, rcx }
{ r13 = fffffffcf5b236  TRACKED_ARITHM_RES  }
{ rcx = ff00000000000000  TRACKED_ARITHM: or r13, rcx }
{ r13 = fffffffffcf5b236  TRACKED_ARITHM_RES  }
{ rsi = 1400011f0  TRACKED_TEST r12 = fffffffffcf5b236 UNK: #[ res -= 0xa4f83f9c ;  res ^= 0xffffffff5d1843e4 ]  }


{ [rsp]  -> 65ac37; rsp = 4fb0b30  !!! TRACKED_MULTIPLYING: #[ res = 6c * 0x65ac37 ] // [CNTR: 0]  }
{ r14 = 40ca2de4  !!! TRACKED_MULTIPLYING: #[ m = 71 * 0xc6dde0 ]  #[ res += 0x15e586b0 ]// [CNTR: 1]  }
{ r14 = 40ca2de4  TRACKED_CHANGED BY: xor r14, qword ptr [rbx+0xa0] #[ res ^= m ]  }
{ r14 = 170dc204  TRACKED_CHANGED  -> VAL: 170dc204 }
{ r12 = 345908d0  !!! TRACKED_MULTIPLYING: #[ m = 46 * 0x154abd ]  UNK: #[ res += 0x1d4b46cc ;  res ^= 0x2354cad4 ] // [CNTR: 2]  }
{ r13 = 345908d0  TRACKED_CHANGED BY: xor r13, qword ptr [rbp+0xe0] #[ res ^= m ]  }
{ r13 = 318b677e  TRACKED_CHANGED  -> VAL: 318b677e }
{ r12 = cf6e18ab  !!! TRACKED_MULTIPLYING: #[ m = 64 * 0xa5e467 ]  UNK: #[ res += 0x9de2b12d ;  res ^= 0xfee57fd5 ] // [CNTR: 3]  }
{ rdi = cf6e18ab  TRACKED_CHANGED BY: xor rdi, qword ptr [r10+0xb0] #[ res ^= m ]  }
{ rdi = 8fa32097  TRACKED_CHANGED  -> VAL: 8fa32097 }
{ rdi = c0f94586  !!! TRACKED_MULTIPLYING: #[ m = 68 * 0xb6bed6 ]  UNK: #[ res += 0x315624ef ;  res ^= 0x4f5a6511 ] // [CNTR: 4]  }
{ r13 = c0f94586  TRACKED_CHANGED BY: xor r13, qword ptr [r12+0xa0] #[ res ^= m ]  }
{ r13 = 8ac4c376  TRACKED_CHANGED  -> VAL: 8ac4c376 }
{ rbx = 383f12d1  !!! TRACKED_MULTIPLYING: #[ m = 37 * 0x832ae7 ]  UNK: #[ res -= 0x5285b0a5 ;  res ^= 0xb2fbd1a7 ] // [CNTR: 5]  }
{ r13 = 383f12d1  TRACKED_CHANGED BY: sub r13, qword ptr [rdi+0xa0] #[ res -= m ]  }
{ r13 = 1c10db30  TRACKED_CHANGED  -> VAL: 1c10db30 }
{ rdi = 105729a0d  !!! TRACKED_MULTIPLYING: #[ m = 42 * 0xc46330 ]  UNK: #[ res += 0xe961bedd ;  res ^= 0x11962413d ] // [CNTR: 6]  }
{ rsi = 105729a0d  TRACKED_CHANGED BY: add rsi, qword ptr [r14+0xd8] #[ res += m ]  }
{ rsi = 138142c6d  TRACKED_CHANGED  -> VAL: 138142c6d }
{ rbx = ed760f08  !!! TRACKED_MULTIPLYING: #[ m = 33 * 0x3f8467 ]  UNK: #[ res -= 0x4a9e1d65 ;  res ^= 0x1d5622365 ] // [CNTR: 7]  }
{ rbp = ed760f08  TRACKED_CHANGED BY: xor rbp, qword ptr [r12+0xf0] #[ res ^= m ]  TRACKED_ARITHM: xor rbp, qword ptr [r12+0xf0] }
{ rbp = e1d16f8d  TRACKED_CHANGED  -> VAL: e1d16f8d TRACKED_ARITHM_RES  }


{ [rsp]  -> 61d7023b; rsp = 4eb2f10  TRACKED_ARITHM: add qword ptr [rsp+0x20], 0x36d77a3f }
{ r10 = 8d  TRACKED_ARITHM: add r10, qword ptr [r13+0xf0] }
{ r10 = 14007a04d  TRACKED_ARITHM_RES  }
{ rdi = 6f  TRACKED_ARITHM: add rdi, qword ptr [r14+0xe0] }
{ rdi = 14006ab2f  TRACKED_ARITHM_RES  }
{ r13 = ffffffffffff00ff  TRACKED_ARITHM: and r15, r13 }
{ r15 = e1d10049  TRACKED_ARITHM_RES  }
{ r13 = ce00  TRACKED_ARITHM: or r15, r13 }
{ r15 = e1d1ce49  TRACKED_ARITHM_RES  }


{ [rsp]  -> 4b154e0a; rsp = 4ea9e10  TRACKED_ARITHM: add qword ptr [rsp+0x20], 0x6427f02 }
{ rsi = d1  TRACKED_ARITHM: add rsi, qword ptr [r9+0xe8] }
{ rsi = 14006ce91  TRACKED_ARITHM_RES  }
{ rdx = ffffffffff00ffff  TRACKED_ARITHM: and rdi, rdx }
{ rdi = e100ce49  TRACKED_ARITHM_RES  }
{ rdx = 770000  TRACKED_ARITHM: or rdi, rdx }
{ rdi = e177ce49  TRACKED_ARITHM_RES  }
{ r13 = e1  TRACKED_ARITHM: add r13, qword ptr [rbp+0xa8] }
{ r13 = 1400657a1  TRACKED_ARITHM_RES  }
{ r13 = ffffffff00ffffff  TRACKED_ARITHM: and r12, r13 }
{ r12 = 77ce49  TRACKED_ARITHM_RES  }
{ r13 = 74000000  TRACKED_ARITHM: or r12, r13 }
{ r12 = 7477ce49  TRACKED_ARITHM_RES  }
{ r12 = 0  TRACKED_ARITHM: add r12, qword ptr [r8+0xd8] }
{ r12 = 1400245c0  TRACKED_ARITHM_RES  }
{ r15 = ffffff00ffffffff  TRACKED_ARITHM: and rdi, r15 }
{  TRACKED_ARITHM: or rdi, r15 }


{ [rsp]  -> 5fdf4865; rsp = 4e9a798  TRACKED_ARITHM: add qword ptr [rsp+0x18], 0x6e563cab }
{ rsi = 0  TRACKED_ARITHM: add rsi, qword ptr [rbp+0xf0] }
{ rsi = 1400245c0  TRACKED_ARITHM_RES  }
{ rdi = ff00ffffffffffff  TRACKED_ARITHM: and r14, rdi }
{  TRACKED_ARITHM: or r14, rdi }


{ [rsp]  -> 44b92929; rsp = 4e95098  TRACKED_ARITHM: add qword ptr [rsp+0x18], 0x83e3012 }
{ rax = 0  TRACKED_ARITHM: add rax, qword ptr [r11+0xe8] }
{ rax = 1400245c0  TRACKED_ARITHM_RES  }
{ rbp = ffffffffffffff  TRACKED_ARITHM: and r12, rbp }
{  TRACKED_ARITHM: or r12, rbp }
{ rcx = 14002f7c0  TRACKED_ARITHM: add rcx, qword ptr [rdx+0xa8] }
{ rcx = 14002f809  TRACKED_ARITHM_RES  }
{  TRACKED_ARITHM: sub qword ptr [rdx+0xb0], rcx }


{ [rsp]  -> 59001727; rsp = 4e90810  TRACKED_ARITHM: add qword ptr [rsp+0x20], 0x753d4e2c }
{ rdi = 49  TRACKED_ARITHM: add rdi, qword ptr [r11+0xa0] }
{ rdi = 14002f709  TRACKED_ARITHM_RES  }
{ r13 = 14003bbc0  TRACKED_ARITHM: add r13, qword ptr [rcx+0xf0] }
{ r13 = 14003bc8e  TRACKED_ARITHM_RES  }
{  TRACKED_ARITHM: sub qword ptr [rcx+0x90], r14 }


{ [rsp]  -> 3f7f5e43; rsp = 4e8b110  TRACKED_ARITHM: add qword ptr [rsp+0x20], 0x2557133b }
{ r15 = ce  TRACKED_ARITHM: add r15, qword ptr [rdx+0xa0] }
{ r15 = 14003bb8e  TRACKED_ARITHM_RES  }
{ r12 = ffffffffffff00ff  TRACKED_ARITHM: and rsi, r12 }
{ rsi = 74770030  TRACKED_ARITHM_RES  }
{ r12 = 9900  TRACKED_ARITHM: or rsi, r12 }
{ rsi = 74779930  TRACKED_ARITHM_RES  }
{ rsi = 14002aac0  TRACKED_ARITHM: add rsi, qword ptr [r15+0xe0] }
{ rsi = 14002ab37  TRACKED_ARITHM_RES  }
{  TRACKED_ARITHM: sub qword ptr [r15+0xd8], r11 }


{ [rsp]  -> 27081155; rsp = 4e85a18  TRACKED_ARITHM: add qword ptr [rsp+0x18], 0x6143285b }
{ r8 = 77  TRACKED_ARITHM: add r8, qword ptr [r10+0x90] }
{ r8 = 14002aa37  TRACKED_ARITHM_RES  }
{ r11 = ffffffffff00ffff  TRACKED_ARITHM: and rbp, r11 }
{ rbp = 74009930  TRACKED_ARITHM_RES  }
{ r11 = 690000  TRACKED_ARITHM: or rbp, r11 }
{ rbp = 74699930  TRACKED_ARITHM_RES  }
{ r13 = 14002bfc0  TRACKED_ARITHM: add r13, qword ptr [rdi+0xf0] }
{ r13 = 14002c034  TRACKED_ARITHM_RES  }
{  TRACKED_ARITHM: sub qword ptr [rdi+0xd8], r14 }


{ [rsp]  -> 7e3611f6; rsp = 4e80310  TRACKED_ARITHM: add qword ptr [rsp+0x20], 0x25854828 }
{ r14 = 74  TRACKED_ARITHM: add r14, qword ptr [r10+0x90] }
{ r14 = 14002bf34  TRACKED_ARITHM_RES  }
{ r14 = ffffffff00ffffff  TRACKED_ARITHM: and rsi, r14 }
{ rsi = 699930  TRACKED_ARITHM_RES  }
{ r14 = 63000000  TRACKED_ARITHM: or rsi, r14 }
{ rsi = 63699930  TRACKED_ARITHM_RES  }
{ r10 = 140024fc0  TRACKED_ARITHM: add r10, qword ptr [r8+0xb0] }
{ rdx = 10000000000  TRACKED_ARITHM: sub qword ptr [r8+0xd8], rdx }


{ [rsp]  -> 471568f; rsp = 4e7ba90  TRACKED_ARITHM: add qword ptr [rsp+0x20], 0x1be74503 }
{  TRACKED_ARITHM: add rbx, qword ptr [rdi+0xe0] }
{ rbx = 140024ec0  TRACKED_ARITHM_RES  }
{ r10 = ffffff00ffffffff  TRACKED_ARITHM: and rbp, r10 }
{ r10 = ff00000000  TRACKED_ARITHM: or rbp, r10 }
{ rbp = ffffffff63699930  TRACKED_ARITHM_RES  }
{ rdi = 140898870  TRACKED_ARITHM: add rdi, qword ptr [r10+0xa8] }
{ rdi = 14089896f  TRACKED_ARITHM_RES  }
{  TRACKED_ARITHM: sub qword ptr [r10+0xa0], rbx }


{ [rsp]  -> 50d100e4; rsp = 4e76398  TRACKED_ARITHM: add qword ptr [rsp+0x18], 0x51ef73bc }
{ r8 = ff  TRACKED_ARITHM: add r8, qword ptr [rdx+0xd8] }
{ r8 = 1400249bf  TRACKED_ARITHM_RES  }
{ rcx = ffff00ffffffffff  TRACKED_ARITHM: and rdi, rcx }
{ rdi = ffff00ff63699930  TRACKED_ARITHM_RES  }
{ rcx = ff0000000000  TRACKED_ARITHM: or rdi, rcx }
{ rdi = ffffffff63699930  TRACKED_ARITHM_RES  }


{ [rsp]  -> 543d4a09; rsp = 4e71b10  TRACKED_ARITHM: add qword ptr [rsp+0x20], 0x66e27c1a }
{ r9 = ff  TRACKED_ARITHM: add r9, qword ptr [rbp+0xa0] }
{ r9 = 1400249bf  TRACKED_ARITHM_RES  }
{ rdi = ffffffffffffff  TRACKED_ARITHM: and rbx, rdi }
{ rbx = ffffff63699930  TRACKED_ARITHM_RES  }
{ rdi = ff00000000000000  TRACKED_ARITHM: or rbx, rdi }
{ rbx = ffffffff63699930  TRACKED_ARITHM_RES  }
{ r14 = 99  TRACKED_ARITHM: add r14, qword ptr [rbx+0xd8] }
{ r14 = 140024759  TRACKED_ARITHM_RES  }
{ rbp = ffffffffffff00ff  TRACKED_ARITHM: and r13, rbp }
{ r13 = ffffffff63690030  TRACKED_ARITHM_RES  }
{ rbp = 9900  TRACKED_ARITHM: or r13, rbp }
{ r13 = ffffffff63699930  TRACKED_ARITHM_RES  }
{ r11 = ff  TRACKED_ARITHM: add r11, qword ptr [r15+0xa8] }
{ r11 = 1400247bf  TRACKED_ARITHM_RES  }
{ rbx = ffffff00ffffffff  TRACKED_ARITHM: and rbp, rbx }
{ rbp = ffffff0063699930  TRACKED_ARITHM_RES  }
{ rbx = ff00000000  TRACKED_ARITHM: or rbp, rbx }
{ rbp = ffffffff63699930  TRACKED_ARITHM_RES  }


{ [rsp]  -> 7ebc72f5; rsp = 4e62498  TRACKED_ARITHM: add qword ptr [rsp+0x18], 0xf0823d6 }
{ rax = ff  TRACKED_ARITHM: add rax, qword ptr [rdi+0xe8] }
{ rax = 1400247bf  TRACKED_ARITHM_RES  }
{ rdi = ffff00ffffffffff  TRACKED_ARITHM: and r13, rdi }
{ r13 = ffff00ff63699930  TRACKED_ARITHM_RES  }
{ rdi = ff0000000000  TRACKED_ARITHM: or r13, rdi }
{ r13 = ffffffff63699930  TRACKED_ARITHM_RES  }


{ [rsp]  -> 5e18445c; rsp = 4e5cd90  TRACKED_ARITHM: add qword ptr [rsp+0x20], 0x5ab107b6 }
{ rsi = ff  TRACKED_ARITHM: add rsi, qword ptr [rdi+0x90] }
{ rsi = 1400247bf  TRACKED_ARITHM_RES  }
{ r12 = ff00ffffffffffff  TRACKED_ARITHM: and r14, r12 }
{ r14 = ff00ffff63699930  TRACKED_ARITHM_RES  }
{ r12 = ff000000000000  TRACKED_ARITHM: or r14, r12 }
{ r14 = ffffffff63699930  TRACKED_ARITHM_RES  }
{ rax = ff  TRACKED_ARITHM: add rax, qword ptr [rdi+0xe0] }
{ rax = 1400247bf  TRACKED_ARITHM_RES  }
{ rax = ffffffffffffff  TRACKED_ARITHM: and r15, rax }
{ r15 = ffffff63699930  TRACKED_ARITHM_RES  }
{ rax = ff00000000000000  TRACKED_ARITHM: or r15, rax }
{ r15 = ffffffff63699930  TRACKED_ARITHM_RES  }
{ rbp = 1400011f0  TRACKED_TEST r12 = ffffffff63699930 UNK: #[ res -= 0x17e67d65d ;  res ^= 0xffffffff82b8f6bd ]  }


{ [rsp]  -> b74a52; rsp = 4e52e30  !!! TRACKED_MULTIPLYING: #[ res = 69 * 0xb74a52 ] // [CNTR: 0]  }
{ r13 = c879af4a  !!! TRACKED_MULTIPLYING: #[ m = 34 * 0xf22ecd ]  #[ res += 0x7d4c33a8 ]// [CNTR: 1]  }
{ r13 = c879af4a  TRACKED_CHANGED BY: xor r13, qword ptr [r12+0x90] #[ res ^= m ]  }
{ r13 = f9482eee  TRACKED_CHANGED  -> VAL: f9482eee }
{ rbp = c47c3cb3  !!! TRACKED_MULTIPLYING: #[ m = 65 * 0xbef4be ]  UNK: #[ res -= 0x34cbf23b ;  res ^= 0x3d34125d ] // [CNTR: 2]  }
{ rbp = c47c3cb3  TRACKED_CHANGED BY: add rbp, qword ptr [r14+0xa8] #[ res += m ]  }
{ rbp = 10fd2cba9  TRACKED_CHANGED  -> VAL: 10fd2cba9 }
{ r13 = 16f740833  !!! TRACKED_MULTIPLYING: #[ m = 38 * 0x7fe215 ]  UNK: #[ res += 0x5fa13c8a ;  res ^= 0x60a6c39a ] // [CNTR: 3]  }
{ rsi = 16f740833  TRACKED_CHANGED BY: xor rsi, qword ptr [rdx+0xa8] #[ res ^= m ]  }
{ rsi = 1748d7cab  TRACKED_CHANGED  -> VAL: 1748d7cab }
{ r12 = 225d7efc2  !!! TRACKED_MULTIPLYING: #[ m = 61 * 0xdb9f48 ]  UNK: #[ res += 0xb14a7317 ;  res ^= 0x3515a9369 ] // [CNTR: 4]  }
{ r14 = 225d7efc2  TRACKED_CHANGED BY: sub r14, qword ptr [rdi+0xf0] #[ res -= m ]  }
{ r14 = 1d2a0957a  TRACKED_CHANGED  -> VAL: 1d2a0957a }
{ rdi = 115f78f88  !!! TRACKED_MULTIPLYING: #[ m = 6d * 0xbb4276 ]  UNK: #[ res -= 0xbca905f2 ;  res ^= 0xc7571af2 ] // [CNTR: 5]  }
{ r13 = 115f78f88  TRACKED_CHANGED BY: sub r13, qword ptr [rbp+0xa8] #[ res -= m ]  }
{ r13 = c63c434a  TRACKED_CHANGED  -> VAL: c63c434a }
{ rdi = 342e2102  !!! TRACKED_MULTIPLYING: #[ m = 30 * 0xa3fbef ]  UNK: #[ res -= 0x920e2248 ;  res ^= 0xf2126248 ] // [CNTR: 6]  }
{ r12 = 342e2102  TRACKED_CHANGED BY: xor r12, qword ptr [rdi+0xe8] #[ res ^= m ]  }
{ r12 = 2a911dd2  TRACKED_CHANGED  -> VAL: 2a911dd2 }
{ r15 = 76b3f0a5  !!! TRACKED_MULTIPLYING: #[ m = 43 * 0xc5e883 ]  UNK: #[ res += 0x4c22d2d3 ;  res ^= 0x5c22ed77 ] // [CNTR: 7]  }
{ rsi = 76b3f0a5  TRACKED_CHANGED BY: xor rsi, qword ptr [r14+0xb0] #[ res ^= m ]  TRACKED_ARITHM: xor rsi, qword ptr [r14+0xb0] }
{ rsi = 45782aec  TRACKED_CHANGED  -> VAL: 45782aec TRACKED_ARITHM_RES  }


{ [rsp]  -> 76f41c02; rsp = 4d64898  TRACKED_ARITHM: add qword ptr [rsp+0x18], 0x7e7b4328 }
{ rdi = ec  TRACKED_ARITHM: add rdi, qword ptr [rsi+0xe0] }
{ rdi = 14007c3ac  TRACKED_ARITHM_RES  }


{ [rsp]  -> 6e3f4723; rsp = 4d5f190  TRACKED_ARITHM: add qword ptr [rsp+0x20], 0x76045d69 }
{ r12 = 2a  TRACKED_ARITHM: add r12, qword ptr [rbp+0xe0] }
{ r12 = 1400886ea  TRACKED_ARITHM_RES  }
{ r12 = ffffffffffff00ff  TRACKED_ARITHM: and r15, r12 }
{ r15 = 45780025  TRACKED_ARITHM_RES  }
{ r12 = cf00  TRACKED_ARITHM: or r15, r12 }
{ r15 = 4578cf25  TRACKED_ARITHM_RES  }
{ r13 = 78  TRACKED_ARITHM: add r13, qword ptr [rcx+0x90] }
{ r13 = 14006ce38  TRACKED_ARITHM_RES  }
{ r10 = ffffffffff00ffff  TRACKED_ARITHM: and rbx, r10 }
{ rbx = 4500cf25  TRACKED_ARITHM_RES  }
{ r10 = de0000  TRACKED_ARITHM: or rbx, r10 }
{ rbx = 45decf25  TRACKED_ARITHM_RES  }
{ rax = 45  TRACKED_ARITHM: add rax, qword ptr [rsi+0xa8] }
{ rax = 140047405  TRACKED_ARITHM_RES  }
{ rbp = ffffffff00ffffff  TRACKED_ARITHM: and rbx, rbp }
{ rbx = decf25  TRACKED_ARITHM_RES  }
{ rbp = 15000000  TRACKED_ARITHM: or rbx, rbp }
{ rbx = 15decf25  TRACKED_ARITHM_RES  }


{ [rsp]  -> 6a0e3347; rsp = 4d4fb18  TRACKED_ARITHM: add qword ptr [rsp+0x18], 0x2da64f1c }
{ r14 = 0  TRACKED_ARITHM: add r14, qword ptr [r13+0xe8] }
{ r14 = 1400245c0  TRACKED_ARITHM_RES  }
{ rdx = ffffff00ffffffff  TRACKED_ARITHM: and rbx, rdx }
{  TRACKED_ARITHM: or rbx, rdx }


{ [rsp]  -> 92b678d; rsp = 4d4a418  TRACKED_ARITHM: add qword ptr [rsp+0x18], 0x753b7dbd }
{ rdx = 0  TRACKED_ARITHM: add rdx, qword ptr [rdi+0xf0] }
{ rdx = 1400245c0  TRACKED_ARITHM_RES  }
{ r10 = ffffffffffffff  TRACKED_ARITHM: and r14, r10 }
{  TRACKED_ARITHM: or r14, r10 }
{ rsi = 14007b2c0  TRACKED_ARITHM: add rsi, qword ptr [rbx+0xe0] }
{ rsi = 14007b2e5  TRACKED_ARITHM_RES  }
{ r10 = 100  TRACKED_ARITHM: sub qword ptr [rbx+0xa8], r10 }
{ rax = 25  TRACKED_ARITHM: add rax, qword ptr [r13+0x90] }
{ rax = 14007b1e5  TRACKED_ARITHM_RES  }
{ r14 = 1400773c0  TRACKED_ARITHM: add r14, qword ptr [r12+0xa0] }
{ r14 = 14007748e  TRACKED_ARITHM_RES  }
{  TRACKED_ARITHM: sub qword ptr [r12+0xb0], r8 }
{ r14 = ce  TRACKED_ARITHM: add r14, qword ptr [rcx+0xf0] }
{ r14 = 14007738e  TRACKED_ARITHM_RES  }
{ rcx = ffffffffffff00ff  TRACKED_ARITHM: and rsi, rcx }
{ rsi = 15de005f  TRACKED_ARITHM_RES  }
{ rcx = 1100  TRACKED_ARITHM: or rsi, rcx }
{ rsi = 15de115f  TRACKED_ARITHM_RES  }
{ r12 = 140088bc0  TRACKED_ARITHM: add r12, qword ptr [r10+0x90] }
{ r12 = 140088c9e  TRACKED_ARITHM_RES  }
{ rsi = 1000000  TRACKED_ARITHM: sub qword ptr [r10+0xb0], rsi }


{ [rsp]  -> 20c854e1; rsp = 4d3ad90  TRACKED_ARITHM: add qword ptr [rsp+0x20], 0xf9140a3 }
{ r15 = de  TRACKED_ARITHM: add r15, qword ptr [r13+0xf0] }
{ r15 = 140088b9e  TRACKED_ARITHM_RES  }
{ rax = ffffffffff00ffff  TRACKED_ARITHM: and rbp, rax }
{ rbp = 1400115f  TRACKED_ARITHM_RES  }
{ rax = f90000  TRACKED_ARITHM: or rbp, rax }
{ rbp = 14f9115f  TRACKED_ARITHM_RES  }
{ r8 = 1400830c0  TRACKED_ARITHM: add r8, qword ptr [r14+0xe8] }
{ r8 = 1400830d4  TRACKED_ARITHM_RES  }
{ rbp = 100000000  TRACKED_ARITHM: sub qword ptr [r14+0xf0], rbp }


{ [rsp]  -> 52846400; rsp = 4d35698  TRACKED_ARITHM: add qword ptr [rsp+0x18], 0x36633df4 }
{ rbx = 14  TRACKED_ARITHM: add rbx, qword ptr [rbp+0xb0] }
{ rbx = 140082fd4  TRACKED_ARITHM_RES  }
{ r11 = ffffffff00ffffff  TRACKED_ARITHM: and rdi, r11 }
{ rdi = ffffffff00f9115f  TRACKED_ARITHM_RES  }
{ r11 = 3c000000  TRACKED_ARITHM: or rdi, r11 }
{ rdi = ffffffff3cf9115f  TRACKED_ARITHM_RES  }
{ rax = 1400941c0  TRACKED_ARITHM: add rax, qword ptr [rdi+0xa0] }
{ rax = 1400942bf  TRACKED_ARITHM_RES  }
{  TRACKED_ARITHM: sub qword ptr [rdi+0xa8], rsi }


{ [rsp]  -> 45f51259; rsp = 4d30e10  TRACKED_ARITHM: add qword ptr [rsp+0x20], 0x1a83c1b }
{ r15 = ff  TRACKED_ARITHM: add r15, qword ptr [r14+0xa0] }
{ r15 = 1400941bf  TRACKED_ARITHM_RES  }
{ rbp = ffffff00ffffffff  TRACKED_ARITHM: and rsi, rbp }
{ rsi = ffffff003cf9115f  TRACKED_ARITHM_RES  }
{  TRACKED_ARITHM: or rsi, rbp }
{ rcx = 1400941c0  TRACKED_ARITHM: add rcx, qword ptr [r14+0xd8] }
{ rcx = 1400942bf  TRACKED_ARITHM_RES  }
{  TRACKED_ARITHM: sub qword ptr [r14+0xb0], r8 }


{ [rsp]  -> f400ecc; rsp = 4d2b710  TRACKED_ARITHM: add qword ptr [rsp+0x20], 0x1ab74fef }
{ r8 = ff  TRACKED_ARITHM: add r8, qword ptr [r11+0xf0] }
{ r8 = 1400941bf  TRACKED_ARITHM_RES  }
{ r12 = ffff00ffffffffff  TRACKED_ARITHM: and r13, r12 }
{ r13 = ffff00003cf9115f  TRACKED_ARITHM_RES  }
{  TRACKED_ARITHM: or r13, r12 }
{ rcx = 1400941c0  TRACKED_ARITHM: add rcx, qword ptr [rax+0xa8] }
{ rcx = 1400942bf  TRACKED_ARITHM_RES  }
{  TRACKED_ARITHM: sub qword ptr [rax+0xe0], rbx }


{ [rsp]  -> 54dc6dea; rsp = 4d26018  TRACKED_ARITHM: add qword ptr [rsp+0x18], 0x7ac30313 }
{ r10 = ff  TRACKED_ARITHM: add r10, qword ptr [rcx+0x90] }
{ r10 = 1400941bf  TRACKED_ARITHM_RES  }
{ rbp = ff00ffffffffffff  TRACKED_ARITHM: and r15, rbp }
{ r15 = ff0000003cf9115f  TRACKED_ARITHM_RES  }
{  TRACKED_ARITHM: or r15, rbp }
{ r10 = ff  TRACKED_ARITHM: add r10, qword ptr [rax+0xb0] }
{ r10 = 1400941bf  TRACKED_ARITHM_RES  }
{ r12 = ffffffffffffff  TRACKED_ARITHM: and rdi, r12 }
{ rdi = 3cf9115f  TRACKED_ARITHM_RES  }
{  TRACKED_ARITHM: or rdi, r12 }


{ [rsp]  -> 7fc31e11; rsp = 4d1c090  TRACKED_ARITHM: add qword ptr [rsp+0x20], 0x36274e16 }
{ r8 = f9  TRACKED_ARITHM: add r8, qword ptr [r9+0xa0] }
{ r8 = 1400247b9  TRACKED_ARITHM_RES  }
{ r15 = ffffffffff00ffff  TRACKED_ARITHM: and rdi, r15 }
{ rdi = 3c00115f  TRACKED_ARITHM_RES  }
{ r15 = f90000  TRACKED_ARITHM: or rdi, r15 }
{ rdi = 3cf9115f  TRACKED_ARITHM_RES  }
{ r11 = 3c  TRACKED_ARITHM: add r11, qword ptr [rdi+0xd8] }
{ r11 = 1400246fc  TRACKED_ARITHM_RES  }
{ r14 = ffffffff00ffffff  TRACKED_ARITHM: and r13, r14 }
{ r13 = f9115f  TRACKED_ARITHM_RES  }
{ r14 = 3c000000  TRACKED_ARITHM: or r13, r14 }
{ r13 = 3cf9115f  TRACKED_ARITHM_RES  }


{ [rsp]  -> 13e8409e; rsp = 4d11298  TRACKED_ARITHM: add qword ptr [rsp+0x18], 0x4b4074eb }
{ r11 = 0  TRACKED_ARITHM: add r11, qword ptr [rax+0xe0] }
{ r11 = 1400246c0  TRACKED_ARITHM_RES  }
{ rcx = ff00ffffffffffff  TRACKED_ARITHM: and r13, rcx }
{  TRACKED_ARITHM: or r13, rcx }
{ rbx = 1400011f0  TRACKED_TEST rbp = 3cf9115f UNK: #[ res -= 0x87f198d ;  res ^= 0x79813bb3 ]  }


{ [rsp]  -> 4b2d02; rsp = 4d0bbb0  !!! TRACKED_MULTIPLYING: #[ res = 44 * 0x4b2d02 ] // [CNTR: 0]  }
{ rsi = 58ae4db2  !!! TRACKED_MULTIPLYING: #[ m = 39 * 0x84bb2c ]  #[ res += 0x44b6592a ]// [CNTR: 1]  }
{ rsi = 58ae4db2  TRACKED_CHANGED BY: sub rsi, qword ptr [r14+0x90] #[ res -= m ]  }
{ rsi = 3b20a0e6  TRACKED_CHANGED  -> VAL: 3b20a0e6 }
{ rdi = 79f5c5ca  !!! TRACKED_MULTIPLYING: #[ m = 6a * 0x6f2d21 ]  UNK: #[ res += 0x3ed524e4 ;  res ^= 0x42d5652c ] // [CNTR: 2]  }
{ rbx = 79f5c5ca  TRACKED_CHANGED BY: xor rbx, qword ptr [r9+0xd8] #[ res ^= m ]  }
{ rbx = 57fd6a60  TRACKED_CHANGED  -> VAL: 57fd6a60 }
{ rdi = 681d7d9a  !!! TRACKED_MULTIPLYING: #[ m = 6f * 0x5fe38f ]  UNK: #[ res += 0x1020133a ;  res ^= 0x3fe017fa ] // [CNTR: 3]  }
{ r14 = 681d7d9a  TRACKED_CHANGED BY: add r14, qword ptr [rdx+0xa8] #[ res += m ]  }
{ r14 = 91b1289b  TRACKED_CHANGED  -> VAL: 91b1289b }
{ rbx = 2f30ad7b  !!! TRACKED_MULTIPLYING: #[ m = 66 * 0xea20a5 ]  UNK: #[ res -= 0x62807b20 ;  res ^= 0xbe8185e0 ] // [CNTR: 4]  }
{ r15 = 2f30ad7b  TRACKED_CHANGED BY: add r15, qword ptr [r9+0xa0] #[ res += m ]  }
{ r15 = 8c79af39  TRACKED_CHANGED  -> VAL: 8c79af39 }
{ r14 = ec0e33d2  !!! TRACKED_MULTIPLYING: #[ m = 62 * 0x5c17aa ]  UNK: #[ res += 0x5f948499 ;  res ^= 0x60779ceb ] // [CNTR: 5]  }
{ rdi = ec0e33d2  TRACKED_CHANGED BY: xor rdi, qword ptr [rbx+0x90] #[ res ^= m ]  }
{ rdi = cf4f3cc6  TRACKED_CHANGED  -> VAL: cf4f3cc6 }
{ rsi = d5e0b6eb  !!! TRACKED_MULTIPLYING: #[ m = 35 * 0xb9feb0 ]  UNK: #[ res += 0x6917a25 ;  res ^= 0x1aaf8a2d ] // [CNTR: 6]  }
{ r12 = d5e0b6eb  TRACKED_CHANGED BY: sub r12, qword ptr [rax+0xa0] #[ res -= m ]  }
{ r12 = af5efc7b  TRACKED_CHANGED  -> VAL: af5efc7b }
{ r12 = 1a0f980  !!! TRACKED_MULTIPLYING: #[ m = 31 * 0x782f79 ]  UNK: #[ res -= 0xadbe02fb ;  res ^= 0xaefe05fb ] // [CNTR: 7]  }
{ r15 = 1a0f980  TRACKED_CHANGED BY: sub r15, qword ptr [r13+0xe0] #[ res -= m ]  TRACKED_ARITHM: sub r15, qword ptr [r13+0xe0] }
{ r15 = ffffffffea9fe357  TRACKED_CHANGED  -> VAL: ffffffffea9fe357 TRACKED_ARITHM_RES  }
{ r8 = 14003c2c0  TRACKED_ARITHM: add r8, qword ptr [rcx+0x90] }
{ r8 = 14003c317  TRACKED_ARITHM_RES  }
{  TRACKED_ARITHM: sub qword ptr [rcx+0xb0], rax }
{ r8 = 57  TRACKED_ARITHM: add r8, qword ptr [rdx+0xf0] }
{ r8 = 14003c217  TRACKED_ARITHM_RES  }
{ r14 = 1400360c0  TRACKED_ARITHM: add r14, qword ptr [r8+0x90] }
{ r14 = 1400361a3  TRACKED_ARITHM_RES  }
{  TRACKED_ARITHM: sub qword ptr [r8+0xa0], r13 }
{ rdx = e3  TRACKED_ARITHM: add rdx, qword ptr [rcx+0xb0] }
{ rdx = 1400360a3  TRACKED_ARITHM_RES  }
{ rbp = ffffffffffff00ff  TRACKED_ARITHM: and r15, rbp }
{ r15 = ffffffffea9f0021  TRACKED_ARITHM_RES  }
{ rbp = bb00  TRACKED_ARITHM: or r15, rbp }
{ r15 = ffffffffea9fbb21  TRACKED_ARITHM_RES  }
{ r11 = 140078fc0  TRACKED_ARITHM: add r11, qword ptr [r14+0xe8] }
{ r11 = 14007905f  TRACKED_ARITHM_RES  }
{ rax = 1000000  TRACKED_ARITHM: sub qword ptr [r14+0xd8], rax }


{ [rsp]  -> 62617bc0; rsp = 4c09718  TRACKED_ARITHM: add qword ptr [rsp+0x18], 0x6a1c5e64 }
{ rdx = 9f  TRACKED_ARITHM: add rdx, qword ptr [r8+0xa8] }
{ rdx = 140078f5f  TRACKED_ARITHM_RES  }
{ r15 = ffffffffff00ffff  TRACKED_ARITHM: and rdi, r15 }
{ rdi = ffffffffe900bb21  TRACKED_ARITHM_RES  }
{ r15 = de0000  TRACKED_ARITHM: or rdi, r15 }
{ rdi = ffffffffe9debb21  TRACKED_ARITHM_RES  }
{ r13 = 14007f1c0  TRACKED_ARITHM: add r13, qword ptr [rax+0xe8] }
{ r13 = 14007f2a9  TRACKED_ARITHM_RES  }
{  TRACKED_ARITHM: sub qword ptr [rax+0xa0], rbp }


{ [rsp]  -> 71b920e3; rsp = 4c04e98  TRACKED_ARITHM: add qword ptr [rsp+0x18], 0x19026ed8 }
{ r10 = e9  TRACKED_ARITHM: add r10, qword ptr [r9+0xe0] }
{ r10 = 14007f1a9  TRACKED_ARITHM_RES  }
{ rax = ffffffff00ffffff  TRACKED_ARITHM: and r15, rax }
{ r15 = ffffffff00debb21  TRACKED_ARITHM_RES  }
{ rax = 1a000000  TRACKED_ARITHM: or r15, rax }
{ r15 = ffffffff1adebb21  TRACKED_ARITHM_RES  }
{ r12 = 140898870  TRACKED_ARITHM: add r12, qword ptr [rdx+0xd8] }
{ r12 = 14089896f  TRACKED_ARITHM_RES  }
{  TRACKED_ARITHM: sub qword ptr [rdx+0xf0], rbx }
{ rsi = ff  TRACKED_ARITHM: add rsi, qword ptr [rbp+0xa8] }
{ rsi = 1400249bf  TRACKED_ARITHM_RES  }
{ rdx = ffff00ffffffffff  TRACKED_ARITHM: and r15, rdx }
{ r15 = ffff00ff1adebb21  TRACKED_ARITHM_RES  }
{ rdx = ff0000000000  TRACKED_ARITHM: or r15, rdx }
{ r15 = ffffffff1adebb21  TRACKED_ARITHM_RES  }
{ rbx = 140898870  TRACKED_ARITHM: add rbx, qword ptr [r12+0xa0] }
{ rbx = 14089896f  TRACKED_ARITHM_RES  }
{  TRACKED_ARITHM: sub qword ptr [r12+0xe0], r10 }
{ r11 = ff  TRACKED_ARITHM: add r11, qword ptr [r8+0xd8] }
{ r11 = 1400249bf  TRACKED_ARITHM_RES  }
{ r12 = ff00ffffffffffff  TRACKED_ARITHM: and rdi, r12 }
{ rdi = ff00ffff1adebb21  TRACKED_ARITHM_RES  }
{ r12 = ff000000000000  TRACKED_ARITHM: or rdi, r12 }
{ rdi = ffffffff1adebb21  TRACKED_ARITHM_RES  }
{ r9 = ff  TRACKED_ARITHM: add r9, qword ptr [r11+0xd8] }
{ r9 = 1400249bf  TRACKED_ARITHM_RES  }
{ rsi = ffffffffffffff  TRACKED_ARITHM: and r13, rsi }
{ r13 = ffffff1adebb21  TRACKED_ARITHM_RES  }
{ rsi = ff00000000000000  TRACKED_ARITHM: or r13, rsi }
{ r13 = ffffffff1adebb21  TRACKED_ARITHM_RES  }
{ r14 = 1400272c0  TRACKED_ARITHM: add r14, qword ptr [r12+0xd8] }
{ r14 = 1400272e1  TRACKED_ARITHM_RES  }
{  TRACKED_ARITHM: sub qword ptr [r12+0xf0], r10 }


{ [rsp]  -> 6bcc470f; rsp = 4bf0f98  TRACKED_ARITHM: add qword ptr [rsp+0x18], 0x617c2054 }
{ r8 = 21  TRACKED_ARITHM: add r8, qword ptr [r11+0xb0] }
{ r8 = 1400271e1  TRACKED_ARITHM_RES  }
{ rbx = 1400535c0  TRACKED_ARITHM: add rbx, qword ptr [rcx+0xa8] }
{ rbx = 14005367b  TRACKED_ARITHM_RES  }
{  TRACKED_ARITHM: sub qword ptr [rcx+0xf0], r11 }


{ [rsp]  -> ed589c; rsp = 4bec718  TRACKED_ARITHM: add qword ptr [rsp+0x18], 0x41aa330b }
{ r10 = bb  TRACKED_ARITHM: add r10, qword ptr [rcx+0xf0] }
{ r10 = 14005357b  TRACKED_ARITHM_RES  }
{ rsi = ffffffffffff00ff  TRACKED_ARITHM: and rbx, rsi }
{ rbx = ffffffff1ade001b  TRACKED_ARITHM_RES  }
{ rsi = 5000  TRACKED_ARITHM: or rbx, rsi }
{ rbx = ffffffff1ade501b  TRACKED_ARITHM_RES  }
{ r11 = 1400623c0  TRACKED_ARITHM: add r11, qword ptr [rbp+0xb0] }
{ r11 = 14006249e  TRACKED_ARITHM_RES  }
{  TRACKED_ARITHM: sub qword ptr [rbp+0xa8], rsi }
{ rbp = de  TRACKED_ARITHM: add rbp, qword ptr [r8+0xa8] }
{ rbp = 14006239e  TRACKED_ARITHM_RES  }
{ r11 = ffffffffff00ffff  TRACKED_ARITHM: and r13, r11 }
{ r13 = ffffffff1a00501b  TRACKED_ARITHM_RES  }
{ r11 = 510000  TRACKED_ARITHM: or r13, r11 }
{ r13 = ffffffff1a51501b  TRACKED_ARITHM_RES  }
{ r10 = 1400440c0  TRACKED_ARITHM: add r10, qword ptr [r15+0xd8] }
{ r10 = 1400440da  TRACKED_ARITHM_RES  }
{ rdx = 100000000  TRACKED_ARITHM: sub qword ptr [r15+0xf0], rdx }


{ [rsp]  -> 41bc4de3; rsp = 4be2790  TRACKED_ARITHM: add qword ptr [rsp+0x20], 0xec057a9 }
{ rdx = 1a  TRACKED_ARITHM: add rdx, qword ptr [rsi+0xf0] }
{ rdx = 140043fda  TRACKED_ARITHM_RES  }
{ r15 = ffffffff00ffffff  TRACKED_ARITHM: and rbx, r15 }
{ rbx = fffffffe0051501b  TRACKED_ARITHM_RES  }
{ r15 = d2000000  TRACKED_ARITHM: or rbx, r15 }
{ rbx = fffffffed251501b  TRACKED_ARITHM_RES  }
{ rcx = 140093ac0  TRACKED_ARITHM: add rcx, qword ptr [rsi+0xa0] }
{ rcx = 140093bbe  TRACKED_ARITHM_RES  }
{  TRACKED_ARITHM: sub qword ptr [rsi+0xb0], r13 }


{ [rsp]  -> 3e475042; rsp = 4bdd098  TRACKED_ARITHM: add qword ptr [rsp+0x18], 0x7c3d2cdb }
{ rdx = fe  TRACKED_ARITHM: add rdx, qword ptr [rbx+0xf0] }
{ rdx = 140093abe  TRACKED_ARITHM_RES  }
{ rax = ffffff00ffffffff  TRACKED_ARITHM: and r13, rax }
{ r13 = ffffff00d251501b  TRACKED_ARITHM_RES  }
{  TRACKED_ARITHM: or r13, rax }
{ r11 = 1400941c0  TRACKED_ARITHM: add r11, qword ptr [r12+0xb0] }
{ r11 = 1400942bf  TRACKED_ARITHM_RES  }
{  TRACKED_ARITHM: sub qword ptr [r12+0xe0], r8 }


{ [rsp]  -> 2de21723; rsp = 4bd8810  TRACKED_ARITHM: add qword ptr [rsp+0x20], 0x41c66fa0 }
{ r15 = ff  TRACKED_ARITHM: add r15, qword ptr [r9+0xd8] }
{ r15 = 1400941bf  TRACKED_ARITHM_RES  }
{ rbx = ffff00ffffffffff  TRACKED_ARITHM: and rdi, rbx }
{ rdi = ffff0000d251501b  TRACKED_ARITHM_RES  }
{  TRACKED_ARITHM: or rdi, rbx }
{ r12 = 1400941c0  TRACKED_ARITHM: add r12, qword ptr [rax+0xa0] }
{ r12 = 1400942bf  TRACKED_ARITHM_RES  }
{  TRACKED_ARITHM: sub qword ptr [rax+0x90], r10 }
{ r9 = ff  TRACKED_ARITHM: add r9, qword ptr [r14+0xe8] }
{ r9 = 1400941bf  TRACKED_ARITHM_RES  }
{ rdx = ff00ffffffffffff  TRACKED_ARITHM: and r13, rdx }
{ r13 = ff000000d251501b  TRACKED_ARITHM_RES  }
{  TRACKED_ARITHM: or r13, rdx }


{ [rsp]  -> 58243588; rsp = 4bcf710  TRACKED_ARITHM: add qword ptr [rsp+0x20], 0x43aa4565 }
{ rdx = ff  TRACKED_ARITHM: add rdx, qword ptr [rcx+0xa8] }
{ rdx = 1400941bf  TRACKED_ARITHM_RES  }
{ rax = ffffffffffffff  TRACKED_ARITHM: and r15, rax }
{ r15 = d251501b  TRACKED_ARITHM_RES  }
{  TRACKED_ARITHM: or r15, rax }


{ [rsp]  -> 28136bff; rsp = 4bcae98  TRACKED_ARITHM: add qword ptr [rsp+0x18], 0x401d4341 }
{ r9 = 50  TRACKED_ARITHM: add r9, qword ptr [r12+0xa8] }
{ r9 = 140024710  TRACKED_ARITHM_RES  }
{ r12 = ffffffffffff00ff  TRACKED_ARITHM: and rbx, r12 }
{ rbx = d251001b  TRACKED_ARITHM_RES  }
{ r12 = 5000  TRACKED_ARITHM: or rbx, r12 }
{ rbx = d251501b  TRACKED_ARITHM_RES  }


{ [rsp]  -> 1dff3494; rsp = 4bc6610  TRACKED_ARITHM: add qword ptr [rsp+0x20], 0x7e5e0fbe }
{ rbp = 0  TRACKED_ARITHM: add rbp, qword ptr [r14+0xe8] }
{ rbp = 1400246c0  TRACKED_ARITHM_RES  }
{ rsi = ffffff00ffffffff  TRACKED_ARITHM: and rbx, rsi }
{  TRACKED_ARITHM: or rbx, rsi }
{ rbp = 0  TRACKED_ARITHM: add rbp, qword ptr [r8+0xe8] }
{ rbp = 1400246c0  TRACKED_ARITHM_RES  }
{ rcx = ffff00ffffffffff  TRACKED_ARITHM: and rsi, rcx }
{  TRACKED_ARITHM: or rsi, rcx }
{ r14 = 0  TRACKED_ARITHM: add r14, qword ptr [rdx+0xe8] }
{ r14 = 1400246c0  TRACKED_ARITHM_RES  }
{ r9 = ff00ffffffffffff  TRACKED_ARITHM: and rdi, r9 }
{  TRACKED_ARITHM: or rdi, r9 }
{ r10 = 0  TRACKED_ARITHM: add r10, qword ptr [rcx+0xd8] }
{ r10 = 1400246c0  TRACKED_ARITHM_RES  }
{ rax = ffffffffffffff  TRACKED_ARITHM: and rbp, rax }
{  TRACKED_ARITHM: or rbp, rax }
{ r12 = 1400011f0  TRACKED_TEST r13 = d251501b UNK: #[ res += 0xe7b16cc4 ;  res ^= 0xffffffff38ceb34c ]  }


{ [rsp]  -> 608d19; rsp = 4bb2730  !!! TRACKED_MULTIPLYING: #[ res = 36 * 0x608d19 ] // [CNTR: 0]  }
{ rbp = ffffffffe56f605a  !!! TRACKED_MULTIPLYING: #[ m = 45 * 0xbe18f4 ]  #[ res -= 0x2eee62ec ]// [CNTR: 1]  }
{ rdi = ffffffffe56f605a  TRACKED_CHANGED BY: sub rdi, qword ptr [r9+0xb0] #[ res -= m ]  }
{ rdi = ffffffffb232a696  TRACKED_CHANGED  -> VAL: ffffffffb232a696 }
{ rdi = ffffffff0a5d3de4  !!! TRACKED_MULTIPLYING: #[ m = 70 * 0x88dec9 ]  UNK: #[ res -= 0xa7d568b2 ;  res ^= 0xb86f9b72 ] // [CNTR: 2]  }
{ r15 = ffffffff0a5d3de4  TRACKED_CHANGED BY: xor r15, qword ptr [r12+0xa8] #[ res ^= m ]  }
{ r15 = ffffffff31bc4a14  TRACKED_CHANGED  -> VAL: ffffffff31bc4a14 }
{ r13 = ffffffffe11921ab  !!! TRACKED_MULTIPLYING: #[ m = 63 * 0xb68150 ]  UNK: #[ res += 0xaf5cd797 ;  res ^= 0xd0a56bbf ] // [CNTR: 3]  }
{ rdi = ffffffffe11921ab  TRACKED_CHANGED BY: xor rdi, qword ptr [r10+0xf0] #[ res ^= m ]  }
{ rdi = ffffffffa78d205b  TRACKED_CHANGED  -> VAL: ffffffffa78d205b }
{ r15 = ffffffff6a85e4b6  !!! TRACKED_MULTIPLYING: #[ m = 67 * 0x4d166c ]  UNK: #[ res -= 0x3d073ba5 ;  res ^= 0xcd08c4ed ] // [CNTR: 4]  }
{ r12 = ffffffff6a85e4b6  TRACKED_CHANGED BY: add r12, qword ptr [r9+0xa0] #[ res += m ]  }
{ r12 = ffffffff8989ea2a  TRACKED_CHANGED  -> VAL: ffffffff8989ea2a }
{ rsi = 44a7fa63  !!! TRACKED_MULTIPLYING: #[ m = 32 * 0x495e3f ]  UNK: #[ res += 0xbb1e1039 ;  res ^= 0xffffffffcd2e1049 ] // [CNTR: 5]  }
{ rsi = 44a7fa63  TRACKED_CHANGED BY: sub rsi, qword ptr [r15+0xf0] #[ res -= m ]  }
{ rsi = 36539215  TRACKED_CHANGED  -> VAL: 36539215 }
{ r14 = 11d7b4ba3  !!! TRACKED_MULTIPLYING: #[ m = 41 * 0x5caba1 ]  UNK: #[ res += 0xe727b98e ;  res ^= 0x12b28d9b6 ] // [CNTR: 6]  }
{ r14 = 11d7b4ba3  TRACKED_CHANGED BY: sub r14, qword ptr [rbp+0xe0] #[ res -= m ]  }
{ r14 = 105f3b7c2  TRACKED_CHANGED  -> VAL: 105f3b7c2 }
{ rsi = ebb6c101  !!! TRACKED_MULTIPLYING: #[ m = 6b * 0x183a4d ]  UNK: #[ res -= 0x1a3cf6c1 ;  res ^= 0x1ee4576c3 ] // [CNTR: 7]  }
{ r15 = ebb6c101  TRACKED_CHANGED BY: add r15, qword ptr [rdi+0xb0] #[ res += m ]  TRACKED_ARITHM: add r15, qword ptr [rdi+0xb0] }
{ r15 = f5d71f30  TRACKED_CHANGED  -> VAL: f5d71f30 TRACKED_ARITHM_RES  }
{ rdx = 140086fc0  TRACKED_ARITHM: add rdx, qword ptr [rsi+0xe8] }
{ rdx = 140086ff0  TRACKED_ARITHM_RES  }
{ r14 = 100  TRACKED_ARITHM: sub qword ptr [rsi+0xe0], r14 }


{ [rsp]  -> 692316b6; rsp = 4ac9890  TRACKED_ARITHM: add qword ptr [rsp+0x20], 0x6fc324ea }
{ r8 = 30  TRACKED_ARITHM: add r8, qword ptr [rcx+0x90] }
{ r8 = 140086ef0  TRACKED_ARITHM_RES  }
{ r12 = 1400669c0  TRACKED_ARITHM: add r12, qword ptr [rdx+0xe0] }
{ r12 = 1400669de  TRACKED_ARITHM_RES  }
{ r14 = 10000  TRACKED_ARITHM: sub qword ptr [rdx+0xa8], r14 }
{ r15 = 1e  TRACKED_ARITHM: add r15, qword ptr [r10+0xd8] }
{ r15 = 1400668de  TRACKED_ARITHM_RES  }
{ rax = ffffffffffff00ff  TRACKED_ARITHM: and r13, rax }
{ r13 = f5d6004f  TRACKED_ARITHM_RES  }
{ rax = 8700  TRACKED_ARITHM: or r13, rax }
{ r13 = f5d6874f  TRACKED_ARITHM_RES  }
{ r11 = 140025dc0  TRACKED_ARITHM: add r11, qword ptr [rsi+0xf0] }
{ r11 = 140025e96  TRACKED_ARITHM_RES  }
{  TRACKED_ARITHM: sub qword ptr [rsi+0xe0], r13 }
{ r8 = d6  TRACKED_ARITHM: add r8, qword ptr [rdx+0xa8] }
{ r8 = 140025d96  TRACKED_ARITHM_RES  }
{ rax = ffffffffff00ffff  TRACKED_ARITHM: and rdi, rax }
{ rdi = f500874f  TRACKED_ARITHM_RES  }
{ rax = d30000  TRACKED_ARITHM: or rdi, rax }
{ rdi = f5d3874f  TRACKED_ARITHM_RES  }
{ rdi = 14007cec0  TRACKED_ARITHM: add rdi, qword ptr [rdx+0xd8] }
{ rdi = 14007cfb5  TRACKED_ARITHM_RES  }
{  TRACKED_ARITHM: sub qword ptr [rdx+0xe0], rbp }


{ [rsp]  -> 577f2a57; rsp = 4aba210  TRACKED_ARITHM: add qword ptr [rsp+0x20], 0x536b0e24 }
{ rbx = f5  TRACKED_ARITHM: add rbx, qword ptr [r8+0xa8] }
{ rbx = 14007ceb5  TRACKED_ARITHM_RES  }
{ rbp = ffffffff00ffffff  TRACKED_ARITHM: and r13, rbp }
{ r13 = d3874f  TRACKED_ARITHM_RES  }
{ rbp = 2b000000  TRACKED_ARITHM: or r13, rbp }
{ r13 = 2bd3874f  TRACKED_ARITHM_RES  }
{ rbp = 0  TRACKED_ARITHM: add rbp, qword ptr [r12+0xf0] }
{ rbp = 1400248c0  TRACKED_ARITHM_RES  }
{ r10 = ffffffffffffff  TRACKED_ARITHM: and r14, r10 }
{  TRACKED_ARITHM: or r14, r10 }
{ r12 = 1400313c0  TRACKED_ARITHM: add r12, qword ptr [rdx+0xe8] }
{ r12 = 14003140f  TRACKED_ARITHM_RES  }
{  TRACKED_ARITHM: sub qword ptr [rdx+0xe0], r11 }


{ [rsp]  -> 3c956813; rsp = 4ab0290  TRACKED_ARITHM: add qword ptr [rsp+0x20], 0x4088034c }
{ r14 = 4f  TRACKED_ARITHM: add r14, qword ptr [rdi+0xa8] }
{ r14 = 14003130f  TRACKED_ARITHM_RES  }
{ rsi = 14006bdc0  TRACKED_ARITHM: add rsi, qword ptr [rbp+0xa0] }
{ rsi = 14006be47  TRACKED_ARITHM_RES  }
{ r10 = 10000  TRACKED_ARITHM: sub qword ptr [rbp+0xa8], r10 }
{ r11 = 87  TRACKED_ARITHM: add r11, qword ptr [rbx+0xe8] }
{ r11 = 14006bd47  TRACKED_ARITHM_RES  }
{ r12 = ffffffffffff00ff  TRACKED_ARITHM: and rbp, r12 }
{ rbp = 2bd20032  TRACKED_ARITHM_RES  }
{ r12 = e400  TRACKED_ARITHM: or rbp, r12 }
{ rbp = 2bd2e432  TRACKED_ARITHM_RES  }
{ rbx = 14005e4c0  TRACKED_ARITHM: add rbx, qword ptr [r11+0xe8] }
{ rbx = 14005e592  TRACKED_ARITHM_RES  }
{  TRACKED_ARITHM: sub qword ptr [r11+0x90], rcx }
{ r12 = d2  TRACKED_ARITHM: add r12, qword ptr [r15+0xd8] }
{ r12 = 14005e492  TRACKED_ARITHM_RES  }
{ rcx = ffffffffff00ffff  TRACKED_ARITHM: and rsi, rcx }
{ rsi = 2b00e432  TRACKED_ARITHM_RES  }
{ rcx = 4e0000  TRACKED_ARITHM: or rsi, rcx }
{ rsi = 2b4ee432  TRACKED_ARITHM_RES  }
{ r14 = 1400512c0  TRACKED_ARITHM: add r14, qword ptr [r15+0xd8] }
{ r14 = 1400512eb  TRACKED_ARITHM_RES  }
{ r11 = 100000000  TRACKED_ARITHM: sub qword ptr [r15+0xf0], r11 }
{ rsi = 2b  TRACKED_ARITHM: add rsi, qword ptr [r14+0xe8] }
{ rsi = 1400511eb  TRACKED_ARITHM_RES  }
{ r13 = ffffffff00ffffff  TRACKED_ARITHM: and rbx, r13 }
{ rbx = ffffffff004ee432  TRACKED_ARITHM_RES  }
{ r13 = c5000000  TRACKED_ARITHM: or rbx, r13 }
{ rbx = ffffffffc54ee432  TRACKED_ARITHM_RES  }
{ r9 = ff  TRACKED_ARITHM: add r9, qword ptr [r15+0xd8] }
{ r9 = 1400249bf  TRACKED_ARITHM_RES  }
{ rdx = ffffffffffffff  TRACKED_ARITHM: and r13, rdx }
{ r13 = ffffffc54ee432  TRACKED_ARITHM_RES  }
{ rdx = ff00000000000000  TRACKED_ARITHM: or r13, rdx }
{ r13 = ffffffffc54ee432  TRACKED_ARITHM_RES  }
{ r11 = 32  TRACKED_ARITHM: add r11, qword ptr [rcx+0xe0] }
{ r11 = 1400246f2  TRACKED_ARITHM_RES  }
{ r12 = e4  TRACKED_ARITHM: add r12, qword ptr [r9+0xf0] }
{ r12 = 1400247a4  TRACKED_ARITHM_RES  }
{ rbx = ffffffffffff00ff  TRACKED_ARITHM: and rbp, rbx }
{ rbp = ffffffffc54e0032  TRACKED_ARITHM_RES  }
{ rbx = e400  TRACKED_ARITHM: or rbp, rbx }
{ rbp = ffffffffc54ee432  TRACKED_ARITHM_RES  }


{ [rsp]  -> 65aa6c4b; rsp = 4a8ea10  TRACKED_ARITHM: add qword ptr [rsp+0x20], 0x47020e54 }
{ rdi = c5  TRACKED_ARITHM: add rdi, qword ptr [r15+0xa0] }
{ rdi = 140024785  TRACKED_ARITHM_RES  }
{ r14 = ffffffff00ffffff  TRACKED_ARITHM: and r13, r14 }
{ r13 = ffffffff004ee432  TRACKED_ARITHM_RES  }
{ r14 = c5000000  TRACKED_ARITHM: or r13, r14 }
{ r13 = ffffffffc54ee432  TRACKED_ARITHM_RES  }


{ [rsp]  -> 50027ec1; rsp = 4a89310  TRACKED_ARITHM: add qword ptr [rsp+0x20], 0x23ca6785 }
{ r12 = ff  TRACKED_ARITHM: add r12, qword ptr [r14+0x90] }
{ r12 = 1400247bf  TRACKED_ARITHM_RES  }
{ r14 = ff00ffffffffffff  TRACKED_ARITHM: and rbx, r14 }
{ rbx = ff00ffffc54ee432  TRACKED_ARITHM_RES  }
{ r14 = ff000000000000  TRACKED_ARITHM: or rbx, r14 }
{ rbx = ffffffffc54ee432  TRACKED_ARITHM_RES  }
{ rdx = ff  TRACKED_ARITHM: add rdx, qword ptr [r13+0xa0] }
{ rdx = 1400247bf  TRACKED_ARITHM_RES  }
{ rsi = ffffffffffffff  TRACKED_ARITHM: and rdi, rsi }
{ rdi = ffffffc54ee432  TRACKED_ARITHM_RES  }
{ rsi = ff00000000000000  TRACKED_ARITHM: or rdi, rsi }
{ rdi = ffffffffc54ee432  TRACKED_ARITHM_RES  }
{ r14 = 1400011f0  TRACKED_TEST rbp = ffffffffc54ee432 UNK: #[ res -= 0x130883afe ;  res ^= 0xffffffff3099fb02 ]  }


{ [rsp]  -> ffd0ca; rsp = 4a7f3b0  !!! TRACKED_MULTIPLYING: #[ res = 42 * 0xffd0ca ] // [CNTR: 0]  }
{ r12 = ffffffffb2cd052c  !!! TRACKED_MULTIPLYING: #[ m = 37 * 0xbf2b59 ]  #[ res -= 0x8f26cee8 ]// [CNTR: 1]  }
{ r15 = ffffffffb2cd052c  TRACKED_CHANGED BY: xor r15, qword ptr [rax+0x90] #[ res ^= m ]  }
{ r15 = ffffffff9bdf5533  TRACKED_CHANGED  -> VAL: ffffffff9bdf5533 }
{ r15 = 634b02a1  !!! TRACKED_MULTIPLYING: #[ m = 68 * 0x29df01 ]  UNK: #[ res += 0xc76bad6e ;  res ^= 0xfffffffff8945792 ] // [CNTR: 2]  }
{ r15 = 634b02a1  TRACKED_CHANGED BY: add r15, qword ptr [rcx+0xa8] #[ res += m ]  }
{ r15 = 744d9b09  TRACKED_CHANGED  -> VAL: 744d9b09 }
{ r14 = 1633dcfab  !!! TRACKED_MULTIPLYING: #[ m = 6c * 0xbbda1d ]  UNK: #[ res += 0xeef034a2 ;  res ^= 0x1177054a2 ] // [CNTR: 3]  }
{ rdi = 1633dcfab  TRACKED_CHANGED BY: xor rdi, qword ptr [rdx+0xd8] #[ res ^= m ]  }
{ rdi = 12c7dcb97  TRACKED_CHANGED  -> VAL: 12c7dcb97 }
{ rdi = 185a0e4e5  !!! TRACKED_MULTIPLYING: #[ m = 71 * 0x5d24a5 ]  UNK: #[ res += 0x5923194e ;  res ^= 0xa9dd2f72 ] // [CNTR: 4]  }
{ rsi = 185a0e4e5  TRACKED_CHANGED BY: sub rsi, qword ptr [r13+0xe0] #[ res -= m ]  }
{ rsi = 15c83b810  TRACKED_CHANGED  -> VAL: 15c83b810 }
{ rdi = db73b077  !!! TRACKED_MULTIPLYING: #[ m = 46 * 0x3dc505 ]  UNK: #[ res -= 0x81100799 ;  res ^= 0x187f00867 ] // [CNTR: 5]  }
{ rbp = db73b077  TRACKED_CHANGED BY: add rbp, qword ptr [rax+0xe0] #[ res += m ]  }
{ rbp = ec578fd5  TRACKED_CHANGED  -> VAL: ec578fd5 }
{ rbp = 829ca144  !!! TRACKED_MULTIPLYING: #[ m = 64 * 0x4e25a6 ]  UNK: #[ res -= 0x69baee91 ;  res ^= 0x6ecb2e91 ] // [CNTR: 6]  }
{ r14 = 829ca144  TRACKED_CHANGED BY: xor r14, qword ptr [r9+0xe0] #[ res ^= m ]  }
{ r14 = 9c1a159c  TRACKED_CHANGED  -> VAL: 9c1a159c }
{ rdi = c082c8a6  !!! TRACKED_MULTIPLYING: #[ m = 33 * 0xae1920 ]  UNK: #[ res += 0x2468b30a ;  res ^= 0x5c98dd3a ] // [CNTR: 7]  }
{ rbp = c082c8a6  TRACKED_CHANGED BY: sub rbp, qword ptr [r14+0xe0] #[ res -= m ]  TRACKED_ARITHM: sub rbp, qword ptr [r14+0xe0] }
{ rbp = 9dd3c746  TRACKED_CHANGED  -> VAL: 9dd3c746 TRACKED_ARITHM_RES  }


{ [rsp]  -> 536d300f; rsp = 49b3518  TRACKED_ARITHM: add qword ptr [rsp+0x18], 0x1d213971 }
{ rcx = 46  TRACKED_ARITHM: add rcx, qword ptr [r11+0xb0] }
{ rcx = 140041206  TRACKED_ARITHM_RES  }


{ [rsp]  -> 6e042756; rsp = 49ade10  TRACKED_ARITHM: add qword ptr [rsp+0x20], 0x22532e76 }
{ rax = c7  TRACKED_ARITHM: add rax, qword ptr [rdi+0xf0] }
{ rax = 14004eb87  TRACKED_ARITHM_RES  }
{ r8 = ffffffffffff00ff  TRACKED_ARITHM: and r14, r8 }
{ r14 = 9dd30004  TRACKED_ARITHM_RES  }
{ r8 = a600  TRACKED_ARITHM: or r14, r8 }
{ r14 = 9dd3a604  TRACKED_ARITHM_RES  }
{ r10 = d3  TRACKED_ARITHM: add r10, qword ptr [rax+0xa0] }
{ r10 = 140084193  TRACKED_ARITHM_RES  }
{ r15 = ffffffffff00ffff  TRACKED_ARITHM: and rbx, r15 }
{ rbx = 9d00a604  TRACKED_ARITHM_RES  }
{ r15 = 80000  TRACKED_ARITHM: or rbx, r15 }
{ rbx = 9d08a604  TRACKED_ARITHM_RES  }


{ [rsp]  -> 8146f2a; rsp = 49a3e98  TRACKED_ARITHM: add qword ptr [rsp+0x18], 0x5c662602 }
{ r9 = 9d  TRACKED_ARITHM: add r9, qword ptr [r15+0xe0] }
{ r9 = 14008095d  TRACKED_ARITHM_RES  }
{ rbp = ffffffff00ffffff  TRACKED_ARITHM: and rsi, rbp }
{ rsi = 8a604  TRACKED_ARITHM_RES  }
{ rbp = 4e000000  TRACKED_ARITHM: or rsi, rbp }
{ rsi = 4e08a604  TRACKED_ARITHM_RES  }
{ rdx = 0  TRACKED_ARITHM: add rdx, qword ptr [r11+0xe0] }
{ rdx = 1400245c0  TRACKED_ARITHM_RES  }
{ rsi = ffff00ffffffffff  TRACKED_ARITHM: and r13, rsi }
{  TRACKED_ARITHM: or r13, rsi }
{ rbp = 14002b1c0  TRACKED_ARITHM: add rbp, qword ptr [r12+0xe8] }
{ rbp = 14002b1c4  TRACKED_ARITHM_RES  }
{ rbx = 100  TRACKED_ARITHM: sub qword ptr [r12+0x90], rbx }


{ [rsp]  -> 6dab634d; rsp = 4999090  TRACKED_ARITHM: add qword ptr [rsp+0x20], 0x5d385ce6 }
{ rsi = 4  TRACKED_ARITHM: add rsi, qword ptr [r10+0xe0] }
{ rsi = 14002b0c4  TRACKED_ARITHM_RES  }
{ r11 = 14008d8c0  TRACKED_ARITHM: add r11, qword ptr [rsi+0xb0] }
{ r11 = 14008d965  TRACKED_ARITHM_RES  }
{ r14 = 10000  TRACKED_ARITHM: sub qword ptr [rsi+0xa0], r14 }


{ [rsp]  -> 2569311d; rsp = 4994818  TRACKED_ARITHM: add qword ptr [rsp+0x18], 0x1047154d }
{ rax = a5  TRACKED_ARITHM: add rax, qword ptr [rdx+0xe8] }
{ rax = 14008d865  TRACKED_ARITHM_RES  }
{ r10 = ffffffffffff00ff  TRACKED_ARITHM: and r14, r10 }
{ r14 = 4e0700f5  TRACKED_ARITHM_RES  }
{ r10 = b500  TRACKED_ARITHM: or r14, r10 }
{ r14 = 4e07b5f5  TRACKED_ARITHM_RES  }
{ r10 = 140059ec0  TRACKED_ARITHM: add r10, qword ptr [rax+0xf0] }
{ r10 = 140059ec7  TRACKED_ARITHM_RES  }
{ rdi = 1000000  TRACKED_ARITHM: sub qword ptr [rax+0xd8], rdi }
{ rdx = 7  TRACKED_ARITHM: add rdx, qword ptr [rax+0xb0] }
{ rdx = 140059dc7  TRACKED_ARITHM_RES  }
{ rcx = ffffffffff00ffff  TRACKED_ARITHM: and rbp, rcx }
{ rbp = 4d00b5f5  TRACKED_ARITHM_RES  }
{ rcx = 8d0000  TRACKED_ARITHM: or rbp, rcx }
{ rbp = 4d8db5f5  TRACKED_ARITHM_RES  }
{ r8 = 1400765c0  TRACKED_ARITHM: add r8, qword ptr [r12+0xf0] }
{ r8 = 14007660d  TRACKED_ARITHM_RES  }
{ rsi = 100000000  TRACKED_ARITHM: sub qword ptr [r12+0x90], rsi }


{ [rsp]  -> 5ece3a08; rsp = 498a890  TRACKED_ARITHM: add qword ptr [rsp+0x20], 0x204f7d25 }
{ rax = 4d  TRACKED_ARITHM: add rax, qword ptr [rcx+0xf0] }
{ rax = 14007650d  TRACKED_ARITHM_RES  }
{ r10 = ffffffff00ffffff  TRACKED_ARITHM: and rdi, r10 }
{ rdi = ffffffff008db5f5  TRACKED_ARITHM_RES  }
{ r10 = 92000000  TRACKED_ARITHM: or rdi, r10 }
{ rdi = ffffffff928db5f5  TRACKED_ARITHM_RES  }
{ r13 = 140024fc0  TRACKED_ARITHM: add r13, qword ptr [r8+0xd8] }
{ r13 = 1400250bf  TRACKED_ARITHM_RES  }
{  TRACKED_ARITHM: sub qword ptr [r8+0x90], rdx }
{ rbp = ff  TRACKED_ARITHM: add rbp, qword ptr [r11+0xa8] }
{ rbp = 140024fbf  TRACKED_ARITHM_RES  }
{ r11 = ffffff00ffffffff  TRACKED_ARITHM: and r14, r11 }
{ r14 = ffffff00928db5f5  TRACKED_ARITHM_RES  }
{ r11 = fe00000000  TRACKED_ARITHM: or r14, r11 }
{ r14 = fffffffe928db5f5  TRACKED_ARITHM_RES  }
{ rcx = 140898870  TRACKED_ARITHM: add rcx, qword ptr [rsi+0xb0] }
{ rcx = 14089896f  TRACKED_ARITHM_RES  }
{  TRACKED_ARITHM: sub qword ptr [rsi+0xf0], r13 }
{ rax = ff  TRACKED_ARITHM: add rax, qword ptr [r8+0x90] }
{ rax = 1400249bf  TRACKED_ARITHM_RES  }
{ rbx = ff00ffffffffffff  TRACKED_ARITHM: and rdi, rbx }
{ rdi = ff00fffe928db5f5  TRACKED_ARITHM_RES  }
{ rbx = ff000000000000  TRACKED_ARITHM: or rdi, rbx }
{ rdi = fffffffe928db5f5  TRACKED_ARITHM_RES  }
{ r12 = ff  TRACKED_ARITHM: add r12, qword ptr [r14+0xe0] }
{ r12 = 1400249bf  TRACKED_ARITHM_RES  }
{ rbx = ffffffffffffff  TRACKED_ARITHM: and rdi, rbx }
{ rdi = fffffe928db5f5  TRACKED_ARITHM_RES  }
{ rbx = ff00000000000000  TRACKED_ARITHM: or rdi, rbx }
{ rdi = fffffffe928db5f5  TRACKED_ARITHM_RES  }


{ [rsp]  -> 72b45fd2; rsp = 4975b10  TRACKED_ARITHM: add qword ptr [rsp+0x20], 0x1dc711dd }
{ rbp = b5  TRACKED_ARITHM: add rbp, qword ptr [r9+0xf0] }
{ rbp = 140093c75  TRACKED_ARITHM_RES  }
{ r12 = ffffffffffff00ff  TRACKED_ARITHM: and r14, r12 }
{ r14 = fffffffe928d00f5  TRACKED_ARITHM_RES  }
{ r12 = b500  TRACKED_ARITHM: or r14, r12 }
{ r14 = fffffffe928db5f5  TRACKED_ARITHM_RES  }


{ [rsp]  -> 25cf7c58; rsp = 4970418  TRACKED_ARITHM: add qword ptr [rsp+0x18], 0x548c24ab }
{ rcx = ff  TRACKED_ARITHM: add rcx, qword ptr [r8+0xa0] }
{ rcx = 140093cbf  TRACKED_ARITHM_RES  }
{ rdi = ff00ffffffffffff  TRACKED_ARITHM: and r15, rdi }
{ r15 = ff00fffe928db5f5  TRACKED_ARITHM_RES  }
{ rdi = ff000000000000  TRACKED_ARITHM: or r15, rdi }
{ r15 = fffffffe928db5f5  TRACKED_ARITHM_RES  }
{ r15 = 1400011f0  TRACKED_TEST rbp = fffffffe928db5f5 UNK: #[ res -= 0x20b461151 ;  res ^= 0xfffffffe0f5e72b3 ]  }


{ [rsp]  -> f56c62; rsp = 496ad30  !!! TRACKED_MULTIPLYING: #[ res = 34 * 0xf56c62 ] // [CNTR: 0]  }
{ rdi = 5da71ca9  !!! TRACKED_MULTIPLYING: #[ m = 61 * 0x615605 ]  #[ res += 0x2bcd18c1 ]// [CNTR: 1]  }
{ rbp = 5da71ca9  TRACKED_CHANGED BY: add rbp, qword ptr [rbx+0xe0] #[ res += m ]  }
{ rbp = 8288b48e  TRACKED_CHANGED  -> VAL: 8288b48e }
{ rbx = dddbab7c  !!! TRACKED_MULTIPLYING: #[ m = 65 * 0x828456 ]  UNK: #[ res += 0x5b52f6ee ;  res ^= 0x5f531ff2 ] // [CNTR: 2]  }
{ rdi = dddbab7c  TRACKED_CHANGED BY: add rdi, qword ptr [rcx+0xe8] #[ res += m ]  }
{ rdi = 11159e16a  TRACKED_CHANGED  -> VAL: 11159e16a }
{ r12 = 17e5c7633  !!! TRACKED_MULTIPLYING: #[ m = 6d * 0x50484b ]  UNK: #[ res += 0x6d0294c9 ;  res ^= 0x6f059759 ] // [CNTR: 3]  }
{ rsi = 17e5c7633  TRACKED_CHANGED BY: sub rsi, qword ptr [r13+0xa0] #[ res -= m ]  }
{ rsi = 15c2dae44  TRACKED_CHANGED  -> VAL: 15c2dae44 }
{ rsi = 1e10fd0f3  !!! TRACKED_MULTIPLYING: #[ m = 38 * 0x89d640 ]  UNK: #[ res += 0x84e222af ;  res ^= 0xbd227eb7 ] // [CNTR: 4]  }
{ rdi = 1e10fd0f3  TRACKED_CHANGED BY: xor rdi, qword ptr [rax+0xf0] #[ res ^= m ]  }
{ rdi = 1ff290ef3  TRACKED_CHANGED  -> VAL: 1ff290ef3 }
{ r15 = 2fc4a434e  !!! TRACKED_MULTIPLYING: #[ m = 69 * 0xe4b191 ]  UNK: #[ res += 0xfd21345b ;  res ^= 0x303634dbd ] // [CNTR: 5]  }
{ r12 = 2fc4a434e  TRACKED_CHANGED BY: sub r12, qword ptr [rdi+0xe0] #[ res -= m ]  }
{ r12 = 29e7d6ed5  TRACKED_CHANGED  -> VAL: 29e7d6ed5 }
{ rdi = 39c93165e  !!! TRACKED_MULTIPLYING: #[ m = 30 * 0x8c58c1 ]  UNK: #[ res += 0xfe15a789 ;  res ^= 0x102ee788b ] // [CNTR: 6]  }
{ rdi = 39c93165e  TRACKED_CHANGED BY: xor rdi, qword ptr [rcx+0x90] #[ res ^= m ]  }
{ rdi = 386c3b26e  TRACKED_CHANGED  -> VAL: 386c3b26e }
{ r12 = 3ca8abbf1  !!! TRACKED_MULTIPLYING: #[ m = 43 * 0xa13c4c ]  UNK: #[ res += 0x43c70983 ;  res ^= 0x4c49099f ] // [CNTR: 7]  }
{ r12 = 3ca8abbf1  TRACKED_CHANGED BY: add r12, qword ptr [r14+0xa8] #[ res += m ]  TRACKED_ARITHM: add r12, qword ptr [r14+0xa8] }
{ r12 = 3f4bd83d5  TRACKED_CHANGED  -> VAL: 3f4bd83d5 TRACKED_ARITHM_RES  }
{ rdx = d5  TRACKED_ARITHM: add rdx, qword ptr [r8+0xf0] }
{ rdx = 140062695  TRACKED_ARITHM_RES  }
{ r8 = 83  TRACKED_ARITHM: add r8, qword ptr [r11+0xd8] }
{ r8 = 140035c43  TRACKED_ARITHM_RES  }
{ rcx = ffffffffffff00ff  TRACKED_ARITHM: and rbx, rcx }
{ rbx = 3f4bd005b  TRACKED_ARITHM_RES  }
{ rcx = ab00  TRACKED_ARITHM: or rbx, rcx }
{ rbx = 3f4bdab5b  TRACKED_ARITHM_RES  }


{ [rsp]  -> 6ed053f9; rsp = 4893210  TRACKED_ARITHM: add qword ptr [rsp+0x20], 0x793d667c }
{ rdx = bd  TRACKED_ARITHM: add rdx, qword ptr [rcx+0xe0] }
{ rdx = 14007a77d  TRACKED_ARITHM_RES  }
{ rdi = ffffffffff00ffff  TRACKED_ARITHM: and r15, rdi }
{ r15 = 3f400ab5b  TRACKED_ARITHM_RES  }
{ rdi = 780000  TRACKED_ARITHM: or r15, rdi }
{ r15 = 3f478ab5b  TRACKED_ARITHM_RES  }
{ rdx = f4  TRACKED_ARITHM: add rdx, qword ptr [rcx+0xf0] }
{ rdx = 1400355b4  TRACKED_ARITHM_RES  }
{ rsi = ffffffff00ffffff  TRACKED_ARITHM: and r15, rsi }
{ r15 = 30078ab5b  TRACKED_ARITHM_RES  }
{ rsi = d3000000  TRACKED_ARITHM: or r15, rsi }
{ r15 = 3d378ab5b  TRACKED_ARITHM_RES  }


{ [rsp]  -> 14303355; rsp = 4888418  TRACKED_ARITHM: add qword ptr [rsp+0x18], 0xbb749fa }
{  TRACKED_ARITHM: add rbx, qword ptr [r8+0x90] }
{ rbx = 1400245c0  TRACKED_ARITHM_RES  }
{ r9 = ffff00ffffffffff  TRACKED_ARITHM: and r12, r9 }
{  TRACKED_ARITHM: or r12, r9 }
{ r15 = 1400295c0  TRACKED_ARITHM: add r15, qword ptr [rax+0xe8] }
{ r15 = 14002961b  TRACKED_ARITHM_RES  }
{  TRACKED_ARITHM: sub qword ptr [rax+0x90], r14 }


{ [rsp]  -> 272b5012; rsp = 4882d18  TRACKED_ARITHM: add qword ptr [rsp+0x18], 0x7a5c7446 }
{ rax = 5b  TRACKED_ARITHM: add rax, qword ptr [r14+0xe8] }
{ rax = 14002951b  TRACKED_ARITHM_RES  }
{ rdx = 1400845c0  TRACKED_ARITHM: add rdx, qword ptr [rax+0xb0] }
{ rdx = 14008466b  TRACKED_ARITHM_RES  }
{ r8 = 10000  TRACKED_ARITHM: sub qword ptr [rax+0x90], r8 }
{ r13 = ab  TRACKED_ARITHM: add r13, qword ptr [r15+0xb0] }
{ r13 = 14008456b  TRACKED_ARITHM_RES  }
{ rdx = ffffffffffff00ff  TRACKED_ARITHM: and r12, rdx }
{ r12 = 3d3770050  TRACKED_ARITHM_RES  }
{ rdx = d000  TRACKED_ARITHM: or r12, rdx }
{ r12 = 3d377d050  TRACKED_ARITHM_RES  }
{ r13 = 1400670c0  TRACKED_ARITHM: add r13, qword ptr [r10+0xe0] }
{ r13 = 140067137  TRACKED_ARITHM_RES  }
{ r13 = 1000000  TRACKED_ARITHM: sub qword ptr [r10+0xb0], r13 }


{ [rsp]  -> 63986b35; rsp = 4879c10  TRACKED_ARITHM: add qword ptr [rsp+0x20], 0x566e5771 }
{ rbp = 77  TRACKED_ARITHM: add rbp, qword ptr [rdx+0x90] }
{ rbp = 140067037  TRACKED_ARITHM_RES  }
{ r15 = ffffffffff00ffff  TRACKED_ARITHM: and rdi, r15 }
{ rdi = 3d200d050  TRACKED_ARITHM_RES  }
{ r15 = df0000  TRACKED_ARITHM: or rdi, r15 }
{ rdi = 3d2dfd050  TRACKED_ARITHM_RES  }
{ rbp = 140025dc0  TRACKED_ARITHM: add rbp, qword ptr [rdx+0xd8] }
{ rbp = 140025dc3  TRACKED_ARITHM_RES  }
{  TRACKED_ARITHM: sub qword ptr [rdx+0xa0], r11 }
{ rax = 3  TRACKED_ARITHM: add rax, qword ptr [r14+0xe8] }
{ rax = 140025cc3  TRACKED_ARITHM_RES  }
{ r10 = ffffff00ffffffff  TRACKED_ARITHM: and r12, r10 }
{ r12 = d2dfd050  TRACKED_ARITHM_RES  }
{  TRACKED_ARITHM: or r12, r10 }
{ rax = 140898870  TRACKED_ARITHM: add rax, qword ptr [rbx+0xf0] }
{  TRACKED_ARITHM: sub qword ptr [rbx+0xa8], r13 }
{ rsi = 0  TRACKED_ARITHM: add rsi, qword ptr [r12+0x90] }
{ rsi = 1400248c0  TRACKED_ARITHM_RES  }
{ rsi = ffff00ffffffffff  TRACKED_ARITHM: and rbp, rsi }
{  TRACKED_ARITHM: or rbp, rsi }
{ r11 = 140898870  TRACKED_ARITHM: add r11, qword ptr [r8+0xe0] }
{  TRACKED_ARITHM: sub qword ptr [r8+0xa8], rcx }


{ [rsp]  -> 1a6c346e; rsp = 486a590  TRACKED_ARITHM: add qword ptr [rsp+0x20], 0x2c4d6766 }
{ rdx = 0  TRACKED_ARITHM: add rdx, qword ptr [r14+0xe0] }
{ rdx = 1400248c0  TRACKED_ARITHM_RES  }
{ r8 = ff00ffffffffffff  TRACKED_ARITHM: and rdi, r8 }
{  TRACKED_ARITHM: or rdi, r8 }


{ [rsp]  -> 466a473b; rsp = 4864e90  TRACKED_ARITHM: add qword ptr [rsp+0x20], 0x56162d64 }
{ r14 = 0  TRACKED_ARITHM: add r14, qword ptr [rdi+0xb0] }
{ r14 = 1400248c0  TRACKED_ARITHM_RES  }
{ r11 = ffffffffffffff  TRACKED_ARITHM: and r12, r11 }
{  TRACKED_ARITHM: or r12, r11 }


{ [rsp]  -> 1aa75fa1; rsp = 4860610  TRACKED_ARITHM: add qword ptr [rsp+0x20], 0x1fb73a5c }
{ rcx = 50  TRACKED_ARITHM: add rcx, qword ptr [rsi+0xb0] }
{ rcx = 140093c10  TRACKED_ARITHM_RES  }


{ [rsp]  -> 70805792; rsp = 485af10  TRACKED_ARITHM: add qword ptr [rsp+0x20], 0x5fac7e46 }
{ rdx = d0  TRACKED_ARITHM: add rdx, qword ptr [rdi+0xa0] }
{ rdx = 140093c90  TRACKED_ARITHM_RES  }
{ r8 = ffffffffffff00ff  TRACKED_ARITHM: and r12, r8 }
{ r12 = d2df0050  TRACKED_ARITHM_RES  }
{ r8 = d000  TRACKED_ARITHM: or r12, r8 }
{ r12 = d2dfd050  TRACKED_ARITHM_RES  }


{ [rsp]  -> 4d122928; rsp = 4856690  TRACKED_ARITHM: add qword ptr [rsp+0x20], 0x39223086 }
{ r10 = 0  TRACKED_ARITHM: add r10, qword ptr [r9+0xe0] }
{ r10 = 140093bc0  TRACKED_ARITHM_RES  }
{ rcx = ffffff00ffffffff  TRACKED_ARITHM: and r13, rcx }
{  TRACKED_ARITHM: or r13, rcx }


{ [rsp]  -> 3d374180; rsp = 4850f90  TRACKED_ARITHM: add qword ptr [rsp+0x20], 0x3b672a7 }
{ rax = 0  TRACKED_ARITHM: add rax, qword ptr [rcx+0xe0] }
{ rax = 140093bc0  TRACKED_ARITHM_RES  }
{ rsi = ffff00ffffffffff  TRACKED_ARITHM: and r13, rsi }
{  TRACKED_ARITHM: or r13, rsi }
{ r12 = 1400011f0  TRACKED_TEST r13 = d2dfd050 UNK: #[ res -= 0x321ddb385 ;  res ^= 0x326625385 ]  }


{ [rsp]  -> 73aaf0; rsp = 484b8b0  !!! TRACKED_MULTIPLYING: #[ res = 31 * 0x73aaf0 ] // [CNTR: 0]  }
{ r14 = b66d8301  !!! TRACKED_MULTIPLYING: #[ m = 6f * 0xf61e43 ]  #[ res += 0xa049cb11 ]// [CNTR: 1]  }
{ rdi = b66d8301  TRACKED_CHANGED BY: add rdi, qword ptr [r15+0xd8] #[ res += m ]  }
{ rdi = 12124a20e  TRACKED_CHANGED  -> VAL: 12124a20e }
{ r12 = 1f1c00901  !!! TRACKED_MULTIPLYING: #[ m = 6a * 0x8cb5f0 ]  UNK: #[ res += 0xd09b66f3 ;  res ^= 0xd0e4ab0f ] // [CNTR: 2]  }
{ r12 = 1f1c00901  TRACKED_CHANGED BY: add r12, qword ptr [rcx+0xe0] #[ res += m ]  }
{ r12 = 22c035e61  TRACKED_CHANGED  -> VAL: 22c035e61 }
{ r13 = 2ed1ff9ac  !!! TRACKED_MULTIPLYING: #[ m = 62 * 0x4f53a8 ]  UNK: #[ res += 0xc11c9b4b ;  res ^= 0xc11ca7cd ] // [CNTR: 3]  }
{ rbp = 2ed1ff9ac  TRACKED_CHANGED BY: xor rbp, qword ptr [r15+0x90] #[ res ^= m ]  }
{ rbp = 2f341fffc  TRACKED_CHANGED  -> VAL: 2f341fffc }
{ r14 = 28edc98ce  !!! TRACKED_MULTIPLYING: #[ m = 39 * 0xb2e1fa ]  UNK: #[ res -= 0x6465672e ;  res ^= 0x7d9d6732 ] // [CNTR: 4]  }
{ r14 = 28edc98ce  TRACKED_CHANGED BY: add r14, qword ptr [r15+0xd8] #[ res += m ]  }
{ r14 = 2b6b0e978  TRACKED_CHANGED  -> VAL: 2b6b0e978 }
{ rbp = 2c17096a0  !!! TRACKED_MULTIPLYING: #[ m = 66 * 0xb8b7b3 ]  UNK: #[ res += 0xabfad28 ;  res ^= 0x77c07fd8 ] // [CNTR: 5]  }
{ rbp = 2c17096a0  TRACKED_CHANGED BY: sub rbp, qword ptr [rax+0xf0] #[ res -= m ]  }
{ rbp = 277d7654e  TRACKED_CHANGED  -> VAL: 277d7654e }
{ r14 = 1efab502d  !!! TRACKED_MULTIPLYING: #[ m = 44 * 0x13b807 ]  UNK: #[ res -= 0x882c1521 ;  res ^= 0x3987c3563 ] // [CNTR: 6]  }
{ r15 = 1efab502d  TRACKED_CHANGED BY: add r15, qword ptr [r8+0xe0] #[ res += m ]  }
{ r15 = 1f4e83209  TRACKED_CHANGED  -> VAL: 1f4e83209 }
{ r15 = 18165e34b  !!! TRACKED_MULTIPLYING: #[ m = 35 * 0xdd40c4 ]  UNK: #[ res -= 0x73824ebe ;  res ^= 0x758dd142 ] // [CNTR: 7]  }
{ r12 = 18165e34b  TRACKED_CHANGED BY: xor r12, qword ptr [rax+0xd8] #[ res ^= m ]  TRACKED_ARITHM: xor r12, qword ptr [rax+0xd8] }
{ r12 = 1acab8bdf  TRACKED_CHANGED  -> VAL: 1acab8bdf TRACKED_ARITHM_RES  }
{ r11 = 1400892c0  TRACKED_ARITHM: add r11, qword ptr [r13+0xa0] }
{ r11 = 14008939f  TRACKED_ARITHM_RES  }
{ rdx = 100  TRACKED_ARITHM: sub qword ptr [r13+0xa8], rdx }


{ [rsp]  -> b696695; rsp = 4755098  TRACKED_ARITHM: add qword ptr [rsp+0x18], 0x4d3161b0 }
{ r12 = df  TRACKED_ARITHM: add r12, qword ptr [rbp+0x90] }
{ r12 = 14008929f  TRACKED_ARITHM_RES  }
{ rax = 14005f2c0  TRACKED_ARITHM: add rax, qword ptr [rbx+0xd8] }
{ rax = 14005f34a  TRACKED_ARITHM_RES  }
{  TRACKED_ARITHM: sub qword ptr [rbx+0xe0], r11 }
{ rdx = 8a  TRACKED_ARITHM: add rdx, qword ptr [r12+0xa8] }
{ rdx = 14005f24a  TRACKED_ARITHM_RES  }
{ r10 = ffffffffffff00ff  TRACKED_ARITHM: and r15, r10 }
{ r15 = 1acab00f9  TRACKED_ARITHM_RES  }
{ r10 = 400  TRACKED_ARITHM: or r15, r10 }
{ r15 = 1acab04f9  TRACKED_ARITHM_RES  }
{ rcx = 1400669c0  TRACKED_ARITHM: add rcx, qword ptr [r11+0xb0] }
{ rcx = 140066a6b  TRACKED_ARITHM_RES  }
{  TRACKED_ARITHM: sub qword ptr [r11+0xa0], rbp }
{ rbp = ab  TRACKED_ARITHM: add rbp, qword ptr [rsi+0x90] }
{ rbp = 14006696b  TRACKED_ARITHM_RES  }
{ r10 = ffffffffff00ffff  TRACKED_ARITHM: and r13, r10 }
{ r13 = 1ac0004f9  TRACKED_ARITHM_RES  }
{ r10 = 140000  TRACKED_ARITHM: or r13, r10 }
{ r13 = 1ac1404f9  TRACKED_ARITHM_RES  }
{ r8 = 1400424c0  TRACKED_ARITHM: add r8, qword ptr [rax+0xe0] }
{ r8 = 14004256c  TRACKED_ARITHM_RES  }
{  TRACKED_ARITHM: sub qword ptr [rax+0xe8], r12 }


{ [rsp]  -> 4c2b3a1c; rsp = 4746898  TRACKED_ARITHM: add qword ptr [rsp+0x18], 0x247d3828 }
{ r8 = ac  TRACKED_ARITHM: add r8, qword ptr [r13+0x90] }
{ r8 = 14004246c  TRACKED_ARITHM_RES  }
{ rdx = ffffffff00ffffff  TRACKED_ARITHM: and rbp, rdx }
{ rbp = 1001404f9  TRACKED_ARITHM_RES  }
{ rdx = 68000000  TRACKED_ARITHM: or rbp, rdx }
{ rbp = 1681404f9  TRACKED_ARITHM_RES  }
{ rdi = 140898870  TRACKED_ARITHM: add rdi, qword ptr [r13+0x90] }
{  TRACKED_ARITHM: sub qword ptr [r13+0xa8], rdi }


{ [rsp]  -> 74b772fe; rsp = 4742010  TRACKED_ARITHM: add qword ptr [rsp+0x20], 0x3e64e93 }
{ r8 = 0  TRACKED_ARITHM: add r8, qword ptr [r13+0xd8] }
{ r8 = 1400248c0  TRACKED_ARITHM_RES  }
{ rcx = ff00ffffffffffff  TRACKED_ARITHM: and rsi, rcx }
{  TRACKED_ARITHM: or rsi, rcx }
{ r12 = 0  TRACKED_ARITHM: add r12, qword ptr [r11+0x90] }
{ r12 = 1400248c0  TRACKED_ARITHM_RES  }
{ r11 = ffffffffffffff  TRACKED_ARITHM: and r15, r11 }
{  TRACKED_ARITHM: or r15, r11 }
{ r10 = 14003ecc0  TRACKED_ARITHM: add r10, qword ptr [r15+0xf0] }
{ r10 = 14003edb9  TRACKED_ARITHM_RES  }
{  TRACKED_ARITHM: sub qword ptr [r15+0xe8], rbx }
{ r10 = f9  TRACKED_ARITHM: add r10, qword ptr [rax+0xa0] }
{ r10 = 14003ecb9  TRACKED_ARITHM_RES  }
{ r14 = 1400837c0  TRACKED_ARITHM: add r14, qword ptr [rdx+0xa0] }
{ r14 = 1400837c4  TRACKED_ARITHM_RES  }
{ rax = 10000  TRACKED_ARITHM: sub qword ptr [rdx+0xb0], rax }
{ rax = 4  TRACKED_ARITHM: add rax, qword ptr [r11+0x90] }
{ rax = 1400836c4  TRACKED_ARITHM_RES  }
{ r14 = ffffffffffff00ff  TRACKED_ARITHM: and rdi, r14 }
{ rdi = 1681300bd  TRACKED_ARITHM_RES  }
{ r14 = 2b00  TRACKED_ARITHM: or rdi, r14 }
{ rdi = 168132bbd  TRACKED_ARITHM_RES  }
{ rbp = 14004d3c0  TRACKED_ARITHM: add rbp, qword ptr [r14+0xf0] }
{ rbp = 14004d3d3  TRACKED_ARITHM_RES  }
{ r10 = 1000000  TRACKED_ARITHM: sub qword ptr [r14+0xe0], r10 }
{ r8 = 13  TRACKED_ARITHM: add r8, qword ptr [r15+0x90] }
{ r8 = 14004d2d3  TRACKED_ARITHM_RES  }
{ r11 = ffffffffff00ffff  TRACKED_ARITHM: and r14, r11 }
{ r14 = 167002bbd  TRACKED_ARITHM_RES  }
{ r11 = b60000  TRACKED_ARITHM: or r14, r11 }
{ r14 = 167b62bbd  TRACKED_ARITHM_RES  }
{ r14 = 1400718c0  TRACKED_ARITHM: add r14, qword ptr [rsi+0x90] }
{ r14 = 140071927  TRACKED_ARITHM_RES  }
{ rbx = 100000000  TRACKED_ARITHM: sub qword ptr [rsi+0xe0], rbx }
{ rsi = 67  TRACKED_ARITHM: add rsi, qword ptr [r11+0xe8] }
{ rsi = 140071827  TRACKED_ARITHM_RES  }
{ rax = ffffffff00ffffff  TRACKED_ARITHM: and rdi, rax }
{ rdi = b62bbd  TRACKED_ARITHM_RES  }
{ rax = b7000000  TRACKED_ARITHM: or rdi, rax }
{ rdi = b7b62bbd  TRACKED_ARITHM_RES  }
{ r13 = 140024fc0  TRACKED_ARITHM: add r13, qword ptr [rax+0xe8] }
{ rsi = 10000000000  TRACKED_ARITHM: sub qword ptr [rax+0xa8], rsi }
{ rsi = 0  TRACKED_ARITHM: add rsi, qword ptr [rcx+0xf0] }
{ rsi = 140024ec0  TRACKED_ARITHM_RES  }
{ rdi = ffffff00ffffffff  TRACKED_ARITHM: and r14, rdi }
{ rdi = ff00000000  TRACKED_ARITHM: or r14, rdi }
{ r14 = ffffffffb7b62bbd  TRACKED_ARITHM_RES  }


{ [rsp]  -> 61716456; rsp = 471f918  TRACKED_ARITHM: add qword ptr [rsp+0x18], 0x1e563b87 }
{ r8 = ff  TRACKED_ARITHM: add r8, qword ptr [rdx+0xa8] }
{ r8 = 140093cbf  TRACKED_ARITHM_RES  }
{ r10 = ffffff00ffffffff  TRACKED_ARITHM: and r15, r10 }
{ r15 = ffffff00b7b62bbd  TRACKED_ARITHM_RES  }
{ r10 = ff00000000  TRACKED_ARITHM: or r15, r10 }
{ r15 = ffffffffb7b62bbd  TRACKED_ARITHM_RES  }
{ r11 = ff  TRACKED_ARITHM: add r11, qword ptr [r12+0xd8] }
{ r11 = 140093cbf  TRACKED_ARITHM_RES  }
{ r14 = ffffffffffffff  TRACKED_ARITHM: and r13, r14 }
{ r13 = ffffffb7b62bbd  TRACKED_ARITHM_RES  }
{ r14 = ff00000000000000  TRACKED_ARITHM: or r13, r14 }
{ r13 = ffffffffb7b62bbd  TRACKED_ARITHM_RES  }
{ rdi = 1400011f0  TRACKED_TEST rbx = ffffffffb7b62bbd UNK: #[ res -= 0x1f4f56022 ;  res ^= 0xfffffffe1b1da062 ]  }


{ [rsp]  -> ca894b; rsp = 47159b0  !!! TRACKED_MULTIPLYING: #[ res = 45 * 0xca894b ] // [CNTR: 0]  }
{ r14 = d9e6e53d  !!! TRACKED_MULTIPLYING: #[ m = 63 * 0x11552b ]  #[ res += 0xa34fe406 ]// [CNTR: 1]  }
{ r12 = d9e6e53d  TRACKED_CHANGED BY: add r12, qword ptr [r13+0xf0] #[ res += m ]  }
{ r12 = e09ad4de  TRACKED_CHANGED  -> VAL: e09ad4de }
{ rsi = 117ffc1b2  !!! TRACKED_MULTIPLYING: #[ m = 67 * 0x7dc36b ]  UNK: #[ res += 0x3764ecd4 ;  res ^= 0x1f765156c ] // [CNTR: 2]  }
{ r14 = 117ffc1b2  TRACKED_CHANGED BY: xor r14, qword ptr [r10+0xd8] #[ res ^= m ]  }
{ r14 = 1256661bf  TRACKED_CHANGED  -> VAL: 1256661bf }
{ r15 = 1d9c4d93a  !!! TRACKED_MULTIPLYING: #[ m = 6b * 0xcec5a6 ]  UNK: #[ res += 0xb45e777b ;  res ^= 0xfca2b885 ] // [CNTR: 3]  }
{ r13 = 1d9c4d93a  TRACKED_CHANGED BY: xor r13, qword ptr [r10+0x90] #[ res ^= m ]  }
{ r13 = 18fa84558  TRACKED_CHANGED  -> VAL: 18fa84558 }
{ rsi = 1a2f1f94d  !!! TRACKED_MULTIPLYING: #[ m = 70 * 0xb6e30d ]  UNK: #[ res += 0x1349b3f5 ;  res ^= 0x2d59bc15 ] // [CNTR: 4]  }
{ r13 = 1a2f1f94d  TRACKED_CHANGED BY: add r13, qword ptr [rbp+0xe8] #[ res += m ]  }
{ r13 = 1f2f54efd  TRACKED_CHANGED  -> VAL: 1f2f54efd }
{ r12 = 1084c3671  !!! TRACKED_MULTIPLYING: #[ m = 41 * 0x859c14 ]  UNK: #[ res -= 0xeaa9188c ;  res ^= 0xfab9788c ] // [CNTR: 5]  }
{ r15 = 1084c3671  TRACKED_CHANGED BY: xor r15, qword ptr [r13+0xb0] #[ res ^= m ]  }
{ r15 = 129a09765  TRACKED_CHANGED  -> VAL: 129a09765 }
{ r14 = 16b2725b9  !!! TRACKED_MULTIPLYING: #[ m = 36 * 0xd178d3 ]  UNK: #[ res += 0x41868e54 ;  res ^= 0x4287b2dc ] // [CNTR: 6]  }
{ rbx = 16b2725b9  TRACKED_CHANGED BY: add rbx, qword ptr [r13+0xa8] #[ res += m ]  }
{ rbx = 19756a23b  TRACKED_CHANGED  -> VAL: 19756a23b }
{ r13 = 22ce1ae1e  !!! TRACKED_MULTIPLYING: #[ m = 32 * 0x61645c ]  UNK: #[ res += 0x958b0be3 ;  res ^= 0x3bbb70c25 ] // [CNTR: 7]  }
{ r12 = 22ce1ae1e  TRACKED_CHANGED BY: xor r12, qword ptr [r9+0xe8] #[ res ^= m ]  TRACKED_ARITHM: xor r12, qword ptr [r9+0xe8] }
{ r12 = 23fe437e6  TRACKED_CHANGED  -> VAL: 23fe437e6 TRACKED_ARITHM_RES  }
{ r14 = 14007efc0  TRACKED_ARITHM: add r14, qword ptr [r13+0xf0] }
{ r14 = 14007f0a6  TRACKED_ARITHM_RES  }
{ rcx = 100  TRACKED_ARITHM: add qword ptr [r13+0xa0], rcx }


{ [rsp]  -> 57601539; rsp = 4644418  TRACKED_ARITHM: add qword ptr [rsp+0x18], 0x784e287a }
{ rsi = e6  TRACKED_ARITHM: add rsi, qword ptr [rbp+0xa0] }
{ rsi = 14007efa6  TRACKED_ARITHM_RES  }
{ r15 = 14002d2c0  TRACKED_ARITHM: add r15, qword ptr [rdi+0x90] }
{ r15 = 14002d2f8  TRACKED_ARITHM_RES  }
{  TRACKED_ARITHM: add qword ptr [rdi+0xf0], rbp }


{ [rsp]  -> 102b729b; rsp = 463ed18  TRACKED_ARITHM: add qword ptr [rsp+0x18], 0x5ce027b }
{ r15 = 38  TRACKED_ARITHM: add r15, qword ptr [r13+0xe0] }
{ r15 = 14002d1f8  TRACKED_ARITHM_RES  }
{ r12 = ffffffffffff00ff  TRACKED_ARITHM: and r14, r12 }
{ r14 = 23fe400b5  TRACKED_ARITHM_RES  }
{ r12 = 4c00  TRACKED_ARITHM: or r14, r12 }
{ r14 = 23fe44cb5  TRACKED_ARITHM_RES  }
{ r15 = 14007bec0  TRACKED_ARITHM: add r15, qword ptr [r14+0x90] }
{ r15 = 14007bfa4  TRACKED_ARITHM_RES  }
{ r11 = 1000000  TRACKED_ARITHM: add qword ptr [r14+0xd8], r11 }
{ r14 = e4  TRACKED_ARITHM: add r14, qword ptr [rbp+0xa8] }
{ r14 = 14007bea4  TRACKED_ARITHM_RES  }
{ r14 = ffffffffff00ffff  TRACKED_ARITHM: and rdi, r14 }
{ rdi = 240004cb5  TRACKED_ARITHM_RES  }
{ r14 = ac0000  TRACKED_ARITHM: or rdi, r14 }
{ rdi = 240ac4cb5  TRACKED_ARITHM_RES  }
{ r13 = 1400691c0  TRACKED_ARITHM: add r13, qword ptr [rsi+0xe8] }
{ r13 = 140069200  TRACKED_ARITHM_RES  }
{  TRACKED_ARITHM: add qword ptr [rsi+0xa0], rdi }


{ [rsp]  -> 755e5ab5; rsp = 4635c18  TRACKED_ARITHM: add qword ptr [rsp+0x18], 0x789f6e0f }
{ r11 = 40  TRACKED_ARITHM: add r11, qword ptr [r14+0xe8] }
{ r11 = 140069100  TRACKED_ARITHM_RES  }
{ rsi = ffffffff00ffffff  TRACKED_ARITHM: and rbx, rsi }
{ rbx = 200ac4cb5  TRACKED_ARITHM_RES  }
{ rsi = dd000000  TRACKED_ARITHM: or rbx, rsi }
{ rbx = 2ddac4cb5  TRACKED_ARITHM_RES  }
{ rcx = 140898770  TRACKED_ARITHM: add rcx, qword ptr [rsi+0xa8] }
{ rcx = 140898772  TRACKED_ARITHM_RES  }
{  TRACKED_ARITHM: add qword ptr [rsi+0xe8], r14 }
{ r11 = 2  TRACKED_ARITHM: add r11, qword ptr [rdi+0xf0] }
{ r11 = 1400247c2  TRACKED_ARITHM_RES  }
{ r12 = ffffff00ffffffff  TRACKED_ARITHM: and r13, r12 }
{ r13 = ddac4cb5  TRACKED_ARITHM_RES  }
{ r12 = 200000000  TRACKED_ARITHM: or r13, r12 }
{ r13 = 2ddac4cb5  TRACKED_ARITHM_RES  }
{ rdx = 1400416c0  TRACKED_ARITHM: add rdx, qword ptr [r10+0xb0] }
{ rdx = 140041775  TRACKED_ARITHM_RES  }
{  TRACKED_ARITHM: sub qword ptr [r10+0x90], rcx }
{ rdi = b5  TRACKED_ARITHM: add rdi, qword ptr [r8+0xf0] }
{ rdi = 140041675  TRACKED_ARITHM_RES  }
{ r8 = 14002dbc0  TRACKED_ARITHM: add r8, qword ptr [r13+0xe8] }
{ r8 = 14002dc0c  TRACKED_ARITHM_RES  }
{  TRACKED_ARITHM: sub qword ptr [r13+0xa8], r14 }
{ rbp = 4c  TRACKED_ARITHM: add rbp, qword ptr [r13+0xa0] }
{ rbp = 14002db0c  TRACKED_ARITHM_RES  }
{ rcx = ffffffffffff00ff  TRACKED_ARITHM: and rbx, rcx }
{ rbx = 2ddac0073  TRACKED_ARITHM_RES  }
{ rcx = 3700  TRACKED_ARITHM: or rbx, rcx }
{ rbx = 2ddac3773  TRACKED_ARITHM_RES  }
{ rbx = 14005c8c0  TRACKED_ARITHM: add rbx, qword ptr [rdi+0xe8] }
{ rbx = 14005c96c  TRACKED_ARITHM_RES  }
{  TRACKED_ARITHM: sub qword ptr [rdi+0xf0], r8 }
{ r8 = ac  TRACKED_ARITHM: add r8, qword ptr [rbx+0x90] }
{ r8 = 14005c86c  TRACKED_ARITHM_RES  }
{ rdx = ffffffffff00ffff  TRACKED_ARITHM: and rdi, rdx }
{ rdi = 2dd003773  TRACKED_ARITHM_RES  }
{ rdx = 2c0000  TRACKED_ARITHM: or rdi, rdx }
{ rdi = 2dd2c3773  TRACKED_ARITHM_RES  }
{ rsi = 14005a5c0  TRACKED_ARITHM: add rsi, qword ptr [rbp+0xd8] }
{ rsi = 14005a69d  TRACKED_ARITHM_RES  }
{  TRACKED_ARITHM: sub qword ptr [rbp+0xb0], rdi }


{ [rsp]  -> 2fac77b9; rsp = 461c610  TRACKED_ARITHM: add qword ptr [rsp+0x20], 0xfb83d5a }
{ rdx = dd  TRACKED_ARITHM: add rdx, qword ptr [rbx+0xf0] }
{ rdx = 14005a59d  TRACKED_ARITHM_RES  }
{ rbx = ffffffff00ffffff  TRACKED_ARITHM: and r13, rbx }
{ r13 = 2002c3773  TRACKED_ARITHM_RES  }
{ rbx = 62000000  TRACKED_ARITHM: or r13, rbx }
{ r13 = 2622c3773  TRACKED_ARITHM_RES  }
{ r11 = 1400264c0  TRACKED_ARITHM: add r11, qword ptr [rbx+0xe8] }
{ r11 = 1400264c2  TRACKED_ARITHM_RES  }
{ rdi = 10000000000  TRACKED_ARITHM: sub qword ptr [rbx+0xf0], rdi }


{ [rsp]  -> 7a55604d; rsp = 4617d98  TRACKED_ARITHM: add qword ptr [rsp+0x18], 0x67b25f69 }
{ r12 = 2  TRACKED_ARITHM: add r12, qword ptr [r10+0xd8] }
{ r12 = 1400263c2  TRACKED_ARITHM_RES  }
{ r12 = ffffff00ffffffff  TRACKED_ARITHM: and rsi, r12 }
{ rsi = ffffff00622c3773  TRACKED_ARITHM_RES  }
{ r12 = fe00000000  TRACKED_ARITHM: or rsi, r12 }
{ rsi = fffffffe622c3773  TRACKED_ARITHM_RES  }


{ [rsp]  -> 68950d04; rsp = 4612698  TRACKED_ARITHM: add qword ptr [rsp+0x18], 0x620339e7 }
{ rbx = ff  TRACKED_ARITHM: add rbx, qword ptr [r13+0x90] }
{ rbx = 1400249bf  TRACKED_ARITHM_RES  }
{ rax = ffffffffffffff  TRACKED_ARITHM: and r15, rax }
{ r15 = fffffe622c3773  TRACKED_ARITHM_RES  }
{ rax = ff00000000000000  TRACKED_ARITHM: or r15, rax }
{ r15 = fffffffe622c3773  TRACKED_ARITHM_RES  }
{ rax = 73  TRACKED_ARITHM: add rax, qword ptr [r8+0xe0] }
{ rax = 140024733  TRACKED_ARITHM_RES  }
{ r14 = 37  TRACKED_ARITHM: add r14, qword ptr [r8+0x90] }
{ r14 = 1400246f7  TRACKED_ARITHM_RES  }
{ r10 = ffffffffffff00ff  TRACKED_ARITHM: and r12, r10 }
{ r12 = fffffffe622c0073  TRACKED_ARITHM_RES  }
{ r10 = 3700  TRACKED_ARITHM: or r12, r10 }
{ r12 = fffffffe622c3773  TRACKED_ARITHM_RES  }
{ r14 = 62  TRACKED_ARITHM: add r14, qword ptr [rdx+0xb0] }
{ r14 = 140024722  TRACKED_ARITHM_RES  }
{ rdi = ffffffff00ffffff  TRACKED_ARITHM: and r12, rdi }
{ r12 = fffffffe002c3773  TRACKED_ARITHM_RES  }
{ rdi = 62000000  TRACKED_ARITHM: or r12, rdi }
{ r12 = fffffffe622c3773  TRACKED_ARITHM_RES  }


{ [rsp]  -> 2907276d; rsp = 45ff610  TRACKED_ARITHM: add qword ptr [rsp+0x20], 0x18c67b5a }
{ r14 = fe  TRACKED_ARITHM: add r14, qword ptr [r12+0xa8] }
{ r14 = 1400247be  TRACKED_ARITHM_RES  }
{ rcx = ffffff00ffffffff  TRACKED_ARITHM: and r13, rcx }
{ r13 = ffffff00622c3773  TRACKED_ARITHM_RES  }
{ rcx = fe00000000  TRACKED_ARITHM: or r13, rcx }
{ r13 = fffffffe622c3773  TRACKED_ARITHM_RES  }
{ r9 = ff  TRACKED_ARITHM: add r9, qword ptr [r14+0xf0] }
{ r9 = 1400247bf  TRACKED_ARITHM_RES  }
{ r13 = ffffffffffffff  TRACKED_ARITHM: and rbp, r13 }
{ rbp = fffffe622c3773  TRACKED_ARITHM_RES  }
{ r13 = ff00000000000000  TRACKED_ARITHM: or rbp, r13 }
{ rbp = fffffffe622c3773  TRACKED_ARITHM_RES  }
{ r14 = 1400011f0  TRACKED_TEST rbp = fffffffe622c3773 UNK: #[ res -= 0x3ddb80073 ;  res ^= 0xfffffffc5dc80095 ]  }


{ [rsp]  -> 7239e9; rsp = 45f56b0  !!! TRACKED_MULTIPLYING: #[ res = 6c * 0x7239e9 ] // [CNTR: 0]  }
{ r13 = ffffffffba221372  !!! TRACKED_MULTIPLYING: #[ m = 33 * 0xf1c3d1 ]  #[ res -= 0x760e5ada ]// [CNTR: 1]  }
{ r13 = ffffffffba221372  TRACKED_CHANGED BY: sub r13, qword ptr [r14+0xd8] #[ res -= m ]  }
{ r13 = ffffffff89f810cf  TRACKED_CHANGED  -> VAL: ffffffff89f810cf }
{ rbx = fffffffe9acf7067  !!! TRACKED_MULTIPLYING: #[ m = 42 * 0x1b1367 ]  UNK: #[ res -= 0xef28a068 ;  res ^= 0x1133760a8 ] // [CNTR: 2]  }
{ rsi = fffffffe9acf7067  TRACKED_CHANGED BY: xor rsi, qword ptr [r13+0xe8] #[ res ^= m ]  }
{ rsi = fffffffe9c3470e9  TRACKED_CHANGED  -> VAL: fffffffe9c3470e9 }
{ rbx = fffffffeadd47db3  !!! TRACKED_MULTIPLYING: #[ m = 64 * 0x8038b3 ]  UNK: #[ res += 0x11a00cca ;  res ^= 0x31e00d5a ] // [CNTR: 3]  }
{ r12 = fffffffeadd47db3  TRACKED_CHANGED BY: xor r12, qword ptr [r13+0xe0] #[ res ^= m ]  }
{ r12 = fffffffe9fc2585f  TRACKED_CHANGED  -> VAL: fffffffe9fc2585f }
{ rbp = ffffffff54d88ca6  !!! TRACKED_MULTIPLYING: #[ m = 71 * 0x65fac9 ]  UNK: #[ res += 0xb5163447 ;  res ^= 0x1cb1ad4f9 ] // [CNTR: 4]  }
{ rbp = ffffffff54d88ca6  TRACKED_CHANGED BY: add rbp, qword ptr [r9+0xe0] #[ res += m ]  }
{ rbp = ffffffff81dc3f5f  TRACKED_CHANGED  -> VAL: ffffffff81dc3f5f }
{ rbx = 6226c7f9  !!! TRACKED_MULTIPLYING: #[ m = 68 * 0xd845ca ]  UNK: #[ res += 0xe04a889a ;  res ^= 0xffffffffe3faf8a6 ] // [CNTR: 5]  }
{ rbp = 6226c7f9  TRACKED_CHANGED BY: sub rbp, qword ptr [rcx+0xb0] #[ res -= m ]  }
{ rbp = a4a6de9  TRACKED_CHANGED  -> VAL: a4a6de9 }
{ r14 = ffffffff5ecd5191  !!! TRACKED_MULTIPLYING: #[ m = 46 * 0xb2bbbc ]  UNK: #[ res -= 0xab7d1c58 ;  res ^= 0xffffffff54873c78 ] // [CNTR: 6]  }
{ r15 = ffffffff5ecd5191  TRACKED_CHANGED BY: add r15, qword ptr [r13+0xb0] #[ res += m ]  }
{ r15 = ffffffff8faca6f9  TRACKED_CHANGED  -> VAL: ffffffff8faca6f9 }
{ rsi = ffffffffb5addd6b  !!! TRACKED_MULTIPLYING: #[ m = 37 * 0x33c8bd ]  UNK: #[ res += 0x26013672 ;  res ^= 0x3a017b92 ] // [CNTR: 7]  }
{ r13 = ffffffffb5addd6b  TRACKED_CHANGED BY: xor r13, qword ptr [rdx+0xd8] #[ res ^= m ]  TRACKED_ARITHM: xor r13, qword ptr [rdx+0xd8] }
{ r13 = ffffffffbe8dfdf0  TRACKED_CHANGED  -> VAL: ffffffffbe8dfdf0 TRACKED_ARITHM_RES  }
{ r11 = 140087bc0  TRACKED_ARITHM: add r11, qword ptr [rdx+0xf0] }
{ r11 = 140087cb0  TRACKED_ARITHM_RES  }
{ rbx = 100  TRACKED_ARITHM: add qword ptr [rdx+0xa0], rbx }
{ r13 = f0  TRACKED_ARITHM: add r13, qword ptr [rsi+0xf0] }
{ r13 = 140087bb0  TRACKED_ARITHM_RES  }
{ rsi = 1400580c0  TRACKED_ARITHM: add rsi, qword ptr [r8+0xe0] }
{ rsi = 1400581be  TRACKED_ARITHM_RES  }
{ r13 = 10000  TRACKED_ARITHM: add qword ptr [r8+0x90], r13 }


{ [rsp]  -> 70b7c03; rsp = 4500b90  TRACKED_ARITHM: add qword ptr [rsp+0x20], 0x20325fc6 }
{ r12 = fe  TRACKED_ARITHM: add r12, qword ptr [rbp+0xa8] }
{ r12 = 1400580be  TRACKED_ARITHM_RES  }
{ r12 = ffffffffffff00ff  TRACKED_ARITHM: and rsi, r12 }
{ rsi = ffffffffbe8e00d3  TRACKED_ARITHM_RES  }
{ r12 = 7400  TRACKED_ARITHM: or rsi, r12 }
{ rsi = ffffffffbe8e74d3  TRACKED_ARITHM_RES  }
{ r13 = 140025bc0  TRACKED_ARITHM: add r13, qword ptr [rdx+0x90] }
{ r13 = 140025c4e  TRACKED_ARITHM_RES  }
{  TRACKED_ARITHM: add qword ptr [rdx+0xe0], r11 }


{ [rsp]  -> 71d25ed3; rsp = 44fc318  TRACKED_ARITHM: add qword ptr [rsp+0x18], 0xe490984 }
{ r15 = 8e  TRACKED_ARITHM: add r15, qword ptr [r12+0xf0] }
{ r15 = 140025b4e  TRACKED_ARITHM_RES  }
{ r9 = ffffffffff00ffff  TRACKED_ARITHM: and rsi, r9 }
{ rsi = ffffffffbe0074d3  TRACKED_ARITHM_RES  }
{ r9 = 910000  TRACKED_ARITHM: or rsi, r9 }
{ rsi = ffffffffbe9174d3  TRACKED_ARITHM_RES  }
{ rbp = 1400492c0  TRACKED_ARITHM: add rbp, qword ptr [rsi+0x90] }
{ rbp = 14004937e  TRACKED_ARITHM_RES  }
{ r13 = 100000000  TRACKED_ARITHM: add qword ptr [rsi+0xa8], r13 }
{ r12 = be  TRACKED_ARITHM: add r12, qword ptr [rax+0xe8] }
{ r12 = 14004927e  TRACKED_ARITHM_RES  }
{ rdi = ffffffff00ffffff  TRACKED_ARITHM: and r15, rdi }
{ r15 = 9174d3  TRACKED_ARITHM_RES  }
{ rdi = 12000000  TRACKED_ARITHM: or r15, rdi }
{ r15 = 129174d3  TRACKED_ARITHM_RES  }
{ r12 = 140898770  TRACKED_ARITHM: add r12, qword ptr [rsi+0xb0] }
{  TRACKED_ARITHM: add qword ptr [rsi+0xa8], r13 }


{ [rsp]  -> 65a758b0; rsp = 44f2398  TRACKED_ARITHM: add qword ptr [rsp+0x18], 0x655b0d5e }
{ rdx = 0  TRACKED_ARITHM: add rdx, qword ptr [r15+0xa8] }
{ rdx = 1400247c0  TRACKED_ARITHM_RES  }
{ r10 = ffff00ffffffffff  TRACKED_ARITHM: and rbx, r10 }
{  TRACKED_ARITHM: or rbx, r10 }


{ [rsp]  -> e824334; rsp = 44edb10  TRACKED_ARITHM: add qword ptr [rsp+0x20], 0x78a47208 }
{ r12 = 0  TRACKED_ARITHM: add r12, qword ptr [r15+0xd8] }
{ r12 = 1400247c0  TRACKED_ARITHM_RES  }
{ rbp = ffffffffffffff  TRACKED_ARITHM: and rdi, rbp }
{  TRACKED_ARITHM: or rdi, rbp }
{ rdx = 140064dc0  TRACKED_ARITHM: add rdx, qword ptr [r8+0xf0] }
{ rdx = 140064e93  TRACKED_ARITHM_RES  }
{  TRACKED_ARITHM: sub qword ptr [r8+0xe0], rdi }
{ r15 = d3  TRACKED_ARITHM: add r15, qword ptr [rcx+0xa0] }
{ r15 = 140064d93  TRACKED_ARITHM_RES  }
{ rcx = 140029cc0  TRACKED_ARITHM: add rcx, qword ptr [rbp+0xe8] }
{ rcx = 140029d34  TRACKED_ARITHM_RES  }
{  TRACKED_ARITHM: sub qword ptr [rbp+0xd8], rdi }
{ r9 = 74  TRACKED_ARITHM: add r9, qword ptr [rcx+0xa8] }
{ r9 = 140029c34  TRACKED_ARITHM_RES  }
{ rsi = ffffffffffff00ff  TRACKED_ARITHM: and r12, rsi }
{ r12 = 12910040  TRACKED_ARITHM_RES  }
{ rsi = 6800  TRACKED_ARITHM: or r12, rsi }
{ r12 = 12916840  TRACKED_ARITHM_RES  }
{ r13 = 14008a0c0  TRACKED_ARITHM: add r13, qword ptr [r14+0xa0] }
{ r13 = 14008a151  TRACKED_ARITHM_RES  }
{ rax = 1000000  TRACKED_ARITHM: sub qword ptr [r14+0x90], rax }


{ [rsp]  -> 63b4454c; rsp = 44df318  TRACKED_ARITHM: add qword ptr [rsp+0x18], 0x35f02a7f }
{ rdi = 91  TRACKED_ARITHM: add rdi, qword ptr [r9+0xd8] }
{ rdi = 14008a051  TRACKED_ARITHM_RES  }
{ rax = ffffffffff00ffff  TRACKED_ARITHM: and rbx, rax }
{ rbx = 11006840  TRACKED_ARITHM_RES  }
{ rax = a90000  TRACKED_ARITHM: or rbx, rax }
{ rbx = 11a96840  TRACKED_ARITHM_RES  }
{ r10 = 1400718c0  TRACKED_ARITHM: add r10, qword ptr [r15+0xa0] }
{ r10 = 1400718d1  TRACKED_ARITHM_RES  }
{ rsi = 100000000  TRACKED_ARITHM: sub qword ptr [r15+0xe8], rsi }
{ rdx = 11  TRACKED_ARITHM: add rdx, qword ptr [r9+0xd8] }
{ rdx = 1400717d1  TRACKED_ARITHM_RES  }
{ r12 = ffffffff00ffffff  TRACKED_ARITHM: and rbp, r12 }
{ rbp = ffffffff00a96840  TRACKED_ARITHM_RES  }
{ r12 = 61000000  TRACKED_ARITHM: or rbp, r12 }
{ rbp = ffffffff61a96840  TRACKED_ARITHM_RES  }
{ r8 = 1400941c0  TRACKED_ARITHM: add r8, qword ptr [r12+0xb0] }
{ r8 = 1400942bf  TRACKED_ARITHM_RES  }
{  TRACKED_ARITHM: sub qword ptr [r12+0xe8], r15 }
{ r10 = ff  TRACKED_ARITHM: add r10, qword ptr [r8+0xe0] }
{ r10 = 1400941bf  TRACKED_ARITHM_RES  }
{ rax = ffffff00ffffffff  TRACKED_ARITHM: and r14, rax }
{ r14 = ffffff0061a96840  TRACKED_ARITHM_RES  }
{  TRACKED_ARITHM: or r14, rax }
{ rax = 1400941c0  TRACKED_ARITHM: add rax, qword ptr [r11+0x90] }
{ rax = 1400942bf  TRACKED_ARITHM_RES  }
{  TRACKED_ARITHM: sub qword ptr [r11+0xe0], rdi }
{ r9 = ff  TRACKED_ARITHM: add r9, qword ptr [rbp+0xe8] }
{ r9 = 1400941bf  TRACKED_ARITHM_RES  }
{ r10 = ffff00ffffffffff  TRACKED_ARITHM: and rsi, r10 }
{ rsi = ffff000061a96840  TRACKED_ARITHM_RES  }
{  TRACKED_ARITHM: or rsi, r10 }
{ r13 = 1400941c0  TRACKED_ARITHM: add r13, qword ptr [rcx+0xf0] }
{ r13 = 1400942bf  TRACKED_ARITHM_RES  }
{  TRACKED_ARITHM: sub qword ptr [rcx+0xe8], r13 }


{ [rsp]  -> 798c2925; rsp = 44c9718  TRACKED_ARITHM: add qword ptr [rsp+0x18], 0x2ced3360 }
{ r12 = ff  TRACKED_ARITHM: add r12, qword ptr [r15+0xf0] }
{ r12 = 1400941bf  TRACKED_ARITHM_RES  }
{ r10 = ff00ffffffffffff  TRACKED_ARITHM: and r14, r10 }
{ r14 = ff00000061a96840  TRACKED_ARITHM_RES  }
{  TRACKED_ARITHM: or r14, r10 }
{ rbx = ff  TRACKED_ARITHM: add rbx, qword ptr [rcx+0x90] }
{ rbx = 1400941bf  TRACKED_ARITHM_RES  }
{ rcx = ffffffffffffff  TRACKED_ARITHM: and rsi, rcx }
{ rsi = 61a96840  TRACKED_ARITHM_RES  }
{  TRACKED_ARITHM: or rsi, rcx }
{ r10 = 68  TRACKED_ARITHM: add r10, qword ptr [rbx+0xe0] }
{ r10 = 140093c28  TRACKED_ARITHM_RES  }
{ rax = ffffffffffff00ff  TRACKED_ARITHM: and r13, rax }
{ r13 = 61a90040  TRACKED_ARITHM_RES  }
{ rax = 6800  TRACKED_ARITHM: or r13, rax }
{ r13 = 61a96840  TRACKED_ARITHM_RES  }


{ [rsp]  -> 92c03f0; rsp = 44ba090  TRACKED_ARITHM: add qword ptr [rsp+0x20], 0xaea16f6 }
{ rax = 0  TRACKED_ARITHM: add rax, qword ptr [r11+0xe0] }
{ rax = 140093bc0  TRACKED_ARITHM_RES  }
{ rsi = ffff00ffffffffff  TRACKED_ARITHM: and r14, rsi }
{  TRACKED_ARITHM: or r14, rsi }
{ r12 = 1400011f0  TRACKED_TEST rbp = 61a96840 UNK: #[ res += 0xa31b6a50 ;  res ^= 0xffffffffdf2495b0 ]  }


{ [rsp]  -> 53a4e0; rsp = 44b49b0  !!! TRACKED_MULTIPLYING: #[ res = 30 * 0x53a4e0 ] // [CNTR: 0]  }
{ r12 = ffffffffaf4d69c2  !!! TRACKED_MULTIPLYING: #[ m = 61 * 0x9bbfda ]  #[ res -= 0x6061803e ]// [CNTR: 1]  }
{ r15 = ffffffffaf4d69c2  TRACKED_CHANGED BY: sub r15, qword ptr [rdx+0xa0] #[ res -= m ]  }
{ r15 = ffffffff7449b828  TRACKED_CHANGED  -> VAL: ffffffff7449b828 }
{ rsi = ffffffffddfd3c19  !!! TRACKED_MULTIPLYING: #[ m = 69 * 0x6b38aa ]  UNK: #[ res += 0x69b383f1 ;  res ^= 0xa9b48431 ] // [CNTR: 2]  }
{ rbp = ffffffffddfd3c19  TRACKED_CHANGED BY: sub rbp, qword ptr [r15+0xd8] #[ res -= m ]  }
{ rbp = ffffffffb202fe5f  TRACKED_CHANGED  -> VAL: ffffffffb202fe5f }
{ r12 = ffffffff1aefe6bf  !!! TRACKED_MULTIPLYING: #[ m = 65 * 0x5d266f ]  UNK: #[ res -= 0x971317a0 ;  res ^= 0xa8ed18e0 ] // [CNTR: 3]  }
{ r15 = ffffffff1aefe6bf  TRACKED_CHANGED BY: add r15, qword ptr [rsi+0x90] #[ res += m ]  }
{ r15 = ffffffff3fb0108a  TRACKED_CHANGED  -> VAL: ffffffff3fb0108a }
{ rsi = ffffffff99fb1eea  !!! TRACKED_MULTIPLYING: #[ m = 38 * 0xedc3d3 ]  UNK: #[ res += 0x5a4b0e60 ;  res ^= 0xa64b0e60 ] // [CNTR: 4]  }
{ r13 = ffffffff99fb1eea  TRACKED_CHANGED BY: sub r13, qword ptr [r14+0xa0] #[ res -= m ]  }
{ r13 = ffffffff65f848c2  TRACKED_CHANGED  -> VAL: ffffffff65f848c2 }
{ r13 = fffffffff61dd234  !!! TRACKED_MULTIPLYING: #[ m = 34 * 0xb1f16c ]  UNK: #[ res += 0x90258972 ;  res ^= 0x93e59af6 ] // [CNTR: 5]  }
{ rbx = fffffffff61dd234  TRACKED_CHANGED BY: sub rbx, qword ptr [r11+0xb0] #[ res -= m ]  }
{ rbx = ffffffffd1f8c844  TRACKED_CHANGED  -> VAL: ffffffffd1f8c844 }
{ rsi = ffffffff392a71ed  !!! TRACKED_MULTIPLYING: #[ m = 43 * 0x1c8e5b ]  UNK: #[ res -= 0x98ce5657 ;  res ^= 0xe8d2b9a9 ] // [CNTR: 6]  }
{ rdi = ffffffff392a71ed  TRACKED_CHANGED BY: add rdi, qword ptr [rsi+0xe8] #[ res += m ]  }
{ rdi = ffffffff40a3b3be  TRACKED_CHANGED  -> VAL: ffffffff40a3b3be }
{ r13 = fffffffed820213b  !!! TRACKED_MULTIPLYING: #[ m = 6d * 0x78f67b ]  UNK: #[ res -= 0x68839283 ;  res ^= 0x198839285 ] // [CNTR: 7]  }
{ r12 = fffffffed820213b  TRACKED_CHANGED BY: add r12, qword ptr [rax+0xe8] #[ res += m ]  TRACKED_ARITHM: add r12, qword ptr [rax+0xe8] }
{ r12 = ffffffff0ba1139a  TRACKED_CHANGED  -> VAL: ffffffff0ba1139a TRACKED_ARITHM_RES  }
{ rsi = 1400607c0  TRACKED_ARITHM: add rsi, qword ptr [rbx+0xd8] }
{ rsi = 14006085a  TRACKED_ARITHM_RES  }
{  TRACKED_ARITHM: sub qword ptr [rbx+0xe8], rbp }
{ rax = 9a  TRACKED_ARITHM: add rax, qword ptr [rcx+0xa0] }
{ rax = 14006075a  TRACKED_ARITHM_RES  }
{ r15 = 1400830c0  TRACKED_ARITHM: add r15, qword ptr [r12+0xe0] }
{ r15 = 1400830d3  TRACKED_ARITHM_RES  }
{ rbx = 10000  TRACKED_ARITHM: sub qword ptr [r12+0xa8], rbx }


{ [rsp]  -> 6c94625d; rsp = 43c5590  TRACKED_ARITHM: add qword ptr [rsp+0x20], 0x44f51da0 }
{ r12 = 13  TRACKED_ARITHM: add r12, qword ptr [rdx+0xe8] }
{ r12 = 140082fd3  TRACKED_ARITHM_RES  }
{ r10 = ffffffffffff00ff  TRACKED_ARITHM: and rsi, r10 }
{ rsi = ffffffff0ba00011  TRACKED_ARITHM_RES  }
{ r10 = 3b00  TRACKED_ARITHM: or rsi, r10 }
{ rsi = ffffffff0ba03b11  TRACKED_ARITHM_RES  }
{ r11 = 14003f3c0  TRACKED_ARITHM: add r11, qword ptr [rdi+0x90] }
{ r11 = 14003f460  TRACKED_ARITHM_RES  }
{  TRACKED_ARITHM: sub qword ptr [rdi+0xe8], r10 }
{ r10 = a0  TRACKED_ARITHM: add r10, qword ptr [r9+0xf0] }
{ r10 = 14003f360  TRACKED_ARITHM_RES  }
{ r12 = ffffffffff00ffff  TRACKED_ARITHM: and r13, r12 }
{ r13 = ffffffff0b003b11  TRACKED_ARITHM_RES  }
{ r12 = 630000  TRACKED_ARITHM: or r13, r12 }
{ r13 = ffffffff0b633b11  TRACKED_ARITHM_RES  }
{ r8 = 14008fbc0  TRACKED_ARITHM: add r8, qword ptr [r14+0xd8] }
{ r8 = 14008fbcb  TRACKED_ARITHM_RES  }
{ r13 = 100000000  TRACKED_ARITHM: sub qword ptr [r14+0xe8], r13 }
{ r14 = b  TRACKED_ARITHM: add r14, qword ptr [rax+0xe8] }
{ r14 = 14008facb  TRACKED_ARITHM_RES  }
{ r14 = ffffffff00ffffff  TRACKED_ARITHM: and rbp, r14 }
{ rbp = fffffffe00633b11  TRACKED_ARITHM_RES  }
{ r14 = 16000000  TRACKED_ARITHM: or rbp, r14 }
{ rbp = fffffffe16633b11  TRACKED_ARITHM_RES  }
{ r10 = 140898870  TRACKED_ARITHM: add r10, qword ptr [r12+0xa0] }
{ r10 = 14089896f  TRACKED_ARITHM_RES  }
{  TRACKED_ARITHM: sub qword ptr [r12+0xd8], rdx }
{ rsi = ff  TRACKED_ARITHM: add rsi, qword ptr [r11+0xb0] }
{ rsi = 1400249bf  TRACKED_ARITHM_RES  }
{ rdx = ffff00ffffffffff  TRACKED_ARITHM: and r13, rdx }
{ r13 = ffff00fe16633b11  TRACKED_ARITHM_RES  }
{ rdx = ff0000000000  TRACKED_ARITHM: or r13, rdx }
{ r13 = fffffffe16633b11  TRACKED_ARITHM_RES  }
{ r15 = 140898870  TRACKED_ARITHM: add r15, qword ptr [r11+0x90] }
{ r15 = 14089896f  TRACKED_ARITHM_RES  }
{  TRACKED_ARITHM: sub qword ptr [r11+0xe0], rdx }
{ rcx = ff  TRACKED_ARITHM: add rcx, qword ptr [r13+0xb0] }
{ rcx = 1400249bf  TRACKED_ARITHM_RES  }
{ rsi = ff00ffffffffffff  TRACKED_ARITHM: and r14, rsi }
{ r14 = ff00fffe16633b11  TRACKED_ARITHM_RES  }
{ rsi = ff000000000000  TRACKED_ARITHM: or r14, rsi }
{ r14 = fffffffe16633b11  TRACKED_ARITHM_RES  }


{ [rsp]  -> 2c44598d; rsp = 43ace18  TRACKED_ARITHM: add qword ptr [rsp+0x18], 0x1581ad2 }
{ r13 = ff  TRACKED_ARITHM: add r13, qword ptr [rbx+0xb0] }
{ r13 = 1400249bf  TRACKED_ARITHM_RES  }
{ rax = ffffffffffffff  TRACKED_ARITHM: and rsi, rax }
{ rsi = fffffe16633b11  TRACKED_ARITHM_RES  }
{ rax = ff00000000000000  TRACKED_ARITHM: or rsi, rax }
{ rsi = fffffffe16633b11  TRACKED_ARITHM_RES  }
{ rsi = 14004d3c0  TRACKED_ARITHM: add rsi, qword ptr [r12+0xd8] }
{ rsi = 14004d3d1  TRACKED_ARITHM_RES  }
{ r15 = 100  TRACKED_ARITHM: sub qword ptr [r12+0xf0], r15 }


{ [rsp]  -> 79e91a5d; rsp = 43a7718  TRACKED_ARITHM: add qword ptr [rsp+0x18], 0x639a080b }
{ rdx = 11  TRACKED_ARITHM: add rdx, qword ptr [rbp+0xe0] }
{ rdx = 14004d2d1  TRACKED_ARITHM_RES  }
{ rbp = 1400336c0  TRACKED_ARITHM: add rbp, qword ptr [rdx+0xd8] }
{ rbp = 1400336fa  TRACKED_ARITHM_RES  }
{  TRACKED_ARITHM: sub qword ptr [rdx+0xa8], r8 }


{ [rsp]  -> 11231fdc; rsp = 43a2010  TRACKED_ARITHM: add qword ptr [rsp+0x20], 0x561216fe }
{ r9 = 3a  TRACKED_ARITHM: add r9, qword ptr [rcx+0xa8] }
{ r9 = 1400335fa  TRACKED_ARITHM_RES  }
{ rax = ffffffffffff00ff  TRACKED_ARITHM: and r13, rax }
{ r13 = fffffffe166300b4  TRACKED_ARITHM_RES  }
{ rax = 1800  TRACKED_ARITHM: or r13, rax }
{ r13 = fffffffe166318b4  TRACKED_ARITHM_RES  }
{ rdi = 14006f5c0  TRACKED_ARITHM: add rdi, qword ptr [rdx+0xb0] }
{ rdi = 14006f623  TRACKED_ARITHM_RES  }
{ r12 = 1000000  TRACKED_ARITHM: sub qword ptr [rdx+0xe8], r12 }
{ rcx = 63  TRACKED_ARITHM: add rcx, qword ptr [rdx+0xd8] }
{ rcx = 14006f523  TRACKED_ARITHM_RES  }
{ r10 = ffffffffff00ffff  TRACKED_ARITHM: and rbp, r10 }
{ rbp = fffffffe150018b4  TRACKED_ARITHM_RES  }
{ r10 = b80000  TRACKED_ARITHM: or rbp, r10 }
{ rbp = fffffffe15b818b4  TRACKED_ARITHM_RES  }
{ rdx = 140046ac0  TRACKED_ARITHM: add rdx, qword ptr [r14+0xa0] }
{ rdx = 140046ad5  TRACKED_ARITHM_RES  }
{ r15 = 100000000  TRACKED_ARITHM: sub qword ptr [r14+0x90], r15 }
{ r10 = 15  TRACKED_ARITHM: add r10, qword ptr [r8+0xb0] }
{ r10 = 1400469d5  TRACKED_ARITHM_RES  }
{ rsi = ffffffff00ffffff  TRACKED_ARITHM: and r12, rsi }
{ r12 = fffffffd00b818b4  TRACKED_ARITHM_RES  }
{ rsi = c7000000  TRACKED_ARITHM: or r12, rsi }
{ r12 = fffffffdc7b818b4  TRACKED_ARITHM_RES  }
{ rax = 140093ac0  TRACKED_ARITHM: add rax, qword ptr [rsi+0xf0] }
{ rax = 140093bbd  TRACKED_ARITHM_RES  }
{ rbp = 10000000000  TRACKED_ARITHM: sub qword ptr [rsi+0xe8], rbp }
{ r10 = fd  TRACKED_ARITHM: add r10, qword ptr [r8+0x90] }
{ r10 = 140093abd  TRACKED_ARITHM_RES  }
{ r9 = ffffff00ffffffff  TRACKED_ARITHM: and r14, r9 }
{ r14 = fffffe00c7b818b4  TRACKED_ARITHM_RES  }
{ r9 = ff00000000  TRACKED_ARITHM: or r14, r9 }
{ r14 = fffffeffc7b818b4  TRACKED_ARITHM_RES  }
{ r12 = 1400941c0  TRACKED_ARITHM: add r12, qword ptr [rax+0xb0] }
{ r12 = 1400942be  TRACKED_ARITHM_RES  }
{ r11 = 1000000000000  TRACKED_ARITHM: sub qword ptr [rax+0xf0], r11 }
{ rcx = fe  TRACKED_ARITHM: add rcx, qword ptr [r14+0xa8] }
{ rcx = 1400941be  TRACKED_ARITHM_RES  }
{ r8 = ffff00ffffffffff  TRACKED_ARITHM: and rbp, r8 }
{ rbp = fffe00ffc7b818b4  TRACKED_ARITHM_RES  }
{ r8 = ff0000000000  TRACKED_ARITHM: or rbp, r8 }
{ rbp = fffeffffc7b818b4  TRACKED_ARITHM_RES  }
{ rcx = 1400941c0  TRACKED_ARITHM: add rcx, qword ptr [rbx+0xa0] }
{ rcx = 1400942be  TRACKED_ARITHM_RES  }
{ r8 = 100000000000000  TRACKED_ARITHM: sub qword ptr [rbx+0xf0], r8 }


{ [rsp]  -> 5c5f02d9; rsp = 4389890  TRACKED_ARITHM: add qword ptr [rsp+0x20], 0x15d0410d }
{ r10 = fe  TRACKED_ARITHM: add r10, qword ptr [r11+0x90] }
{ r10 = 1400941be  TRACKED_ARITHM_RES  }
{ rdx = ff00ffffffffffff  TRACKED_ARITHM: and r14, rdx }
{ r14 = fe00ffffc7b818b4  TRACKED_ARITHM_RES  }
{ rdx = ff000000000000  TRACKED_ARITHM: or r14, rdx }
{ r14 = feffffffc7b818b4  TRACKED_ARITHM_RES  }


{ [rsp]  -> 9e078af; rsp = 4384198  TRACKED_ARITHM: add qword ptr [rsp+0x18], 0x53e9305e }
{ r11 = fe  TRACKED_ARITHM: add r11, qword ptr [r8+0xe8] }
{ r11 = 1400941be  TRACKED_ARITHM_RES  }
{ rdi = ffffffffffffff  TRACKED_ARITHM: and rbp, rdi }
{ rbp = ffffffc7b818b4  TRACKED_ARITHM_RES  }
{ rdi = ff00000000000000  TRACKED_ARITHM: or rbp, rdi }
{ rbp = ffffffffc7b818b4  TRACKED_ARITHM_RES  }


{ [rsp]  -> 1968095a; rsp = 437f910  TRACKED_ARITHM: add qword ptr [rsp+0x20], 0x14010290 }
{ rsi = b4  TRACKED_ARITHM: add rsi, qword ptr [r14+0xa8] }
{ rsi = 140024774  TRACKED_ARITHM_RES  }


{ [rsp]  -> 27100d97; rsp = 437b098  TRACKED_ARITHM: add qword ptr [rsp+0x18], 0x7adf15c5 }
{ rdx = 18  TRACKED_ARITHM: add rdx, qword ptr [rcx+0xd8] }
{ rdx = 1400246d8  TRACKED_ARITHM_RES  }
{ rsi = ffffffffffff00ff  TRACKED_ARITHM: and rdi, rsi }
{ rdi = ffffffffc7b800b4  TRACKED_ARITHM_RES  }
{ rsi = 1800  TRACKED_ARITHM: or rdi, rsi }
{ rdi = ffffffffc7b818b4  TRACKED_ARITHM_RES  }


{ [rsp]  -> 31e433fc; rsp = 4376810  TRACKED_ARITHM: add qword ptr [rsp+0x20], 0x65d568a0 }
{ rsi = b8  TRACKED_ARITHM: add rsi, qword ptr [r12+0xd8] }
{ rsi = 140024778  TRACKED_ARITHM_RES  }
{ r15 = ffffffffff00ffff  TRACKED_ARITHM: and rdi, r15 }
{ rdi = ffffffffc70018b4  TRACKED_ARITHM_RES  }
{ r15 = b80000  TRACKED_ARITHM: or rdi, r15 }
{ rdi = ffffffffc7b818b4  TRACKED_ARITHM_RES  }
{ r9 = c7  TRACKED_ARITHM: add r9, qword ptr [r13+0xe8] }
{ r9 = 140024787  TRACKED_ARITHM_RES  }
{ r14 = ffffffff00ffffff  TRACKED_ARITHM: and r15, r14 }
{ r15 = ffffffff00b818b4  TRACKED_ARITHM_RES  }
{ r14 = c7000000  TRACKED_ARITHM: or r15, r14 }
{ r15 = ffffffffc7b818b4  TRACKED_ARITHM_RES  }


{ [rsp]  -> 2fec61a3; rsp = 436d718  TRACKED_ARITHM: add qword ptr [rsp+0x18], 0x75ed3dfe }
{ r9 = ff  TRACKED_ARITHM: add r9, qword ptr [r11+0xf0] }
{ r9 = 1400247bf  TRACKED_ARITHM_RES  }
{ r11 = ffffff00ffffffff  TRACKED_ARITHM: and rdi, r11 }
{ rdi = ffffff00c7b818b4  TRACKED_ARITHM_RES  }
{ r11 = ff00000000  TRACKED_ARITHM: or rdi, r11 }
{ rdi = ffffffffc7b818b4  TRACKED_ARITHM_RES  }
{ r8 = ff  TRACKED_ARITHM: add r8, qword ptr [r14+0xa0] }
{ r8 = 1400247bf  TRACKED_ARITHM_RES  }
{ rbp = ff00ffffffffffff  TRACKED_ARITHM: and rdi, rbp }
{ rdi = ff00ffffc7b818b4  TRACKED_ARITHM_RES  }
{ rbp = ff000000000000  TRACKED_ARITHM: or rdi, rbp }
{ rdi = ffffffffc7b818b4  TRACKED_ARITHM_RES  }
{ rbx = ff  TRACKED_ARITHM: add rbx, qword ptr [r13+0xa0] }
{ rbx = 1400247bf  TRACKED_ARITHM_RES  }
{ rdx = ffffffffffffff  TRACKED_ARITHM: and r15, rdx }
{ r15 = ffffffc7b818b4  TRACKED_ARITHM_RES  }
{ rdx = ff00000000000000  TRACKED_ARITHM: or r15, rdx }
{ r15 = ffffffffc7b818b4  TRACKED_ARITHM_RES  }
{ rbx = 1400011f0  TRACKED_TEST r12 = ffffffffc7b818b4 UNK: #[ res += 0xbc17051a ;  res ^= 0xcc190b2e ]  }


{ [rsp]  -> 87184c; rsp = 435e0b0  !!! TRACKED_MULTIPLYING: #[ res = 62 * 0x87184c ] // [CNTR: 0]  }
{ rbx = ffffffffc115f240  !!! TRACKED_MULTIPLYING: #[ m = 6a * 0xf6372e ]  #[ res -= 0x72a15ad8 ]// [CNTR: 1]  }
{ r14 = ffffffffc115f240  TRACKED_CHANGED BY: xor r14, qword ptr [rcx+0xe8] #[ res ^= m ]  }
{ r14 = ffffffffa4e72b4c  TRACKED_CHANGED  -> VAL: ffffffffa4e72b4c }
{ r12 = ffffffffbb947ad5  !!! TRACKED_MULTIPLYING: #[ m = 66 * 0xd7355c ]  UNK: #[ res += 0x16ad4f89 ;  res ^= 0x1f735199 ] // [CNTR: 2]  }
{ rbx = ffffffffbb947ad5  TRACKED_CHANGED BY: sub rbx, qword ptr [rsi+0xe8] #[ res -= m ]  }
{ rbx = ffffffff65d5382d  TRACKED_CHANGED  -> VAL: ffffffff65d5382d }
{ rsi = fffffffeaab439f8  !!! TRACKED_MULTIPLYING: #[ m = 35 * 0x471dc1 ]  UNK: #[ res -= 0xbb20fe35 ;  res ^= 0x1cf6101d5 ] // [CNTR: 3]  }
{ r14 = fffffffeaab439f8  TRACKED_CHANGED BY: xor r14, qword ptr [r12+0x90] #[ res ^= m ]  }
{ r14 = fffffffea40d110d  TRACKED_CHANGED  -> VAL: fffffffea40d110d }
{ r14 = fffffffef32184f9  !!! TRACKED_MULTIPLYING: #[ m = 31 * 0x8c4d98 ]  UNK: #[ res += 0x4f1473ec ;  res ^= 0x572c95f4 ] // [CNTR: 4]  }
{ r13 = fffffffef32184f9  TRACKED_CHANGED BY: sub r13, qword ptr [r14+0xa8] #[ res -= m ]  }
{ r13 = fffffffed846aae1  TRACKED_CHANGED  -> VAL: fffffffed846aae1 }
{ rbx = fffffffe43e19e6d  !!! TRACKED_MULTIPLYING: #[ m = 44 * 0x5ceea1 ]  UNK: #[ res -= 0x94650c74 ;  res ^= 0x9ba7348c ] // [CNTR: 5]  }
{ rbp = fffffffe43e19e6d  TRACKED_CHANGED BY: sub rbp, qword ptr [rsi+0xe0] #[ res -= m ]  }
{ rbp = fffffffe2b323ba9  TRACKED_CHANGED  -> VAL: fffffffe2b323ba9 }
{ r15 = fffffffedc31e768  !!! TRACKED_MULTIPLYING: #[ m = 6f * 0xeb0863 ]  UNK: #[ res += 0xb0ffabbf ;  res ^= 0xf703dcc1 ] // [CNTR: 6]  }
{ r13 = fffffffedc31e768  TRACKED_CHANGED BY: sub r13, qword ptr [rax+0xa8] #[ res -= m ]  }
{ r13 = fffffffe7649447b  TRACKED_CHANGED  -> VAL: fffffffe7649447b }
{ r14 = ffffffff23850518  !!! TRACKED_MULTIPLYING: #[ m = 39 * 0xb6227f ]  UNK: #[ res += 0xad3bc09d ;  res ^= 0x155cc4163 ] // [CNTR: 7]  }
{ rbx = ffffffff23850518  TRACKED_CHANGED BY: xor rbx, qword ptr [r15+0xb0] #[ res ^= m ]  TRACKED_ARITHM: xor rbx, qword ptr [r15+0xb0] }
{ rbx = ffffffff0b08ab5f  TRACKED_CHANGED  -> VAL: ffffffff0b08ab5f TRACKED_ARITHM_RES  }
{ rbp = 14002e9c0  TRACKED_ARITHM: add rbp, qword ptr [r11+0x90] }
{ rbp = 14002ea1f  TRACKED_ARITHM_RES  }
{  TRACKED_ARITHM: sub qword ptr [r11+0xe8], r8 }
{ r15 = 5f  TRACKED_ARITHM: add r15, qword ptr [r13+0xb0] }
{ r15 = 14002e91f  TRACKED_ARITHM_RES  }
{ r8 = 140052ec0  TRACKED_ARITHM: add r8, qword ptr [r13+0x90] }
{ r8 = 140052f6b  TRACKED_ARITHM_RES  }
{  TRACKED_ARITHM: sub qword ptr [r13+0xd8], rbp }


{ [rsp]  -> f486f18; rsp = 426fb10  TRACKED_ARITHM: add qword ptr [rsp+0x20], 0x493a171a }
{ r8 = ab  TRACKED_ARITHM: add r8, qword ptr [r9+0xe8] }
{ r8 = 140052e6b  TRACKED_ARITHM_RES  }
{ r8 = ffffffffffff00ff  TRACKED_ARITHM: and rsi, r8 }
{ rsi = ffffffff0b080048  TRACKED_ARITHM_RES  }
{ r8 = 4100  TRACKED_ARITHM: or rsi, r8 }
{ rsi = ffffffff0b084148  TRACKED_ARITHM_RES  }
{ rbx = 140070ac0  TRACKED_ARITHM: add rbx, qword ptr [r8+0xa8] }
{ rbx = 140070ac8  TRACKED_ARITHM_RES  }
{ r12 = 1000000  TRACKED_ARITHM: sub qword ptr [r8+0xe8], r12 }


{ [rsp]  -> 3c8e4727; rsp = 426a418  TRACKED_ARITHM: add qword ptr [rsp+0x18], 0x4d474aaf }
{ rax = 8  TRACKED_ARITHM: add rax, qword ptr [rdi+0xf0] }
{ rax = 1400709c8  TRACKED_ARITHM_RES  }
{ r8 = ffffffffff00ffff  TRACKED_ARITHM: and r12, r8 }
{ r12 = ffffffff0a004148  TRACKED_ARITHM_RES  }
{ r8 = 5a0000  TRACKED_ARITHM: or r12, r8 }
{ r12 = ffffffff0a5a4148  TRACKED_ARITHM_RES  }
{ r15 = 1400432c0  TRACKED_ARITHM: add r15, qword ptr [rax+0xf0] }
{ r15 = 1400432ca  TRACKED_ARITHM_RES  }
{ rbp = 100000000  TRACKED_ARITHM: sub qword ptr [rax+0xa8], rbp }


{ [rsp]  -> 5eb01e26; rsp = 4264d18  TRACKED_ARITHM: add qword ptr [rsp+0x18], 0x48ff495b }
{ rax = a  TRACKED_ARITHM: add rax, qword ptr [r9+0xe8] }
{ rax = 1400431ca  TRACKED_ARITHM_RES  }
{ r8 = ffffffff00ffffff  TRACKED_ARITHM: and r12, r8 }
{ r12 = fffffffe005a4148  TRACKED_ARITHM_RES  }
{ r8 = c4000000  TRACKED_ARITHM: or r12, r8 }
{ r12 = fffffffec45a4148  TRACKED_ARITHM_RES  }
{ rdx = 140898870  TRACKED_ARITHM: add rdx, qword ptr [r14+0xa8] }
{ rdx = 14089896f  TRACKED_ARITHM_RES  }
{  TRACKED_ARITHM: sub qword ptr [r14+0xf0], r12 }


{ [rsp]  -> 5cb10b80; rsp = 4260490  TRACKED_ARITHM: add qword ptr [rsp+0x20], 0x40957c26 }
{ rdx = ff  TRACKED_ARITHM: add rdx, qword ptr [r9+0xa0] }
{ rdx = 1400249bf  TRACKED_ARITHM_RES  }
{ rdx = ffff00ffffffffff  TRACKED_ARITHM: and rbp, rdx }
{ rbp = ffff00fec45a4148  TRACKED_ARITHM_RES  }
{ rdx = ff0000000000  TRACKED_ARITHM: or rbp, rdx }
{ rbp = fffffffec45a4148  TRACKED_ARITHM_RES  }
{ r10 = 140898870  TRACKED_ARITHM: add r10, qword ptr [r15+0xd8] }
{ r10 = 14089896f  TRACKED_ARITHM_RES  }
{  TRACKED_ARITHM: sub qword ptr [r15+0xf0], rdi }


{ [rsp]  -> 40516881; rsp = 425ad98  TRACKED_ARITHM: add qword ptr [rsp+0x18], 0x2b027991 }
{ rcx = ff  TRACKED_ARITHM: add rcx, qword ptr [r15+0xd8] }
{ rcx = 1400249bf  TRACKED_ARITHM_RES  }
{ rsi = ff00ffffffffffff  TRACKED_ARITHM: and rbx, rsi }
{ rbx = ff00fffec45a4148  TRACKED_ARITHM_RES  }
{ rsi = ff000000000000  TRACKED_ARITHM: or rbx, rsi }
{ rbx = fffffffec45a4148  TRACKED_ARITHM_RES  }


{ [rsp]  -> 617b47ec; rsp = 4256510  TRACKED_ARITHM: add qword ptr [rsp+0x20], 0x63394a99 }
{ r9 = ff  TRACKED_ARITHM: add r9, qword ptr [rbx+0xd8] }
{ r9 = 1400249bf  TRACKED_ARITHM_RES  }
{ r9 = ffffffffffffff  TRACKED_ARITHM: and rbp, r9 }
{ rbp = fffffec45a4148  TRACKED_ARITHM_RES  }
{ r9 = ff00000000000000  TRACKED_ARITHM: or rbp, r9 }
{ rbp = fffffffec45a4148  TRACKED_ARITHM_RES  }
{ r15 = 14002f0c0  TRACKED_ARITHM: add r15, qword ptr [r11+0x90] }
{ r15 = 14002f108  TRACKED_ARITHM_RES  }
{  TRACKED_ARITHM: sub qword ptr [r11+0xf0], r8 }
{ r8 = 48  TRACKED_ARITHM: add r8, qword ptr [r9+0x90] }
{ r8 = 14002f008  TRACKED_ARITHM_RES  }
{ r15 = 14005cfc0  TRACKED_ARITHM: add r15, qword ptr [rdx+0xf0] }
{ r15 = 14005d001  TRACKED_ARITHM_RES  }
{ r8 = 10000  TRACKED_ARITHM: sub qword ptr [rdx+0xa8], r8 }
{ rbx = 41  TRACKED_ARITHM: add rbx, qword ptr [r11+0xe0] }
{ rbx = 14005cf01  TRACKED_ARITHM_RES  }
{ rsi = ffffffffffff00ff  TRACKED_ARITHM: and rbp, rsi }
{ rbp = fffffffec4590030  TRACKED_ARITHM_RES  }
{ rsi = c000  TRACKED_ARITHM: or rbp, rsi }
{ rbp = fffffffec459c030  TRACKED_ARITHM_RES  }
{ rax = 14004dac0  TRACKED_ARITHM: add rax, qword ptr [r14+0xf0] }
{ rax = 14004db19  TRACKED_ARITHM_RES  }
{ r13 = 1000000  TRACKED_ARITHM: sub qword ptr [r14+0xe0], r13 }


{ [rsp]  -> 103f41ba; rsp = 4246e98  TRACKED_ARITHM: add qword ptr [rsp+0x18], 0x6ce23c15 }
{ r13 = 59  TRACKED_ARITHM: add r13, qword ptr [rbp+0xb0] }
{ r13 = 14004da19  TRACKED_ARITHM_RES  }
{ rbp = ffffffffff00ffff  TRACKED_ARITHM: and rsi, rbp }
{ rsi = fffffffec300c030  TRACKED_ARITHM_RES  }
{ rbp = fb0000  TRACKED_ARITHM: or rsi, rbp }
{ rsi = fffffffec3fbc030  TRACKED_ARITHM_RES  }
{ rdi = 140039fc0  TRACKED_ARITHM: add rdi, qword ptr [r12+0xe8] }
{ rdi = 14003a083  TRACKED_ARITHM_RES  }
{  TRACKED_ARITHM: sub qword ptr [r12+0xf0], rbx }
{ rax = c3  TRACKED_ARITHM: add rax, qword ptr [r13+0xd8] }
{ rax = 140039f83  TRACKED_ARITHM_RES  }
{ rbp = ffffffff00ffffff  TRACKED_ARITHM: and rdi, rbp }
{ rdi = fffffffe00fbc030  TRACKED_ARITHM_RES  }
{ rbp = 92000000  TRACKED_ARITHM: or rdi, rbp }
{ rdi = fffffffe92fbc030  TRACKED_ARITHM_RES  }
{ r15 = 1400941c0  TRACKED_ARITHM: add r15, qword ptr [r11+0x90] }
{ r15 = 1400942be  TRACKED_ARITHM_RES  }
{ r14 = 10000000000  TRACKED_ARITHM: sub qword ptr [r11+0xd8], r14 }
{ r15 = fe  TRACKED_ARITHM: add r15, qword ptr [rsi+0x90] }
{ r15 = 1400941be  TRACKED_ARITHM_RES  }
{ rbp = ffffff00ffffffff  TRACKED_ARITHM: and r12, rbp }
{ r12 = fffffe0092fbc030  TRACKED_ARITHM_RES  }
{ rbp = ff00000000  TRACKED_ARITHM: or r12, rbp }
{ r12 = fffffeff92fbc030  TRACKED_ARITHM_RES  }
{ rbp = 1400941c0  TRACKED_ARITHM: add rbp, qword ptr [rax+0xd8] }
{ rbp = 1400942be  TRACKED_ARITHM_RES  }
{ r12 = 1000000000000  TRACKED_ARITHM: sub qword ptr [rax+0xb0], r12 }
{ r10 = fe  TRACKED_ARITHM: add r10, qword ptr [rcx+0xa8] }
{ r10 = 1400941be  TRACKED_ARITHM_RES  }
{ r14 = ffff00ffffffffff  TRACKED_ARITHM: and r15, r14 }
{ r15 = fffe00ff92fbc030  TRACKED_ARITHM_RES  }
{ r14 = ff0000000000  TRACKED_ARITHM: or r15, r14 }
{ r15 = fffeffff92fbc030  TRACKED_ARITHM_RES  }
{ r10 = 1400941c0  TRACKED_ARITHM: add r10, qword ptr [rbx+0xe8] }
{ r10 = 1400942be  TRACKED_ARITHM_RES  }
{ rsi = 100000000000000  TRACKED_ARITHM: sub qword ptr [rbx+0xe0], rsi }


{ [rsp]  -> ad143d3; rsp = 4232f90  TRACKED_ARITHM: add qword ptr [rsp+0x20], 0x689a47b6 }
{ rdx = fe  TRACKED_ARITHM: add rdx, qword ptr [r8+0xb0] }
{ rdx = 1400941be  TRACKED_ARITHM_RES  }
{ rsi = ff00ffffffffffff  TRACKED_ARITHM: and r13, rsi }
{ r13 = fe00ffff92fbc030  TRACKED_ARITHM_RES  }
{ rsi = ff000000000000  TRACKED_ARITHM: or r13, rsi }
{ r13 = feffffff92fbc030  TRACKED_ARITHM_RES  }
{ r11 = fe  TRACKED_ARITHM: add r11, qword ptr [r10+0xb0] }
{ r11 = 1400941be  TRACKED_ARITHM_RES  }
{ r8 = ffffffffffffff  TRACKED_ARITHM: and rbx, r8 }
{ rbx = ffffff92fbc030  TRACKED_ARITHM_RES  }
{ r8 = ff00000000000000  TRACKED_ARITHM: or rbx, r8 }
{ rbx = ffffffff92fbc030  TRACKED_ARITHM_RES  }
{ rax = 30  TRACKED_ARITHM: add rax, qword ptr [r13+0xb0] }
{ rax = 140093bf0  TRACKED_ARITHM_RES  }


{ [rsp]  -> 678a4b6a; rsp = 4223910  TRACKED_ARITHM: add qword ptr [rsp+0x20], 0x5a0a24c4 }
{ rdi = ff  TRACKED_ARITHM: add rdi, qword ptr [r10+0xa8] }
{ rdi = 140093cbf  TRACKED_ARITHM_RES  }
{ rdi = ffff00ffffffffff  TRACKED_ARITHM: and r14, rdi }
{ r14 = ffff00ff92fbc030  TRACKED_ARITHM_RES  }
{ rdi = ff0000000000  TRACKED_ARITHM: or r14, rdi }
{ r14 = ffffffff92fbc030  TRACKED_ARITHM_RES  }
{ rax = ff  TRACKED_ARITHM: add rax, qword ptr [r12+0x90] }
{ rax = 140093cbf  TRACKED_ARITHM_RES  }
{ r14 = ff00ffffffffffff  TRACKED_ARITHM: and r13, r14 }
{ r13 = ff00ffff92fbc030  TRACKED_ARITHM_RES  }
{ r14 = ff000000000000  TRACKED_ARITHM: or r13, r14 }
{ r13 = ffffffff92fbc030  TRACKED_ARITHM_RES  }
{ rsi = ff  TRACKED_ARITHM: add rsi, qword ptr [rdx+0xf0] }
{ rsi = 140093cbf  TRACKED_ARITHM_RES  }
{ r8 = ffffffffffffff  TRACKED_ARITHM: and rbx, r8 }
{ rbx = ffffff92fbc030  TRACKED_ARITHM_RES  }
{ r8 = ff00000000000000  TRACKED_ARITHM: or rbx, r8 }
{ rbx = ffffffff92fbc030  TRACKED_ARITHM_RES  }
{ r14 = 1400011f0  TRACKED_TEST rsi = ffffffff92fbc030 UNK: #[ res += 0x87f314d1 ;  res ^= 0x99f36b6f ]  }


{ [rsp]  -> 8c6412; rsp = 42142b0  !!! TRACKED_MULTIPLYING: #[ res = 70 * 0x8c6412 ] // [CNTR: 0]  }
{ r12 = fde7f1fc  !!! TRACKED_MULTIPLYING: #[ m = 45 * 0xb253c4 ]  #[ res += 0xc07c2a1c ]// [CNTR: 1]  }
{ r12 = fde7f1fc  TRACKED_CHANGED BY: xor r12, qword ptr [rcx+0xa8] #[ res ^= m ]  }
{ r12 = cdf76228  TRACKED_CHANGED  -> VAL: cdf76228 }
{ r13 = efb2736f  !!! TRACKED_MULTIPLYING: #[ m = 32 * 0x8f0579 ]  UNK: #[ res += 0x21bb1147 ;  res ^= 0x22451147 ] // [CNTR: 2]  }
{ rbp = efb2736f  TRACKED_CHANGED BY: add rbp, qword ptr [rcx+0x90] #[ res += m ]  }
{ rbp = 10ba18511  TRACKED_CHANGED  -> VAL: 10ba18511 }
{ r12 = 1138738b  !!! TRACKED_MULTIPLYING: #[ m = 67 * 0x7ac48a ]  UNK: #[ res -= 0xfa691186 ;  res ^= 0x11a99f69a ] // [CNTR: 3]  }
{ rdi = 1138738b  TRACKED_CHANGED BY: sub rdi, qword ptr [rbx+0xe0] #[ res -= m ]  }
{ rdi = ffffffffdfd36005  TRACKED_CHANGED  -> VAL: ffffffffdfd36005 }
{ r14 = 9b4bddda  !!! TRACKED_MULTIPLYING: #[ m = 41 * 0x2737e6 ]  UNK: #[ res += 0xbb787dd5 ;  res ^= 0xffffffff4498bddf ] // [CNTR: 4]  }
{ r12 = 9b4bddda  TRACKED_CHANGED BY: add r12, qword ptr [rdi+0xb0] #[ res += m ]  }
{ r12 = a5410f40  TRACKED_CHANGED  -> VAL: a5410f40 }
{ r12 = 7fa79c3  !!! TRACKED_MULTIPLYING: #[ m = 63 * 0x4363b9 ]  UNK: #[ res -= 0x9d46957d ;  res ^= 0xa2bb7683 ] // [CNTR: 5]  }
{ rsi = 7fa79c3  TRACKED_CHANGED BY: sub rsi, qword ptr [rbx+0xe0] #[ res -= m ]  }
{ rsi = ffffffffedeae938  TRACKED_CHANGED  -> VAL: ffffffffedeae938 }
{ rbx = ffffffff652eba40  !!! TRACKED_MULTIPLYING: #[ m = 36 * 0xb38449 ]  UNK: #[ res -= 0x88bc2ef8 ;  res ^= 0x88c45378 ] // [CNTR: 6]  }
{ r13 = ffffffff652eba40  TRACKED_CHANGED BY: xor r13, qword ptr [r15+0xd8] #[ res ^= m ]  }
{ r13 = ffffffff40f35d26  TRACKED_CHANGED  -> VAL: ffffffff40f35d26 }
{ rdi = ffffffff20559cae  !!! TRACKED_MULTIPLYING: #[ m = 6b * 0x6e1316 ]  UNK: #[ res -= 0x209dc078 ;  res ^= 0x60a6c188 ] // [CNTR: 7]  }
{ r15 = ffffffff20559cae  TRACKED_CHANGED BY: add r15, qword ptr [r8+0xa8] #[ res += m ]  TRACKED_ARITHM: add r15, qword ptr [r8+0xa8] }
{ r15 = ffffffff4e5796e0  TRACKED_CHANGED  -> VAL: ffffffff4e5796e0 TRACKED_ARITHM_RES  }
{ r11 = 14008a5c0  TRACKED_ARITHM: add r11, qword ptr [rdi+0xb0] }
{ r11 = 14008a6a0  TRACKED_ARITHM_RES  }
{ rbp = 100  TRACKED_ARITHM: add qword ptr [rdi+0xf0], rbp }
{ rdi = e0  TRACKED_ARITHM: add rdi, qword ptr [r10+0xb0] }
{ rdi = 14008a5a0  TRACKED_ARITHM_RES  }
{ rbx = 1400858c0  TRACKED_ARITHM: add rbx, qword ptr [r10+0xe0] }
{ rbx = 140085957  TRACKED_ARITHM_RES  }
{ r11 = 10000  TRACKED_ARITHM: add qword ptr [r10+0xa8], r11 }
{ r15 = 97  TRACKED_ARITHM: add r15, qword ptr [rax+0xe0] }
{ r15 = 140085857  TRACKED_ARITHM_RES  }
{ r13 = ffffffffffff00ff  TRACKED_ARITHM: and r14, r13 }
{ r14 = ffffffff4e5800c9  TRACKED_ARITHM_RES  }
{ r13 = 7500  TRACKED_ARITHM: or r14, r13 }
{ r14 = ffffffff4e5875c9  TRACKED_ARITHM_RES  }
{ rbx = 140041bc0  TRACKED_ARITHM: add rbx, qword ptr [rax+0xb0] }
{ rbx = 140041c18  TRACKED_ARITHM_RES  }
{  TRACKED_ARITHM: add qword ptr [rax+0xa8], rdi }


{ [rsp]  -> 6af1141e; rsp = 411da90  TRACKED_ARITHM: add qword ptr [rsp+0x20], 0x2d090ffd }
{ rsi = 58  TRACKED_ARITHM: add rsi, qword ptr [r9+0x90] }
{ rsi = 140041b18  TRACKED_ARITHM_RES  }
{ r14 = ffffffffff00ffff  TRACKED_ARITHM: and r12, r14 }
{ r12 = ffffffff4e0075c9  TRACKED_ARITHM_RES  }
{ r14 = 9b0000  TRACKED_ARITHM: or r12, r14 }
{ r12 = ffffffff4e9b75c9  TRACKED_ARITHM_RES  }
{ r11 = 14002cbc0  TRACKED_ARITHM: add r11, qword ptr [rdx+0xf0] }
{ r11 = 14002cc0e  TRACKED_ARITHM_RES  }
{  TRACKED_ARITHM: add qword ptr [rdx+0xe0], r15 }


{ [rsp]  -> 6a0234c7; rsp = 4118390  TRACKED_ARITHM: add qword ptr [rsp+0x20], 0x73d65f95 }
{ r11 = 4e  TRACKED_ARITHM: add r11, qword ptr [rcx+0x90] }
{ r11 = 14002cb0e  TRACKED_ARITHM_RES  }
{ rdi = ffffffff00ffffff  TRACKED_ARITHM: and rbp, rdi }
{ rbp = ffffffff009b75c9  TRACKED_ARITHM_RES  }
{ rdi = 61000000  TRACKED_ARITHM: or rbp, rdi }
{ rbp = ffffffff619b75c9  TRACKED_ARITHM_RES  }
{ rdi = 140898770  TRACKED_ARITHM: add rdi, qword ptr [rcx+0xb0] }
{ rdi = 14089886f  TRACKED_ARITHM_RES  }
{  TRACKED_ARITHM: add qword ptr [rcx+0xd8], rbx }


{ [rsp]  -> 716a75eb; rsp = 4113b18  TRACKED_ARITHM: add qword ptr [rsp+0x18], 0x17890093 }
{ r12 = ff  TRACKED_ARITHM: add r12, qword ptr [rbx+0xe8] }
{ r12 = 1400248bf  TRACKED_ARITHM_RES  }
{ r8 = ffffff00ffffffff  TRACKED_ARITHM: and r13, r8 }
{ r13 = ffffff00619b75c9  TRACKED_ARITHM_RES  }
{ r8 = ff00000000  TRACKED_ARITHM: or r13, r8 }
{ r13 = ffffffff619b75c9  TRACKED_ARITHM_RES  }
{ rax = 140898770  TRACKED_ARITHM: add rax, qword ptr [rcx+0xb0] }
{ rax = 14089886f  TRACKED_ARITHM_RES  }
{  TRACKED_ARITHM: add qword ptr [rcx+0x90], r14 }


{ [rsp]  -> 1c700729; rsp = 410e410  TRACKED_ARITHM: add qword ptr [rsp+0x20], 0x153b2dda }
{ r15 = ff  TRACKED_ARITHM: add r15, qword ptr [rcx+0xe0] }
{ r15 = 1400248bf  TRACKED_ARITHM_RES  }
{ rcx = ffff00ffffffffff  TRACKED_ARITHM: and r14, rcx }
{ r14 = ffff00ff619b75c9  TRACKED_ARITHM_RES  }
{ rcx = ff0000000000  TRACKED_ARITHM: or r14, rcx }
{ r14 = ffffffff619b75c9  TRACKED_ARITHM_RES  }
{ rdi = 140898770  TRACKED_ARITHM: add rdi, qword ptr [r14+0xf0] }
{ rdi = 14089886f  TRACKED_ARITHM_RES  }
{  TRACKED_ARITHM: add qword ptr [r14+0xe0], rcx }
{ rax = ff  TRACKED_ARITHM: add rax, qword ptr [r10+0xe8] }
{ rax = 1400248bf  TRACKED_ARITHM_RES  }
{ r8 = ff00ffffffffffff  TRACKED_ARITHM: and r14, r8 }
{ r14 = ff00ffff619b75c9  TRACKED_ARITHM_RES  }
{ r8 = ff000000000000  TRACKED_ARITHM: or r14, r8 }
{ r14 = ffffffff619b75c9  TRACKED_ARITHM_RES  }
{ r15 = 1400359c0  TRACKED_ARITHM: add r15, qword ptr [rcx+0x90] }
{ r15 = 140035a89  TRACKED_ARITHM_RES  }
{  TRACKED_ARITHM: sub qword ptr [rcx+0xd8], rsi }
{ rcx = c9  TRACKED_ARITHM: add rcx, qword ptr [rbx+0xb0] }
{ rcx = 140035989  TRACKED_ARITHM_RES  }
{ rdx = 140065bc0  TRACKED_ARITHM: add rdx, qword ptr [rdi+0xe0] }
{ rdx = 140065c35  TRACKED_ARITHM_RES  }
{ r14 = 10000  TRACKED_ARITHM: sub qword ptr [rdi+0xf0], r14 }
{ rax = 75  TRACKED_ARITHM: add rax, qword ptr [r10+0xa0] }
{ rax = 140065b35  TRACKED_ARITHM_RES  }
{ r13 = ffffffffffff00ff  TRACKED_ARITHM: and rdi, r13 }
{ rdi = ffffffff619a00a2  TRACKED_ARITHM_RES  }
{ r13 = e000  TRACKED_ARITHM: or rdi, r13 }
{ rdi = ffffffff619ae0a2  TRACKED_ARITHM_RES  }
{ r10 = 1400527c0  TRACKED_ARITHM: add r10, qword ptr [r8+0x90] }
{ r10 = 14005285a  TRACKED_ARITHM_RES  }
{  TRACKED_ARITHM: sub qword ptr [r8+0xe8], rdi }


{ [rsp]  -> e1b1c69; rsp = 40f9690  TRACKED_ARITHM: add qword ptr [rsp+0x20], 0x6256628c }
{ r14 = 9a  TRACKED_ARITHM: add r14, qword ptr [rdi+0xb0] }
{ r14 = 14005275a  TRACKED_ARITHM_RES  }
{ rcx = ffffffffff00ffff  TRACKED_ARITHM: and rbx, rcx }
{ rbx = ffffffff6100e0a2  TRACKED_ARITHM_RES  }
{ rcx = 310000  TRACKED_ARITHM: or rbx, rcx }
{ rbx = ffffffff6131e0a2  TRACKED_ARITHM_RES  }
{ r15 = 140087dc0  TRACKED_ARITHM: add r15, qword ptr [rcx+0xe0] }
{ r15 = 140087e21  TRACKED_ARITHM_RES  }
{ rdi = 100000000  TRACKED_ARITHM: sub qword ptr [rcx+0xb0], rdi }
{ r8 = 61  TRACKED_ARITHM: add r8, qword ptr [r14+0xd8] }
{ r8 = 140087d21  TRACKED_ARITHM_RES  }
{ r11 = ffffffff00ffffff  TRACKED_ARITHM: and rbp, r11 }
{ rbp = fffffffe0031e0a2  TRACKED_ARITHM_RES  }
{ r11 = 7e000000  TRACKED_ARITHM: or rbp, r11 }
{ rbp = fffffffe7e31e0a2  TRACKED_ARITHM_RES  }
{ rbx = 140898870  TRACKED_ARITHM: add rbx, qword ptr [r8+0xf0] }
{ rbx = 14089896f  TRACKED_ARITHM_RES  }
{  TRACKED_ARITHM: sub qword ptr [r8+0xe0], rax }


{ [rsp]  -> 16350780; rsp = 40f0590  TRACKED_ARITHM: add qword ptr [rsp+0x20], 0x28286972 }
{ rdx = ff  TRACKED_ARITHM: add rdx, qword ptr [r15+0xe8] }
{ rdx = 1400249bf  TRACKED_ARITHM_RES  }
{ rdx = ff00ffffffffffff  TRACKED_ARITHM: and rbx, rdx }
{ rbx = ff00fffe7e31e0a2  TRACKED_ARITHM_RES  }
{ rdx = ff000000000000  TRACKED_ARITHM: or rbx, rdx }
{ rbx = fffffffe7e31e0a2  TRACKED_ARITHM_RES  }


{ [rsp]  -> 5f5e18cc; rsp = 40eae90  TRACKED_ARITHM: add qword ptr [rsp+0x20], 0x10ce23e9 }
{ r15 = ff  TRACKED_ARITHM: add r15, qword ptr [r13+0xe0] }
{ r15 = 1400249bf  TRACKED_ARITHM_RES  }
{ rdx = ffffffffffffff  TRACKED_ARITHM: and r12, rdx }
{ r12 = fffffe7e31e0a2  TRACKED_ARITHM_RES  }
{ rdx = ff00000000000000  TRACKED_ARITHM: or r12, rdx }
{ r12 = fffffffe7e31e0a2  TRACKED_ARITHM_RES  }


{ [rsp]  -> 58075d86; rsp = 40e6610  TRACKED_ARITHM: add qword ptr [rsp+0x20], 0x15e12931 }
{ r14 = e0  TRACKED_ARITHM: add r14, qword ptr [rbp+0xf0] }
{ r14 = 1400247a0  TRACKED_ARITHM_RES  }
{ rbp = ffffffffffff00ff  TRACKED_ARITHM: and r15, rbp }
{ r15 = fffffffe7e3100a2  TRACKED_ARITHM_RES  }
{ rbp = e000  TRACKED_ARITHM: or r15, rbp }
{ r15 = fffffffe7e31e0a2  TRACKED_ARITHM_RES  }
{ r14 = 31  TRACKED_ARITHM: add r14, qword ptr [rdi+0xf0] }
{ r14 = 1400246f1  TRACKED_ARITHM_RES  }
{ rsi = ffffffffff00ffff  TRACKED_ARITHM: and rbp, rsi }
{ rbp = fffffffe7e00e0a2  TRACKED_ARITHM_RES  }
{ rsi = 310000  TRACKED_ARITHM: or rbp, rsi }
{ rbp = fffffffe7e31e0a2  TRACKED_ARITHM_RES  }
{ r10 = 7e  TRACKED_ARITHM: add r10, qword ptr [rdx+0xb0] }
{ r10 = 14002473e  TRACKED_ARITHM_RES  }
{ rdx = ffffffff00ffffff  TRACKED_ARITHM: and rbx, rdx }
{ rbx = fffffffe0031e0a2  TRACKED_ARITHM_RES  }
{ rdx = 7e000000  TRACKED_ARITHM: or rbx, rdx }
{ rbx = fffffffe7e31e0a2  TRACKED_ARITHM_RES  }
{ rsi = ff  TRACKED_ARITHM: add rsi, qword ptr [r15+0xe8] }
{ rsi = 1400247bf  TRACKED_ARITHM_RES  }
{ rbx = ffff00ffffffffff  TRACKED_ARITHM: and r14, rbx }
{ r14 = ffff00fe7e31e0a2  TRACKED_ARITHM_RES  }
{ rbx = ff0000000000  TRACKED_ARITHM: or r14, rbx }
{ r14 = fffffffe7e31e0a2  TRACKED_ARITHM_RES  }


{ [rsp]  -> 44b130e7; rsp = 40d3590  TRACKED_ARITHM: add qword ptr [rsp+0x20], 0x362f61d1 }
{ r15 = ff  TRACKED_ARITHM: add r15, qword ptr [r13+0xb0] }
{ r15 = 1400247bf  TRACKED_ARITHM_RES  }
{ rsi = ff00ffffffffffff  TRACKED_ARITHM: and r14, rsi }
{ r14 = ff00fffe7e31e0a2  TRACKED_ARITHM_RES  }
{ rsi = ff000000000000  TRACKED_ARITHM: or r14, rsi }
{ r14 = fffffffe7e31e0a2  TRACKED_ARITHM_RES  }
{ r13 = 1400011f0  TRACKED_TEST rbx = fffffffe7e31e0a2 UNK: #[ res -= 0xd025b63e ;  res ^= 0x130667642 ]  }


{ [rsp]  -> 390b78; rsp = 40cdeb0  !!! TRACKED_MULTIPLYING: #[ res = 64 * 0x390b78 ] // [CNTR: 0]  }
{ r15 = 93a66984  !!! TRACKED_MULTIPLYING: #[ m = 46 * 0x70e6c8 ]  #[ res += 0x7d5deea4 ]// [CNTR: 1]  }
{ rsi = 93a66984  TRACKED_CHANGED BY: sub rsi, qword ptr [r9+0xb0] #[ res -= m ]  }
{ rsi = 74c74ed4  TRACKED_CHANGED  -> VAL: 74c74ed4 }
{ r15 = 62414f2  !!! TRACKED_MULTIPLYING: #[ m = 6c * 0xd8a292 ]  UNK: #[ res -= 0x6ea339e2 ;  res ^= 0x72e35a26 ] // [CNTR: 2]  }
{ rdi = 62414f2  TRACKED_CHANGED BY: xor rdi, qword ptr [r9+0xe8] #[ res ^= m ]  }
{ rdi = 5d40816a  TRACKED_CHANGED  -> VAL: 5d40816a }
{ r12 = 34b312a5  !!! TRACKED_MULTIPLYING: #[ m = 68 * 0x978c71 ]  UNK: #[ res -= 0x288d6ec5 ;  res ^= 0x69f393cf ] // [CNTR: 3]  }
{ r12 = 34b312a5  TRACKED_CHANGED BY: sub r12, qword ptr [r14+0x90] #[ res -= m ]  }
{ r12 = fffffffff72204bd  TRACKED_CHANGED  -> VAL: fffffffff72204bd }
{ rsi = ffffffff1149a5e5  !!! TRACKED_MULTIPLYING: #[ m = 71 * 0x9a14d4 ]  UNK: #[ res -= 0xe5d85ed8 ;  res ^= 0xe66ba158 ] // [CNTR: 4]  }
{ rbp = ffffffff1149a5e5  TRACKED_CHANGED BY: add rbp, qword ptr [r15+0xe8] #[ res += m ]  }
{ rbp = ffffffff554cd779  TRACKED_CHANGED  -> VAL: ffffffff554cd779 }
{ r13 = fffffffe9eb666ad  !!! TRACKED_MULTIPLYING: #[ m = 37 * 0x995144 ]  UNK: #[ res -= 0xb69670cc ;  res ^= 0x1cbfab1d4 ] // [CNTR: 5]  }
{ rbp = fffffffe9eb666ad  TRACKED_CHANGED BY: xor rbp, qword ptr [rdx+0xd8] #[ res ^= m ]  }
{ rbp = fffffffebe461331  TRACKED_CHANGED  -> VAL: fffffffebe461331 }
{ r15 = fffffffdeb5e9fef  !!! TRACKED_MULTIPLYING: #[ m = 42 * 0x811c39 ]  UNK: #[ res -= 0xd2e77342 ;  res ^= 0x355188cde ] // [CNTR: 6]  }
{ rdi = fffffffdeb5e9fef  TRACKED_CHANGED BY: xor rdi, qword ptr [rbp+0xd8] #[ res ^= m ]  }
{ rdi = fffffffdca17d95d  TRACKED_CHANGED  -> VAL: fffffffdca17d95d }
{ rdi = fffffffd9c47a3f8  !!! TRACKED_MULTIPLYING: #[ m = 33 * 0x9953d7 ]  UNK: #[ res -= 0x2dd03565 ;  res ^= 0x56507aa5 ] // [CNTR: 7]  }
{ rsi = fffffffd9c47a3f8  TRACKED_CHANGED BY: xor rsi, qword ptr [r9+0xe8] #[ res ^= m ]  TRACKED_ARITHM: xor rsi, qword ptr [r9+0xe8] }
{ rsi = fffffffd82cc102d  TRACKED_CHANGED  -> VAL: fffffffd82cc102d TRACKED_ARITHM_RES  }
{ r11 = 2d  TRACKED_ARITHM: add r11, qword ptr [rbx+0x90] }
{ r11 = 1400522ed  TRACKED_ARITHM_RES  }


{ [rsp]  -> 35de0d74; rsp = 3fdb090  TRACKED_ARITHM: add qword ptr [rsp+0x20], 0xb76516c }
{ rcx = 10  TRACKED_ARITHM: add rcx, qword ptr [r8+0xb0] }
{ rcx = 140057dd0  TRACKED_ARITHM_RES  }
{ rsi = ffffffffffff00ff  TRACKED_ARITHM: and r15, rsi }
{ r15 = fffffffd82cc0044  TRACKED_ARITHM_RES  }
{ rsi = 6600  TRACKED_ARITHM: or r15, rsi }
{ r15 = fffffffd82cc6644  TRACKED_ARITHM_RES  }
{ rbp = cc  TRACKED_ARITHM: add rbp, qword ptr [r9+0xa8] }
{ rbp = 14005f58c  TRACKED_ARITHM_RES  }
{ r9 = ffffffffff00ffff  TRACKED_ARITHM: and r13, r9 }
{ r13 = fffffffd82006644  TRACKED_ARITHM_RES  }
{ r9 = 4b0000  TRACKED_ARITHM: or r13, r9 }
{ r13 = fffffffd824b6644  TRACKED_ARITHM_RES  }


{ [rsp]  -> 4d32857; rsp = 3fd1118  TRACKED_ARITHM: add qword ptr [rsp+0x18], 0x3c480b68 }
{ rdx = 82  TRACKED_ARITHM: add rdx, qword ptr [r14+0xf0] }
{ rdx = 14005c442  TRACKED_ARITHM_RES  }
{ rax = ffffffff00ffffff  TRACKED_ARITHM: and r15, rax }
{ r15 = fffffffd004b6644  TRACKED_ARITHM_RES  }
{ rax = 2000000  TRACKED_ARITHM: or r15, rax }
{ r15 = fffffffd024b6644  TRACKED_ARITHM_RES  }
{ rcx = ff  TRACKED_ARITHM: add rcx, qword ptr [r15+0x90] }
{ rcx = 1400246bf  TRACKED_ARITHM_RES  }
{ rax = ffff00ffffffffff  TRACKED_ARITHM: and rsi, rax }
{ rsi = ffff00fd024b6644  TRACKED_ARITHM_RES  }
{ rax = ff0000000000  TRACKED_ARITHM: or rsi, rax }
{ rsi = fffffffd024b6644  TRACKED_ARITHM_RES  }
{ rax = 1400590c0  TRACKED_ARITHM: add rax, qword ptr [r12+0xe0] }
{ rax = 140059104  TRACKED_ARITHM_RES  }
{ rsi = 100  TRACKED_ARITHM: sub qword ptr [r12+0xe8], rsi }
{ rcx = 44  TRACKED_ARITHM: add rcx, qword ptr [r8+0xa0] }
{ rcx = 140059004  TRACKED_ARITHM_RES  }
{ rsi = 1400344c0  TRACKED_ARITHM: add rsi, qword ptr [rax+0xe0] }
{ rsi = 140034525  TRACKED_ARITHM_RES  }
{  TRACKED_ARITHM: sub qword ptr [rax+0xa0], r15 }


{ [rsp]  -> 6a5d496f; rsp = 3fc2910  TRACKED_ARITHM: add qword ptr [rsp+0x20], 0x4a1c11d6 }
{ r9 = 65  TRACKED_ARITHM: add r9, qword ptr [r11+0xd8] }
{ r9 = 140034425  TRACKED_ARITHM_RES  }
{ rdi = ffffffffffff00ff  TRACKED_ARITHM: and rbp, rdi }
{ rbp = fffffffd024b00cc  TRACKED_ARITHM_RES  }
{ rdi = 4100  TRACKED_ARITHM: or rbp, rdi }
{ rbp = fffffffd024b41cc  TRACKED_ARITHM_RES  }
{ rdx = 1400416c0  TRACKED_ARITHM: add rdx, qword ptr [rbx+0xe0] }
{ rdx = 14004170b  TRACKED_ARITHM_RES  }
{  TRACKED_ARITHM: sub qword ptr [rbx+0xf0], rdx }
{ rax = 4b  TRACKED_ARITHM: add rax, qword ptr [rdx+0xd8] }
{ rax = 14004160b  TRACKED_ARITHM_RES  }
{ rbp = ffffffffff00ffff  TRACKED_ARITHM: and r14, rbp }
{ r14 = fffffffd020041cc  TRACKED_ARITHM_RES  }
{ rbp = 90000  TRACKED_ARITHM: or r14, rbp }
{ r14 = fffffffd020941cc  TRACKED_ARITHM_RES  }
{ rbx = 1400917c0  TRACKED_ARITHM: add rbx, qword ptr [rbp+0xf0] }
{ rbx = 1400917c2  TRACKED_ARITHM_RES  }
{ r12 = 100000000  TRACKED_ARITHM: sub qword ptr [rbp+0xb0], r12 }


{ [rsp]  -> 5062606d; rsp = 3fb9818  TRACKED_ARITHM: add qword ptr [rsp+0x18], 0x13d477bc }
{ rax = 2  TRACKED_ARITHM: add rax, qword ptr [rsi+0xe0] }
{ rax = 1400916c2  TRACKED_ARITHM_RES  }
{ r10 = ffffffff00ffffff  TRACKED_ARITHM: and r13, r10 }
{ r13 = fffffffc000941cc  TRACKED_ARITHM_RES  }
{ r10 = 9000000  TRACKED_ARITHM: or r13, r10 }
{ r13 = fffffffc090941cc  TRACKED_ARITHM_RES  }
{ rdx = 1400933c0  TRACKED_ARITHM: add rdx, qword ptr [r15+0x90] }
{ rdx = 1400934bc  TRACKED_ARITHM_RES  }
{ r13 = 10000000000  TRACKED_ARITHM: sub qword ptr [r15+0xa8], r13 }
{ rdi = fc  TRACKED_ARITHM: add rdi, qword ptr [rsi+0xe8] }
{ rdi = 1400933bc  TRACKED_ARITHM_RES  }
{ r9 = ffffff00ffffffff  TRACKED_ARITHM: and r15, r9 }
{ r15 = fffffe00090941cc  TRACKED_ARITHM_RES  }
{ r9 = ff00000000  TRACKED_ARITHM: or r15, r9 }
{ r15 = fffffeff090941cc  TRACKED_ARITHM_RES  }
{ r12 = 1400941c0  TRACKED_ARITHM: add r12, qword ptr [r14+0xf0] }
{ r12 = 1400942be  TRACKED_ARITHM_RES  }
{ rax = 1000000000000  TRACKED_ARITHM: sub qword ptr [r14+0xa8], rax }
{ rbx = fe  TRACKED_ARITHM: add rbx, qword ptr [r10+0xf0] }
{ rbx = 1400941be  TRACKED_ARITHM_RES  }
{ rbp = ffff00ffffffffff  TRACKED_ARITHM: and r12, rbp }
{ r12 = fffe00ff090941cc  TRACKED_ARITHM_RES  }
{ rbp = ff0000000000  TRACKED_ARITHM: or r12, rbp }
{ r12 = fffeffff090941cc  TRACKED_ARITHM_RES  }
{ r11 = 1400941c0  TRACKED_ARITHM: add r11, qword ptr [r10+0xe0] }
{ r11 = 1400942be  TRACKED_ARITHM_RES  }
{ r8 = 100000000000000  TRACKED_ARITHM: sub qword ptr [r10+0xe8], r8 }
{ rcx = fe  TRACKED_ARITHM: add rcx, qword ptr [rsi+0xa0] }
{ rcx = 1400941be  TRACKED_ARITHM_RES  }
{ rbx = ff00ffffffffffff  TRACKED_ARITHM: and rdi, rbx }
{ rdi = fe00ffff090941cc  TRACKED_ARITHM_RES  }
{ rbx = ff000000000000  TRACKED_ARITHM: or rdi, rbx }
{ rdi = feffffff090941cc  TRACKED_ARITHM_RES  }


{ [rsp]  -> 70626aeb; rsp = 3fa5918  TRACKED_ARITHM: add qword ptr [rsp+0x18], 0x32e5636b }
{ r14 = fe  TRACKED_ARITHM: add r14, qword ptr [rdi+0xb0] }
{ r14 = 1400941be  TRACKED_ARITHM_RES  }
{ rbx = ffffffffffffff  TRACKED_ARITHM: and rbp, rbx }
{ rbp = ffffff090941cc  TRACKED_ARITHM_RES  }
{ rbx = ff00000000000000  TRACKED_ARITHM: or rbp, rbx }
{ rbp = ffffffff090941cc  TRACKED_ARITHM_RES  }


{ [rsp]  -> 2d897411; rsp = 3fa1098  TRACKED_ARITHM: add qword ptr [rsp+0x18], 0x68c52445 }
{ r13 = cc  TRACKED_ARITHM: add r13, qword ptr [rsi+0xb0] }
{ r13 = 14002478c  TRACKED_ARITHM_RES  }
{ r15 = 41  TRACKED_ARITHM: add r15, qword ptr [r13+0xf0] }
{ r15 = 140024701  TRACKED_ARITHM_RES  }
{ r11 = ffffffffffff00ff  TRACKED_ARITHM: and r12, r11 }
{ r12 = ffffffff090900cc  TRACKED_ARITHM_RES  }
{ r11 = 4100  TRACKED_ARITHM: or r12, r11 }
{ r12 = ffffffff090941cc  TRACKED_ARITHM_RES  }


{ [rsp]  -> 50850eac; rsp = 3f96290  TRACKED_ARITHM: add qword ptr [rsp+0x20], 0x19603052 }
{ r10 = ff  TRACKED_ARITHM: add r10, qword ptr [rax+0xe0] }
{ r10 = 1400247bf  TRACKED_ARITHM_RES  }
{ rbx = ffffff00ffffffff  TRACKED_ARITHM: and r13, rbx }
{ r13 = ffffff00090941cc  TRACKED_ARITHM_RES  }
{ rbx = ff00000000  TRACKED_ARITHM: or r13, rbx }
{ r13 = ffffffff090941cc  TRACKED_ARITHM_RES  }


{ [rsp]  -> 35836de6; rsp = 3f90b90  TRACKED_ARITHM: add qword ptr [rsp+0x20], 0xfb60ab7 }
{ rsi = ff  TRACKED_ARITHM: add rsi, qword ptr [rdx+0xe8] }
{ rsi = 1400247bf  TRACKED_ARITHM_RES  }
{ r8 = ffff00ffffffffff  TRACKED_ARITHM: and r13, r8 }
{ r13 = ffff00ff090941cc  TRACKED_ARITHM_RES  }
{ r8 = ff0000000000  TRACKED_ARITHM: or r13, r8 }
{ r13 = ffffffff090941cc  TRACKED_ARITHM_RES  }


{ [rsp]  -> aaa4122; rsp = 3f8c318  TRACKED_ARITHM: add qword ptr [rsp+0x18], 0x3cb44d43 }
{ rax = ff  TRACKED_ARITHM: add rax, qword ptr [rdi+0xe0] }
{ rax = 1400247bf  TRACKED_ARITHM_RES  }
{ r10 = ffffffffffffff  TRACKED_ARITHM: and r12, r10 }
{ r12 = ffffff090941cc  TRACKED_ARITHM_RES  }
{ r10 = ff00000000000000  TRACKED_ARITHM: or r12, r10 }
{ r12 = ffffffff090941cc  TRACKED_ARITHM_RES  }
{ rbp = 1400011f0  TRACKED_TEST rbx = ffffffff090941cc UNK: #[ res += 0x1863d319f ;  res ^= 0x28bc551e1 ]  }
